--2011-12-01 14:39:32--  http://www.facebook.com/full_data_use_policy
Resolving www.facebook.com (www.facebook.com)... 69.171.229.15
Connecting to www.facebook.com (www.facebook.com)|69.171.229.15|:80... connected.
HTTP request sent, awaiting response... 200 OK
Length: unspecified [text/html]
Saving to: `code/../crawls/www.facebook.com/Privacy-Policy/raw/www.facebook.com/full_data_use_policy.html'

     0K .......... .......... .......... .......... ..........  377K
    50K .......... ........                                     628K=0.2s

2011-12-01 14:39:32 (422 KB/s) - `code/../crawls/www.facebook.com/Privacy-Policy/raw/www.facebook.com/full_data_use_policy.html' saved [70065]

--2011-12-01 14:39:32--  http://static.ak.fbcdn.net/rsrc.php/yi/r/q9U99v3_saj.ico
Resolving static.ak.fbcdn.net (static.ak.fbcdn.net)... 216.156.213.42, 216.156.213.11
Connecting to static.ak.fbcdn.net (static.ak.fbcdn.net)|216.156.213.42|:80... connected.
HTTP request sent, awaiting response... 200 OK
Length: 152 [image/x-icon]
Saving to: `code/../crawls/www.facebook.com/Privacy-Policy/raw/static.ak.fbcdn.net/rsrc.php/yi/r/q9U99v3_saj.ico'

     0K                                                       100% 15.8M=0s

2011-12-01 14:39:32 (15.8 MB/s) - `code/../crawls/www.facebook.com/Privacy-Policy/raw/static.ak.fbcdn.net/rsrc.php/yi/r/q9U99v3_saj.ico' saved [152/152]

--2011-12-01 14:39:32--  http://static.ak.fbcdn.net/rsrc.php/v1/yb/r/LUyKYUy1Ya4.css
Reusing existing connection to static.ak.fbcdn.net:80.
HTTP request sent, awaiting response... 200 OK
Length: unspecified [text/css]
Saving to: `code/../crawls/www.facebook.com/Privacy-Policy/raw/static.ak.fbcdn.net/rsrc.php/v1/yb/r/LUyKYUy1Ya4.css'

     0K .......... .......... .......... .......... ..........  810K
    50K .......... .......... .......... .......... .......... 1.43M
   100K .......... .......... .......... .......... .......... 1.54M
   150K .......... .......... .......                          3.08M=0.1s

2011-12-01 14:39:32 (1.27 MB/s) - `code/../crawls/www.facebook.com/Privacy-Policy/raw/static.ak.fbcdn.net/rsrc.php/v1/yb/r/LUyKYUy1Ya4.css' saved [181923]

--2011-12-01 14:39:32--  http://static.ak.fbcdn.net/rsrc.php/v1/y9/r/ScxLd7rx07A.css
Reusing existing connection to static.ak.fbcdn.net:80.
HTTP request sent, awaiting response... 200 OK
Length: unspecified [text/css]
Saving to: `code/../crawls/www.facebook.com/Privacy-Policy/raw/static.ak.fbcdn.net/rsrc.php/v1/y9/r/ScxLd7rx07A.css'

     0K .......... .......... .......... ........              2.79M=0.01s

2011-12-01 14:39:32 (2.79 MB/s) - `code/../crawls/www.facebook.com/Privacy-Policy/raw/static.ak.fbcdn.net/rsrc.php/v1/y9/r/ScxLd7rx07A.css' saved [39621]

--2011-12-01 14:39:32--  http://static.ak.fbcdn.net/rsrc.php/v1/yx/r/ejJoiNmHkkP.css
Reusing existing connection to static.ak.fbcdn.net:80.
HTTP request sent, awaiting response... 200 OK
Length: 20350 (20K) [text/css]
Saving to: `code/../crawls/www.facebook.com/Privacy-Policy/raw/static.ak.fbcdn.net/rsrc.php/v1/yx/r/ejJoiNmHkkP.css'

     0K .......... .........                                  100% 2.97M=0.007s

2011-12-01 14:39:32 (2.97 MB/s) - `code/../crawls/www.facebook.com/Privacy-Policy/raw/static.ak.fbcdn.net/rsrc.php/v1/yx/r/ejJoiNmHkkP.css' saved [20350/20350]

--2011-12-01 14:39:32--  http://static.ak.fbcdn.net/rsrc.php/v1/yA/r/W7Pz5DBNvh3.css
Reusing existing connection to static.ak.fbcdn.net:80.
HTTP request sent, awaiting response... 200 OK
Length: 16462 (16K) [text/css]
Saving to: `code/../crawls/www.facebook.com/Privacy-Policy/raw/static.ak.fbcdn.net/rsrc.php/v1/yA/r/W7Pz5DBNvh3.css'

     0K .......... ......                                     100% 5.30M=0.003s

2011-12-01 14:39:32 (5.30 MB/s) - `code/../crawls/www.facebook.com/Privacy-Policy/raw/static.ak.fbcdn.net/rsrc.php/v1/yA/r/W7Pz5DBNvh3.css' saved [16462/16462]

--2011-12-01 14:39:32--  http://static.ak.fbcdn.net/rsrc.php/v1/yX/r/HN0ehA1zox_.js
Reusing existing connection to static.ak.fbcdn.net:80.
HTTP request sent, awaiting response... 200 OK
Length: unspecified [application/x-javascript]
Saving to: `code/../crawls/www.facebook.com/Privacy-Policy/raw/static.ak.fbcdn.net/rsrc.php/v1/yX/r/HN0ehA1zox_.js'

     0K .......... .......... .......... .......... .....      1.06M=0.04s

2011-12-01 14:39:32 (1.06 MB/s) - `code/../crawls/www.facebook.com/Privacy-Policy/raw/static.ak.fbcdn.net/rsrc.php/v1/yX/r/HN0ehA1zox_.js' saved [46860]

--2011-12-01 14:39:32--  http://static.ak.fbcdn.net/rsrc.php/v1/yp/r/kk8dc2UJYJ4.png
Reusing existing connection to static.ak.fbcdn.net:80.
HTTP request sent, awaiting response... 200 OK
Length: 2209 (2.2K) [image/png]
Saving to: `code/../crawls/www.facebook.com/Privacy-Policy/raw/static.ak.fbcdn.net/rsrc.php/v1/yp/r/kk8dc2UJYJ4.png'

     0K ..                                                    100% 76.9M=0s

2011-12-01 14:39:32 (76.9 MB/s) - `code/../crawls/www.facebook.com/Privacy-Policy/raw/static.ak.fbcdn.net/rsrc.php/v1/yp/r/kk8dc2UJYJ4.png' saved [2209/2209]

--2011-12-01 14:39:32--  http://dragon.ak.fbcdn.net/cfs-ak-snc6/84980/923/233641236679183_1009183043.png
Resolving dragon.ak.fbcdn.net (dragon.ak.fbcdn.net)... 216.156.213.27, 216.156.213.32
Connecting to dragon.ak.fbcdn.net (dragon.ak.fbcdn.net)|216.156.213.27|:80... connected.
HTTP request sent, awaiting response... 200 OK
Length: 197 [image/png]
Saving to: `code/../crawls/www.facebook.com/Privacy-Policy/raw/dragon.ak.fbcdn.net/cfs-ak-snc6/84980/923/233641236679183_1009183043.png'

     0K                                                       100% 17.6M=0s

2011-12-01 14:39:32 (17.6 MB/s) - `code/../crawls/www.facebook.com/Privacy-Policy/raw/dragon.ak.fbcdn.net/cfs-ak-snc6/84980/923/233641236679183_1009183043.png' saved [197/197]

--2011-12-01 14:39:32--  http://dragon.ak.fbcdn.net/cfs-ak-snc6/85000/128/233641236679183_1767906152.png
Reusing existing connection to dragon.ak.fbcdn.net:80.
HTTP request sent, awaiting response... 200 OK
Length: 3128 (3.1K) [image/png]
Saving to: `code/../crawls/www.facebook.com/Privacy-Policy/raw/dragon.ak.fbcdn.net/cfs-ak-snc6/85000/128/233641236679183_1767906152.png'

     0K ...                                                   100%  166M=0s

2011-12-01 14:39:32 (166 MB/s) - `code/../crawls/www.facebook.com/Privacy-Policy/raw/dragon.ak.fbcdn.net/cfs-ak-snc6/85000/128/233641236679183_1767906152.png' saved [3128/3128]

--2011-12-01 14:39:32--  http://dragon.ak.fbcdn.net/cfs-ak-ash4/84979/289/233641236679183_235959636.png
Reusing existing connection to dragon.ak.fbcdn.net:80.
HTTP request sent, awaiting response... 200 OK
Length: 249 [image/png]
Saving to: `code/../crawls/www.facebook.com/Privacy-Policy/raw/dragon.ak.fbcdn.net/cfs-ak-ash4/84979/289/233641236679183_235959636.png'

     0K                                                       100% 23.5M=0s

2011-12-01 14:39:32 (23.5 MB/s) - `code/../crawls/www.facebook.com/Privacy-Policy/raw/dragon.ak.fbcdn.net/cfs-ak-ash4/84979/289/233641236679183_235959636.png' saved [249/249]

--2011-12-01 14:39:32--  http://dragon.ak.fbcdn.net/cfs-ak-snc6/84981/738/233641236679183_838633702.png
Reusing existing connection to dragon.ak.fbcdn.net:80.
HTTP request sent, awaiting response... 200 OK
Length: 171 [image/png]
Saving to: `code/../crawls/www.facebook.com/Privacy-Policy/raw/dragon.ak.fbcdn.net/cfs-ak-snc6/84981/738/233641236679183_838633702.png'

     0K                                                       100% 15.8M=0s

2011-12-01 14:39:32 (15.8 MB/s) - `code/../crawls/www.facebook.com/Privacy-Policy/raw/dragon.ak.fbcdn.net/cfs-ak-snc6/84981/738/233641236679183_838633702.png' saved [171/171]

--2011-12-01 14:39:32--  http://static.ak.fbcdn.net/rsrc.php/v1/yo/r/DVjjP9Ze2fy.png
Connecting to static.ak.fbcdn.net (static.ak.fbcdn.net)|216.156.213.42|:80... connected.
HTTP request sent, awaiting response... 200 OK
Length: 5298 (5.2K) [image/png]
Saving to: `code/../crawls/www.facebook.com/Privacy-Policy/raw/static.ak.fbcdn.net/rsrc.php/v1/yo/r/DVjjP9Ze2fy.png'

     0K .....                                                 100% 1.67M=0.003s

2011-12-01 14:39:33 (1.67 MB/s) - `code/../crawls/www.facebook.com/Privacy-Policy/raw/static.ak.fbcdn.net/rsrc.php/v1/yo/r/DVjjP9Ze2fy.png' saved [5298/5298]

--2011-12-01 14:39:33--  http://static.ak.fbcdn.net/rsrc.php/v1/yU/r/gATt-jY8pG8.png
Reusing existing connection to static.ak.fbcdn.net:80.
HTTP request sent, awaiting response... 200 OK
Length: 124 [image/png]
Saving to: `code/../crawls/www.facebook.com/Privacy-Policy/raw/static.ak.fbcdn.net/rsrc.php/v1/yU/r/gATt-jY8pG8.png'

     0K                                                       100% 11.5M=0s

2011-12-01 14:39:33 (11.5 MB/s) - `code/../crawls/www.facebook.com/Privacy-Policy/raw/static.ak.fbcdn.net/rsrc.php/v1/yU/r/gATt-jY8pG8.png' saved [124/124]

--2011-12-01 14:39:33--  http://static.ak.fbcdn.net/rsrc.php/v1/yb/r/GsNJNwuI-UM.gif
Reusing existing connection to static.ak.fbcdn.net:80.
HTTP request sent, awaiting response... 200 OK
Length: 522 [image/gif]
Saving to: `code/../crawls/www.facebook.com/Privacy-Policy/raw/static.ak.fbcdn.net/rsrc.php/v1/yb/r/GsNJNwuI-UM.gif'

     0K                                                       100% 48.0M=0s

2011-12-01 14:39:33 (48.0 MB/s) - `code/../crawls/www.facebook.com/Privacy-Policy/raw/static.ak.fbcdn.net/rsrc.php/v1/yb/r/GsNJNwuI-UM.gif' saved [522/522]

--2011-12-01 14:39:33--  http://static.ak.fbcdn.net/rsrc.php/v1/yV/r/IJYgcESal33.png
Reusing existing connection to static.ak.fbcdn.net:80.
HTTP request sent, awaiting response... 200 OK
Length: 5771 (5.6K) [image/png]
Saving to: `code/../crawls/www.facebook.com/Privacy-Policy/raw/static.ak.fbcdn.net/rsrc.php/v1/yV/r/IJYgcESal33.png'

     0K .....                                                 100% 4.52M=0.001s

2011-12-01 14:39:33 (4.52 MB/s) - `code/../crawls/www.facebook.com/Privacy-Policy/raw/static.ak.fbcdn.net/rsrc.php/v1/yV/r/IJYgcESal33.png' saved [5771/5771]

--2011-12-01 14:39:33--  http://static.ak.fbcdn.net/rsrc.php/v1/yf/r/PfBgtiydy5U.gif
Reusing existing connection to static.ak.fbcdn.net:80.
HTTP request sent, awaiting response... 200 OK
Length: 65 [image/gif]
Saving to: `code/../crawls/www.facebook.com/Privacy-Policy/raw/static.ak.fbcdn.net/rsrc.php/v1/yf/r/PfBgtiydy5U.gif'

     0K                                                       100% 5.96M=0s

2011-12-01 14:39:33 (5.96 MB/s) - `code/../crawls/www.facebook.com/Privacy-Policy/raw/static.ak.fbcdn.net/rsrc.php/v1/yf/r/PfBgtiydy5U.gif' saved [65/65]

--2011-12-01 14:39:33--  http://static.ak.fbcdn.net/rsrc.php/v1/yb/r/ALnh3ly4npU.gif
Reusing existing connection to static.ak.fbcdn.net:80.
HTTP request sent, awaiting response... 200 OK
Length: 1114 (1.1K) [image/gif]
Saving to: `code/../crawls/www.facebook.com/Privacy-Policy/raw/static.ak.fbcdn.net/rsrc.php/v1/yb/r/ALnh3ly4npU.gif'

     0K .                                                     100% 80.2M=0s

2011-12-01 14:39:33 (80.2 MB/s) - `code/../crawls/www.facebook.com/Privacy-Policy/raw/static.ak.fbcdn.net/rsrc.php/v1/yb/r/ALnh3ly4npU.gif' saved [1114/1114]

--2011-12-01 14:39:33--  http://static.ak.fbcdn.net/rsrc.php/v1/y4/r/ffUJLIqlYCk.gif
Reusing existing connection to static.ak.fbcdn.net:80.
HTTP request sent, awaiting response... 200 OK
Length: 187 [image/gif]
Saving to: `code/../crawls/www.facebook.com/Privacy-Policy/raw/static.ak.fbcdn.net/rsrc.php/v1/y4/r/ffUJLIqlYCk.gif'

     0K                                                       100% 17.3M=0s

2011-12-01 14:39:33 (17.3 MB/s) - `code/../crawls/www.facebook.com/Privacy-Policy/raw/static.ak.fbcdn.net/rsrc.php/v1/y4/r/ffUJLIqlYCk.gif' saved [187/187]

--2011-12-01 14:39:33--  http://static.ak.fbcdn.net/rsrc.php/v1/y1/r/POvoxs89XYG.png
Reusing existing connection to static.ak.fbcdn.net:80.
HTTP request sent, awaiting response... 200 OK
Length: 1218 (1.2K) [image/png]
Saving to: `code/../crawls/www.facebook.com/Privacy-Policy/raw/static.ak.fbcdn.net/rsrc.php/v1/y1/r/POvoxs89XYG.png'

     0K .                                                     100% 99.8M=0s

2011-12-01 14:39:33 (99.8 MB/s) - `code/../crawls/www.facebook.com/Privacy-Policy/raw/static.ak.fbcdn.net/rsrc.php/v1/y1/r/POvoxs89XYG.png' saved [1218/1218]

--2011-12-01 14:39:33--  http://static.ak.fbcdn.net/rsrc.php/v1/yu/r/jp8TzrZb6J1.png
Reusing existing connection to static.ak.fbcdn.net:80.
HTTP request sent, awaiting response... 200 OK
Length: 149 [image/png]
Saving to: `code/../crawls/www.facebook.com/Privacy-Policy/raw/static.ak.fbcdn.net/rsrc.php/v1/yu/r/jp8TzrZb6J1.png'

     0K                                                       100% 13.7M=0s

2011-12-01 14:39:33 (13.7 MB/s) - `code/../crawls/www.facebook.com/Privacy-Policy/raw/static.ak.fbcdn.net/rsrc.php/v1/yu/r/jp8TzrZb6J1.png' saved [149/149]

--2011-12-01 14:39:33--  http://static.ak.fbcdn.net/rsrc.php/v1/y-/r/AGUNXgX_Wx3.gif
Reusing existing connection to static.ak.fbcdn.net:80.
HTTP request sent, awaiting response... 200 OK
Length: 517 [image/gif]
Saving to: `code/../crawls/www.facebook.com/Privacy-Policy/raw/static.ak.fbcdn.net/rsrc.php/v1/y-/r/AGUNXgX_Wx3.gif'

     0K                                                       100% 47.8M=0s

2011-12-01 14:39:33 (47.8 MB/s) - `code/../crawls/www.facebook.com/Privacy-Policy/raw/static.ak.fbcdn.net/rsrc.php/v1/y-/r/AGUNXgX_Wx3.gif' saved [517/517]

--2011-12-01 14:39:33--  http://static.ak.fbcdn.net/rsrc.php/v1/yA/r/4WSewcWboV8.png
Reusing existing connection to static.ak.fbcdn.net:80.
HTTP request sent, awaiting response... 200 OK
Length: 316 [image/png]
Saving to: `code/../crawls/www.facebook.com/Privacy-Policy/raw/static.ak.fbcdn.net/rsrc.php/v1/yA/r/4WSewcWboV8.png'

     0K                                                       100% 35.7M=0s

2011-12-01 14:39:33 (35.7 MB/s) - `code/../crawls/www.facebook.com/Privacy-Policy/raw/static.ak.fbcdn.net/rsrc.php/v1/yA/r/4WSewcWboV8.png' saved [316/316]

--2011-12-01 14:39:33--  http://static.ak.fbcdn.net/rsrc.php/v1/yx/r/ogYrclupeJV.png
Reusing existing connection to static.ak.fbcdn.net:80.
HTTP request sent, awaiting response... 200 OK
Length: 281 [image/png]
Saving to: `code/../crawls/www.facebook.com/Privacy-Policy/raw/static.ak.fbcdn.net/rsrc.php/v1/yx/r/ogYrclupeJV.png'

     0K                                                       100% 21.0M=0s

2011-12-01 14:39:33 (21.0 MB/s) - `code/../crawls/www.facebook.com/Privacy-Policy/raw/static.ak.fbcdn.net/rsrc.php/v1/yx/r/ogYrclupeJV.png' saved [281/281]

--2011-12-01 14:39:33--  http://static.ak.fbcdn.net/rsrc.php/v1/yj/r/ubIGOTIgUYc.png
Reusing existing connection to static.ak.fbcdn.net:80.
HTTP request sent, awaiting response... 200 OK
Length: 330 [image/png]
Saving to: `code/../crawls/www.facebook.com/Privacy-Policy/raw/static.ak.fbcdn.net/rsrc.php/v1/yj/r/ubIGOTIgUYc.png'

     0K                                                       100% 31.1M=0s

2011-12-01 14:39:33 (31.1 MB/s) - `code/../crawls/www.facebook.com/Privacy-Policy/raw/static.ak.fbcdn.net/rsrc.php/v1/yj/r/ubIGOTIgUYc.png' saved [330/330]

--2011-12-01 14:39:33--  http://static.ak.fbcdn.net/rsrc.php/v1/yo/r/33RpiRygxAr.png
Reusing existing connection to static.ak.fbcdn.net:80.
HTTP request sent, awaiting response... 200 OK
Length: 277 [image/png]
Saving to: `code/../crawls/www.facebook.com/Privacy-Policy/raw/static.ak.fbcdn.net/rsrc.php/v1/yo/r/33RpiRygxAr.png'

     0K                                                       100% 30.3M=0s

2011-12-01 14:39:33 (30.3 MB/s) - `code/../crawls/www.facebook.com/Privacy-Policy/raw/static.ak.fbcdn.net/rsrc.php/v1/yo/r/33RpiRygxAr.png' saved [277/277]

--2011-12-01 14:39:33--  http://static.ak.fbcdn.net/rsrc.php/v1/yT/r/Vi-KTnbdMKr.png
Reusing existing connection to static.ak.fbcdn.net:80.
HTTP request sent, awaiting response... 200 OK
Length: 249 [image/png]
Saving to: `code/../crawls/www.facebook.com/Privacy-Policy/raw/static.ak.fbcdn.net/rsrc.php/v1/yT/r/Vi-KTnbdMKr.png'

     0K                                                       100% 23.3M=0s

2011-12-01 14:39:33 (23.3 MB/s) - `code/../crawls/www.facebook.com/Privacy-Policy/raw/static.ak.fbcdn.net/rsrc.php/v1/yT/r/Vi-KTnbdMKr.png' saved [249/249]

--2011-12-01 14:39:33--  http://static.ak.fbcdn.net/rsrc.php/v1/yu/r/6NHt8H5uyPf.png
Reusing existing connection to static.ak.fbcdn.net:80.
HTTP request sent, awaiting response... 200 OK
Length: 151 [image/png]
Saving to: `code/../crawls/www.facebook.com/Privacy-Policy/raw/static.ak.fbcdn.net/rsrc.php/v1/yu/r/6NHt8H5uyPf.png'

     0K                                                       100% 13.5M=0s

2011-12-01 14:39:33 (13.5 MB/s) - `code/../crawls/www.facebook.com/Privacy-Policy/raw/static.ak.fbcdn.net/rsrc.php/v1/yu/r/6NHt8H5uyPf.png' saved [151/151]

--2011-12-01 14:39:33--  http://static.ak.fbcdn.net/rsrc.php/v1/y1/r/uVR6w3wRHEJ.gif
Reusing existing connection to static.ak.fbcdn.net:80.
HTTP request sent, awaiting response... 200 OK
Length: 54 [image/gif]
Saving to: `code/../crawls/www.facebook.com/Privacy-Policy/raw/static.ak.fbcdn.net/rsrc.php/v1/y1/r/uVR6w3wRHEJ.gif'

     0K                                                       100% 5.09M=0s

2011-12-01 14:39:33 (5.09 MB/s) - `code/../crawls/www.facebook.com/Privacy-Policy/raw/static.ak.fbcdn.net/rsrc.php/v1/y1/r/uVR6w3wRHEJ.gif' saved [54/54]

--2011-12-01 14:39:33--  http://static.ak.fbcdn.net/rsrc.php/v1/yR/r/kPCE0g_tKJs.gif
Reusing existing connection to static.ak.fbcdn.net:80.
HTTP request sent, awaiting response... 200 OK
Length: 828 [image/gif]
Saving to: `code/../crawls/www.facebook.com/Privacy-Policy/raw/static.ak.fbcdn.net/rsrc.php/v1/yR/r/kPCE0g_tKJs.gif'

     0K                                                       100% 71.0M=0s

2011-12-01 14:39:33 (71.0 MB/s) - `code/../crawls/www.facebook.com/Privacy-Policy/raw/static.ak.fbcdn.net/rsrc.php/v1/yR/r/kPCE0g_tKJs.gif' saved [828/828]

--2011-12-01 14:39:33--  http://static.ak.fbcdn.net/rsrc.php/v1/yY/r/_ZWZupdaAgS.gif
Reusing existing connection to static.ak.fbcdn.net:80.
HTTP request sent, awaiting response... 200 OK
Length: 827 [image/gif]
Saving to: `code/../crawls/www.facebook.com/Privacy-Policy/raw/static.ak.fbcdn.net/rsrc.php/v1/yY/r/_ZWZupdaAgS.gif'

     0K                                                       100% 77.3M=0s

2011-12-01 14:39:33 (77.3 MB/s) - `code/../crawls/www.facebook.com/Privacy-Policy/raw/static.ak.fbcdn.net/rsrc.php/v1/yY/r/_ZWZupdaAgS.gif' saved [827/827]

--2011-12-01 14:39:33--  http://static.ak.fbcdn.net/rsrc.php/v1/yX/r/k2R_CZuPy2I.png
Reusing existing connection to static.ak.fbcdn.net:80.
HTTP request sent, awaiting response... 200 OK
Length: 112 [image/png]
Saving to: `code/../crawls/www.facebook.com/Privacy-Policy/raw/static.ak.fbcdn.net/rsrc.php/v1/yX/r/k2R_CZuPy2I.png'

     0K                                                       100% 9.47M=0s

2011-12-01 14:39:33 (9.47 MB/s) - `code/../crawls/www.facebook.com/Privacy-Policy/raw/static.ak.fbcdn.net/rsrc.php/v1/yX/r/k2R_CZuPy2I.png' saved [112/112]

--2011-12-01 14:39:33--  http://static.ak.fbcdn.net/rsrc.php/v1/yk/r/LOOn0JtHNzb.gif
Reusing existing connection to static.ak.fbcdn.net:80.
HTTP request sent, awaiting response... 200 OK
Length: 1414 (1.4K) [image/gif]
Saving to: `code/../crawls/www.facebook.com/Privacy-Policy/raw/static.ak.fbcdn.net/rsrc.php/v1/yk/r/LOOn0JtHNzb.gif'

     0K .                                                     100%  109M=0s

2011-12-01 14:39:33 (109 MB/s) - `code/../crawls/www.facebook.com/Privacy-Policy/raw/static.ak.fbcdn.net/rsrc.php/v1/yk/r/LOOn0JtHNzb.gif' saved [1414/1414]

--2011-12-01 14:39:33--  http://static.ak.fbcdn.net/rsrc.php/v1/yW/r/AebrcwrBeG6.png
Reusing existing connection to static.ak.fbcdn.net:80.
HTTP request sent, awaiting response... 200 OK
Length: 135 [image/png]
Saving to: `code/../crawls/www.facebook.com/Privacy-Policy/raw/static.ak.fbcdn.net/rsrc.php/v1/yW/r/AebrcwrBeG6.png'

     0K                                                       100% 11.4M=0s

2011-12-01 14:39:33 (11.4 MB/s) - `code/../crawls/www.facebook.com/Privacy-Policy/raw/static.ak.fbcdn.net/rsrc.php/v1/yW/r/AebrcwrBeG6.png' saved [135/135]

--2011-12-01 14:39:33--  http://static.ak.fbcdn.net/rsrc.php/v1/y7/r/UvyvLtJTQzO.png
Reusing existing connection to static.ak.fbcdn.net:80.
HTTP request sent, awaiting response... 200 OK
Length: 111 [image/png]
Saving to: `code/../crawls/www.facebook.com/Privacy-Policy/raw/static.ak.fbcdn.net/rsrc.php/v1/y7/r/UvyvLtJTQzO.png'

     0K                                                       100% 10.0M=0s

2011-12-01 14:39:33 (10.0 MB/s) - `code/../crawls/www.facebook.com/Privacy-Policy/raw/static.ak.fbcdn.net/rsrc.php/v1/y7/r/UvyvLtJTQzO.png' saved [111/111]

--2011-12-01 14:39:33--  http://static.ak.fbcdn.net/rsrc.php/v1/yU/r/n93MoBZD7fU.png
Reusing existing connection to static.ak.fbcdn.net:80.
HTTP request sent, awaiting response... 200 OK
Length: 112 [image/png]
Saving to: `code/../crawls/www.facebook.com/Privacy-Policy/raw/static.ak.fbcdn.net/rsrc.php/v1/yU/r/n93MoBZD7fU.png'

     0K                                                       100% 8.27M=0s

2011-12-01 14:39:33 (8.27 MB/s) - `code/../crawls/www.facebook.com/Privacy-Policy/raw/static.ak.fbcdn.net/rsrc.php/v1/yU/r/n93MoBZD7fU.png' saved [112/112]

--2011-12-01 14:39:33--  http://static.ak.fbcdn.net/rsrc.php/v1/yu/r/FgRnCXehNry.png
Reusing existing connection to static.ak.fbcdn.net:80.
HTTP request sent, awaiting response... 200 OK
Length: 3133 (3.1K) [image/png]
Saving to: `code/../crawls/www.facebook.com/Privacy-Policy/raw/static.ak.fbcdn.net/rsrc.php/v1/yu/r/FgRnCXehNry.png'

     0K ...                                                   100% 10.5M=0s

2011-12-01 14:39:33 (10.5 MB/s) - `code/../crawls/www.facebook.com/Privacy-Policy/raw/static.ak.fbcdn.net/rsrc.php/v1/yu/r/FgRnCXehNry.png' saved [3133/3133]

--2011-12-01 14:39:33--  http://static.ak.fbcdn.net/rsrc.php/v1/y6/r/gY6pCnDw29i.png
Reusing existing connection to static.ak.fbcdn.net:80.
HTTP request sent, awaiting response... 200 OK
Length: 577 [image/png]
Saving to: `code/../crawls/www.facebook.com/Privacy-Policy/raw/static.ak.fbcdn.net/rsrc.php/v1/y6/r/gY6pCnDw29i.png'

     0K                                                       100% 52.7M=0s

2011-12-01 14:39:33 (52.7 MB/s) - `code/../crawls/www.facebook.com/Privacy-Policy/raw/static.ak.fbcdn.net/rsrc.php/v1/y6/r/gY6pCnDw29i.png' saved [577/577]

--2011-12-01 14:39:33--  http://static.ak.fbcdn.net/rsrc.php/v1/yN/r/aERK2-5sOBX.png
Reusing existing connection to static.ak.fbcdn.net:80.
HTTP request sent, awaiting response... 200 OK
Length: 481 [image/png]
Saving to: `code/../crawls/www.facebook.com/Privacy-Policy/raw/static.ak.fbcdn.net/rsrc.php/v1/yN/r/aERK2-5sOBX.png'

     0K                                                       100% 33.2M=0s

2011-12-01 14:39:33 (33.2 MB/s) - `code/../crawls/www.facebook.com/Privacy-Policy/raw/static.ak.fbcdn.net/rsrc.php/v1/yN/r/aERK2-5sOBX.png' saved [481/481]

--2011-12-01 14:39:33--  http://static.ak.fbcdn.net/rsrc.php/v1/yr/r/AF1Uwjj81fI.png
Reusing existing connection to static.ak.fbcdn.net:80.
HTTP request sent, awaiting response... 200 OK
Length: 406 [image/png]
Saving to: `code/../crawls/www.facebook.com/Privacy-Policy/raw/static.ak.fbcdn.net/rsrc.php/v1/yr/r/AF1Uwjj81fI.png'

     0K                                                       100% 35.8M=0s

2011-12-01 14:39:33 (35.8 MB/s) - `code/../crawls/www.facebook.com/Privacy-Policy/raw/static.ak.fbcdn.net/rsrc.php/v1/yr/r/AF1Uwjj81fI.png' saved [406/406]

--2011-12-01 14:39:33--  http://static.ak.fbcdn.net/rsrc.php/v1/y9/r/jKEcVPZFk-2.gif
Reusing existing connection to static.ak.fbcdn.net:80.
HTTP request sent, awaiting response... 200 OK
Length: 1900 (1.9K) [image/gif]
Saving to: `code/../crawls/www.facebook.com/Privacy-Policy/raw/static.ak.fbcdn.net/rsrc.php/v1/y9/r/jKEcVPZFk-2.gif'

     0K .                                                     100% 46.3M=0s

2011-12-01 14:39:33 (46.3 MB/s) - `code/../crawls/www.facebook.com/Privacy-Policy/raw/static.ak.fbcdn.net/rsrc.php/v1/y9/r/jKEcVPZFk-2.gif' saved [1900/1900]

--2011-12-01 14:39:33--  http://static.ak.fbcdn.net/rsrc.php/v1/y7/r/ql9vukDCc4R.png
Reusing existing connection to static.ak.fbcdn.net:80.
HTTP request sent, awaiting response... 200 OK
Length: 1177 (1.1K) [image/png]
Saving to: `code/../crawls/www.facebook.com/Privacy-Policy/raw/static.ak.fbcdn.net/rsrc.php/v1/y7/r/ql9vukDCc4R.png'

     0K .                                                     100% 23.7M=0s

2011-12-01 14:39:33 (23.7 MB/s) - `code/../crawls/www.facebook.com/Privacy-Policy/raw/static.ak.fbcdn.net/rsrc.php/v1/y7/r/ql9vukDCc4R.png' saved [1177/1177]

--2011-12-01 14:39:33--  http://static.ak.fbcdn.net/rsrc.php/v1/ye/r/nZW4C56WJb6.png
Reusing existing connection to static.ak.fbcdn.net:80.
HTTP request sent, awaiting response... 200 OK
Length: 1249 (1.2K) [image/png]
Saving to: `code/../crawls/www.facebook.com/Privacy-Policy/raw/static.ak.fbcdn.net/rsrc.php/v1/ye/r/nZW4C56WJb6.png'

     0K .                                                     100% 98.2M=0s

2011-12-01 14:39:33 (98.2 MB/s) - `code/../crawls/www.facebook.com/Privacy-Policy/raw/static.ak.fbcdn.net/rsrc.php/v1/ye/r/nZW4C56WJb6.png' saved [1249/1249]

--2011-12-01 14:39:33--  http://static.ak.fbcdn.net/rsrc.php/v1/yM/r/tc6kQtD6Y3L.png
Reusing existing connection to static.ak.fbcdn.net:80.
HTTP request sent, awaiting response... 200 OK
Length: 148 [image/png]
Saving to: `code/../crawls/www.facebook.com/Privacy-Policy/raw/static.ak.fbcdn.net/rsrc.php/v1/yM/r/tc6kQtD6Y3L.png'

     0K                                                       100% 12.3M=0s

2011-12-01 14:39:33 (12.3 MB/s) - `code/../crawls/www.facebook.com/Privacy-Policy/raw/static.ak.fbcdn.net/rsrc.php/v1/yM/r/tc6kQtD6Y3L.png' saved [148/148]

--2011-12-01 14:39:33--  http://static.ak.fbcdn.net/rsrc.php/v1/yJ/r/vOykDL15P0R.png
Reusing existing connection to static.ak.fbcdn.net:80.
HTTP request sent, awaiting response... 200 OK
Length: 9388 (9.2K) [image/png]
Saving to: `code/../crawls/www.facebook.com/Privacy-Policy/raw/static.ak.fbcdn.net/rsrc.php/v1/yJ/r/vOykDL15P0R.png'

     0K .........                                             100% 4.31M=0.002s

2011-12-01 14:39:33 (4.31 MB/s) - `code/../crawls/www.facebook.com/Privacy-Policy/raw/static.ak.fbcdn.net/rsrc.php/v1/yJ/r/vOykDL15P0R.png' saved [9388/9388]

--2011-12-01 14:39:33--  http://static.ak.fbcdn.net/rsrc.php/v1/yp/r/DrGcdjdlpCl.gif
Reusing existing connection to static.ak.fbcdn.net:80.
HTTP request sent, awaiting response... 200 OK
Length: 1567 (1.5K) [image/gif]
Saving to: `code/../crawls/www.facebook.com/Privacy-Policy/raw/static.ak.fbcdn.net/rsrc.php/v1/yp/r/DrGcdjdlpCl.gif'

     0K .                                                     100% 24.3M=0s

2011-12-01 14:39:33 (24.3 MB/s) - `code/../crawls/www.facebook.com/Privacy-Policy/raw/static.ak.fbcdn.net/rsrc.php/v1/yp/r/DrGcdjdlpCl.gif' saved [1567/1567]

--2011-12-01 14:39:33--  http://static.ak.fbcdn.net/rsrc.php/v1/yA/r/QbfalTL4SQ2.png
Reusing existing connection to static.ak.fbcdn.net:80.
HTTP request sent, awaiting response... 200 OK
Length: 114 [image/png]
Saving to: `code/../crawls/www.facebook.com/Privacy-Policy/raw/static.ak.fbcdn.net/rsrc.php/v1/yA/r/QbfalTL4SQ2.png'

     0K                                                       100% 10.1M=0s

2011-12-01 14:39:33 (10.1 MB/s) - `code/../crawls/www.facebook.com/Privacy-Policy/raw/static.ak.fbcdn.net/rsrc.php/v1/yA/r/QbfalTL4SQ2.png' saved [114/114]

--2011-12-01 14:39:33--  http://static.ak.fbcdn.net/rsrc.php/v1/y7/r/LIMS6JdvvOD.png
Reusing existing connection to static.ak.fbcdn.net:80.
HTTP request sent, awaiting response... 200 OK
Length: 139 [image/png]
Saving to: `code/../crawls/www.facebook.com/Privacy-Policy/raw/static.ak.fbcdn.net/rsrc.php/v1/y7/r/LIMS6JdvvOD.png'

     0K                                                       100% 12.1M=0s

2011-12-01 14:39:33 (12.1 MB/s) - `code/../crawls/www.facebook.com/Privacy-Policy/raw/static.ak.fbcdn.net/rsrc.php/v1/y7/r/LIMS6JdvvOD.png' saved [139/139]

--2011-12-01 14:39:33--  http://static.ak.fbcdn.net/rsrc.php/v1/y4/r/-PAXP-deijE.gif
Reusing existing connection to static.ak.fbcdn.net:80.
HTTP request sent, awaiting response... 200 OK
Length: 43 [image/gif]
Saving to: `code/../crawls/www.facebook.com/Privacy-Policy/raw/static.ak.fbcdn.net/rsrc.php/v1/y4/r/-PAXP-deijE.gif'

     0K                                                       100% 3.62M=0s

2011-12-01 14:39:33 (3.62 MB/s) - `code/../crawls/www.facebook.com/Privacy-Policy/raw/static.ak.fbcdn.net/rsrc.php/v1/y4/r/-PAXP-deijE.gif' saved [43/43]

--2011-12-01 14:39:33--  http://static.ak.fbcdn.net/rsrc.php/v1/yD/r/qURj9F99EmJ.png
Reusing existing connection to static.ak.fbcdn.net:80.
HTTP request sent, awaiting response... 200 OK
Length: 250 [image/png]
Saving to: `code/../crawls/www.facebook.com/Privacy-Policy/raw/static.ak.fbcdn.net/rsrc.php/v1/yD/r/qURj9F99EmJ.png'

     0K                                                       100% 23.0M=0s

2011-12-01 14:39:33 (23.0 MB/s) - `code/../crawls/www.facebook.com/Privacy-Policy/raw/static.ak.fbcdn.net/rsrc.php/v1/yD/r/qURj9F99EmJ.png' saved [250/250]

--2011-12-01 14:39:33--  http://static.ak.fbcdn.net/rsrc.php/v1/yn/r/77uboGPzRks.png
Reusing existing connection to static.ak.fbcdn.net:80.
HTTP request sent, awaiting response... 200 OK
Length: 3097 (3.0K) [image/png]
Saving to: `code/../crawls/www.facebook.com/Privacy-Policy/raw/static.ak.fbcdn.net/rsrc.php/v1/yn/r/77uboGPzRks.png'

     0K ...                                                   100% 4.85M=0.001s

2011-12-01 14:39:33 (4.85 MB/s) - `code/../crawls/www.facebook.com/Privacy-Policy/raw/static.ak.fbcdn.net/rsrc.php/v1/yn/r/77uboGPzRks.png' saved [3097/3097]

--2011-12-01 14:39:33--  http://static.ak.fbcdn.net/rsrc.php/v1/yi/r/KsODvVMV-0n.png
Reusing existing connection to static.ak.fbcdn.net:80.
HTTP request sent, awaiting response... 200 OK
Length: 3086 (3.0K) [image/png]
Saving to: `code/../crawls/www.facebook.com/Privacy-Policy/raw/static.ak.fbcdn.net/rsrc.php/v1/yi/r/KsODvVMV-0n.png'

     0K ...                                                   100% 12.8M=0s

2011-12-01 14:39:33 (12.8 MB/s) - `code/../crawls/www.facebook.com/Privacy-Policy/raw/static.ak.fbcdn.net/rsrc.php/v1/yi/r/KsODvVMV-0n.png' saved [3086/3086]

--2011-12-01 14:39:33--  http://static.ak.fbcdn.net/rsrc.php/v1/yC/r/B_qduFj1etl.png
Reusing existing connection to static.ak.fbcdn.net:80.
HTTP request sent, awaiting response... 200 OK
Length: 382 [image/png]
Saving to: `code/../crawls/www.facebook.com/Privacy-Policy/raw/static.ak.fbcdn.net/rsrc.php/v1/yC/r/B_qduFj1etl.png'

     0K                                                       100% 25.8M=0s

2011-12-01 14:39:33 (25.8 MB/s) - `code/../crawls/www.facebook.com/Privacy-Policy/raw/static.ak.fbcdn.net/rsrc.php/v1/yC/r/B_qduFj1etl.png' saved [382/382]

--2011-12-01 14:39:33--  http://static.ak.fbcdn.net/rsrc.php/v1/y-/r/lWUUm37r11D.png
Reusing existing connection to static.ak.fbcdn.net:80.
HTTP request sent, awaiting response... 200 OK
Length: 353 [image/png]
Saving to: `code/../crawls/www.facebook.com/Privacy-Policy/raw/static.ak.fbcdn.net/rsrc.php/v1/y-/r/lWUUm37r11D.png'

     0K                                                       100% 31.9M=0s

2011-12-01 14:39:33 (31.9 MB/s) - `code/../crawls/www.facebook.com/Privacy-Policy/raw/static.ak.fbcdn.net/rsrc.php/v1/y-/r/lWUUm37r11D.png' saved [353/353]

--2011-12-01 14:39:33--  http://static.ak.fbcdn.net/rsrc.php/v1/yL/r/U1-etAWzQ4t.png
Reusing existing connection to static.ak.fbcdn.net:80.
HTTP request sent, awaiting response... 200 OK
Length: 3300 (3.2K) [image/png]
Saving to: `code/../crawls/www.facebook.com/Privacy-Policy/raw/static.ak.fbcdn.net/rsrc.php/v1/yL/r/U1-etAWzQ4t.png'

     0K ...                                                   100% 83.8M=0s

2011-12-01 14:39:33 (83.8 MB/s) - `code/../crawls/www.facebook.com/Privacy-Policy/raw/static.ak.fbcdn.net/rsrc.php/v1/yL/r/U1-etAWzQ4t.png' saved [3300/3300]

--2011-12-01 14:39:33--  http://static.ak.fbcdn.net/rsrc.php/v1/yj/r/wU__r0m45JU.png
Reusing existing connection to static.ak.fbcdn.net:80.
HTTP request sent, awaiting response... 200 OK
Length: 3268 (3.2K) [image/png]
Saving to: `code/../crawls/www.facebook.com/Privacy-Policy/raw/static.ak.fbcdn.net/rsrc.php/v1/yj/r/wU__r0m45JU.png'

     0K ...                                                   100% 16.9M=0s

2011-12-01 14:39:33 (16.9 MB/s) - `code/../crawls/www.facebook.com/Privacy-Policy/raw/static.ak.fbcdn.net/rsrc.php/v1/yj/r/wU__r0m45JU.png' saved [3268/3268]

--2011-12-01 14:39:33--  http://static.ak.fbcdn.net/rsrc.php/v1/y_/r/464P0IE2gPV.gif
Reusing existing connection to static.ak.fbcdn.net:80.
HTTP request sent, awaiting response... 200 OK
Length: 357 [image/gif]
Saving to: `code/../crawls/www.facebook.com/Privacy-Policy/raw/static.ak.fbcdn.net/rsrc.php/v1/y_/r/464P0IE2gPV.gif'

     0K                                                       100% 52.9M=0s

2011-12-01 14:39:33 (52.9 MB/s) - `code/../crawls/www.facebook.com/Privacy-Policy/raw/static.ak.fbcdn.net/rsrc.php/v1/y_/r/464P0IE2gPV.gif' saved [357/357]

--2011-12-01 14:39:33--  http://static.ak.fbcdn.net/rsrc.php/v1/yh/r/_S0u1wZb3JC.png
Reusing existing connection to static.ak.fbcdn.net:80.
HTTP request sent, awaiting response... 200 OK
Length: 119 [image/png]
Saving to: `code/../crawls/www.facebook.com/Privacy-Policy/raw/static.ak.fbcdn.net/rsrc.php/v1/yh/r/_S0u1wZb3JC.png'

     0K                                                       100% 9.97M=0s

2011-12-01 14:39:33 (9.97 MB/s) - `code/../crawls/www.facebook.com/Privacy-Policy/raw/static.ak.fbcdn.net/rsrc.php/v1/yh/r/_S0u1wZb3JC.png' saved [119/119]

--2011-12-01 14:39:33--  http://static.ak.fbcdn.net/rsrc.php/v1/yk/r/BwKwOpPWbGZ.png
Reusing existing connection to static.ak.fbcdn.net:80.
HTTP request sent, awaiting response... 200 OK
Length: 130 [image/png]
Saving to: `code/../crawls/www.facebook.com/Privacy-Policy/raw/static.ak.fbcdn.net/rsrc.php/v1/yk/r/BwKwOpPWbGZ.png'

     0K                                                       100% 12.1M=0s

2011-12-01 14:39:33 (12.1 MB/s) - `code/../crawls/www.facebook.com/Privacy-Policy/raw/static.ak.fbcdn.net/rsrc.php/v1/yk/r/BwKwOpPWbGZ.png' saved [130/130]

--2011-12-01 14:39:33--  http://static.ak.fbcdn.net/rsrc.php/v1/y9/r/Ar6K0o_04bw.gif
Reusing existing connection to static.ak.fbcdn.net:80.
HTTP request sent, awaiting response... 200 OK
Length: 79 [image/gif]
Saving to: `code/../crawls/www.facebook.com/Privacy-Policy/raw/static.ak.fbcdn.net/rsrc.php/v1/y9/r/Ar6K0o_04bw.gif'

     0K                                                       100% 5.66M=0s

2011-12-01 14:39:33 (5.66 MB/s) - `code/../crawls/www.facebook.com/Privacy-Policy/raw/static.ak.fbcdn.net/rsrc.php/v1/y9/r/Ar6K0o_04bw.gif' saved [79/79]

--2011-12-01 14:39:33--  http://static.ak.fbcdn.net/rsrc.php/v1/yU/r/bX7fuJsR7qK.gif
Reusing existing connection to static.ak.fbcdn.net:80.
HTTP request sent, awaiting response... 200 OK
Length: 824 [image/gif]
Saving to: `code/../crawls/www.facebook.com/Privacy-Policy/raw/static.ak.fbcdn.net/rsrc.php/v1/yU/r/bX7fuJsR7qK.gif'

     0K                                                       100% 57.2M=0s

2011-12-01 14:39:33 (57.2 MB/s) - `code/../crawls/www.facebook.com/Privacy-Policy/raw/static.ak.fbcdn.net/rsrc.php/v1/yU/r/bX7fuJsR7qK.gif' saved [824/824]

--2011-12-01 14:39:33--  http://static.ak.fbcdn.net/rsrc.php/v1/y-/r/i3MWJV-V_Z4.gif
Reusing existing connection to static.ak.fbcdn.net:80.
HTTP request sent, awaiting response... 200 OK
Length: 72 [image/gif]
Saving to: `code/../crawls/www.facebook.com/Privacy-Policy/raw/static.ak.fbcdn.net/rsrc.php/v1/y-/r/i3MWJV-V_Z4.gif'

     0K                                                       100% 6.37M=0s

2011-12-01 14:39:33 (6.37 MB/s) - `code/../crawls/www.facebook.com/Privacy-Policy/raw/static.ak.fbcdn.net/rsrc.php/v1/y-/r/i3MWJV-V_Z4.gif' saved [72/72]

--2011-12-01 14:39:33--  http://static.ak.fbcdn.net/rsrc.php/v1/ys/r/7LhjbZQH3Sx.gif
Reusing existing connection to static.ak.fbcdn.net:80.
HTTP request sent, awaiting response... 200 OK
Length: 95 [image/gif]
Saving to: `code/../crawls/www.facebook.com/Privacy-Policy/raw/static.ak.fbcdn.net/rsrc.php/v1/ys/r/7LhjbZQH3Sx.gif'

     0K                                                       100% 8.25M=0s

2011-12-01 14:39:33 (8.25 MB/s) - `code/../crawls/www.facebook.com/Privacy-Policy/raw/static.ak.fbcdn.net/rsrc.php/v1/ys/r/7LhjbZQH3Sx.gif' saved [95/95]

--2011-12-01 14:39:33--  http://static.ak.fbcdn.net/rsrc.php/v1/y4/r/peuIxelDcq9.gif
Reusing existing connection to static.ak.fbcdn.net:80.
HTTP request sent, awaiting response... 200 OK
Length: 72 [image/gif]
Saving to: `code/../crawls/www.facebook.com/Privacy-Policy/raw/static.ak.fbcdn.net/rsrc.php/v1/y4/r/peuIxelDcq9.gif'

     0K                                                       100% 6.29M=0s

2011-12-01 14:39:33 (6.29 MB/s) - `code/../crawls/www.facebook.com/Privacy-Policy/raw/static.ak.fbcdn.net/rsrc.php/v1/y4/r/peuIxelDcq9.gif' saved [72/72]

--2011-12-01 14:39:33--  http://static.ak.fbcdn.net/rsrc.php/v1/yC/r/oGGz_CGun3e.gif
Reusing existing connection to static.ak.fbcdn.net:80.
HTTP request sent, awaiting response... 200 OK
Length: 65 [image/gif]
Saving to: `code/../crawls/www.facebook.com/Privacy-Policy/raw/static.ak.fbcdn.net/rsrc.php/v1/yC/r/oGGz_CGun3e.gif'

     0K                                                       100% 4.68M=0s

2011-12-01 14:39:33 (4.68 MB/s) - `code/../crawls/www.facebook.com/Privacy-Policy/raw/static.ak.fbcdn.net/rsrc.php/v1/yC/r/oGGz_CGun3e.gif' saved [65/65]

--2011-12-01 14:39:33--  http://static.ak.fbcdn.net/rsrc.php/v1/yX/r/cWkrexhQR4U.gif
Reusing existing connection to static.ak.fbcdn.net:80.
HTTP request sent, awaiting response... 200 OK
Length: 304 [image/gif]
Saving to: `code/../crawls/www.facebook.com/Privacy-Policy/raw/static.ak.fbcdn.net/rsrc.php/v1/yX/r/cWkrexhQR4U.gif'

     0K                                                       100% 26.3M=0s

2011-12-01 14:39:33 (26.3 MB/s) - `code/../crawls/www.facebook.com/Privacy-Policy/raw/static.ak.fbcdn.net/rsrc.php/v1/yX/r/cWkrexhQR4U.gif' saved [304/304]

--2011-12-01 14:39:33--  http://static.ak.fbcdn.net/rsrc.php/v1/yQ/r/SEHmoF4wJuy.gif
Reusing existing connection to static.ak.fbcdn.net:80.
HTTP request sent, awaiting response... 200 OK
Length: 133 [image/gif]
Saving to: `code/../crawls/www.facebook.com/Privacy-Policy/raw/static.ak.fbcdn.net/rsrc.php/v1/yQ/r/SEHmoF4wJuy.gif'

     0K                                                       100% 14.1M=0s

2011-12-01 14:39:33 (14.1 MB/s) - `code/../crawls/www.facebook.com/Privacy-Policy/raw/static.ak.fbcdn.net/rsrc.php/v1/yQ/r/SEHmoF4wJuy.gif' saved [133/133]

--2011-12-01 14:39:33--  http://static.ak.fbcdn.net/rsrc.php/v1/yU/r/iFjAdRBY_sL.gif
Reusing existing connection to static.ak.fbcdn.net:80.
HTTP request sent, awaiting response... 200 OK
Length: 64 [image/gif]
Saving to: `code/../crawls/www.facebook.com/Privacy-Policy/raw/static.ak.fbcdn.net/rsrc.php/v1/yU/r/iFjAdRBY_sL.gif'

     0K                                                       100% 4.47M=0s

2011-12-01 14:39:34 (4.47 MB/s) - `code/../crawls/www.facebook.com/Privacy-Policy/raw/static.ak.fbcdn.net/rsrc.php/v1/yU/r/iFjAdRBY_sL.gif' saved [64/64]

--2011-12-01 14:39:34--  http://static.ak.fbcdn.net/rsrc.php/v1/yj/r/TOsf-GemEZs.gif
Reusing existing connection to static.ak.fbcdn.net:80.
HTTP request sent, awaiting response... 200 OK
Length: 102 [image/gif]
Saving to: `code/../crawls/www.facebook.com/Privacy-Policy/raw/static.ak.fbcdn.net/rsrc.php/v1/yj/r/TOsf-GemEZs.gif'

     0K                                                       100% 9.10M=0s

2011-12-01 14:39:34 (9.10 MB/s) - `code/../crawls/www.facebook.com/Privacy-Policy/raw/static.ak.fbcdn.net/rsrc.php/v1/yj/r/TOsf-GemEZs.gif' saved [102/102]

--2011-12-01 14:39:34--  http://static.ak.fbcdn.net/rsrc.php/v1/yJ/r/WD2G95JHzCt.gif
Reusing existing connection to static.ak.fbcdn.net:80.
HTTP request sent, awaiting response... 200 OK
Length: 110 [image/gif]
Saving to: `code/../crawls/www.facebook.com/Privacy-Policy/raw/static.ak.fbcdn.net/rsrc.php/v1/yJ/r/WD2G95JHzCt.gif'

     0K                                                       100% 7.61M=0s

2011-12-01 14:39:34 (7.61 MB/s) - `code/../crawls/www.facebook.com/Privacy-Policy/raw/static.ak.fbcdn.net/rsrc.php/v1/yJ/r/WD2G95JHzCt.gif' saved [110/110]

--2011-12-01 14:39:34--  http://static.ak.fbcdn.net/rsrc.php/v1/yb/r/Vwd6xmm5QeZ.gif
Reusing existing connection to static.ak.fbcdn.net:80.
HTTP request sent, awaiting response... 200 OK
Length: 108 [image/gif]
Saving to: `code/../crawls/www.facebook.com/Privacy-Policy/raw/static.ak.fbcdn.net/rsrc.php/v1/yb/r/Vwd6xmm5QeZ.gif'

     0K                                                       100% 9.58M=0s

2011-12-01 14:39:34 (9.58 MB/s) - `code/../crawls/www.facebook.com/Privacy-Policy/raw/static.ak.fbcdn.net/rsrc.php/v1/yb/r/Vwd6xmm5QeZ.gif' saved [108/108]

--2011-12-01 14:39:34--  http://static.ak.fbcdn.net/rsrc.php/v1/yx/r/J-D8STqq27r.gif
Reusing existing connection to static.ak.fbcdn.net:80.
HTTP request sent, awaiting response... 200 OK
Length: 356 [image/gif]
Saving to: `code/../crawls/www.facebook.com/Privacy-Policy/raw/static.ak.fbcdn.net/rsrc.php/v1/yx/r/J-D8STqq27r.gif'

     0K                                                       100% 30.4M=0s

2011-12-01 14:39:34 (30.4 MB/s) - `code/../crawls/www.facebook.com/Privacy-Policy/raw/static.ak.fbcdn.net/rsrc.php/v1/yx/r/J-D8STqq27r.gif' saved [356/356]

--2011-12-01 14:39:34--  http://static.ak.fbcdn.net/rsrc.php/v1/yF/r/xcNMlL1yqMY.gif
Reusing existing connection to static.ak.fbcdn.net:80.
HTTP request sent, awaiting response... 200 OK
Length: 109 [image/gif]
Saving to: `code/../crawls/www.facebook.com/Privacy-Policy/raw/static.ak.fbcdn.net/rsrc.php/v1/yF/r/xcNMlL1yqMY.gif'

     0K                                                       100% 10.9M=0s

2011-12-01 14:39:34 (10.9 MB/s) - `code/../crawls/www.facebook.com/Privacy-Policy/raw/static.ak.fbcdn.net/rsrc.php/v1/yF/r/xcNMlL1yqMY.gif' saved [109/109]

--2011-12-01 14:39:34--  http://static.ak.fbcdn.net/rsrc.php/v1/yK/r/0jndoSRXAtS.gif
Reusing existing connection to static.ak.fbcdn.net:80.
HTTP request sent, awaiting response... 200 OK
Length: 70 [image/gif]
Saving to: `code/../crawls/www.facebook.com/Privacy-Policy/raw/static.ak.fbcdn.net/rsrc.php/v1/yK/r/0jndoSRXAtS.gif'

     0K                                                       100% 6.26M=0s

2011-12-01 14:39:34 (6.26 MB/s) - `code/../crawls/www.facebook.com/Privacy-Policy/raw/static.ak.fbcdn.net/rsrc.php/v1/yK/r/0jndoSRXAtS.gif' saved [70/70]

--2011-12-01 14:39:34--  http://static.ak.fbcdn.net/rsrc.php/v1/yL/r/CpHMi1OJYT4.gif
Reusing existing connection to static.ak.fbcdn.net:80.
HTTP request sent, awaiting response... 200 OK
Length: 67 [image/gif]
Saving to: `code/../crawls/www.facebook.com/Privacy-Policy/raw/static.ak.fbcdn.net/rsrc.php/v1/yL/r/CpHMi1OJYT4.gif'

     0K                                                       100% 5.84M=0s

2011-12-01 14:39:34 (5.84 MB/s) - `code/../crawls/www.facebook.com/Privacy-Policy/raw/static.ak.fbcdn.net/rsrc.php/v1/yL/r/CpHMi1OJYT4.gif' saved [67/67]

--2011-12-01 14:39:34--  http://static.ak.fbcdn.net/rsrc.php/v1/yX/r/VhUL9TRdhxw.gif
Reusing existing connection to static.ak.fbcdn.net:80.
HTTP request sent, awaiting response... 200 OK
Length: 43 [image/gif]
Saving to: `code/../crawls/www.facebook.com/Privacy-Policy/raw/static.ak.fbcdn.net/rsrc.php/v1/yX/r/VhUL9TRdhxw.gif'

     0K                                                       100% 3.21M=0s

2011-12-01 14:39:34 (3.21 MB/s) - `code/../crawls/www.facebook.com/Privacy-Policy/raw/static.ak.fbcdn.net/rsrc.php/v1/yX/r/VhUL9TRdhxw.gif' saved [43/43]

--2011-12-01 14:39:34--  http://static.ak.fbcdn.net/rsrc.php/v1/yL/r/d8obU4nzJv5.png
Reusing existing connection to static.ak.fbcdn.net:80.
HTTP request sent, awaiting response... 200 OK
Length: 19050 (19K) [image/png]
Saving to: `code/../crawls/www.facebook.com/Privacy-Policy/raw/static.ak.fbcdn.net/rsrc.php/v1/yL/r/d8obU4nzJv5.png'

     0K .......... ........                                   100%  946K=0.02s

2011-12-01 14:39:34 (946 KB/s) - `code/../crawls/www.facebook.com/Privacy-Policy/raw/static.ak.fbcdn.net/rsrc.php/v1/yL/r/d8obU4nzJv5.png' saved [19050/19050]

--2011-12-01 14:39:34--  http://static.ak.fbcdn.net/rsrc.php/v1/yL/r/wErnZ_tAQMR.png
Reusing existing connection to static.ak.fbcdn.net:80.
HTTP request sent, awaiting response... 200 OK
Length: 428 [image/png]
Saving to: `code/../crawls/www.facebook.com/Privacy-Policy/raw/static.ak.fbcdn.net/rsrc.php/v1/yL/r/wErnZ_tAQMR.png'

     0K                                                       100% 44.6M=0s

2011-12-01 14:39:34 (44.6 MB/s) - `code/../crawls/www.facebook.com/Privacy-Policy/raw/static.ak.fbcdn.net/rsrc.php/v1/yL/r/wErnZ_tAQMR.png' saved [428/428]

--2011-12-01 14:39:34--  http://static.ak.fbcdn.net/rsrc.php/v1/yI/r/4DVNAxs9NoZ.gif
Reusing existing connection to static.ak.fbcdn.net:80.
HTTP request sent, awaiting response... 200 OK
Length: 217 [image/gif]
Saving to: `code/../crawls/www.facebook.com/Privacy-Policy/raw/static.ak.fbcdn.net/rsrc.php/v1/yI/r/4DVNAxs9NoZ.gif'

     0K                                                       100% 22.9M=0s

2011-12-01 14:39:34 (22.9 MB/s) - `code/../crawls/www.facebook.com/Privacy-Policy/raw/static.ak.fbcdn.net/rsrc.php/v1/yI/r/4DVNAxs9NoZ.gif' saved [217/217]

--2011-12-01 14:39:34--  http://static.ak.fbcdn.net/rsrc.php/v1/yV/r/tI3-tDFcdgh.gif
Reusing existing connection to static.ak.fbcdn.net:80.
HTTP request sent, awaiting response... 200 OK
Length: 118 [image/gif]
Saving to: `code/../crawls/www.facebook.com/Privacy-Policy/raw/static.ak.fbcdn.net/rsrc.php/v1/yV/r/tI3-tDFcdgh.gif'

     0K                                                       100% 9.85M=0s

2011-12-01 14:39:34 (9.85 MB/s) - `code/../crawls/www.facebook.com/Privacy-Policy/raw/static.ak.fbcdn.net/rsrc.php/v1/yV/r/tI3-tDFcdgh.gif' saved [118/118]

--2011-12-01 14:39:34--  http://static.ak.fbcdn.net/rsrc.php/v1/y2/r/vmJvmrkIH7p.png
Reusing existing connection to static.ak.fbcdn.net:80.
HTTP request sent, awaiting response... 200 OK
Length: 1725 (1.7K) [image/png]
Saving to: `code/../crawls/www.facebook.com/Privacy-Policy/raw/static.ak.fbcdn.net/rsrc.php/v1/y2/r/vmJvmrkIH7p.png'

     0K .                                                     100% 57.2M=0s

2011-12-01 14:39:34 (57.2 MB/s) - `code/../crawls/www.facebook.com/Privacy-Policy/raw/static.ak.fbcdn.net/rsrc.php/v1/y2/r/vmJvmrkIH7p.png' saved [1725/1725]

--2011-12-01 14:39:34--  http://static.ak.fbcdn.net/rsrc.php/v1/yl/r/Mb18_ALBDjO.png
Reusing existing connection to static.ak.fbcdn.net:80.
HTTP request sent, awaiting response... 200 OK
Length: 739 [image/png]
Saving to: `code/../crawls/www.facebook.com/Privacy-Policy/raw/static.ak.fbcdn.net/rsrc.php/v1/yl/r/Mb18_ALBDjO.png'

     0K                                                       100% 49.0M=0s

2011-12-01 14:39:34 (49.0 MB/s) - `code/../crawls/www.facebook.com/Privacy-Policy/raw/static.ak.fbcdn.net/rsrc.php/v1/yl/r/Mb18_ALBDjO.png' saved [739/739]

--2011-12-01 14:39:34--  http://static.ak.fbcdn.net/rsrc.php/v1/yC/r/dGQvuWIobif.png
Reusing existing connection to static.ak.fbcdn.net:80.
HTTP request sent, awaiting response... 200 OK
Length: 1032 (1.0K) [image/png]
Saving to: `code/../crawls/www.facebook.com/Privacy-Policy/raw/static.ak.fbcdn.net/rsrc.php/v1/yC/r/dGQvuWIobif.png'

     0K .                                                     100% 94.3M=0s

2011-12-01 14:39:34 (94.3 MB/s) - `code/../crawls/www.facebook.com/Privacy-Policy/raw/static.ak.fbcdn.net/rsrc.php/v1/yC/r/dGQvuWIobif.png' saved [1032/1032]

--2011-12-01 14:39:34--  http://static.ak.fbcdn.net/rsrc.php/v1/yg/r/CIf7hUbSIck.png
Reusing existing connection to static.ak.fbcdn.net:80.
HTTP request sent, awaiting response... 200 OK
Length: 364 [image/png]
Saving to: `code/../crawls/www.facebook.com/Privacy-Policy/raw/static.ak.fbcdn.net/rsrc.php/v1/yg/r/CIf7hUbSIck.png'

     0K                                                       100% 26.4M=0s

2011-12-01 14:39:34 (26.4 MB/s) - `code/../crawls/www.facebook.com/Privacy-Policy/raw/static.ak.fbcdn.net/rsrc.php/v1/yg/r/CIf7hUbSIck.png' saved [364/364]

--2011-12-01 14:39:34--  http://static.ak.fbcdn.net/rsrc.php/v1/y4/r/Pn8OVS9TppS.png
Reusing existing connection to static.ak.fbcdn.net:80.
HTTP request sent, awaiting response... 200 OK
Length: 341 [image/png]
Saving to: `code/../crawls/www.facebook.com/Privacy-Policy/raw/static.ak.fbcdn.net/rsrc.php/v1/y4/r/Pn8OVS9TppS.png'

     0K                                                       100% 30.3M=0s

2011-12-01 14:39:34 (30.3 MB/s) - `code/../crawls/www.facebook.com/Privacy-Policy/raw/static.ak.fbcdn.net/rsrc.php/v1/y4/r/Pn8OVS9TppS.png' saved [341/341]

--2011-12-01 14:39:34--  http://static.ak.fbcdn.net/rsrc.php/v1/yD/r/BoANt8JRscE.png
Reusing existing connection to static.ak.fbcdn.net:80.
HTTP request sent, awaiting response... 200 OK
Length: 329 [image/png]
Saving to: `code/../crawls/www.facebook.com/Privacy-Policy/raw/static.ak.fbcdn.net/rsrc.php/v1/yD/r/BoANt8JRscE.png'

     0K                                                       100% 31.0M=0s

2011-12-01 14:39:34 (31.0 MB/s) - `code/../crawls/www.facebook.com/Privacy-Policy/raw/static.ak.fbcdn.net/rsrc.php/v1/yD/r/BoANt8JRscE.png' saved [329/329]

--2011-12-01 14:39:34--  http://static.ak.fbcdn.net/rsrc.php/v1/yP/r/tthEFpVcUaC.png
Reusing existing connection to static.ak.fbcdn.net:80.
HTTP request sent, awaiting response... 200 OK
Length: 1203 (1.2K) [image/png]
Saving to: `code/../crawls/www.facebook.com/Privacy-Policy/raw/static.ak.fbcdn.net/rsrc.php/v1/yP/r/tthEFpVcUaC.png'

     0K .                                                     100% 88.2M=0s

2011-12-01 14:39:34 (88.2 MB/s) - `code/../crawls/www.facebook.com/Privacy-Policy/raw/static.ak.fbcdn.net/rsrc.php/v1/yP/r/tthEFpVcUaC.png' saved [1203/1203]

--2011-12-01 14:39:34--  http://static.ak.fbcdn.net/rsrc.php/v1/yQ/r/QcjhEWC6Qto.png
Reusing existing connection to static.ak.fbcdn.net:80.
HTTP request sent, awaiting response... 200 OK
Length: 1382 (1.3K) [image/png]
Saving to: `code/../crawls/www.facebook.com/Privacy-Policy/raw/static.ak.fbcdn.net/rsrc.php/v1/yQ/r/QcjhEWC6Qto.png'

     0K .                                                     100%  104M=0s

2011-12-01 14:39:34 (104 MB/s) - `code/../crawls/www.facebook.com/Privacy-Policy/raw/static.ak.fbcdn.net/rsrc.php/v1/yQ/r/QcjhEWC6Qto.png' saved [1382/1382]

--2011-12-01 14:39:34--  http://static.ak.fbcdn.net/rsrc.php/v1/y3/r/YPFeM0EXezc.png
Reusing existing connection to static.ak.fbcdn.net:80.
HTTP request sent, awaiting response... 200 OK
Length: 10232 (10.0K) [image/png]
Saving to: `code/../crawls/www.facebook.com/Privacy-Policy/raw/static.ak.fbcdn.net/rsrc.php/v1/y3/r/YPFeM0EXezc.png'

     0K .........                                             100% 4.25M=0.002s

2011-12-01 14:39:34 (4.25 MB/s) - `code/../crawls/www.facebook.com/Privacy-Policy/raw/static.ak.fbcdn.net/rsrc.php/v1/y3/r/YPFeM0EXezc.png' saved [10232/10232]

--2011-12-01 14:39:34--  http://static.ak.fbcdn.net/rsrc.php/v1/y6/r/szD6qTI5bIe.png
Reusing existing connection to static.ak.fbcdn.net:80.
HTTP request sent, awaiting response... 200 OK
Length: 11288 (11K) [image/png]
Saving to: `code/../crawls/www.facebook.com/Privacy-Policy/raw/static.ak.fbcdn.net/rsrc.php/v1/y6/r/szD6qTI5bIe.png'

     0K .......... .                                          100%  827K=0.01s

2011-12-01 14:39:34 (827 KB/s) - `code/../crawls/www.facebook.com/Privacy-Policy/raw/static.ak.fbcdn.net/rsrc.php/v1/y6/r/szD6qTI5bIe.png' saved [11288/11288]

--2011-12-01 14:39:34--  http://static.ak.fbcdn.net/rsrc.php/v1/yz/r/tjNqSxeXtyK.png
Reusing existing connection to static.ak.fbcdn.net:80.
HTTP request sent, awaiting response... 200 OK
Length: 875 [image/png]
Saving to: `code/../crawls/www.facebook.com/Privacy-Policy/raw/static.ak.fbcdn.net/rsrc.php/v1/yz/r/tjNqSxeXtyK.png'

     0K                                                       100% 97.0M=0s

2011-12-01 14:39:34 (97.0 MB/s) - `code/../crawls/www.facebook.com/Privacy-Policy/raw/static.ak.fbcdn.net/rsrc.php/v1/yz/r/tjNqSxeXtyK.png' saved [875/875]

--2011-12-01 14:39:34--  http://static.ak.fbcdn.net/rsrc.php/v1/yD/r/o8nVZjvKzO6.png
Reusing existing connection to static.ak.fbcdn.net:80.
HTTP request sent, awaiting response... 200 OK
Length: 2013 (2.0K) [image/png]
Saving to: `code/../crawls/www.facebook.com/Privacy-Policy/raw/static.ak.fbcdn.net/rsrc.php/v1/yD/r/o8nVZjvKzO6.png'

     0K .                                                     100% 3.66M=0.001s

2011-12-01 14:39:34 (3.66 MB/s) - `code/../crawls/www.facebook.com/Privacy-Policy/raw/static.ak.fbcdn.net/rsrc.php/v1/yD/r/o8nVZjvKzO6.png' saved [2013/2013]

--2011-12-01 14:39:34--  http://static.ak.fbcdn.net/rsrc.php/v1/ya/r/xSwPvwnoLbc.png
Reusing existing connection to static.ak.fbcdn.net:80.
HTTP request sent, awaiting response... 200 OK
Length: 1509 (1.5K) [image/png]
Saving to: `code/../crawls/www.facebook.com/Privacy-Policy/raw/static.ak.fbcdn.net/rsrc.php/v1/ya/r/xSwPvwnoLbc.png'

     0K .                                                     100% 48.9M=0s

2011-12-01 14:39:34 (48.9 MB/s) - `code/../crawls/www.facebook.com/Privacy-Policy/raw/static.ak.fbcdn.net/rsrc.php/v1/ya/r/xSwPvwnoLbc.png' saved [1509/1509]

--2011-12-01 14:39:34--  http://static.ak.fbcdn.net/rsrc.php/v1/yB/r/TwAHgQi2ZPB.png
Reusing existing connection to static.ak.fbcdn.net:80.
HTTP request sent, awaiting response... 200 OK
Length: 1203 (1.2K) [image/png]
Saving to: `code/../crawls/www.facebook.com/Privacy-Policy/raw/static.ak.fbcdn.net/rsrc.php/v1/yB/r/TwAHgQi2ZPB.png'

     0K .                                                     100% 40.9M=0s

2011-12-01 14:39:34 (40.9 MB/s) - `code/../crawls/www.facebook.com/Privacy-Policy/raw/static.ak.fbcdn.net/rsrc.php/v1/yB/r/TwAHgQi2ZPB.png' saved [1203/1203]

--2011-12-01 14:39:34--  http://static.ak.fbcdn.net/rsrc.php/v1/yi/r/OBaVg52wtTZ.png
Reusing existing connection to static.ak.fbcdn.net:80.
HTTP request sent, awaiting response... 200 OK
Length: 42565 (42K) [image/png]
Saving to: `code/../crawls/www.facebook.com/Privacy-Policy/raw/static.ak.fbcdn.net/rsrc.php/v1/yi/r/OBaVg52wtTZ.png'

     0K .......... .......... .......... .......... .         100% 1.05M=0.04s

2011-12-01 14:39:34 (1.05 MB/s) - `code/../crawls/www.facebook.com/Privacy-Policy/raw/static.ak.fbcdn.net/rsrc.php/v1/yi/r/OBaVg52wtTZ.png' saved [42565/42565]

--2011-12-01 14:39:34--  http://static.ak.fbcdn.net/rsrc.php/v1/yK/r/BFOd681AL3h.png
Reusing existing connection to static.ak.fbcdn.net:80.
HTTP request sent, awaiting response... 200 OK
Length: 8286 (8.1K) [image/png]
Saving to: `code/../crawls/www.facebook.com/Privacy-Policy/raw/static.ak.fbcdn.net/rsrc.php/v1/yK/r/BFOd681AL3h.png'

     0K ........                                              100% 7.80M=0.001s

2011-12-01 14:39:34 (7.80 MB/s) - `code/../crawls/www.facebook.com/Privacy-Policy/raw/static.ak.fbcdn.net/rsrc.php/v1/yK/r/BFOd681AL3h.png' saved [8286/8286]

--2011-12-01 14:39:34--  http://static.ak.fbcdn.net/rsrc.php/v1/yS/r/STeWPW2kh0m.png
Reusing existing connection to static.ak.fbcdn.net:80.
HTTP request sent, awaiting response... 200 OK
Length: 129 [image/png]
Saving to: `code/../crawls/www.facebook.com/Privacy-Policy/raw/static.ak.fbcdn.net/rsrc.php/v1/yS/r/STeWPW2kh0m.png'

     0K                                                       100% 9.54M=0s

2011-12-01 14:39:34 (9.54 MB/s) - `code/../crawls/www.facebook.com/Privacy-Policy/raw/static.ak.fbcdn.net/rsrc.php/v1/yS/r/STeWPW2kh0m.png' saved [129/129]

--2011-12-01 14:39:34--  http://static.ak.fbcdn.net/rsrc.php/v1/y9/r/y7MG8IZpiC8.gif
Reusing existing connection to static.ak.fbcdn.net:80.
HTTP request sent, awaiting response... 200 OK
Length: 90 [image/gif]
Saving to: `code/../crawls/www.facebook.com/Privacy-Policy/raw/static.ak.fbcdn.net/rsrc.php/v1/y9/r/y7MG8IZpiC8.gif'

     0K                                                       100% 9.11M=0s

2011-12-01 14:39:34 (9.11 MB/s) - `code/../crawls/www.facebook.com/Privacy-Policy/raw/static.ak.fbcdn.net/rsrc.php/v1/y9/r/y7MG8IZpiC8.gif' saved [90/90]

FINISHED --2011-12-01 14:39:34--
Total wall clock time: 2.5s
Downloaded: 98 files, 531K in 0.4s (1.16 MB/s)
Converting code/../crawls/www.facebook.com/Privacy-Policy/raw/www.facebook.com/full_data_use_policy.html... 79-4
Converting code/../crawls/www.facebook.com/Privacy-Policy/raw/static.ak.fbcdn.net/rsrc.php/v1/yb/r/LUyKYUy1Ya4.css... 157-0
Converting code/../crawls/www.facebook.com/Privacy-Policy/raw/static.ak.fbcdn.net/rsrc.php/v1/yx/r/ejJoiNmHkkP.css... 17-0
Converting code/../crawls/www.facebook.com/Privacy-Policy/raw/static.ak.fbcdn.net/rsrc.php/v1/y9/r/ScxLd7rx07A.css... 28-0
Converting code/../crawls/www.facebook.com/Privacy-Policy/raw/static.ak.fbcdn.net/rsrc.php/v1/yA/r/W7Pz5DBNvh3.css... 6-0
Converted 5 files in 0.02 seconds.
