--2012-04-14 12:19:14--  http://mail.google.com/mail/help/intl/en/legal_notices.html
Resolving mail.google.com... 74.125.224.85, 74.125.224.86
Connecting to mail.google.com|74.125.224.85|:80... connected.
HTTP request sent, awaiting response... 200 OK
Length: unspecified [text/html]
Saving to: `code/../crawls/mail.google.com/GMail-Legal-Notices/raw/mail.google.com/mail/help/intl/en/legal_notices.html'

     0K ......                                                 2.39M=0.002s

2012-04-14 12:19:14 (2.39 MB/s) - `code/../crawls/mail.google.com/GMail-Legal-Notices/raw/mail.google.com/mail/help/intl/en/legal_notices.html' saved [6178]

--2012-04-14 12:19:14--  http://www.google.com/js/gweb/analytics/autotrack.js
Resolving www.google.com... 173.194.79.105, 173.194.79.106, 173.194.79.147, ...
Connecting to www.google.com|173.194.79.105|:80... connected.
HTTP request sent, awaiting response... 200 OK
Length: unspecified [text/javascript]
Saving to: `code/../crawls/mail.google.com/GMail-Legal-Notices/raw/www.google.com/js/gweb/analytics/autotrack.js'

     0K ...                                                    67.6M=0s

2012-04-14 12:19:14 (67.6 MB/s) - `code/../crawls/mail.google.com/GMail-Legal-Notices/raw/www.google.com/js/gweb/analytics/autotrack.js' saved [4072]

--2012-04-14 12:19:14--  http://fonts.googleapis.com/css?family=Open+Sans:300,400,600,700&subset=latin
Resolving fonts.googleapis.com... 173.194.79.95
Connecting to fonts.googleapis.com|173.194.79.95|:80... connected.
HTTP request sent, awaiting response... 200 OK
Length: unspecified [text/css]
Saving to: `code/../crawls/mail.google.com/GMail-Legal-Notices/raw/fonts.googleapis.com/css?family=Open+Sans:300,400,600,700&subset=latin.css'

     0K .                                                       104M=0s

2012-04-14 12:19:14 (104 MB/s) - `code/../crawls/mail.google.com/GMail-Legal-Notices/raw/fonts.googleapis.com/css?family=Open+Sans:300,400,600,700&subset=latin.css' saved [1108]

--2012-04-14 12:19:14--  http://www.google.com/css/maia.css
Connecting to www.google.com|173.194.79.105|:80... connected.
HTTP request sent, awaiting response... 200 OK
Length: unspecified [text/css]
Saving to: `code/../crawls/mail.google.com/GMail-Legal-Notices/raw/www.google.com/css/maia.css'

     0K .......... .......... .......... ........               799K=0.05s

2012-04-14 12:19:14 (799 KB/s) - `code/../crawls/mail.google.com/GMail-Legal-Notices/raw/www.google.com/css/maia.css' saved [39496]

--2012-04-14 12:19:14--  http://mail.google.com/mail/help/css/default-nelson.css
Connecting to mail.google.com|74.125.224.85|:80... connected.
HTTP request sent, awaiting response... 200 OK
Length: unspecified [text/css]
Saving to: `code/../crawls/mail.google.com/GMail-Legal-Notices/raw/mail.google.com/mail/help/css/default-nelson.css'

     0K ....                                                   7.38M=0.001s

2012-04-14 12:19:14 (7.38 MB/s) - `code/../crawls/mail.google.com/GMail-Legal-Notices/raw/mail.google.com/mail/help/css/default-nelson.css' saved [4878]

--2012-04-14 12:19:14--  http://mail.google.com/mail/help/js/main/view.js
Reusing existing connection to mail.google.com:80.
HTTP request sent, awaiting response... 200 OK
Length: unspecified [text/javascript]
Saving to: `code/../crawls/mail.google.com/GMail-Legal-Notices/raw/mail.google.com/mail/help/js/main/view.js'

     0K .......... ...                                         4.30M=0.003s

2012-04-14 12:19:14 (4.30 MB/s) - `code/../crawls/mail.google.com/GMail-Legal-Notices/raw/mail.google.com/mail/help/js/main/view.js' saved [13792]

--2012-04-14 12:19:14--  http://www.google.com/images/logos/google_logo_41.png
Connecting to www.google.com|173.194.79.105|:80... connected.
HTTP request sent, awaiting response... 200 OK
Length: 6321 (6.2K) [image/png]
Saving to: `code/../crawls/mail.google.com/GMail-Legal-Notices/raw/www.google.com/images/logos/google_logo_41.png'

     0K ......                                                100%  265K=0.02s

2012-04-14 12:19:14 (265 KB/s) - `code/../crawls/mail.google.com/GMail-Legal-Notices/raw/www.google.com/images/logos/google_logo_41.png' saved [6321/6321]

--2012-04-14 12:19:14--  http://mail.google.com/mail/help/intl/en/css/demo.css
Connecting to mail.google.com|74.125.224.85|:80... connected.
HTTP request sent, awaiting response... 404 Not Found
2012-04-14 12:19:14 ERROR 404: Not Found.

--2012-04-14 12:19:14--  http://www.google.com/images/cleardot.gif
Connecting to www.google.com|173.194.79.105|:80... connected.
HTTP request sent, awaiting response... 200 OK
Length: 43 [image/gif]
Saving to: `code/../crawls/mail.google.com/GMail-Legal-Notices/raw/www.google.com/images/cleardot.gif'

     0K                                                       100% 7.68M=0s

2012-04-14 12:19:14 (7.68 MB/s) - `code/../crawls/mail.google.com/GMail-Legal-Notices/raw/www.google.com/images/cleardot.gif' saved [43/43]

--2012-04-14 12:19:14--  http://themes.googleusercontent.com/static/fonts/opensans/v6/MTP_ySUJH_bn48VBG8sNSonF5uFdDttMLvmWuJdhhgs.ttf
Resolving themes.googleusercontent.com... 74.125.224.106, 74.125.224.107, 74.125.224.108
Connecting to themes.googleusercontent.com|74.125.224.106|:80... connected.
HTTP request sent, awaiting response... 200 OK
Length: unspecified [font/ttf]
Saving to: `code/../crawls/mail.google.com/GMail-Legal-Notices/raw/themes.googleusercontent.com/static/fonts/opensans/v6/MTP_ySUJH_bn48VBG8sNSonF5uFdDttMLvmWuJdhhgs.ttf'

     0K .......... .......... .......... ......                5.18M=0.007s

2012-04-14 12:19:14 (5.18 MB/s) - `code/../crawls/mail.google.com/GMail-Legal-Notices/raw/themes.googleusercontent.com/static/fonts/opensans/v6/MTP_ySUJH_bn48VBG8sNSonF5uFdDttMLvmWuJdhhgs.ttf' saved [37568]

--2012-04-14 12:19:14--  http://themes.googleusercontent.com/static/fonts/opensans/v6/DXI1ORHCpsQm3Vp6mXoaTYnF5uFdDttMLvmWuJdhhgs.ttf
Reusing existing connection to themes.googleusercontent.com:80.
HTTP request sent, awaiting response... 200 OK
Length: unspecified [font/ttf]
Saving to: `code/../crawls/mail.google.com/GMail-Legal-Notices/raw/themes.googleusercontent.com/static/fonts/opensans/v6/DXI1ORHCpsQm3Vp6mXoaTYnF5uFdDttMLvmWuJdhhgs.ttf'

     0K .......... .......... .......... ......                8.30M=0.004s

2012-04-14 12:19:14 (8.30 MB/s) - `code/../crawls/mail.google.com/GMail-Legal-Notices/raw/themes.googleusercontent.com/static/fonts/opensans/v6/DXI1ORHCpsQm3Vp6mXoaTYnF5uFdDttMLvmWuJdhhgs.ttf' saved [37816]

--2012-04-14 12:19:14--  http://themes.googleusercontent.com/static/fonts/opensans/v6/k3k702ZOKiLJc3WVjuplzInF5uFdDttMLvmWuJdhhgs.ttf
Reusing existing connection to themes.googleusercontent.com:80.
HTTP request sent, awaiting response... 200 OK
Length: unspecified [font/ttf]
Saving to: `code/../crawls/mail.google.com/GMail-Legal-Notices/raw/themes.googleusercontent.com/static/fonts/opensans/v6/k3k702ZOKiLJc3WVjuplzInF5uFdDttMLvmWuJdhhgs.ttf'

     0K .......... .......... .......... .......               8.64M=0.004s

2012-04-14 12:19:14 (8.64 MB/s) - `code/../crawls/mail.google.com/GMail-Legal-Notices/raw/themes.googleusercontent.com/static/fonts/opensans/v6/k3k702ZOKiLJc3WVjuplzInF5uFdDttMLvmWuJdhhgs.ttf' saved [38108]

--2012-04-14 12:19:14--  http://themes.googleusercontent.com/static/fonts/opensans/v6/cJZKeOuBrn4kERxqtaUH3aCWcynf_cDxXwCLxiixG1c.ttf
Reusing existing connection to themes.googleusercontent.com:80.
HTTP request sent, awaiting response... 200 OK
Length: unspecified [font/ttf]
Saving to: `code/../crawls/mail.google.com/GMail-Legal-Notices/raw/themes.googleusercontent.com/static/fonts/opensans/v6/cJZKeOuBrn4kERxqtaUH3aCWcynf_cDxXwCLxiixG1c.ttf'

     0K .......... .......... .......... .....                 4.22M=0.008s

2012-04-14 12:19:14 (4.22 MB/s) - `code/../crawls/mail.google.com/GMail-Legal-Notices/raw/themes.googleusercontent.com/static/fonts/opensans/v6/cJZKeOuBrn4kERxqtaUH3aCWcynf_cDxXwCLxiixG1c.ttf' saved [36492]

--2012-04-14 12:19:14--  http://www.google.com/images/icons/click_to_play_video-24.gif
Connecting to www.google.com|173.194.79.105|:80... connected.
HTTP request sent, awaiting response... 200 OK
Length: 1378 (1.3K) [image/gif]
Saving to: `code/../crawls/mail.google.com/GMail-Legal-Notices/raw/www.google.com/images/icons/click_to_play_video-24.gif'

     0K .                                                     100%  209M=0s

2012-04-14 12:19:14 (209 MB/s) - `code/../crawls/mail.google.com/GMail-Legal-Notices/raw/www.google.com/images/icons/click_to_play_video-24.gif' saved [1378/1378]

--2012-04-14 12:19:14--  http://www.google.com/images/icons/feature/mail-y42.png
Reusing existing connection to www.google.com:80.
HTTP request sent, awaiting response... 200 OK
Length: 731 [image/png]
Saving to: `code/../crawls/mail.google.com/GMail-Legal-Notices/raw/www.google.com/images/icons/feature/mail-y42.png'

     0K                                                       100%  124M=0s

2012-04-14 12:19:14 (124 MB/s) - `code/../crawls/mail.google.com/GMail-Legal-Notices/raw/www.google.com/images/icons/feature/mail-y42.png' saved [731/731]

--2012-04-14 12:19:14--  http://www.google.com/images/icons/feature/sitemap-g42.png
Reusing existing connection to www.google.com:80.
HTTP request sent, awaiting response... 200 OK
Length: 860 [image/png]
Saving to: `code/../crawls/mail.google.com/GMail-Legal-Notices/raw/www.google.com/images/icons/feature/sitemap-g42.png'

     0K                                                       100%  152M=0s

2012-04-14 12:19:14 (152 MB/s) - `code/../crawls/mail.google.com/GMail-Legal-Notices/raw/www.google.com/images/icons/feature/sitemap-g42.png' saved [860/860]

--2012-04-14 12:19:14--  http://www.google.com/images/icons/feature/line_graph-b42.png
Reusing existing connection to www.google.com:80.
HTTP request sent, awaiting response... 200 OK
Length: 1138 (1.1K) [image/png]
Saving to: `code/../crawls/mail.google.com/GMail-Legal-Notices/raw/www.google.com/images/icons/feature/line_graph-b42.png'

     0K .                                                     100%  182M=0s

2012-04-14 12:19:14 (182 MB/s) - `code/../crawls/mail.google.com/GMail-Legal-Notices/raw/www.google.com/images/icons/feature/line_graph-b42.png' saved [1138/1138]

--2012-04-14 12:19:14--  http://www.google.com/mail/help/images/ninja_images/ninjas-sprited.gif
Reusing existing connection to www.google.com:80.
HTTP request sent, awaiting response... 200 OK
Length: 19305 (19K) [image/gif]
Saving to: `code/../crawls/mail.google.com/GMail-Legal-Notices/raw/www.google.com/mail/help/images/ninja_images/ninjas-sprited.gif'

     0K .......... ........                                   100%  789K=0.02s

2012-04-14 12:19:14 (789 KB/s) - `code/../crawls/mail.google.com/GMail-Legal-Notices/raw/www.google.com/mail/help/images/ninja_images/ninjas-sprited.gif' saved [19305/19305]

FINISHED --2012-04-14 12:19:14--
Total wall clock time: 0.7s
Downloaded: 17 files, 243K in 0.1s (1.89 MB/s)
Converting code/../crawls/mail.google.com/GMail-Legal-Notices/raw/mail.google.com/mail/help/intl/en/legal_notices.html... 7-13
Converting code/../crawls/mail.google.com/GMail-Legal-Notices/raw/www.google.com/css/maia.css... nothing to do.
Converting code/../crawls/mail.google.com/GMail-Legal-Notices/raw/fonts.googleapis.com/css?family=Open+Sans:300,400,600,700&subset=latin.css... 4-0
Converting code/../crawls/mail.google.com/GMail-Legal-Notices/raw/mail.google.com/mail/help/css/default-nelson.css... 5-0
Converted 4 files in 0.002 seconds.
