--2011-12-01 14:39:52--  http://pages.ebay.com/help/policies/user-agreement.html
Resolving pages.ebay.com (pages.ebay.com)... 66.135.205.14, 66.135.210.100, 66.135.210.101, ...
Connecting to pages.ebay.com (pages.ebay.com)|66.135.205.14|:80... connected.
HTTP request sent, awaiting response... 200 OK
Length: 61067 (60K) [text/html]
Saving to: `code/../crawls/pages.ebay.com/User-Agreement/raw/pages.ebay.com/help/policies/user-agreement.html'

     0K .......... .......... .......... .......... .......... 83% 1.14M 0s
    50K .........                                             100% 1.33M=0.05s

2011-12-01 14:39:52 (1.16 MB/s) - `code/../crawls/pages.ebay.com/User-Agreement/raw/pages.ebay.com/help/policies/user-agreement.html' saved [61067/61067]

--2011-12-01 14:39:52--  http://ir.ebaystatic.com/v4css/z/2s/3zhykpa5ca0zthsnrhjg02hpi.css
Resolving ir.ebaystatic.com (ir.ebaystatic.com)... 216.156.213.16, 216.156.213.42
Connecting to ir.ebaystatic.com (ir.ebaystatic.com)|216.156.213.16|:80... connected.
HTTP request sent, awaiting response... 200 OK
Length: 31148 (30K) [text/css]
Saving to: `code/../crawls/pages.ebay.com/User-Agreement/raw/ir.ebaystatic.com/v4css/z/2s/3zhykpa5ca0zthsnrhjg02hpi.css'

     0K .......... .......... ..........                      100%  618K=0.05s

2011-12-01 14:39:52 (618 KB/s) - `code/../crawls/pages.ebay.com/User-Agreement/raw/ir.ebaystatic.com/v4css/z/2s/3zhykpa5ca0zthsnrhjg02hpi.css' saved [31148/31148]

--2011-12-01 14:39:52--  http://ir.ebaystatic.com/v4js/z/yo/qicc5beyw2zejm0u4bus2lv3u.js
Reusing existing connection to ir.ebaystatic.com:80.
HTTP request sent, awaiting response... 200 OK
Length: unspecified [application/x-javascript]
Saving to: `code/../crawls/pages.ebay.com/User-Agreement/raw/ir.ebaystatic.com/v4js/z/yo/qicc5beyw2zejm0u4bus2lv3u.js'

     0K .......... .......... .......... .......... .......... 1.54M
    50K .......... .......... .......... .......... ..........  888K
   100K .                                                      7.69M=0.09s

2011-12-01 14:39:52 (1.12 MB/s) - `code/../crawls/pages.ebay.com/User-Agreement/raw/ir.ebaystatic.com/v4js/z/yo/qicc5beyw2zejm0u4bus2lv3u.js' saved [103818]

--2011-12-01 14:39:52--  http://ir.ebaystatic.com/v4js/z/ag/lkw0do2lcu1fjnew0g05mqdhe.js
Reusing existing connection to ir.ebaystatic.com:80.
HTTP request sent, awaiting response... 200 OK
Length: unspecified [application/x-javascript]
Saving to: `code/../crawls/pages.ebay.com/User-Agreement/raw/ir.ebaystatic.com/v4js/z/ag/lkw0do2lcu1fjnew0g05mqdhe.js'

     0K .......... .......... .......... .......... .......... 2.55M
    50K .......... .......... .......... .......... .......... 2.02M
   100K ...                                                    1.23M=0.05s

2011-12-01 14:39:52 (2.19 MB/s) - `code/../crawls/pages.ebay.com/User-Agreement/raw/ir.ebaystatic.com/v4js/z/ag/lkw0do2lcu1fjnew0g05mqdhe.js' saved [106124]

--2011-12-01 14:39:52--  http://p.ebaystatic.com/aw/pics/buy/cart/iconCart000.gif
Resolving p.ebaystatic.com (p.ebaystatic.com)... 216.156.213.48, 216.156.213.64
Connecting to p.ebaystatic.com (p.ebaystatic.com)|216.156.213.48|:80... connected.
HTTP request sent, awaiting response... 200 OK
Length: 273 [image/gif]
Saving to: `code/../crawls/pages.ebay.com/User-Agreement/raw/p.ebaystatic.com/aw/pics/buy/cart/iconCart000.gif'

     0K                                                       100% 23.0M=0s

2011-12-01 14:39:52 (23.0 MB/s) - `code/../crawls/pages.ebay.com/User-Agreement/raw/p.ebaystatic.com/aw/pics/buy/cart/iconCart000.gif' saved [273/273]

--2011-12-01 14:39:52--  http://p.ebaystatic.com/aw/pics/logos/logoEbay_x45.gif
Reusing existing connection to p.ebaystatic.com:80.
HTTP request sent, awaiting response... 200 OK
Length: 1242 (1.2K) [image/gif]
Saving to: `code/../crawls/pages.ebay.com/User-Agreement/raw/p.ebaystatic.com/aw/pics/logos/logoEbay_x45.gif'

     0K .                                                     100% 99.4M=0s

2011-12-01 14:39:52 (99.4 MB/s) - `code/../crawls/pages.ebay.com/User-Agreement/raw/p.ebaystatic.com/aw/pics/logos/logoEbay_x45.gif' saved [1242/1242]

--2011-12-01 14:39:52--  http://pics.ebaystatic.com/aw/pics/holiday/doodle2011/holiday/week_5_lights_take_shape/small/Week5_Day4_Bell_Small_sliced.jpg
Resolving pics.ebaystatic.com (pics.ebaystatic.com)... 216.156.213.64, 216.156.213.48
Reusing existing connection to p.ebaystatic.com:80.
HTTP request sent, awaiting response... 200 OK
Length: 5114 (5.0K) [image/jpeg]
Saving to: `code/../crawls/pages.ebay.com/User-Agreement/raw/pics.ebaystatic.com/aw/pics/holiday/doodle2011/holiday/week_5_lights_take_shape/small/Week5_Day4_Bell_Small_sliced.jpg'

     0K ....                                                  100%  360M=0s

2011-12-01 14:39:52 (360 MB/s) - `code/../crawls/pages.ebay.com/User-Agreement/raw/pics.ebaystatic.com/aw/pics/holiday/doodle2011/holiday/week_5_lights_take_shape/small/Week5_Day4_Bell_Small_sliced.jpg' saved [5114/5114]

--2011-12-01 14:39:52--  http://pages.ebay.com/help/policies/%5C%22http://p.ebaystatic.com/aw/pics/icon/iconWarnRed_16x16.gif%5C%22
Connecting to pages.ebay.com (pages.ebay.com)|66.135.205.14|:80... connected.
HTTP request sent, awaiting response... 404 Not Found
2011-12-01 14:39:52 ERROR 404: Not Found.

--2011-12-01 14:39:52--  http://p.ebaystatic.com/aw/pics/promo/magic/pmoGleam10_150x23.gif
Connecting to p.ebaystatic.com (p.ebaystatic.com)|216.156.213.48|:80... connected.
HTTP request sent, awaiting response... 200 OK
Length: 2176 (2.1K) [image/gif]
Saving to: `code/../crawls/pages.ebay.com/User-Agreement/raw/p.ebaystatic.com/aw/pics/promo/magic/pmoGleam10_150x23.gif'

     0K ..                                                    100%  167M=0s

2011-12-01 14:39:52 (167 MB/s) - `code/../crawls/pages.ebay.com/User-Agreement/raw/p.ebaystatic.com/aw/pics/promo/magic/pmoGleam10_150x23.gif' saved [2176/2176]

--2011-12-01 14:39:52--  http://pages.ebay.com/help/policies/%5C%22http://q.ebaystatic.com/aw/pics/icons/iconRedeemCoupon20x20.gif%5C%22
Connecting to pages.ebay.com (pages.ebay.com)|66.135.205.14|:80... connected.
HTTP request sent, awaiting response... 404 Not Found
2011-12-01 14:39:52 ERROR 404: Not Found.

--2011-12-01 14:39:52--  http://include.ebaystatic.com/js/e747/us/ebaybase_v4_e7476us.js
Resolving include.ebaystatic.com (include.ebaystatic.com)... 216.156.213.57, 216.156.213.75
Connecting to include.ebaystatic.com (include.ebaystatic.com)|216.156.213.57|:80... connected.
HTTP request sent, awaiting response... 200 OK
Length: unspecified [application/x-javascript]
Saving to: `code/../crawls/pages.ebay.com/User-Agreement/raw/include.ebaystatic.com/js/e747/us/ebaybase_v4_e7476us.js'

     0K .......... .......... .......... .......... ..........  847K
    50K                                                         546G=0.06s

2011-12-01 14:39:53 (852 KB/s) - `code/../crawls/pages.ebay.com/User-Agreement/raw/include.ebaystatic.com/js/e747/us/ebaybase_v4_e7476us.js' saved [51493]

--2011-12-01 14:39:53--  http://include.ebaystatic.com/js/e747/us/ebaysup_e7476us.js
Reusing existing connection to include.ebaystatic.com:80.
HTTP request sent, awaiting response... 200 OK
Length: 17110 (17K) [application/x-javascript]
Saving to: `code/../crawls/pages.ebay.com/User-Agreement/raw/include.ebaystatic.com/js/e747/us/ebaysup_e7476us.js'

     0K .......... ......                                     100% 3.48M=0.005s

2011-12-01 14:39:53 (3.48 MB/s) - `code/../crawls/pages.ebay.com/User-Agreement/raw/include.ebaystatic.com/js/e747/us/ebaysup_e7476us.js' saved [17110/17110]

--2011-12-01 14:39:53--  http://include.ebaystatic.com/css/v/us/help/help';%09%09%09%09%09%09%09if(ebay.oGlobals.oClient.bNav%7C%7Cebay.oGlobals.oClient.bFirefox%7C%7C((typeof(usrCnt)%20!=
Reusing existing connection to include.ebaystatic.com:80.
HTTP request sent, awaiting response... 400 Bad Request
2011-12-01 14:39:53 ERROR 400: Bad Request.

--2011-12-01 14:39:53--  http://include.ebaystatic.com/css/v/us/help/help.css
Reusing existing connection to include.ebaystatic.com:80.
HTTP request sent, awaiting response... 200 OK
Length: 3007 (2.9K) [text/css]
Saving to: `code/../crawls/pages.ebay.com/User-Agreement/raw/include.ebaystatic.com/css/v/us/help/help.css'

     0K ..                                                    100% 98.5M=0s

2011-12-01 14:39:53 (98.5 MB/s) - `code/../crawls/pages.ebay.com/User-Agreement/raw/include.ebaystatic.com/css/v/us/help/help.css' saved [3007/3007]

--2011-12-01 14:39:53--  http://include.ebaystatic.com/css/v/us/help/help-yukon';%09%09%09css+='.css
Reusing existing connection to include.ebaystatic.com:80.
HTTP request sent, awaiting response... 400 Bad Request
2011-12-01 14:39:53 ERROR 400: Bad Request.

--2011-12-01 14:39:53--  http://include.ebaystatic.com/css/v/us/help/help-yukon.css
Reusing existing connection to include.ebaystatic.com:80.
HTTP request sent, awaiting response... 200 OK
Length: 15446 (15K) [text/css]
Saving to: `code/../crawls/pages.ebay.com/User-Agreement/raw/include.ebaystatic.com/css/v/us/help/help-yukon.css'

     0K .......... .....                                      100% 3.18M=0.005s

2011-12-01 14:39:53 (3.18 MB/s) - `code/../crawls/pages.ebay.com/User-Agreement/raw/include.ebaystatic.com/css/v/us/help/help-yukon.css' saved [15446/15446]

--2011-12-01 14:39:53--  http://include.ebaystatic.com/css/v/us/help/help-pagetype';%09%09%09css+='.css
Reusing existing connection to include.ebaystatic.com:80.
HTTP request sent, awaiting response... 400 Bad Request
2011-12-01 14:39:53 ERROR 400: Bad Request.

--2011-12-01 14:39:53--  http://include.ebaystatic.com/css/v/us/help/help-pagetype.css
Reusing existing connection to include.ebaystatic.com:80.
HTTP request sent, awaiting response... 200 OK
Length: 15953 (16K) [text/css]
Saving to: `code/../crawls/pages.ebay.com/User-Agreement/raw/include.ebaystatic.com/css/v/us/help/help-pagetype.css'

     0K .......... .....                                      100% 4.69M=0.003s

2011-12-01 14:39:53 (4.69 MB/s) - `code/../crawls/pages.ebay.com/User-Agreement/raw/include.ebaystatic.com/css/v/us/help/help-pagetype.css' saved [15953/15953]

--2011-12-01 14:39:53--  http://include.ebaystatic.com/css/v/us/help/help-ds2';%09%09%09css+='.css
Reusing existing connection to include.ebaystatic.com:80.
HTTP request sent, awaiting response... 400 Bad Request
2011-12-01 14:39:53 ERROR 400: Bad Request.

--2011-12-01 14:39:53--  http://include.ebaystatic.com/css/v/us/help/help-ds2.css
Reusing existing connection to include.ebaystatic.com:80.
HTTP request sent, awaiting response... 200 OK
Length: 4970 (4.9K) [text/css]
Saving to: `code/../crawls/pages.ebay.com/User-Agreement/raw/include.ebaystatic.com/css/v/us/help/help-ds2.css'

     0K ....                                                  100% 9.22M=0.001s

2011-12-01 14:39:53 (9.22 MB/s) - `code/../crawls/pages.ebay.com/User-Agreement/raw/include.ebaystatic.com/css/v/us/help/help-ds2.css' saved [4970/4970]

--2011-12-01 14:39:53--  http://include.ebaystatic.com/js/v/us/features/help/top.js
Reusing existing connection to include.ebaystatic.com:80.
HTTP request sent, awaiting response... 200 OK
Length: 4660 (4.6K) [application/x-javascript]
Saving to: `code/../crawls/pages.ebay.com/User-Agreement/raw/include.ebaystatic.com/js/v/us/features/help/top.js'

     0K ....                                                  100%  134M=0s

2011-12-01 14:39:53 (134 MB/s) - `code/../crawls/pages.ebay.com/User-Agreement/raw/include.ebaystatic.com/js/v/us/features/help/top.js' saved [4660/4660]

--2011-12-01 14:39:53--  http://include.ebaystatic.com/js/v/us/features/help/feedback.js
Reusing existing connection to include.ebaystatic.com:80.
HTTP request sent, awaiting response... 200 OK
Length: 9739 (9.5K) [application/x-javascript]
Saving to: `code/../crawls/pages.ebay.com/User-Agreement/raw/include.ebaystatic.com/js/v/us/features/help/feedback.js'

     0K .........                                             100% 4.65M=0.002s

2011-12-01 14:39:53 (4.65 MB/s) - `code/../crawls/pages.ebay.com/User-Agreement/raw/include.ebaystatic.com/js/v/us/features/help/feedback.js' saved [9739/9739]

--2011-12-01 14:39:53--  http://include.ebaystatic.com/js/v/us/features/help/show_hide.js
Reusing existing connection to include.ebaystatic.com:80.
HTTP request sent, awaiting response... 200 OK
Length: 5305 (5.2K) [application/x-javascript]
Saving to: `code/../crawls/pages.ebay.com/User-Agreement/raw/include.ebaystatic.com/js/v/us/features/help/show_hide.js'

     0K .....                                                 100% 3.36M=0.002s

2011-12-01 14:39:53 (3.36 MB/s) - `code/../crawls/pages.ebay.com/User-Agreement/raw/include.ebaystatic.com/js/v/us/features/help/show_hide.js' saved [5305/5305]

--2011-12-01 14:39:53--  http://pics.ebaystatic.com/aw/pics/icon/iconInfo_16x16.gif
Connecting to pics.ebaystatic.com (pics.ebaystatic.com)|216.156.213.64|:80... connected.
HTTP request sent, awaiting response... 200 OK
Length: 243 [image/gif]
Saving to: `code/../crawls/pages.ebay.com/User-Agreement/raw/pics.ebaystatic.com/aw/pics/icon/iconInfo_16x16.gif'

     0K                                                       100% 17.6M=0s

2011-12-01 14:39:53 (17.6 MB/s) - `code/../crawls/pages.ebay.com/User-Agreement/raw/pics.ebaystatic.com/aw/pics/icon/iconInfo_16x16.gif' saved [243/243]

--2011-12-01 14:39:53--  http://pics.ebaystatic.com/aw/pics/icon/iconError_16x16.gif
Reusing existing connection to pics.ebaystatic.com:80.
HTTP request sent, awaiting response... 200 OK
Length: 246 [image/gif]
Saving to: `code/../crawls/pages.ebay.com/User-Agreement/raw/pics.ebaystatic.com/aw/pics/icon/iconError_16x16.gif'

     0K                                                       100% 17.5M=0s

2011-12-01 14:39:53 (17.5 MB/s) - `code/../crawls/pages.ebay.com/User-Agreement/raw/pics.ebaystatic.com/aw/pics/icon/iconError_16x16.gif' saved [246/246]

--2011-12-01 14:39:53--  http://pics.ebay.com/aw/pics/s.gif
Resolving pics.ebay.com (pics.ebay.com)... 66.211.160.41, 66.135.215.141
Connecting to pics.ebay.com (pics.ebay.com)|66.211.160.41|:80... connected.
HTTP request sent, awaiting response... 200 OK
Length: 49 [image/gif]
Saving to: `code/../crawls/pages.ebay.com/User-Agreement/raw/pics.ebay.com/aw/pics/s.gif'

     0K                                                       100% 3.23M=0s

2011-12-01 14:39:53 (3.23 MB/s) - `code/../crawls/pages.ebay.com/User-Agreement/raw/pics.ebay.com/aw/pics/s.gif' saved [49/49]

--2011-12-01 14:39:53--  http://include.ebaystatic.com/js/v/us/features/help/search.js
Connecting to include.ebaystatic.com (include.ebaystatic.com)|216.156.213.57|:80... connected.
HTTP request sent, awaiting response... 200 OK
Length: 3228 (3.2K) [application/x-javascript]
Saving to: `code/../crawls/pages.ebay.com/User-Agreement/raw/include.ebaystatic.com/js/v/us/features/help/search.js'

     0K ...                                                   100% 20.3M=0s

2011-12-01 14:39:53 (20.3 MB/s) - `code/../crawls/pages.ebay.com/User-Agreement/raw/include.ebaystatic.com/js/v/us/features/help/search.js' saved [3228/3228]

--2011-12-01 14:39:53--  http://include.ebaystatic.com/js/v/us/features/baynote/base.js
Reusing existing connection to include.ebaystatic.com:80.
HTTP request sent, awaiting response... 200 OK
Length: 17912 (17K) [application/x-javascript]
Saving to: `code/../crawls/pages.ebay.com/User-Agreement/raw/include.ebaystatic.com/js/v/us/features/baynote/base.js'

     0K .......... .......                                    100% 1.33M=0.01s

2011-12-01 14:39:53 (1.33 MB/s) - `code/../crawls/pages.ebay.com/User-Agreement/raw/include.ebaystatic.com/js/v/us/features/baynote/base.js' saved [17912/17912]

--2011-12-01 14:39:53--  http://include.ebaystatic.com/js/v/us/features/help/bottom.js
Reusing existing connection to include.ebaystatic.com:80.
HTTP request sent, awaiting response... 200 OK
Length: 392 [application/x-javascript]
Saving to: `code/../crawls/pages.ebay.com/User-Agreement/raw/include.ebaystatic.com/js/v/us/features/help/bottom.js'

     0K                                                       100% 28.0M=0s

2011-12-01 14:39:53 (28.0 MB/s) - `code/../crawls/pages.ebay.com/User-Agreement/raw/include.ebaystatic.com/js/v/us/features/help/bottom.js' saved [392/392]

--2011-12-01 14:39:53--  http://q.ebaystatic.com/aw/pics/s.gif
Resolving q.ebaystatic.com (q.ebaystatic.com)... 216.156.213.48, 216.156.213.64
Connecting to q.ebaystatic.com (q.ebaystatic.com)|216.156.213.48|:80... connected.
HTTP request sent, awaiting response... 200 OK
Length: 49 [image/gif]
Saving to: `code/../crawls/pages.ebay.com/User-Agreement/raw/q.ebaystatic.com/aw/pics/s.gif'

     0K                                                       100% 4.34M=0s

2011-12-01 14:39:53 (4.34 MB/s) - `code/../crawls/pages.ebay.com/User-Agreement/raw/q.ebaystatic.com/aw/pics/s.gif' saved [49/49]

--2011-12-01 14:39:53--  http://include.ebaystatic.com/js/e747/us/ebayfooter_cobrand_v4_e7476us.js
Connecting to include.ebaystatic.com (include.ebaystatic.com)|216.156.213.57|:80... connected.
HTTP request sent, awaiting response... 200 OK
Length: 28643 (28K) [application/x-javascript]
Saving to: `code/../crawls/pages.ebay.com/User-Agreement/raw/include.ebaystatic.com/js/e747/us/ebayfooter_cobrand_v4_e7476us.js'

     0K .......... .......... .......                         100%  973K=0.03s

2011-12-01 14:39:53 (973 KB/s) - `code/../crawls/pages.ebay.com/User-Agreement/raw/include.ebaystatic.com/js/e747/us/ebayfooter_cobrand_v4_e7476us.js' saved [28643/28643]

--2011-12-01 14:39:53--  http://rover.ebay.com/roverimp/0/0/9?imp=1003230
Resolving rover.ebay.com (rover.ebay.com)... 66.211.179.119, 66.135.202.211, 66.135.204.19, ...
Connecting to rover.ebay.com (rover.ebay.com)|66.211.179.119|:80... connected.
HTTP request sent, awaiting response... 200 OK
Length: 42 [image/gif]
Saving to: `code/../crawls/pages.ebay.com/User-Agreement/raw/rover.ebay.com/roverimp/0/0/9?imp=1003230'

     0K                                                       100% 3.81M=0s

2011-12-01 14:39:53 (3.81 MB/s) - `code/../crawls/pages.ebay.com/User-Agreement/raw/rover.ebay.com/roverimp/0/0/9?imp=1003230' saved [42/42]

--2011-12-01 14:39:53--  http://q.ebaystatic.com/aw/pics/homepage/sprHdr4.png
Connecting to q.ebaystatic.com (q.ebaystatic.com)|216.156.213.48|:80... connected.
HTTP request sent, awaiting response... 200 OK
Length: 1858 (1.8K) [image/png]
Saving to: `code/../crawls/pages.ebay.com/User-Agreement/raw/q.ebaystatic.com/aw/pics/homepage/sprHdr4.png'

     0K .                                                     100%  147M=0s

2011-12-01 14:39:53 (147 MB/s) - `code/../crawls/pages.ebay.com/User-Agreement/raw/q.ebaystatic.com/aw/pics/homepage/sprHdr4.png' saved [1858/1858]

--2011-12-01 14:39:53--  http://p.ebaystatic.com/aw/pics/cmp/ds2/sprButtons.png
Reusing existing connection to q.ebaystatic.com:80.
HTTP request sent, awaiting response... 200 OK
Length: 10896 (11K) [image/png]
Saving to: `code/../crawls/pages.ebay.com/User-Agreement/raw/p.ebaystatic.com/aw/pics/cmp/ds2/sprButtons.png'

     0K ..........                                            100% 1.05M=0.01s

2011-12-01 14:39:53 (1.05 MB/s) - `code/../crawls/pages.ebay.com/User-Agreement/raw/p.ebaystatic.com/aw/pics/cmp/ds2/sprButtons.png' saved [10896/10896]

--2011-12-01 14:39:53--  http://p.ebaystatic.com/aw/pics/homepage/imgArrowDot.png
Reusing existing connection to q.ebaystatic.com:80.
HTTP request sent, awaiting response... 200 OK
Length: 1376 (1.3K) [image/png]
Saving to: `code/../crawls/pages.ebay.com/User-Agreement/raw/p.ebaystatic.com/aw/pics/homepage/imgArrowDot.png'

     0K .                                                     100%  117M=0s

2011-12-01 14:39:54 (117 MB/s) - `code/../crawls/pages.ebay.com/User-Agreement/raw/p.ebaystatic.com/aw/pics/homepage/imgArrowDot.png' saved [1376/1376]

--2011-12-01 14:39:54--  http://p.ebaystatic.com/aw/pics/rewards/ebaybucks/imgBucks_35x13.gif
Reusing existing connection to q.ebaystatic.com:80.
HTTP request sent, awaiting response... 200 OK
Length: 493 [image/gif]
Saving to: `code/../crawls/pages.ebay.com/User-Agreement/raw/p.ebaystatic.com/aw/pics/rewards/ebaybucks/imgBucks_35x13.gif'

     0K                                                       100% 34.7M=0s

2011-12-01 14:39:54 (34.7 MB/s) - `code/../crawls/pages.ebay.com/User-Agreement/raw/p.ebaystatic.com/aw/pics/rewards/ebaybucks/imgBucks_35x13.gif' saved [493/493]

--2011-12-01 14:39:54--  http://p.ebaystatic.com/aw/pics/globalAssets/imgAutofillLLGrey.gif
Reusing existing connection to q.ebaystatic.com:80.
HTTP request sent, awaiting response... 200 OK
Length: 72 [image/gif]
Saving to: `code/../crawls/pages.ebay.com/User-Agreement/raw/p.ebaystatic.com/aw/pics/globalAssets/imgAutofillLLGrey.gif'

     0K                                                       100% 8.00M=0s

2011-12-01 14:39:54 (8.00 MB/s) - `code/../crawls/pages.ebay.com/User-Agreement/raw/p.ebaystatic.com/aw/pics/globalAssets/imgAutofillLLGrey.gif' saved [72/72]

--2011-12-01 14:39:54--  http://q.ebaystatic.com/aw/pics/globalAssets/imgAutofillLRGrey.gif
Reusing existing connection to q.ebaystatic.com:80.
HTTP request sent, awaiting response... 200 OK
Length: 97 [image/gif]
Saving to: `code/../crawls/pages.ebay.com/User-Agreement/raw/q.ebaystatic.com/aw/pics/globalAssets/imgAutofillLRGrey.gif'

     0K                                                       100% 9.11M=0s

2011-12-01 14:39:54 (9.11 MB/s) - `code/../crawls/pages.ebay.com/User-Agreement/raw/q.ebaystatic.com/aw/pics/globalAssets/imgAutofillLRGrey.gif' saved [97/97]

--2011-12-01 14:39:54--  http://p.ebaystatic.com/aw/pics/icons/iconAutofillDown_12x10.gif
Reusing existing connection to q.ebaystatic.com:80.
HTTP request sent, awaiting response... 200 OK
Length: 177 [image/gif]
Saving to: `code/../crawls/pages.ebay.com/User-Agreement/raw/p.ebaystatic.com/aw/pics/icons/iconAutofillDown_12x10.gif'

     0K                                                       100% 19.8M=0s

2011-12-01 14:39:54 (19.8 MB/s) - `code/../crawls/pages.ebay.com/User-Agreement/raw/p.ebaystatic.com/aw/pics/icons/iconAutofillDown_12x10.gif' saved [177/177]

--2011-12-01 14:39:54--  http://q.ebaystatic.com/aw/pics/icons/iconAutofillUp_12x10.gif
Reusing existing connection to q.ebaystatic.com:80.
HTTP request sent, awaiting response... 200 OK
Length: 176 [image/gif]
Saving to: `code/../crawls/pages.ebay.com/User-Agreement/raw/q.ebaystatic.com/aw/pics/icons/iconAutofillUp_12x10.gif'

     0K                                                       100% 16.6M=0s

2011-12-01 14:39:54 (16.6 MB/s) - `code/../crawls/pages.ebay.com/User-Agreement/raw/q.ebaystatic.com/aw/pics/icons/iconAutofillUp_12x10.gif' saved [176/176]

--2011-12-01 14:39:54--  http://p.ebaystatic.com/aw/pics/icons/iconNewPurple_28x13.gif
Reusing existing connection to q.ebaystatic.com:80.
HTTP request sent, awaiting response... 200 OK
Length: 371 [image/gif]
Saving to: `code/../crawls/pages.ebay.com/User-Agreement/raw/p.ebaystatic.com/aw/pics/icons/iconNewPurple_28x13.gif'

     0K                                                       100% 5.75M=0s

2011-12-01 14:39:54 (5.75 MB/s) - `code/../crawls/pages.ebay.com/User-Agreement/raw/p.ebaystatic.com/aw/pics/icons/iconNewPurple_28x13.gif' saved [371/371]

--2011-12-01 14:39:54--  http://p.ebaystatic.com/aw/pics/buttons/btnClose_16x16.gif
Reusing existing connection to q.ebaystatic.com:80.
HTTP request sent, awaiting response... 200 OK
Length: 233 [image/gif]
Saving to: `code/../crawls/pages.ebay.com/User-Agreement/raw/p.ebaystatic.com/aw/pics/buttons/btnClose_16x16.gif'

     0K                                                       100% 26.0M=0s

2011-12-01 14:39:54 (26.0 MB/s) - `code/../crawls/pages.ebay.com/User-Agreement/raw/p.ebaystatic.com/aw/pics/buttons/btnClose_16x16.gif' saved [233/233]

--2011-12-01 14:39:54--  http://p.ebaystatic.com/aw/pics/homepage/hpspr2.png
Reusing existing connection to q.ebaystatic.com:80.
HTTP request sent, awaiting response... 200 OK
Length: 34146 (33K) [image/png]
Saving to: `code/../crawls/pages.ebay.com/User-Agreement/raw/p.ebaystatic.com/aw/pics/homepage/hpspr2.png'

     0K .......... .......... .......... ...                  100% 1.09M=0.03s

2011-12-01 14:39:54 (1.09 MB/s) - `code/../crawls/pages.ebay.com/User-Agreement/raw/p.ebaystatic.com/aw/pics/homepage/hpspr2.png' saved [34146/34146]

--2011-12-01 14:39:54--  http://q.ebaystatic.com/aw/pics/homepage/hpspr2_8.png
Reusing existing connection to q.ebaystatic.com:80.
HTTP request sent, awaiting response... 200 OK
Length: 18568 (18K) [image/png]
Saving to: `code/../crawls/pages.ebay.com/User-Agreement/raw/q.ebaystatic.com/aw/pics/homepage/hpspr2_8.png'

     0K .......... ........                                   100% 3.85M=0.005s

2011-12-01 14:39:54 (3.85 MB/s) - `code/../crawls/pages.ebay.com/User-Agreement/raw/q.ebaystatic.com/aw/pics/homepage/hpspr2_8.png' saved [18568/18568]

--2011-12-01 14:39:54--  http://p.ebaystatic.com/aw/pics/globalHeader/imgVNLshdwRt.png
Reusing existing connection to q.ebaystatic.com:80.
HTTP request sent, awaiting response... 200 OK
Length: 85 [image/png]
Saving to: `code/../crawls/pages.ebay.com/User-Agreement/raw/p.ebaystatic.com/aw/pics/globalHeader/imgVNLshdwRt.png'

     0K                                                       100% 9.15M=0s

2011-12-01 14:39:54 (9.15 MB/s) - `code/../crawls/pages.ebay.com/User-Agreement/raw/p.ebaystatic.com/aw/pics/globalHeader/imgVNLshdwRt.png' saved [85/85]

--2011-12-01 14:39:54--  http://p.ebaystatic.com/aw/pics/globalHeader/sprVNLshdwVert.png
Reusing existing connection to q.ebaystatic.com:80.
HTTP request sent, awaiting response... 200 OK
Length: 140 [image/png]
Saving to: `code/../crawls/pages.ebay.com/User-Agreement/raw/p.ebaystatic.com/aw/pics/globalHeader/sprVNLshdwVert.png'

     0K                                                       100% 12.9M=0s

2011-12-01 14:39:54 (12.9 MB/s) - `code/../crawls/pages.ebay.com/User-Agreement/raw/p.ebaystatic.com/aw/pics/globalHeader/sprVNLshdwVert.png' saved [140/140]

--2011-12-01 14:39:54--  http://p.ebaystatic.com/aw/pics/globalHeader/sprHdr1.png
Reusing existing connection to q.ebaystatic.com:80.
HTTP request sent, awaiting response... 200 OK
Length: 519 [image/png]
Saving to: `code/../crawls/pages.ebay.com/User-Agreement/raw/p.ebaystatic.com/aw/pics/globalHeader/sprHdr1.png'

     0K                                                       100% 58.5M=0s

2011-12-01 14:39:54 (58.5 MB/s) - `code/../crawls/pages.ebay.com/User-Agreement/raw/p.ebaystatic.com/aw/pics/globalHeader/sprHdr1.png' saved [519/519]

--2011-12-01 14:39:54--  http://pics.ebaystatic.com/aw/pics/globalAssets/rtCurve.gif
Reusing existing connection to q.ebaystatic.com:80.
HTTP request sent, awaiting response... 200 OK
Length: 64 [image/gif]
Saving to: `code/../crawls/pages.ebay.com/User-Agreement/raw/pics.ebaystatic.com/aw/pics/globalAssets/rtCurve.gif'

     0K                                                       100% 7.34M=0s

2011-12-01 14:39:54 (7.34 MB/s) - `code/../crawls/pages.ebay.com/User-Agreement/raw/pics.ebaystatic.com/aw/pics/globalAssets/rtCurve.gif' saved [64/64]

--2011-12-01 14:39:54--  http://pics.ebaystatic.com/aw/pics/help/ProStores/imgPsHelpBullet.gif
Reusing existing connection to q.ebaystatic.com:80.
HTTP request sent, awaiting response... 200 OK
Length: 76 [image/gif]
Saving to: `code/../crawls/pages.ebay.com/User-Agreement/raw/pics.ebaystatic.com/aw/pics/help/ProStores/imgPsHelpBullet.gif'

     0K                                                       100% 7.16M=0s

2011-12-01 14:39:54 (7.16 MB/s) - `code/../crawls/pages.ebay.com/User-Agreement/raw/pics.ebaystatic.com/aw/pics/help/ProStores/imgPsHelpBullet.gif' saved [76/76]

--2011-12-01 14:39:54--  http://pics.ebaystatic.com/aw/pics/globalAssets/imgPanelULGrey.gif
Reusing existing connection to q.ebaystatic.com:80.
HTTP request sent, awaiting response... 200 OK
Length: 111 [image/gif]
Saving to: `code/../crawls/pages.ebay.com/User-Agreement/raw/pics.ebaystatic.com/aw/pics/globalAssets/imgPanelULGrey.gif'

     0K                                                       100% 10.4M=0s

2011-12-01 14:39:54 (10.4 MB/s) - `code/../crawls/pages.ebay.com/User-Agreement/raw/pics.ebaystatic.com/aw/pics/globalAssets/imgPanelULGrey.gif' saved [111/111]

--2011-12-01 14:39:54--  http://pics.ebaystatic.com/aw/pics/globalAssets/imgPanelURGrey.gif
Reusing existing connection to q.ebaystatic.com:80.
HTTP request sent, awaiting response... 200 OK
Length: 111 [image/gif]
Saving to: `code/../crawls/pages.ebay.com/User-Agreement/raw/pics.ebaystatic.com/aw/pics/globalAssets/imgPanelURGrey.gif'

     0K                                                       100% 10.4M=0s

2011-12-01 14:39:54 (10.4 MB/s) - `code/../crawls/pages.ebay.com/User-Agreement/raw/pics.ebaystatic.com/aw/pics/globalAssets/imgPanelURGrey.gif' saved [111/111]

--2011-12-01 14:39:54--  http://pics.ebaystatic.com/aw/pics/globalAssets/imgPanelLRGrey.gif
Reusing existing connection to q.ebaystatic.com:80.
HTTP request sent, awaiting response... 200 OK
Length: 110 [image/gif]
Saving to: `code/../crawls/pages.ebay.com/User-Agreement/raw/pics.ebaystatic.com/aw/pics/globalAssets/imgPanelLRGrey.gif'

     0K                                                       100% 10.4M=0s

2011-12-01 14:39:54 (10.4 MB/s) - `code/../crawls/pages.ebay.com/User-Agreement/raw/pics.ebaystatic.com/aw/pics/globalAssets/imgPanelLRGrey.gif' saved [110/110]

--2011-12-01 14:39:54--  http://pics.ebaystatic.com/aw/pics/globalAssets/imgPanelLLGrey.gif
Reusing existing connection to q.ebaystatic.com:80.
HTTP request sent, awaiting response... 200 OK
Length: 111 [image/gif]
Saving to: `code/../crawls/pages.ebay.com/User-Agreement/raw/pics.ebaystatic.com/aw/pics/globalAssets/imgPanelLLGrey.gif'

     0K                                                       100% 10.8M=0s

2011-12-01 14:39:54 (10.8 MB/s) - `code/../crawls/pages.ebay.com/User-Agreement/raw/pics.ebaystatic.com/aw/pics/globalAssets/imgPanelLLGrey.gif' saved [111/111]

--2011-12-01 14:39:54--  https://securepics.ebaystatic.com/aw/pics/viewitem/imgVIPrmryBtnLt.gif
Resolving securepics.ebaystatic.com (securepics.ebaystatic.com)... 96.6.208.167
Connecting to securepics.ebaystatic.com (securepics.ebaystatic.com)|96.6.208.167|:443... connected.
HTTP request sent, awaiting response... 200 OK
Length: 142 [image/gif]
Saving to: `code/../crawls/pages.ebay.com/User-Agreement/raw/securepics.ebaystatic.com/aw/pics/viewitem/imgVIPrmryBtnLt.gif'

     0K                                                       100% 36.7M=0s

2011-12-01 14:39:54 (36.7 MB/s) - `code/../crawls/pages.ebay.com/User-Agreement/raw/securepics.ebaystatic.com/aw/pics/viewitem/imgVIPrmryBtnLt.gif' saved [142/142]

--2011-12-01 14:39:54--  https://securepics.ebaystatic.com/aw/pics/buttons/btnViPrmry.gif
Reusing existing connection to securepics.ebaystatic.com:443.
HTTP request sent, awaiting response... 200 OK
Length: 451 [image/gif]
Saving to: `code/../crawls/pages.ebay.com/User-Agreement/raw/securepics.ebaystatic.com/aw/pics/buttons/btnViPrmry.gif'

     0K                                                       100%  126M=0s

2011-12-01 14:39:54 (126 MB/s) - `code/../crawls/pages.ebay.com/User-Agreement/raw/securepics.ebaystatic.com/aw/pics/buttons/btnViPrmry.gif' saved [451/451]

--2011-12-01 14:39:54--  http://pics.ebaystatic.com/aw/pics/globalAssets/imgSignpostArrow.gif
Connecting to pics.ebaystatic.com (pics.ebaystatic.com)|216.156.213.64|:80... connected.
HTTP request sent, awaiting response... 200 OK
Length: 121 [image/gif]
Saving to: `code/../crawls/pages.ebay.com/User-Agreement/raw/pics.ebaystatic.com/aw/pics/globalAssets/imgSignpostArrow.gif'

     0K                                                       100% 10.7M=0s

2011-12-01 14:39:54 (10.7 MB/s) - `code/../crawls/pages.ebay.com/User-Agreement/raw/pics.ebaystatic.com/aw/pics/globalAssets/imgSignpostArrow.gif' saved [121/121]

--2011-12-01 14:39:54--  http://pics.ebaystatic.com/aw/pics/globalAssets/imgPanelURYellow.gif
Reusing existing connection to pics.ebaystatic.com:80.
HTTP request sent, awaiting response... 200 OK
Length: 113 [image/gif]
Saving to: `code/../crawls/pages.ebay.com/User-Agreement/raw/pics.ebaystatic.com/aw/pics/globalAssets/imgPanelURYellow.gif'

     0K                                                       100% 12.5M=0s

2011-12-01 14:39:54 (12.5 MB/s) - `code/../crawls/pages.ebay.com/User-Agreement/raw/pics.ebaystatic.com/aw/pics/globalAssets/imgPanelURYellow.gif' saved [113/113]

--2011-12-01 14:39:54--  http://pics.ebaystatic.com/aw/pics/globalAssets/imgPanelULYellow.gif
Reusing existing connection to pics.ebaystatic.com:80.
HTTP request sent, awaiting response... 200 OK
Length: 113 [image/gif]
Saving to: `code/../crawls/pages.ebay.com/User-Agreement/raw/pics.ebaystatic.com/aw/pics/globalAssets/imgPanelULYellow.gif'

     0K                                                       100% 12.6M=0s

2011-12-01 14:39:54 (12.6 MB/s) - `code/../crawls/pages.ebay.com/User-Agreement/raw/pics.ebaystatic.com/aw/pics/globalAssets/imgPanelULYellow.gif' saved [113/113]

--2011-12-01 14:39:54--  http://pics.ebaystatic.com/aw/pics/globalAssets/imgPanelBGYellowGrad1.gif
Reusing existing connection to pics.ebaystatic.com:80.
HTTP request sent, awaiting response... 200 OK
Length: 145 [image/gif]
Saving to: `code/../crawls/pages.ebay.com/User-Agreement/raw/pics.ebaystatic.com/aw/pics/globalAssets/imgPanelBGYellowGrad1.gif'

     0K                                                       100% 11.5M=0s

2011-12-01 14:39:54 (11.5 MB/s) - `code/../crawls/pages.ebay.com/User-Agreement/raw/pics.ebaystatic.com/aw/pics/globalAssets/imgPanelBGYellowGrad1.gif' saved [145/145]

--2011-12-01 14:39:54--  http://pics.ebaystatic.com/aw/pics/globalAssets/imgPageLevelToolBarBG40.gif
Reusing existing connection to pics.ebaystatic.com:80.
HTTP request sent, awaiting response... 200 OK
Length: 156 [image/gif]
Saving to: `code/../crawls/pages.ebay.com/User-Agreement/raw/pics.ebaystatic.com/aw/pics/globalAssets/imgPageLevelToolBarBG40.gif'

     0K                                                       100% 17.5M=0s

2011-12-01 14:39:54 (17.5 MB/s) - `code/../crawls/pages.ebay.com/User-Agreement/raw/pics.ebaystatic.com/aw/pics/globalAssets/imgPageLevelToolBarBG40.gif' saved [156/156]

--2011-12-01 14:39:54--  http://pics.ebaystatic.com/aw/pics/globalAssets/imgPanelLRYellow.gif
Reusing existing connection to pics.ebaystatic.com:80.
HTTP request sent, awaiting response... 200 OK
Length: 111 [image/gif]
Saving to: `code/../crawls/pages.ebay.com/User-Agreement/raw/pics.ebaystatic.com/aw/pics/globalAssets/imgPanelLRYellow.gif'

     0K                                                       100% 10.3M=0s

2011-12-01 14:39:54 (10.3 MB/s) - `code/../crawls/pages.ebay.com/User-Agreement/raw/pics.ebaystatic.com/aw/pics/globalAssets/imgPanelLRYellow.gif' saved [111/111]

--2011-12-01 14:39:54--  http://pics.ebaystatic.com/aw/pics/globalAssets/imgPanelLLYellow.gif
Reusing existing connection to pics.ebaystatic.com:80.
HTTP request sent, awaiting response... 200 OK
Length: 112 [image/gif]
Saving to: `code/../crawls/pages.ebay.com/User-Agreement/raw/pics.ebaystatic.com/aw/pics/globalAssets/imgPanelLLYellow.gif'

     0K                                                       100% 9.17M=0s

2011-12-01 14:39:54 (9.17 MB/s) - `code/../crawls/pages.ebay.com/User-Agreement/raw/pics.ebaystatic.com/aw/pics/globalAssets/imgPanelLLYellow.gif' saved [112/112]

--2011-12-01 14:39:54--  http://pics.ebaystatic.com/aw/pics/globalAssets/imgrndcnrgrey_spaced.gif
Reusing existing connection to pics.ebaystatic.com:80.
HTTP request sent, awaiting response... 200 OK
Length: 133 [image/gif]
Saving to: `code/../crawls/pages.ebay.com/User-Agreement/raw/pics.ebaystatic.com/aw/pics/globalAssets/imgrndcnrgrey_spaced.gif'

     0K                                                       100% 12.2M=0s

2011-12-01 14:39:54 (12.2 MB/s) - `code/../crawls/pages.ebay.com/User-Agreement/raw/pics.ebaystatic.com/aw/pics/globalAssets/imgrndcnrgrey_spaced.gif' saved [133/133]

--2011-12-01 14:39:54--  http://pics.ebaystatic.com/aw/pics/help/infohubs/images/imgYellowGrad_1x97.gif
Reusing existing connection to pics.ebaystatic.com:80.
HTTP request sent, awaiting response... 200 OK
Length: 313 [image/gif]
Saving to: `code/../crawls/pages.ebay.com/User-Agreement/raw/pics.ebaystatic.com/aw/pics/help/infohubs/images/imgYellowGrad_1x97.gif'

     0K                                                       100% 27.3M=0s

2011-12-01 14:39:54 (27.3 MB/s) - `code/../crawls/pages.ebay.com/User-Agreement/raw/pics.ebaystatic.com/aw/pics/help/infohubs/images/imgYellowGrad_1x97.gif' saved [313/313]

--2011-12-01 14:39:54--  http://pics.ebaystatic.com/aw/pics/help/infohubs/images/imgLeftNaviHeaderBg_1x23.gif
Reusing existing connection to pics.ebaystatic.com:80.
HTTP request sent, awaiting response... 200 OK
Length: 150 [image/gif]
Saving to: `code/../crawls/pages.ebay.com/User-Agreement/raw/pics.ebaystatic.com/aw/pics/help/infohubs/images/imgLeftNaviHeaderBg_1x23.gif'

     0K                                                       100% 13.4M=0s

2011-12-01 14:39:54 (13.4 MB/s) - `code/../crawls/pages.ebay.com/User-Agreement/raw/pics.ebaystatic.com/aw/pics/help/infohubs/images/imgLeftNaviHeaderBg_1x23.gif' saved [150/150]

--2011-12-01 14:39:54--  http://pics.ebaystatic.com/aw/pics/help/infohubs/images/imgLeftNavBgUPD_1x100.gif
Reusing existing connection to pics.ebaystatic.com:80.
HTTP request sent, awaiting response... 200 OK
Length: 156 [image/gif]
Saving to: `code/../crawls/pages.ebay.com/User-Agreement/raw/pics.ebaystatic.com/aw/pics/help/infohubs/images/imgLeftNavBgUPD_1x100.gif'

     0K                                                       100% 14.4M=0s

2011-12-01 14:39:54 (14.4 MB/s) - `code/../crawls/pages.ebay.com/User-Agreement/raw/pics.ebaystatic.com/aw/pics/help/infohubs/images/imgLeftNavBgUPD_1x100.gif' saved [156/156]

--2011-12-01 14:39:54--  http://pics.ebaystatic.com/aw/pics/globalAssets/imgrndcnryellow_spaced.gif
Reusing existing connection to pics.ebaystatic.com:80.
HTTP request sent, awaiting response... 200 OK
Length: 884 [image/gif]
Saving to: `code/../crawls/pages.ebay.com/User-Agreement/raw/pics.ebaystatic.com/aw/pics/globalAssets/imgrndcnryellow_spaced.gif'

     0K                                                       100% 80.3M=0s

2011-12-01 14:39:54 (80.3 MB/s) - `code/../crawls/pages.ebay.com/User-Agreement/raw/pics.ebaystatic.com/aw/pics/globalAssets/imgrndcnryellow_spaced.gif' saved [884/884]

--2011-12-01 14:39:54--  http://pics.ebaystatic.com/aw/pics/globalAssets/imgTransRndCrnAllColor_spaced.gif
Reusing existing connection to pics.ebaystatic.com:80.
HTTP request sent, awaiting response... 200 OK
Length: 1077 (1.1K) [image/gif]
Saving to: `code/../crawls/pages.ebay.com/User-Agreement/raw/pics.ebaystatic.com/aw/pics/globalAssets/imgTransRndCrnAllColor_spaced.gif'

     0K .                                                     100% 98.7M=0s

2011-12-01 14:39:54 (98.7 MB/s) - `code/../crawls/pages.ebay.com/User-Agreement/raw/pics.ebaystatic.com/aw/pics/globalAssets/imgTransRndCrnAllColor_spaced.gif' saved [1077/1077]

--2011-12-01 14:39:54--  http://pics.ebaystatic.com/aw/pics/globalAssets/imgYellowBG_1x30.gif
Reusing existing connection to pics.ebaystatic.com:80.
HTTP request sent, awaiting response... 200 OK
Length: 442 [image/gif]
Saving to: `code/../crawls/pages.ebay.com/User-Agreement/raw/pics.ebaystatic.com/aw/pics/globalAssets/imgYellowBG_1x30.gif'

     0K                                                       100% 40.9M=0s

2011-12-01 14:39:54 (40.9 MB/s) - `code/../crawls/pages.ebay.com/User-Agreement/raw/pics.ebaystatic.com/aw/pics/globalAssets/imgYellowBG_1x30.gif' saved [442/442]

--2011-12-01 14:39:54--  http://pics.ebaystatic.com/aw/pics/globalAssets/imgPanelULred.gif
Reusing existing connection to pics.ebaystatic.com:80.
HTTP request sent, awaiting response... 200 OK
Length: 82 [image/gif]
Saving to: `code/../crawls/pages.ebay.com/User-Agreement/raw/pics.ebaystatic.com/aw/pics/globalAssets/imgPanelULred.gif'

     0K                                                       100% 9.38M=0s

2011-12-01 14:39:54 (9.38 MB/s) - `code/../crawls/pages.ebay.com/User-Agreement/raw/pics.ebaystatic.com/aw/pics/globalAssets/imgPanelULred.gif' saved [82/82]

--2011-12-01 14:39:54--  http://pics.ebaystatic.com/aw/pics/globalAssets/imgPanelURred.gif
Reusing existing connection to pics.ebaystatic.com:80.
HTTP request sent, awaiting response... 200 OK
Length: 82 [image/gif]
Saving to: `code/../crawls/pages.ebay.com/User-Agreement/raw/pics.ebaystatic.com/aw/pics/globalAssets/imgPanelURred.gif'

     0K                                                       100% 6.47M=0s

2011-12-01 14:39:54 (6.47 MB/s) - `code/../crawls/pages.ebay.com/User-Agreement/raw/pics.ebaystatic.com/aw/pics/globalAssets/imgPanelURred.gif' saved [82/82]

--2011-12-01 14:39:54--  http://pics.ebaystatic.com/aw/pics/globalAssets/imgPanelLRred.gif
Reusing existing connection to pics.ebaystatic.com:80.
HTTP request sent, awaiting response... 200 OK
Length: 81 [image/gif]
Saving to: `code/../crawls/pages.ebay.com/User-Agreement/raw/pics.ebaystatic.com/aw/pics/globalAssets/imgPanelLRred.gif'

     0K                                                       100% 7.62M=0s

2011-12-01 14:39:54 (7.62 MB/s) - `code/../crawls/pages.ebay.com/User-Agreement/raw/pics.ebaystatic.com/aw/pics/globalAssets/imgPanelLRred.gif' saved [81/81]

--2011-12-01 14:39:54--  http://pics.ebaystatic.com/aw/pics/globalAssets/imgPanelLLred.gif
Reusing existing connection to pics.ebaystatic.com:80.
HTTP request sent, awaiting response... 200 OK
Length: 82 [image/gif]
Saving to: `code/../crawls/pages.ebay.com/User-Agreement/raw/pics.ebaystatic.com/aw/pics/globalAssets/imgPanelLLred.gif'

     0K                                                       100% 9.43M=0s

2011-12-01 14:39:54 (9.43 MB/s) - `code/../crawls/pages.ebay.com/User-Agreement/raw/pics.ebaystatic.com/aw/pics/globalAssets/imgPanelLLred.gif' saved [82/82]

--2011-12-01 14:39:54--  http://q.ebaystatic.com/aw/pics/cmp/ds2/sprArrows.png
Reusing existing connection to pics.ebaystatic.com:80.
HTTP request sent, awaiting response... 200 OK
Length: 2672 (2.6K) [image/png]
Saving to: `code/../crawls/pages.ebay.com/User-Agreement/raw/q.ebaystatic.com/aw/pics/cmp/ds2/sprArrows.png'

     0K ..                                                    100%  230M=0s

2011-12-01 14:39:54 (230 MB/s) - `code/../crawls/pages.ebay.com/User-Agreement/raw/q.ebaystatic.com/aw/pics/cmp/ds2/sprArrows.png' saved [2672/2672]

--2011-12-01 14:39:54--  http://q.ebaystatic.com/aw/pics/cmp/ds2/ui/sprBtnCore.png
Reusing existing connection to pics.ebaystatic.com:80.
HTTP request sent, awaiting response... 200 OK
Length: 7727 (7.5K) [image/png]
Saving to: `code/../crawls/pages.ebay.com/User-Agreement/raw/q.ebaystatic.com/aw/pics/cmp/ds2/ui/sprBtnCore.png'

     0K .......                                               100% 1.56M=0.005s

2011-12-01 14:39:54 (1.56 MB/s) - `code/../crawls/pages.ebay.com/User-Agreement/raw/q.ebaystatic.com/aw/pics/cmp/ds2/ui/sprBtnCore.png' saved [7727/7727]

FINISHED --2011-12-01 14:39:54--
Total wall clock time: 2.6s
Downloaded: 69 files, 561K in 0.4s (1.37 MB/s)
Converting code/../crawls/pages.ebay.com/User-Agreement/raw/pages.ebay.com/help/policies/user-agreement.html... 33-7
Converting code/../crawls/pages.ebay.com/User-Agreement/raw/ir.ebaystatic.com/v4css/z/2s/3zhykpa5ca0zthsnrhjg02hpi.css... 34-0
Converting code/../crawls/pages.ebay.com/User-Agreement/raw/include.ebaystatic.com/css/v/us/help/help-ds2.css... 3-0
Converting code/../crawls/pages.ebay.com/User-Agreement/raw/include.ebaystatic.com/css/v/us/help/help.css... 3-0
Converting code/../crawls/pages.ebay.com/User-Agreement/raw/include.ebaystatic.com/css/v/us/help/help-yukon.css... 26-0
Converting code/../crawls/pages.ebay.com/User-Agreement/raw/include.ebaystatic.com/css/v/us/help/help-pagetype.css... 31-0
Converted 6 files in 0.01 seconds.
