--2011-12-01 14:40:00--  http://www.flickr.com/guidelines.gne
Resolving www.flickr.com (www.flickr.com)... 98.139.126.21, 216.115.107.206, 216.115.107.207, ...
Connecting to www.flickr.com (www.flickr.com)|98.139.126.21|:80... connected.
HTTP request sent, awaiting response... 200 OK
Length: unspecified [text/html]
Saving to: `code/../crawls/flickr.com/Community-Guidelines/raw/www.flickr.com/guidelines.gne.html'

     0K .......... .......... .......... .......... ..........  129K
    50K .......... ....                                         191K=0.5s

2011-12-01 14:40:01 (139 KB/s) - `code/../crawls/flickr.com/Community-Guidelines/raw/www.flickr.com/guidelines.gne.html' saved [65769]

--2011-12-01 14:40:01--  http://l.yimg.com/g/images/logo_home.png
Resolving l.yimg.com (l.yimg.com)... 98.137.88.35, 98.137.88.36, 98.137.88.37, ...
Connecting to l.yimg.com (l.yimg.com)|98.137.88.35|:80... connected.
HTTP request sent, awaiting response... 200 OK
Length: 1242 (1.2K) [image/png]
Saving to: `code/../crawls/flickr.com/Community-Guidelines/raw/l.yimg.com/g/images/logo_home.png'

     0K .                                                     100%  127M=0s

2011-12-01 14:40:01 (127 MB/s) - `code/../crawls/flickr.com/Community-Guidelines/raw/l.yimg.com/g/images/logo_home.png' saved [1242/1242]

--2011-12-01 14:40:01--  http://l.yimg.com/g/combo/1/3.4.0?j/yui/3.4.0/yui/yui-.E.A.vWNh4&j/yui/3.4.0/.FN/.FN-.E.A.vWNh4
Reusing existing connection to l.yimg.com:80.
HTTP request sent, awaiting response... 200 OK
Length: 105890 (103K) [application/x-javascript]
Saving to: `code/../crawls/flickr.com/Community-Guidelines/raw/l.yimg.com/g/combo/1/3.4.0?j%2Fyui%2F3.4.0%2Fyui%2Fyui-.E.A.vWNh4&j%2Fyui%2F3.4.0%2F.FN%2F.FN-.E.A.vWNh4'

     0K .......... .......... .......... .......... .......... 48%  350K 0s
    50K .......... .......... .......... .......... .......... 96% 1.27M 0s
   100K ...                                                   100% 1.89M=0.2s

2011-12-01 14:40:01 (565 KB/s) - `code/../crawls/flickr.com/Community-Guidelines/raw/l.yimg.com/g/combo/1/3.4.0?j%2Fyui%2F3.4.0%2Fyui%2Fyui-.E.A.vWNh4&j%2Fyui%2F3.4.0%2F.FN%2F.FN-.E.A.vWNh4' saved [105890/105890]

--2011-12-01 14:40:01--  http://l.yimg.com/g/combo/1/3.4.0?c/c_.X_nav.BC.vXYer&c/c_.J_nav.BC.vYjx2&c/c_.J_.D.BC.vYEVM&c/c_.EM_.D.BC.vYhP2&c/c_community_guidelines_.D.BC.vT5Y8&
Reusing existing connection to l.yimg.com:80.
HTTP request sent, awaiting response... 200 OK
Length: 49877 (49K) [text/css]
Saving to: `code/../crawls/flickr.com/Community-Guidelines/raw/l.yimg.com/g/combo/1/3.4.0?c%2Fc_.X_nav.BC.vXYer&c%2Fc_.J_nav.BC.vYjx2&c%2Fc_.J_.D.BC.vYEVM&c%2Fc_.EM_.D.BC.vYhP2&c%2Fc_community_guidelines_.D.BC.vT5Y8&.css'

     0K .......... .......... .......... .......... ........  100% 1.46M=0.03s

2011-12-01 14:40:01 (1.46 MB/s) - `code/../crawls/flickr.com/Community-Guidelines/raw/l.yimg.com/g/combo/1/3.4.0?c%2Fc_.X_nav.BC.vXYer&c%2Fc_.J_nav.BC.vYjx2&c%2Fc_.J_.D.BC.vYEVM&c%2Fc_.EM_.D.BC.vYhP2&c%2Fc_community_guidelines_.D.BC.vT5Y8&.css' saved [49877/49877]

--2011-12-01 14:40:01--  http://l.yimg.com/g/favicon.ico
Reusing existing connection to l.yimg.com:80.
HTTP request sent, awaiting response... 200 OK
Length: 92854 (91K) [image/vnd.microsoft.icon]
Saving to: `code/../crawls/flickr.com/Community-Guidelines/raw/l.yimg.com/g/favicon.ico'

     0K .......... .......... .......... .......... .......... 55% 2.30M 0s
    50K .......... .......... .......... ..........           100% 1.64M=0.05s

2011-12-01 14:40:01 (1.95 MB/s) - `code/../crawls/flickr.com/Community-Guidelines/raw/l.yimg.com/g/favicon.ico' saved [92854/92854]

--2011-12-01 14:40:01--  http://geo.yahoo.com/f?s=792600122&t=65551be6b90c5c632abf7178f83915ae&fl_ev=0&lang=en&intl=us
Resolving geo.yahoo.com (geo.yahoo.com)... 98.136.43.76
Connecting to geo.yahoo.com (geo.yahoo.com)|98.136.43.76|:80... connected.
HTTP request sent, awaiting response... 200 OK
Length: 43 [image/gif]
Saving to: `code/../crawls/flickr.com/Community-Guidelines/raw/geo.yahoo.com/f?s=792600122&t=65551be6b90c5c632abf7178f83915ae&fl_ev=0&lang=en&intl=us'

     0K                                                       100% 3.87M=0s

2011-12-01 14:40:01 (3.87 MB/s) - `code/../crawls/flickr.com/Community-Guidelines/raw/geo.yahoo.com/f?s=792600122&t=65551be6b90c5c632abf7178f83915ae&fl_ev=0&lang=en&intl=us' saved [43/43]

--2011-12-01 14:40:01--  http://l.yimg.com/g/images/en-us/flickr-yahoo-logo.png.v4
Reusing existing connection to l.yimg.com:80.
HTTP request sent, awaiting response... 200 OK
Length: 1558 (1.5K) [image/png]
Saving to: `code/../crawls/flickr.com/Community-Guidelines/raw/l.yimg.com/g/images/en-us/flickr-yahoo-logo.png.v4'

     0K .                                                     100%  299K=0.005s

2011-12-01 14:40:01 (299 KB/s) - `code/../crawls/flickr.com/Community-Guidelines/raw/l.yimg.com/g/images/en-us/flickr-yahoo-logo.png.v4' saved [1558/1558]

--2011-12-01 14:40:01--  http://l.yimg.com/g/images/spaceout.gif
Reusing existing connection to l.yimg.com:80.
HTTP request sent, awaiting response... 200 OK
Length: 43 [image/gif]
Saving to: `code/../crawls/flickr.com/Community-Guidelines/raw/l.yimg.com/g/images/spaceout.gif'

     0K                                                       100% 1.60M=0s

2011-12-01 14:40:01 (1.60 MB/s) - `code/../crawls/flickr.com/Community-Guidelines/raw/l.yimg.com/g/images/spaceout.gif' saved [43/43]

--2011-12-01 14:40:01--  http://l.yimg.com/ghttp://l.yimg.com/g/images/icon_comment.gif
Reusing existing connection to l.yimg.com:80.
HTTP request sent, awaiting response... 404 Not Found
2011-12-01 14:40:01 ERROR 404: Not Found.

--2011-12-01 14:40:01--  http://l.yimg.com/g/images/flickr-sprite.png.v4
Connecting to l.yimg.com (l.yimg.com)|98.137.88.35|:80... connected.
HTTP request sent, awaiting response... 200 OK
Length: 21830 (21K) [image/png]
Saving to: `code/../crawls/flickr.com/Community-Guidelines/raw/l.yimg.com/g/images/flickr-sprite.png.v4'

     0K .......... .......... .                               100%  321K=0.07s

2011-12-01 14:40:02 (321 KB/s) - `code/../crawls/flickr.com/Community-Guidelines/raw/l.yimg.com/g/images/flickr-sprite.png.v4' saved [21830/21830]

--2011-12-01 14:40:02--  http://l.yimg.com/g/images/progress/balls-24x12-grey.gif
Reusing existing connection to l.yimg.com:80.
HTTP request sent, awaiting response... 200 OK
Length: 2129 (2.1K) [image/gif]
Saving to: `code/../crawls/flickr.com/Community-Guidelines/raw/l.yimg.com/g/images/progress/balls-24x12-grey.gif'

     0K ..                                                    100%  167M=0s

2011-12-01 14:40:02 (167 MB/s) - `code/../crawls/flickr.com/Community-Guidelines/raw/l.yimg.com/g/images/progress/balls-24x12-grey.gif' saved [2129/2129]

--2011-12-01 14:40:02--  http://l.yimg.com/g/images/icon_check_small.png
Reusing existing connection to l.yimg.com:80.
HTTP request sent, awaiting response... 200 OK
Length: 942 [image/png]
Saving to: `code/../crawls/flickr.com/Community-Guidelines/raw/l.yimg.com/g/images/icon_check_small.png'

     0K                                                       100% 7.20M=0s

2011-12-01 14:40:02 (7.20 MB/s) - `code/../crawls/flickr.com/Community-Guidelines/raw/l.yimg.com/g/images/icon_check_small.png' saved [942/942]

--2011-12-01 14:40:02--  http://l.yimg.com/g/images/icon_alert.png
Reusing existing connection to l.yimg.com:80.
HTTP request sent, awaiting response... 200 OK
Length: 324 [image/png]
Saving to: `code/../crawls/flickr.com/Community-Guidelines/raw/l.yimg.com/g/images/icon_alert.png'

     0K                                                       100% 7.75M=0s

2011-12-01 14:40:02 (7.75 MB/s) - `code/../crawls/flickr.com/Community-Guidelines/raw/l.yimg.com/g/images/icon_alert.png' saved [324/324]

--2011-12-01 14:40:02--  http://l.yimg.com/g/images/icon_check.png
Reusing existing connection to l.yimg.com:80.
HTTP request sent, awaiting response... 200 OK
Length: 304 [image/png]
Saving to: `code/../crawls/flickr.com/Community-Guidelines/raw/l.yimg.com/g/images/icon_check.png'

     0K                                                       100% 11.1M=0s

2011-12-01 14:40:02 (11.1 MB/s) - `code/../crawls/flickr.com/Community-Guidelines/raw/l.yimg.com/g/images/icon_check.png' saved [304/304]

--2011-12-01 14:40:02--  http://l.yimg.com/g/images/icon_alert_big.png
Reusing existing connection to l.yimg.com:80.
HTTP request sent, awaiting response... 200 OK
Length: 246 [image/png]
Saving to: `code/../crawls/flickr.com/Community-Guidelines/raw/l.yimg.com/g/images/icon_alert_big.png'

     0K                                                       100% 9.11M=0s

2011-12-01 14:40:02 (9.11 MB/s) - `code/../crawls/flickr.com/Community-Guidelines/raw/l.yimg.com/g/images/icon_alert_big.png' saved [246/246]

--2011-12-01 14:40:02--  http://l.yimg.com/g/images/pulser2.gif
Reusing existing connection to l.yimg.com:80.
HTTP request sent, awaiting response... 200 OK
Length: 1600 (1.6K) [image/gif]
Saving to: `code/../crawls/flickr.com/Community-Guidelines/raw/l.yimg.com/g/images/pulser2.gif'

     0K .                                                     100% 1.04M=0.001s

2011-12-01 14:40:02 (1.04 MB/s) - `code/../crawls/flickr.com/Community-Guidelines/raw/l.yimg.com/g/images/pulser2.gif' saved [1600/1600]

--2011-12-01 14:40:02--  http://l.yimg.com/g/images/sharing_sprite.png
Reusing existing connection to l.yimg.com:80.
HTTP request sent, awaiting response... 200 OK
Length: 1265 (1.2K) [image/png]
Saving to: `code/../crawls/flickr.com/Community-Guidelines/raw/l.yimg.com/g/images/sharing_sprite.png'

     0K .                                                     100%  144M=0s

2011-12-01 14:40:02 (144 MB/s) - `code/../crawls/flickr.com/Community-Guidelines/raw/l.yimg.com/g/images/sharing_sprite.png' saved [1265/1265]

--2011-12-01 14:40:02--  http://l.yimg.com/g/images/delete_x_small_sprite.gif
Reusing existing connection to l.yimg.com:80.
HTTP request sent, awaiting response... 200 OK
Length: 177 [image/gif]
Saving to: `code/../crawls/flickr.com/Community-Guidelines/raw/l.yimg.com/g/images/delete_x_small_sprite.gif'

     0K                                                       100% 7.08M=0s

2011-12-01 14:40:02 (7.08 MB/s) - `code/../crawls/flickr.com/Community-Guidelines/raw/l.yimg.com/g/images/delete_x_small_sprite.gif' saved [177/177]

--2011-12-01 14:40:02--  http://l.yimg.com/g/images/close_x_sprite.png
Reusing existing connection to l.yimg.com:80.
HTTP request sent, awaiting response... 200 OK
Length: 210 [image/png]
Saving to: `code/../crawls/flickr.com/Community-Guidelines/raw/l.yimg.com/g/images/close_x_sprite.png'

     0K                                                       100% 19.5M=0s

2011-12-01 14:40:02 (19.5 MB/s) - `code/../crawls/flickr.com/Community-Guidelines/raw/l.yimg.com/g/images/close_x_sprite.png' saved [210/210]

--2011-12-01 14:40:02--  http://l.yimg.com/g/images/dotted.gif
Reusing existing connection to l.yimg.com:80.
HTTP request sent, awaiting response... 200 OK
Length: 808 [image/gif]
Saving to: `code/../crawls/flickr.com/Community-Guidelines/raw/l.yimg.com/g/images/dotted.gif'

     0K                                                       100% 5.83M=0s

2011-12-01 14:40:02 (5.83 MB/s) - `code/../crawls/flickr.com/Community-Guidelines/raw/l.yimg.com/g/images/dotted.gif' saved [808/808]

--2011-12-01 14:40:02--  http://l.yimg.com/g/images/bb_header_bg.png
Reusing existing connection to l.yimg.com:80.
HTTP request sent, awaiting response... 200 OK
Length: 186 [image/png]
Saving to: `code/../crawls/flickr.com/Community-Guidelines/raw/l.yimg.com/g/images/bb_header_bg.png'

     0K                                                       100% 21.0M=0s

2011-12-01 14:40:02 (21.0 MB/s) - `code/../crawls/flickr.com/Community-Guidelines/raw/l.yimg.com/g/images/bb_header_bg.png' saved [186/186]

--2011-12-01 14:40:02--  http://l.yimg.com/g/images/browser-upgradge-msg-bkgd.png
Reusing existing connection to l.yimg.com:80.
HTTP request sent, awaiting response... 200 OK
Length: 35476 (35K) [image/png]
Saving to: `code/../crawls/flickr.com/Community-Guidelines/raw/l.yimg.com/g/images/browser-upgradge-msg-bkgd.png'

     0K .......... .......... .......... ....                 100% 1.19M=0.03s

2011-12-01 14:40:02 (1.19 MB/s) - `code/../crawls/flickr.com/Community-Guidelines/raw/l.yimg.com/g/images/browser-upgradge-msg-bkgd.png' saved [35476/35476]

--2011-12-01 14:40:02--  http://l.yimg.com/g/images/browser-chrome.gif
Reusing existing connection to l.yimg.com:80.
HTTP request sent, awaiting response... 200 OK
Length: 4409 (4.3K) [image/gif]
Saving to: `code/../crawls/flickr.com/Community-Guidelines/raw/l.yimg.com/g/images/browser-chrome.gif'

     0K ....                                                  100% 1.05M=0.004s

2011-12-01 14:40:02 (1.05 MB/s) - `code/../crawls/flickr.com/Community-Guidelines/raw/l.yimg.com/g/images/browser-chrome.gif' saved [4409/4409]

--2011-12-01 14:40:02--  http://l.yimg.com/g/images/browser-safari.gif
Reusing existing connection to l.yimg.com:80.
HTTP request sent, awaiting response... 200 OK
Length: 5527 (5.4K) [image/gif]
Saving to: `code/../crawls/flickr.com/Community-Guidelines/raw/l.yimg.com/g/images/browser-safari.gif'

     0K .....                                                 100% 3.39M=0.002s

2011-12-01 14:40:02 (3.39 MB/s) - `code/../crawls/flickr.com/Community-Guidelines/raw/l.yimg.com/g/images/browser-safari.gif' saved [5527/5527]

--2011-12-01 14:40:02--  http://l.yimg.com/g/images/browser-firefox_4-9.gif
Reusing existing connection to l.yimg.com:80.
HTTP request sent, awaiting response... 200 OK
Length: 4851 (4.7K) [image/gif]
Saving to: `code/../crawls/flickr.com/Community-Guidelines/raw/l.yimg.com/g/images/browser-firefox_4-9.gif'

     0K ....                                                  100% 1.42M=0.003s

2011-12-01 14:40:02 (1.42 MB/s) - `code/../crawls/flickr.com/Community-Guidelines/raw/l.yimg.com/g/images/browser-firefox_4-9.gif' saved [4851/4851]

--2011-12-01 14:40:02--  http://l.yimg.com/g/images/browser-ie.gif
Reusing existing connection to l.yimg.com:80.
HTTP request sent, awaiting response... 200 OK
Length: 5113 (5.0K) [image/gif]
Saving to: `code/../crawls/flickr.com/Community-Guidelines/raw/l.yimg.com/g/images/browser-ie.gif'

     0K ....                                                  100% 2.09M=0.002s

2011-12-01 14:40:02 (2.09 MB/s) - `code/../crawls/flickr.com/Community-Guidelines/raw/l.yimg.com/g/images/browser-ie.gif' saved [5113/5113]

--2011-12-01 14:40:02--  http://l.yimg.com/g/images/button-cta-small.png
Reusing existing connection to l.yimg.com:80.
HTTP request sent, awaiting response... 200 OK
Length: 2065 (2.0K) [image/png]
Saving to: `code/../crawls/flickr.com/Community-Guidelines/raw/l.yimg.com/g/images/button-cta-small.png'

     0K ..                                                    100% 76.0M=0s

2011-12-01 14:40:02 (76.0 MB/s) - `code/../crawls/flickr.com/Community-Guidelines/raw/l.yimg.com/g/images/button-cta-small.png' saved [2065/2065]

--2011-12-01 14:40:02--  http://l.yimg.com/g/images/button-cta-small-f4f4f4.png
Reusing existing connection to l.yimg.com:80.
HTTP request sent, awaiting response... 200 OK
Length: 2088 (2.0K) [image/png]
Saving to: `code/../crawls/flickr.com/Community-Guidelines/raw/l.yimg.com/g/images/button-cta-small-f4f4f4.png'

     0K ..                                                    100% 2.71M=0.001s

2011-12-01 14:40:02 (2.71 MB/s) - `code/../crawls/flickr.com/Community-Guidelines/raw/l.yimg.com/g/images/button-cta-small-f4f4f4.png' saved [2088/2088]

--2011-12-01 14:40:02--  http://l.yimg.com/g/images/set_case.gif
Reusing existing connection to l.yimg.com:80.
HTTP request sent, awaiting response... 200 OK
Length: 502 [image/gif]
Saving to: `code/../crawls/flickr.com/Community-Guidelines/raw/l.yimg.com/g/images/set_case.gif'

     0K                                                       100% 15.1M=0s

2011-12-01 14:40:02 (15.1 MB/s) - `code/../crawls/flickr.com/Community-Guidelines/raw/l.yimg.com/g/images/set_case.gif' saved [502/502]

--2011-12-01 14:40:02--  http://l.yimg.com/g/images/gallery_case.gif
Reusing existing connection to l.yimg.com:80.
HTTP request sent, awaiting response... 200 OK
Length: 1178 (1.2K) [image/gif]
Saving to: `code/../crawls/flickr.com/Community-Guidelines/raw/l.yimg.com/g/images/gallery_case.gif'

     0K .                                                     100% 3.26M=0s

2011-12-01 14:40:02 (3.26 MB/s) - `code/../crawls/flickr.com/Community-Guidelines/raw/l.yimg.com/g/images/gallery_case.gif' saved [1178/1178]

--2011-12-01 14:40:02--  http://l.yimg.com/g/images/badge_preview_bg.gif
Reusing existing connection to l.yimg.com:80.
HTTP request sent, awaiting response... 200 OK
Length: 170 [image/gif]
Saving to: `code/../crawls/flickr.com/Community-Guidelines/raw/l.yimg.com/g/images/badge_preview_bg.gif'

     0K                                                       100% 6.39M=0s

2011-12-01 14:40:02 (6.39 MB/s) - `code/../crawls/flickr.com/Community-Guidelines/raw/l.yimg.com/g/images/badge_preview_bg.gif' saved [170/170]

--2011-12-01 14:40:02--  http://l.yimg.com/g/images/progress/balls-24x12-white.gif
Reusing existing connection to l.yimg.com:80.
HTTP request sent, awaiting response... 200 OK
Length: 2129 (2.1K) [image/gif]
Saving to: `code/../crawls/flickr.com/Community-Guidelines/raw/l.yimg.com/g/images/progress/balls-24x12-white.gif'

     0K ..                                                    100% 5.23M=0s

2011-12-01 14:40:02 (5.23 MB/s) - `code/../crawls/flickr.com/Community-Guidelines/raw/l.yimg.com/g/images/progress/balls-24x12-white.gif' saved [2129/2129]

--2011-12-01 14:40:02--  http://l.yimg.com/g/images/share-this-icons-sprite.png.v3
Reusing existing connection to l.yimg.com:80.
HTTP request sent, awaiting response... 200 OK
Length: 28923 (28K) [image/png]
Saving to: `code/../crawls/flickr.com/Community-Guidelines/raw/l.yimg.com/g/images/share-this-icons-sprite.png.v3'

     0K .......... .......... ........                        100% 1.95M=0.01s

2011-12-01 14:40:02 (1.95 MB/s) - `code/../crawls/flickr.com/Community-Guidelines/raw/l.yimg.com/g/images/share-this-icons-sprite.png.v3' saved [28923/28923]

FINISHED --2011-12-01 14:40:02--
Total wall clock time: 1.8s
Downloaded: 32 files, 429K in 0.9s (504 KB/s)
Converting code/../crawls/flickr.com/Community-Guidelines/raw/www.flickr.com/guidelines.gne.html... 11-56
Converting code/../crawls/flickr.com/Community-Guidelines/raw/l.yimg.com/g/combo/1/3.4.0?c%2Fc_.X_nav.BC.vXYer&c%2Fc_.J_nav.BC.vYjx2&c%2Fc_.J_.D.BC.vYEVM&c%2Fc_.EM_.D.BC.vYhP2&c%2Fc_community_guidelines_.D.BC.vT5Y8&.css... 46-0
Converted 2 files in 0.007 seconds.
