--2011-12-01 14:38:27--  http://www.apple.com/privacy/
Resolving www.apple.com (www.apple.com)... 96.6.221.15
Connecting to www.apple.com (www.apple.com)|96.6.221.15|:80... connected.
HTTP request sent, awaiting response... 200 OK
Length: 23413 (23K) [text/html]
Saving to: `code/../crawls/www.apple.com/Customer-Privacy-Policy/raw/www.apple.com/privacy/index.html'

     0K .......... .......... ..                              100%  774K=0.03s

2011-12-01 14:38:28 (774 KB/s) - `code/../crawls/www.apple.com/Customer-Privacy-Policy/raw/www.apple.com/privacy/index.html' saved [23413/23413]

--2011-12-01 14:38:28--  http://images.apple.com/global/nav/styles/navigation.css
Resolving images.apple.com (images.apple.com)... 216.156.213.178, 216.156.213.184
Connecting to images.apple.com (images.apple.com)|216.156.213.178|:80... connected.
HTTP request sent, awaiting response... 200 OK
Length: 10544 (10K) [text/css]
Saving to: `code/../crawls/www.apple.com/Customer-Privacy-Policy/raw/images.apple.com/global/nav/styles/navigation.css'

     0K ..........                                            100%  655K=0.02s

2011-12-01 14:38:28 (655 KB/s) - `code/../crawls/www.apple.com/Customer-Privacy-Policy/raw/images.apple.com/global/nav/styles/navigation.css' saved [10544/10544]

--2011-12-01 14:38:28--  http://images.apple.com/global/scripts/lib/prototype.js
Reusing existing connection to images.apple.com:80.
HTTP request sent, awaiting response... 200 OK
Length: unspecified [application/x-javascript]
Saving to: `code/../crawls/www.apple.com/Customer-Privacy-Policy/raw/images.apple.com/global/scripts/lib/prototype.js'

     0K .......... .......... .......... .......... ..........  493K
    50K .......... .......... .......... .......... ..........  983K
   100K .......... .......... .......... .......... .......... 1.75M
   150K .........                                              2.66M=0.2s

2011-12-01 14:38:28 (868 KB/s) - `code/../crawls/www.apple.com/Customer-Privacy-Policy/raw/images.apple.com/global/scripts/lib/prototype.js' saved [163313]

--2011-12-01 14:38:28--  http://images.apple.com/global/scripts/lib/scriptaculous.js
Reusing existing connection to images.apple.com:80.
HTTP request sent, awaiting response... 200 OK
Length: unspecified [application/x-javascript]
Saving to: `code/../crawls/www.apple.com/Customer-Privacy-Policy/raw/images.apple.com/global/scripts/lib/scriptaculous.js'

     0K .......... .......... .......... .......... ..........  867K
    50K .......... .......... .......... .......... .......... 1.44M
   100K .......... .....                                        482K=0.1s

2011-12-01 14:38:28 (931 KB/s) - `code/../crawls/www.apple.com/Customer-Privacy-Policy/raw/images.apple.com/global/scripts/lib/scriptaculous.js' saved [118598]

--2011-12-01 14:38:28--  http://images.apple.com/global/scripts/browserdetect.js
Reusing existing connection to images.apple.com:80.
HTTP request sent, awaiting response... 200 OK
Length: 9725 (9.5K) [application/x-javascript]
Saving to: `code/../crawls/www.apple.com/Customer-Privacy-Policy/raw/images.apple.com/global/scripts/browserdetect.js'

     0K .........                                             100% 3.15M=0.003s

2011-12-01 14:38:28 (3.15 MB/s) - `code/../crawls/www.apple.com/Customer-Privacy-Policy/raw/images.apple.com/global/scripts/browserdetect.js' saved [9725/9725]

--2011-12-01 14:38:28--  http://images.apple.com/global/scripts/apple_core.js
Reusing existing connection to images.apple.com:80.
HTTP request sent, awaiting response... 200 OK
Length: 23221 (23K) [application/x-javascript]
Saving to: `code/../crawls/www.apple.com/Customer-Privacy-Policy/raw/images.apple.com/global/scripts/apple_core.js'

     0K .......... .......... ..                              100% 1.69M=0.01s

2011-12-01 14:38:28 (1.69 MB/s) - `code/../crawls/www.apple.com/Customer-Privacy-Policy/raw/images.apple.com/global/scripts/apple_core.js' saved [23221/23221]

--2011-12-01 14:38:28--  http://images.apple.com/global/scripts/search_decorator.js
Reusing existing connection to images.apple.com:80.
HTTP request sent, awaiting response... 200 OK
Length: 560 [application/x-javascript]
Saving to: `code/../crawls/www.apple.com/Customer-Privacy-Policy/raw/images.apple.com/global/scripts/search_decorator.js'

     0K                                                       100% 52.4M=0s

2011-12-01 14:38:28 (52.4 MB/s) - `code/../crawls/www.apple.com/Customer-Privacy-Policy/raw/images.apple.com/global/scripts/search_decorator.js' saved [560/560]

--2011-12-01 14:38:28--  http://images.apple.com/global/styles/base.css
Reusing existing connection to images.apple.com:80.
HTTP request sent, awaiting response... 200 OK
Length: unspecified [text/css]
Saving to: `code/../crawls/www.apple.com/Customer-Privacy-Policy/raw/images.apple.com/global/styles/base.css'

     0K .......... .......... .......... ..                    2.10M=0.02s

2011-12-01 14:38:28 (2.10 MB/s) - `code/../crawls/www.apple.com/Customer-Privacy-Policy/raw/images.apple.com/global/styles/base.css' saved [33081]

--2011-12-01 14:38:28--  http://images.apple.com/privacy/styles/privacy.css
Reusing existing connection to images.apple.com:80.
HTTP request sent, awaiting response... 200 OK
Length: 8028 (7.8K) [text/css]
Saving to: `code/../crawls/www.apple.com/Customer-Privacy-Policy/raw/images.apple.com/privacy/styles/privacy.css'

     0K .......                                               100% 3.26M=0.002s

2011-12-01 14:38:28 (3.26 MB/s) - `code/../crawls/www.apple.com/Customer-Privacy-Policy/raw/images.apple.com/privacy/styles/privacy.css' saved [8028/8028]

--2011-12-01 14:38:28--  http://images.apple.com/global/nav/scripts/globalnav.js
Reusing existing connection to images.apple.com:80.
HTTP request sent, awaiting response... 200 OK
Length: 28271 (28K) [application/x-javascript]
Saving to: `code/../crawls/www.apple.com/Customer-Privacy-Policy/raw/images.apple.com/global/nav/scripts/globalnav.js'

     0K .......... .......... .......                         100% 1.18M=0.02s

2011-12-01 14:38:28 (1.18 MB/s) - `code/../crawls/www.apple.com/Customer-Privacy-Policy/raw/images.apple.com/global/nav/scripts/globalnav.js' saved [28271/28271]

--2011-12-01 14:38:28--  http://images.apple.com/metrics/scripts/s_code_h.js
Reusing existing connection to images.apple.com:80.
HTTP request sent, awaiting response... 200 OK
Length: unspecified [application/x-javascript]
Saving to: `code/../crawls/www.apple.com/Customer-Privacy-Policy/raw/images.apple.com/metrics/scripts/s_code_h.js'

     0K .......... .......... .......... .......... ..........  908K
    50K .........                                              2.34M=0.06s

2011-12-01 14:38:28 (1011 KB/s) - `code/../crawls/www.apple.com/Customer-Privacy-Policy/raw/images.apple.com/metrics/scripts/s_code_h.js' saved [61171]

--2011-12-01 14:38:28--  http://images.apple.com/privacy/images/title_policy_20110323.png
Reusing existing connection to images.apple.com:80.
HTTP request sent, awaiting response... 200 OK
Length: 1716 (1.7K) [image/png]
Saving to: `code/../crawls/www.apple.com/Customer-Privacy-Policy/raw/images.apple.com/privacy/images/title_policy_20110323.png'

     0K .                                                     100% 70.9M=0s

2011-12-01 14:38:28 (70.9 MB/s) - `code/../crawls/www.apple.com/Customer-Privacy-Policy/raw/images.apple.com/privacy/images/title_policy_20110323.png' saved [1716/1716]

--2011-12-01 14:38:28--  http://images.apple.com/privacy/images/click_seal_20110323.png
Reusing existing connection to images.apple.com:80.
HTTP request sent, awaiting response... 200 OK
Length: 3808 (3.7K) [image/png]
Saving to: `code/../crawls/www.apple.com/Customer-Privacy-Policy/raw/images.apple.com/privacy/images/click_seal_20110323.png'

     0K ...                                                   100%  875K=0.004s

2011-12-01 14:38:28 (875 KB/s) - `code/../crawls/www.apple.com/Customer-Privacy-Policy/raw/images.apple.com/privacy/images/click_seal_20110323.png' saved [3808/3808]

--2011-12-01 14:38:28--  http://images.apple.com/global/elements/flags/22x22/usa.png
Reusing existing connection to images.apple.com:80.
HTTP request sent, awaiting response... 200 OK
Length: 1434 (1.4K) [image/png]
Saving to: `code/../crawls/www.apple.com/Customer-Privacy-Policy/raw/images.apple.com/global/elements/flags/22x22/usa.png'

     0K .                                                     100% 49.2M=0s

2011-12-01 14:38:28 (49.2 MB/s) - `code/../crawls/www.apple.com/Customer-Privacy-Policy/raw/images.apple.com/global/elements/flags/22x22/usa.png' saved [1434/1434]

--2011-12-01 14:38:28--  http://images.apple.com/global/nav/images/globalheader.png
Reusing existing connection to images.apple.com:80.
HTTP request sent, awaiting response... 200 OK
Length: 206 [image/png]
Saving to: `code/../crawls/www.apple.com/Customer-Privacy-Policy/raw/images.apple.com/global/nav/images/globalheader.png'

     0K                                                       100% 18.6M=0s

2011-12-01 14:38:28 (18.6 MB/s) - `code/../crawls/www.apple.com/Customer-Privacy-Policy/raw/images.apple.com/global/nav/images/globalheader.png' saved [206/206]

--2011-12-01 14:38:28--  http://images.apple.com/global/nav/images/globalnav.png
Reusing existing connection to images.apple.com:80.
HTTP request sent, awaiting response... 200 OK
Length: 3043 (3.0K) [image/png]
Saving to: `code/../crawls/www.apple.com/Customer-Privacy-Policy/raw/images.apple.com/global/nav/images/globalnav.png'

     0K ..                                                    100% 20.1M=0s

2011-12-01 14:38:28 (20.1 MB/s) - `code/../crawls/www.apple.com/Customer-Privacy-Policy/raw/images.apple.com/global/nav/images/globalnav.png' saved [3043/3043]

--2011-12-01 14:38:28--  http://images.apple.com/global/nav/images/globalnav_tabs6-nosearch.png
Reusing existing connection to images.apple.com:80.
HTTP request sent, awaiting response... 200 OK
Length: 4610 (4.5K) [image/png]
Saving to: `code/../crawls/www.apple.com/Customer-Privacy-Policy/raw/images.apple.com/global/nav/images/globalnav_tabs6-nosearch.png'

     0K ....                                                  100% 8.28M=0.001s

2011-12-01 14:38:28 (8.28 MB/s) - `code/../crawls/www.apple.com/Customer-Privacy-Policy/raw/images.apple.com/global/nav/images/globalnav_tabs6-nosearch.png' saved [4610/4610]

--2011-12-01 14:38:28--  http://images.apple.com/global/nav/images/globalnav_tabs7-nosearch.png
Reusing existing connection to images.apple.com:80.
HTTP request sent, awaiting response... 200 OK
Length: 4153 (4.1K) [image/png]
Saving to: `code/../crawls/www.apple.com/Customer-Privacy-Policy/raw/images.apple.com/global/nav/images/globalnav_tabs7-nosearch.png'

     0K ....                                                  100% 1.38M=0.003s

2011-12-01 14:38:28 (1.38 MB/s) - `code/../crawls/www.apple.com/Customer-Privacy-Policy/raw/images.apple.com/global/nav/images/globalnav_tabs7-nosearch.png' saved [4153/4153]

--2011-12-01 14:38:28--  http://images.apple.com/global/nav/images/globalnav_nosearch.png
Reusing existing connection to images.apple.com:80.
HTTP request sent, awaiting response... 200 OK
Length: 4121 (4.0K) [image/png]
Saving to: `code/../crawls/www.apple.com/Customer-Privacy-Policy/raw/images.apple.com/global/nav/images/globalnav_nosearch.png'

     0K ....                                                  100% 96.1M=0s

2011-12-01 14:38:29 (96.1 MB/s) - `code/../crawls/www.apple.com/Customer-Privacy-Policy/raw/images.apple.com/global/nav/images/globalnav_nosearch.png' saved [4121/4121]

--2011-12-01 14:38:29--  http://images.apple.com/global/nav/images/globalnav_tabs7.png
Reusing existing connection to images.apple.com:80.
HTTP request sent, awaiting response... 200 OK
Length: 3190 (3.1K) [image/png]
Saving to: `code/../crawls/www.apple.com/Customer-Privacy-Policy/raw/images.apple.com/global/nav/images/globalnav_tabs7.png'

     0K ...                                                   100% 24.2M=0s

2011-12-01 14:38:29 (24.2 MB/s) - `code/../crawls/www.apple.com/Customer-Privacy-Policy/raw/images.apple.com/global/nav/images/globalnav_tabs7.png' saved [3190/3190]

--2011-12-01 14:38:29--  http://images.apple.com/global/nav/images/globalnav_text.png
Reusing existing connection to images.apple.com:80.
HTTP request sent, awaiting response... 200 OK
Length: 7455 (7.3K) [image/png]
Saving to: `code/../crawls/www.apple.com/Customer-Privacy-Policy/raw/images.apple.com/global/nav/images/globalnav_text.png'

     0K .......                                               100% 4.22M=0.002s

2011-12-01 14:38:29 (4.22 MB/s) - `code/../crawls/www.apple.com/Customer-Privacy-Policy/raw/images.apple.com/global/nav/images/globalnav_text.png' saved [7455/7455]

--2011-12-01 14:38:29--  http://images.apple.com/global/nav/images/globalnav_text.gif
Reusing existing connection to images.apple.com:80.
HTTP request sent, awaiting response... 200 OK
Length: 2643 (2.6K) [image/gif]
Saving to: `code/../crawls/www.apple.com/Customer-Privacy-Policy/raw/images.apple.com/global/nav/images/globalnav_text.gif'

     0K ..                                                    100% 10.4M=0s

2011-12-01 14:38:29 (10.4 MB/s) - `code/../crawls/www.apple.com/Customer-Privacy-Policy/raw/images.apple.com/global/nav/images/globalnav_text.gif' saved [2643/2643]

--2011-12-01 14:38:29--  http://images.apple.com/global/nav/images/globalnav_text.svg
Reusing existing connection to images.apple.com:80.
HTTP request sent, awaiting response... 200 OK
Length: 54875 (54K) [image/svg+xml]
Saving to: `code/../crawls/www.apple.com/Customer-Privacy-Policy/raw/images.apple.com/global/nav/images/globalnav_text.svg'

     0K .......... .......... .......... .......... .......... 93% 2.59M 0s
    50K ...                                                   100% 5.61M=0.02s

2011-12-01 14:38:29 (2.69 MB/s) - `code/../crawls/www.apple.com/Customer-Privacy-Policy/raw/images.apple.com/global/nav/images/globalnav_text.svg' saved [54875/54875]

--2011-12-01 14:38:29--  http://images.apple.com/global/nav/images/globalsearch_bg.png
Reusing existing connection to images.apple.com:80.
HTTP request sent, awaiting response... 200 OK
Length: 793 [image/png]
Saving to: `code/../crawls/www.apple.com/Customer-Privacy-Policy/raw/images.apple.com/global/nav/images/globalsearch_bg.png'

     0K                                                       100% 55.9M=0s

2011-12-01 14:38:29 (55.9 MB/s) - `code/../crawls/www.apple.com/Customer-Privacy-Policy/raw/images.apple.com/global/nav/images/globalsearch_bg.png' saved [793/793]

--2011-12-01 14:38:29--  http://images.apple.com/global/nav/images/globalsearch_field.png
Reusing existing connection to images.apple.com:80.
HTTP request sent, awaiting response... 200 OK
Length: 1224 (1.2K) [image/png]
Saving to: `code/../crawls/www.apple.com/Customer-Privacy-Policy/raw/images.apple.com/global/nav/images/globalsearch_field.png'

     0K .                                                     100% 43.0M=0s

2011-12-01 14:38:29 (43.0 MB/s) - `code/../crawls/www.apple.com/Customer-Privacy-Policy/raw/images.apple.com/global/nav/images/globalsearch_field.png' saved [1224/1224]

--2011-12-01 14:38:29--  http://images.apple.com/global/nav/images/globalsearch_reset.gif
Reusing existing connection to images.apple.com:80.
HTTP request sent, awaiting response... 200 OK
Length: 195 [image/gif]
Saving to: `code/../crawls/www.apple.com/Customer-Privacy-Policy/raw/images.apple.com/global/nav/images/globalsearch_reset.gif'

     0K                                                       100% 18.4M=0s

2011-12-01 14:38:29 (18.4 MB/s) - `code/../crawls/www.apple.com/Customer-Privacy-Policy/raw/images.apple.com/global/nav/images/globalsearch_reset.gif' saved [195/195]

--2011-12-01 14:38:29--  http://images.apple.com/global/nav/images/globalsearch_spinner.gif
Reusing existing connection to images.apple.com:80.
HTTP request sent, awaiting response... 200 OK
Length: 3965 (3.9K) [image/gif]
Saving to: `code/../crawls/www.apple.com/Customer-Privacy-Policy/raw/images.apple.com/global/nav/images/globalsearch_spinner.gif'

     0K ...                                                   100% 7.81M=0s

2011-12-01 14:38:29 (7.81 MB/s) - `code/../crawls/www.apple.com/Customer-Privacy-Policy/raw/images.apple.com/global/nav/images/globalsearch_spinner.gif' saved [3965/3965]

--2011-12-01 14:38:29--  http://images.apple.com/global/scripts/lib/iepngfix.htc
Reusing existing connection to images.apple.com:80.
HTTP request sent, awaiting response... 200 OK
Length: 2064 (2.0K) [text/x-component]
Saving to: `code/../crawls/www.apple.com/Customer-Privacy-Policy/raw/images.apple.com/global/scripts/lib/iepngfix.htc'

     0K ..                                                    100% 84.8M=0s

2011-12-01 14:38:29 (84.8 MB/s) - `code/../crawls/www.apple.com/Customer-Privacy-Policy/raw/images.apple.com/global/scripts/lib/iepngfix.htc' saved [2064/2064]

--2011-12-01 14:38:29--  http://images.apple.com/global/elements/arrows/morearrow_08c.gif
Reusing existing connection to images.apple.com:80.
HTTP request sent, awaiting response... 200 OK
Length: 49 [image/gif]
Saving to: `code/../crawls/www.apple.com/Customer-Privacy-Policy/raw/images.apple.com/global/elements/arrows/morearrow_08c.gif'

     0K                                                       100% 3.79M=0s

2011-12-01 14:38:29 (3.79 MB/s) - `code/../crawls/www.apple.com/Customer-Privacy-Policy/raw/images.apple.com/global/elements/arrows/morearrow_08c.gif' saved [49/49]

--2011-12-01 14:38:29--  http://images.apple.com/global/elements/icons/external10x10.gif
Reusing existing connection to images.apple.com:80.
HTTP request sent, awaiting response... 200 OK
Length: 63 [image/gif]
Saving to: `code/../crawls/www.apple.com/Customer-Privacy-Policy/raw/images.apple.com/global/elements/icons/external10x10.gif'

     0K                                                       100% 6.03M=0s

2011-12-01 14:38:29 (6.03 MB/s) - `code/../crawls/www.apple.com/Customer-Privacy-Policy/raw/images.apple.com/global/elements/icons/external10x10.gif' saved [63/63]

--2011-12-01 14:38:29--  http://images.apple.com/global/elements/icons/globaliconpdf12x12.gif
Reusing existing connection to images.apple.com:80.
HTTP request sent, awaiting response... 200 OK
Length: 211 [image/gif]
Saving to: `code/../crawls/www.apple.com/Customer-Privacy-Policy/raw/images.apple.com/global/elements/icons/globaliconpdf12x12.gif'

     0K                                                       100% 19.9M=0s

2011-12-01 14:38:29 (19.9 MB/s) - `code/../crawls/www.apple.com/Customer-Privacy-Policy/raw/images.apple.com/global/elements/icons/globaliconpdf12x12.gif' saved [211/211]

--2011-12-01 14:38:29--  http://images.apple.com/global/elements/icons/globaliconhtml12x12.gif
Reusing existing connection to images.apple.com:80.
HTTP request sent, awaiting response... 200 OK
Length: 967 [image/gif]
Saving to: `code/../crawls/www.apple.com/Customer-Privacy-Policy/raw/images.apple.com/global/elements/icons/globaliconhtml12x12.gif'

     0K                                                       100%  107M=0s

2011-12-01 14:38:29 (107 MB/s) - `code/../crawls/www.apple.com/Customer-Privacy-Policy/raw/images.apple.com/global/elements/icons/globaliconhtml12x12.gif' saved [967/967]

--2011-12-01 14:38:29--  http://images.apple.com/global/elements/icons/globaliconqt12x12.gif
Reusing existing connection to images.apple.com:80.
HTTP request sent, awaiting response... 200 OK
Length: 345 [image/gif]
Saving to: `code/../crawls/www.apple.com/Customer-Privacy-Policy/raw/images.apple.com/global/elements/icons/globaliconqt12x12.gif'

     0K                                                       100% 38.8M=0s

2011-12-01 14:38:29 (38.8 MB/s) - `code/../crawls/www.apple.com/Customer-Privacy-Policy/raw/images.apple.com/global/elements/icons/globaliconqt12x12.gif' saved [345/345]

--2011-12-01 14:38:29--  http://images.apple.com/global/elements/icons/globaliconical12x12.gif
Reusing existing connection to images.apple.com:80.
HTTP request sent, awaiting response... 200 OK
Length: 138 [image/gif]
Saving to: `code/../crawls/www.apple.com/Customer-Privacy-Policy/raw/images.apple.com/global/elements/icons/globaliconical12x12.gif'

     0K                                                       100% 13.0M=0s

2011-12-01 14:38:29 (13.0 MB/s) - `code/../crawls/www.apple.com/Customer-Privacy-Policy/raw/images.apple.com/global/elements/icons/globaliconical12x12.gif' saved [138/138]

--2011-12-01 14:38:29--  http://images.apple.com/global/elements/icons/globalicondl11x10.gif
Reusing existing connection to images.apple.com:80.
HTTP request sent, awaiting response... 200 OK
Length: 183 [image/gif]
Saving to: `code/../crawls/www.apple.com/Customer-Privacy-Policy/raw/images.apple.com/global/elements/icons/globalicondl11x10.gif'

     0K                                                       100% 17.4M=0s

2011-12-01 14:38:29 (17.4 MB/s) - `code/../crawls/www.apple.com/Customer-Privacy-Policy/raw/images.apple.com/global/elements/icons/globalicondl11x10.gif' saved [183/183]

--2011-12-01 14:38:29--  http://images.apple.com/global/elements/icons/globalicondmg12x12.gif
Reusing existing connection to images.apple.com:80.
HTTP request sent, awaiting response... 200 OK
Length: 532 [image/gif]
Saving to: `code/../crawls/www.apple.com/Customer-Privacy-Policy/raw/images.apple.com/global/elements/icons/globalicondmg12x12.gif'

     0K                                                       100% 50.8M=0s

2011-12-01 14:38:29 (50.8 MB/s) - `code/../crawls/www.apple.com/Customer-Privacy-Policy/raw/images.apple.com/global/elements/icons/globalicondmg12x12.gif' saved [532/532]

--2011-12-01 14:38:29--  http://images.apple.com/global/elements/icons/globaliconzip12x12.gif
Reusing existing connection to images.apple.com:80.
HTTP request sent, awaiting response... 200 OK
Length: 535 [image/gif]
Saving to: `code/../crawls/www.apple.com/Customer-Privacy-Policy/raw/images.apple.com/global/elements/icons/globaliconzip12x12.gif'

     0K                                                       100% 49.3M=0s

2011-12-01 14:38:29 (49.3 MB/s) - `code/../crawls/www.apple.com/Customer-Privacy-Policy/raw/images.apple.com/global/elements/icons/globaliconzip12x12.gif' saved [535/535]

--2011-12-01 14:38:29--  http://images.apple.com/global/elements/icons/globaliconkeynote12x12.gif
Reusing existing connection to images.apple.com:80.
HTTP request sent, awaiting response... 200 OK
Length: 331 [image/gif]
Saving to: `code/../crawls/www.apple.com/Customer-Privacy-Policy/raw/images.apple.com/global/elements/icons/globaliconkeynote12x12.gif'

     0K                                                       100% 37.4M=0s

2011-12-01 14:38:29 (37.4 MB/s) - `code/../crawls/www.apple.com/Customer-Privacy-Policy/raw/images.apple.com/global/elements/icons/globaliconkeynote12x12.gif' saved [331/331]

--2011-12-01 14:38:29--  http://images.apple.com/global/elements/icons/globaliconaudio12x12.gif
Reusing existing connection to images.apple.com:80.
HTTP request sent, awaiting response... 200 OK
Length: 540 [image/gif]
Saving to: `code/../crawls/www.apple.com/Customer-Privacy-Policy/raw/images.apple.com/global/elements/icons/globaliconaudio12x12.gif'

     0K                                                       100% 60.6M=0s

2011-12-01 14:38:29 (60.6 MB/s) - `code/../crawls/www.apple.com/Customer-Privacy-Policy/raw/images.apple.com/global/elements/icons/globaliconaudio12x12.gif' saved [540/540]

--2011-12-01 14:38:29--  http://images.apple.com/global/elements/breadory/breadcrumb_bg.png
Reusing existing connection to images.apple.com:80.
HTTP request sent, awaiting response... 200 OK
Length: 900 [image/png]
Saving to: `code/../crawls/www.apple.com/Customer-Privacy-Policy/raw/images.apple.com/global/elements/breadory/breadcrumb_bg.png'

     0K                                                       100% 72.6M=0s

2011-12-01 14:38:29 (72.6 MB/s) - `code/../crawls/www.apple.com/Customer-Privacy-Policy/raw/images.apple.com/global/elements/breadory/breadcrumb_bg.png' saved [900/900]

--2011-12-01 14:38:29--  http://images.apple.com/global/elements/breadory/breadcrumb_sep.png
Reusing existing connection to images.apple.com:80.
HTTP request sent, awaiting response... 200 OK
Length: 325 [image/png]
Saving to: `code/../crawls/www.apple.com/Customer-Privacy-Policy/raw/images.apple.com/global/elements/breadory/breadcrumb_sep.png'

     0K                                                       100% 35.5M=0s

2011-12-01 14:38:29 (35.5 MB/s) - `code/../crawls/www.apple.com/Customer-Privacy-Policy/raw/images.apple.com/global/elements/breadory/breadcrumb_sep.png' saved [325/325]

--2011-12-01 14:38:29--  http://images.apple.com/global/elements/breadory/breadcrumb_sep_20080909.png
Reusing existing connection to images.apple.com:80.
HTTP request sent, awaiting response... 200 OK
Length: 282 [image/png]
Saving to: `code/../crawls/www.apple.com/Customer-Privacy-Policy/raw/images.apple.com/global/elements/breadory/breadcrumb_sep_20080909.png'

     0K                                                       100% 31.4M=0s

2011-12-01 14:38:29 (31.4 MB/s) - `code/../crawls/www.apple.com/Customer-Privacy-Policy/raw/images.apple.com/global/elements/breadory/breadcrumb_sep_20080909.png' saved [282/282]

--2011-12-01 14:38:29--  http://images.apple.com/global/elements/breadory/directory_bg.png
Reusing existing connection to images.apple.com:80.
HTTP request sent, awaiting response... 200 OK
Length: 162 [image/png]
Saving to: `code/../crawls/www.apple.com/Customer-Privacy-Policy/raw/images.apple.com/global/elements/breadory/directory_bg.png'

     0K                                                       100% 15.8M=0s

2011-12-01 14:38:29 (15.8 MB/s) - `code/../crawls/www.apple.com/Customer-Privacy-Policy/raw/images.apple.com/global/elements/breadory/directory_bg.png' saved [162/162]

--2011-12-01 14:38:29--  http://images.apple.com/global/elements/breadory/directory_capbg.png
Reusing existing connection to images.apple.com:80.
HTTP request sent, awaiting response... 200 OK
Length: 265 [image/png]
Saving to: `code/../crawls/www.apple.com/Customer-Privacy-Policy/raw/images.apple.com/global/elements/breadory/directory_capbg.png'

     0K                                                       100% 29.7M=0s

2011-12-01 14:38:29 (29.7 MB/s) - `code/../crawls/www.apple.com/Customer-Privacy-Policy/raw/images.apple.com/global/elements/breadory/directory_capbg.png' saved [265/265]

--2011-12-01 14:38:29--  http://images.apple.com/global/elements/breadory/breadcrumb_separator.png
Reusing existing connection to images.apple.com:80.
HTTP request sent, awaiting response... 200 OK
Length: 286 [image/png]
Saving to: `code/../crawls/www.apple.com/Customer-Privacy-Policy/raw/images.apple.com/global/elements/breadory/breadcrumb_separator.png'

     0K                                                       100% 27.0M=0s

2011-12-01 14:38:29 (27.0 MB/s) - `code/../crawls/www.apple.com/Customer-Privacy-Policy/raw/images.apple.com/global/elements/breadory/breadcrumb_separator.png' saved [286/286]

--2011-12-01 14:38:29--  http://images.apple.com/global/elements/breadory/breadcrumb_home.png
Reusing existing connection to images.apple.com:80.
HTTP request sent, awaiting response... 200 OK
Length: 618 [image/png]
Saving to: `code/../crawls/www.apple.com/Customer-Privacy-Policy/raw/images.apple.com/global/elements/breadory/breadcrumb_home.png'

     0K                                                       100% 57.3M=0s

2011-12-01 14:38:29 (57.3 MB/s) - `code/../crawls/www.apple.com/Customer-Privacy-Policy/raw/images.apple.com/global/elements/breadory/breadcrumb_home.png' saved [618/618]

--2011-12-01 14:38:29--  http://images.apple.com/global/elements/breadory/breadcrumb_home_over.png
Reusing existing connection to images.apple.com:80.
HTTP request sent, awaiting response... 200 OK
Length: 614 [image/png]
Saving to: `code/../crawls/www.apple.com/Customer-Privacy-Policy/raw/images.apple.com/global/elements/breadory/breadcrumb_home_over.png'

     0K                                                       100% 63.9M=0s

2011-12-01 14:38:29 (63.9 MB/s) - `code/../crawls/www.apple.com/Customer-Privacy-Policy/raw/images.apple.com/global/elements/breadory/breadcrumb_home_over.png' saved [614/614]

--2011-12-01 14:38:29--  http://images.apple.com/global/elements/buttons/preorder_blue.png
Reusing existing connection to images.apple.com:80.
HTTP request sent, awaiting response... 200 OK
Length: 1993 (1.9K) [image/png]
Saving to: `code/../crawls/www.apple.com/Customer-Privacy-Policy/raw/images.apple.com/global/elements/buttons/preorder_blue.png'

     0K .                                                     100% 64.9M=0s

2011-12-01 14:38:29 (64.9 MB/s) - `code/../crawls/www.apple.com/Customer-Privacy-Policy/raw/images.apple.com/global/elements/buttons/preorder_blue.png' saved [1993/1993]

--2011-12-01 14:38:29--  http://images.apple.com/global/elements/buttons/buynows.png
Reusing existing connection to images.apple.com:80.
HTTP request sent, awaiting response... 200 OK
Length: 7454 (7.3K) [image/png]
Saving to: `code/../crawls/www.apple.com/Customer-Privacy-Policy/raw/images.apple.com/global/elements/buttons/buynows.png'

     0K .......                                               100% 3.40M=0.002s

2011-12-01 14:38:29 (3.40 MB/s) - `code/../crawls/www.apple.com/Customer-Privacy-Policy/raw/images.apple.com/global/elements/buttons/buynows.png' saved [7454/7454]

--2011-12-01 14:38:29--  http://images.apple.com/global/elements/buttons/buynows.gif
Reusing existing connection to images.apple.com:80.
HTTP request sent, awaiting response... 200 OK
Length: 4493 (4.4K) [image/gif]
Saving to: `code/../crawls/www.apple.com/Customer-Privacy-Policy/raw/images.apple.com/global/elements/buttons/buynows.gif'

     0K ....                                                  100% 3.83M=0.001s

2011-12-01 14:38:29 (3.83 MB/s) - `code/../crawls/www.apple.com/Customer-Privacy-Policy/raw/images.apple.com/global/elements/buttons/buynows.gif' saved [4493/4493]

--2011-12-01 14:38:29--  http://images.apple.com/global/elements/buttons/ordernows.png
Reusing existing connection to images.apple.com:80.
HTTP request sent, awaiting response... 200 OK
Length: 6739 (6.6K) [image/png]
Saving to: `code/../crawls/www.apple.com/Customer-Privacy-Policy/raw/images.apple.com/global/elements/buttons/ordernows.png'

     0K ......                                                100% 3.93M=0.002s

2011-12-01 14:38:29 (3.93 MB/s) - `code/../crawls/www.apple.com/Customer-Privacy-Policy/raw/images.apple.com/global/elements/buttons/ordernows.png' saved [6739/6739]

--2011-12-01 14:38:29--  http://images.apple.com/global/elements/buttons/ordernows.gif
Reusing existing connection to images.apple.com:80.
HTTP request sent, awaiting response... 200 OK
Length: 3969 (3.9K) [image/gif]
Saving to: `code/../crawls/www.apple.com/Customer-Privacy-Policy/raw/images.apple.com/global/elements/buttons/ordernows.gif'

     0K ...                                                   100% 7.39M=0.001s

2011-12-01 14:38:29 (7.39 MB/s) - `code/../crawls/www.apple.com/Customer-Privacy-Policy/raw/images.apple.com/global/elements/buttons/ordernows.gif' saved [3969/3969]

--2011-12-01 14:38:29--  http://images.apple.com/global/elements/buttons/joinnows.png
Reusing existing connection to images.apple.com:80.
HTTP request sent, awaiting response... 200 OK
Length: 5640 (5.5K) [image/png]
Saving to: `code/../crawls/www.apple.com/Customer-Privacy-Policy/raw/images.apple.com/global/elements/buttons/joinnows.png'

     0K .....                                                 100% 3.52M=0.002s

2011-12-01 14:38:29 (3.52 MB/s) - `code/../crawls/www.apple.com/Customer-Privacy-Policy/raw/images.apple.com/global/elements/buttons/joinnows.png' saved [5640/5640]

--2011-12-01 14:38:29--  http://images.apple.com/global/elements/buttons/joinnows.gif
Reusing existing connection to images.apple.com:80.
HTTP request sent, awaiting response... 200 OK
Length: 3635 (3.5K) [image/gif]
Saving to: `code/../crawls/www.apple.com/Customer-Privacy-Policy/raw/images.apple.com/global/elements/buttons/joinnows.gif'

     0K ...                                                   100% 3.75M=0.001s

2011-12-01 14:38:29 (3.75 MB/s) - `code/../crawls/www.apple.com/Customer-Privacy-Policy/raw/images.apple.com/global/elements/buttons/joinnows.gif' saved [3635/3635]

--2011-12-01 14:38:29--  http://images.apple.com/global/elements/buttons/preordernows.png
Reusing existing connection to images.apple.com:80.
HTTP request sent, awaiting response... 200 OK
Length: 8866 (8.7K) [image/png]
Saving to: `code/../crawls/www.apple.com/Customer-Privacy-Policy/raw/images.apple.com/global/elements/buttons/preordernows.png'

     0K ........                                              100% 4.48M=0.002s

2011-12-01 14:38:29 (4.48 MB/s) - `code/../crawls/www.apple.com/Customer-Privacy-Policy/raw/images.apple.com/global/elements/buttons/preordernows.png' saved [8866/8866]

--2011-12-01 14:38:29--  http://images.apple.com/global/elements/buttons/preordernows.gif
Reusing existing connection to images.apple.com:80.
HTTP request sent, awaiting response... 200 OK
Length: 5436 (5.3K) [image/gif]
Saving to: `code/../crawls/www.apple.com/Customer-Privacy-Policy/raw/images.apple.com/global/elements/buttons/preordernows.gif'

     0K .....                                                 100% 4.18M=0.001s

2011-12-01 14:38:29 (4.18 MB/s) - `code/../crawls/www.apple.com/Customer-Privacy-Policy/raw/images.apple.com/global/elements/buttons/preordernows.gif' saved [5436/5436]

--2011-12-01 14:38:29--  http://images.apple.com/global/elements/buttons/howtobuys.png
Reusing existing connection to images.apple.com:80.
HTTP request sent, awaiting response... 200 OK
Length: 7988 (7.8K) [image/png]
Saving to: `code/../crawls/www.apple.com/Customer-Privacy-Policy/raw/images.apple.com/global/elements/buttons/howtobuys.png'

     0K .......                                               100% 4.57M=0.002s

2011-12-01 14:38:29 (4.57 MB/s) - `code/../crawls/www.apple.com/Customer-Privacy-Policy/raw/images.apple.com/global/elements/buttons/howtobuys.png' saved [7988/7988]

--2011-12-01 14:38:29--  http://images.apple.com/global/elements/buttons/howtobuys.gif
Reusing existing connection to images.apple.com:80.
HTTP request sent, awaiting response... 200 OK
Length: 4966 (4.8K) [image/gif]
Saving to: `code/../crawls/www.apple.com/Customer-Privacy-Policy/raw/images.apple.com/global/elements/buttons/howtobuys.gif'

     0K ....                                                  100% 8.12M=0.001s

2011-12-01 14:38:29 (8.12 MB/s) - `code/../crawls/www.apple.com/Customer-Privacy-Policy/raw/images.apple.com/global/elements/buttons/howtobuys.gif' saved [4966/4966]

--2011-12-01 14:38:29--  http://images.apple.com/global/elements/buttons/howtoapplys.png
Reusing existing connection to images.apple.com:80.
HTTP request sent, awaiting response... 200 OK
Length: 8575 (8.4K) [image/png]
Saving to: `code/../crawls/www.apple.com/Customer-Privacy-Policy/raw/images.apple.com/global/elements/buttons/howtoapplys.png'

     0K ........                                              100% 3.67M=0.002s

2011-12-01 14:38:29 (3.67 MB/s) - `code/../crawls/www.apple.com/Customer-Privacy-Policy/raw/images.apple.com/global/elements/buttons/howtoapplys.png' saved [8575/8575]

--2011-12-01 14:38:29--  http://images.apple.com/global/elements/buttons/howtoapplys.gif
Reusing existing connection to images.apple.com:80.
HTTP request sent, awaiting response... 200 OK
Length: 5418 (5.3K) [image/gif]
Saving to: `code/../crawls/www.apple.com/Customer-Privacy-Policy/raw/images.apple.com/global/elements/buttons/howtoapplys.gif'

     0K .....                                                 100% 2.66M=0.002s

2011-12-01 14:38:29 (2.66 MB/s) - `code/../crawls/www.apple.com/Customer-Privacy-Policy/raw/images.apple.com/global/elements/buttons/howtoapplys.gif' saved [5418/5418]

--2011-12-01 14:38:29--  http://images.apple.com/global/elements/buttons/freetrials.png
Reusing existing connection to images.apple.com:80.
HTTP request sent, awaiting response... 200 OK
Length: 7205 (7.0K) [image/png]
Saving to: `code/../crawls/www.apple.com/Customer-Privacy-Policy/raw/images.apple.com/global/elements/buttons/freetrials.png'

     0K .......                                               100% 3.74M=0.002s

2011-12-01 14:38:29 (3.74 MB/s) - `code/../crawls/www.apple.com/Customer-Privacy-Policy/raw/images.apple.com/global/elements/buttons/freetrials.png' saved [7205/7205]

--2011-12-01 14:38:29--  http://images.apple.com/global/elements/buttons/freetrials.gif
Reusing existing connection to images.apple.com:80.
HTTP request sent, awaiting response... 200 OK
Length: 4460 (4.4K) [image/gif]
Saving to: `code/../crawls/www.apple.com/Customer-Privacy-Policy/raw/images.apple.com/global/elements/buttons/freetrials.gif'

     0K ....                                                  100% 4.37M=0.001s

2011-12-01 14:38:29 (4.37 MB/s) - `code/../crawls/www.apple.com/Customer-Privacy-Policy/raw/images.apple.com/global/elements/buttons/freetrials.gif' saved [4460/4460]

--2011-12-01 14:38:29--  http://images.apple.com/global/elements/buttons/downloadnows.png
Reusing existing connection to images.apple.com:80.
HTTP request sent, awaiting response... 200 OK
Length: 9429 (9.2K) [image/png]
Saving to: `code/../crawls/www.apple.com/Customer-Privacy-Policy/raw/images.apple.com/global/elements/buttons/downloadnows.png'

     0K .........                                             100% 1.23M=0.007s

2011-12-01 14:38:29 (1.23 MB/s) - `code/../crawls/www.apple.com/Customer-Privacy-Policy/raw/images.apple.com/global/elements/buttons/downloadnows.png' saved [9429/9429]

--2011-12-01 14:38:29--  http://images.apple.com/global/elements/buttons/downloadnows.gif
Reusing existing connection to images.apple.com:80.
HTTP request sent, awaiting response... 200 OK
Length: 5761 (5.6K) [image/gif]
Saving to: `code/../crawls/www.apple.com/Customer-Privacy-Policy/raw/images.apple.com/global/elements/buttons/downloadnows.gif'

     0K .....                                                 100% 5.20M=0.001s

2011-12-01 14:38:30 (5.20 MB/s) - `code/../crawls/www.apple.com/Customer-Privacy-Policy/raw/images.apple.com/global/elements/buttons/downloadnows.gif' saved [5761/5761]

--2011-12-01 14:38:30--  http://images.apple.com/global/elements/buttons/upgradenows.png
Reusing existing connection to images.apple.com:80.
HTTP request sent, awaiting response... 200 OK
Length: 7696 (7.5K) [image/png]
Saving to: `code/../crawls/www.apple.com/Customer-Privacy-Policy/raw/images.apple.com/global/elements/buttons/upgradenows.png'

     0K .......                                               100% 4.87M=0.002s

2011-12-01 14:38:30 (4.87 MB/s) - `code/../crawls/www.apple.com/Customer-Privacy-Policy/raw/images.apple.com/global/elements/buttons/upgradenows.png' saved [7696/7696]

--2011-12-01 14:38:30--  http://images.apple.com/global/elements/buttons/upgradenows.gif
Reusing existing connection to images.apple.com:80.
HTTP request sent, awaiting response... 200 OK
Length: 4583 (4.5K) [image/gif]
Saving to: `code/../crawls/www.apple.com/Customer-Privacy-Policy/raw/images.apple.com/global/elements/buttons/upgradenows.gif'

     0K ....                                                  100% 2.60M=0.002s

2011-12-01 14:38:30 (2.60 MB/s) - `code/../crawls/www.apple.com/Customer-Privacy-Policy/raw/images.apple.com/global/elements/buttons/upgradenows.gif' saved [4583/4583]

--2011-12-01 14:38:30--  http://images.apple.com/global/elements/buttons/tryamacs.png
Reusing existing connection to images.apple.com:80.
HTTP request sent, awaiting response... 200 OK
Length: 7596 (7.4K) [image/png]
Saving to: `code/../crawls/www.apple.com/Customer-Privacy-Policy/raw/images.apple.com/global/elements/buttons/tryamacs.png'

     0K .......                                               100% 1.29M=0.006s

2011-12-01 14:38:30 (1.29 MB/s) - `code/../crawls/www.apple.com/Customer-Privacy-Policy/raw/images.apple.com/global/elements/buttons/tryamacs.png' saved [7596/7596]

--2011-12-01 14:38:30--  http://images.apple.com/global/elements/buttons/tryamacs.gif
Reusing existing connection to images.apple.com:80.
HTTP request sent, awaiting response... 200 OK
Length: 4515 (4.4K) [image/gif]
Saving to: `code/../crawls/www.apple.com/Customer-Privacy-Policy/raw/images.apple.com/global/elements/buttons/tryamacs.gif'

     0K ....                                                  100% 3.20M=0.001s

2011-12-01 14:38:30 (3.20 MB/s) - `code/../crawls/www.apple.com/Customer-Privacy-Policy/raw/images.apple.com/global/elements/buttons/tryamacs.gif' saved [4515/4515]

--2011-12-01 14:38:30--  http://images.apple.com/global/elements/buttons/notifymes.png
Reusing existing connection to images.apple.com:80.
HTTP request sent, awaiting response... 200 OK
Length: 7850 (7.7K) [image/png]
Saving to: `code/../crawls/www.apple.com/Customer-Privacy-Policy/raw/images.apple.com/global/elements/buttons/notifymes.png'

     0K .......                                               100% 4.44M=0.002s

2011-12-01 14:38:30 (4.44 MB/s) - `code/../crawls/www.apple.com/Customer-Privacy-Policy/raw/images.apple.com/global/elements/buttons/notifymes.png' saved [7850/7850]

--2011-12-01 14:38:30--  http://images.apple.com/global/elements/buttons/notifymes.gif
Reusing existing connection to images.apple.com:80.
HTTP request sent, awaiting response... 200 OK
Length: 4815 (4.7K) [image/gif]
Saving to: `code/../crawls/www.apple.com/Customer-Privacy-Policy/raw/images.apple.com/global/elements/buttons/notifymes.gif'

     0K ....                                                  100% 2.29M=0.002s

2011-12-01 14:38:30 (2.29 MB/s) - `code/../crawls/www.apple.com/Customer-Privacy-Policy/raw/images.apple.com/global/elements/buttons/notifymes.gif' saved [4815/4815]

--2011-12-01 14:38:30--  http://images.apple.com/global/elements/buttons/browsewebappss.png
Reusing existing connection to images.apple.com:80.
HTTP request sent, awaiting response... 200 OK
Length: 10368 (10K) [image/png]
Saving to: `code/../crawls/www.apple.com/Customer-Privacy-Policy/raw/images.apple.com/global/elements/buttons/browsewebappss.png'

     0K ..........                                            100% 4.09M=0.002s

2011-12-01 14:38:30 (4.09 MB/s) - `code/../crawls/www.apple.com/Customer-Privacy-Policy/raw/images.apple.com/global/elements/buttons/browsewebappss.png' saved [10368/10368]

--2011-12-01 14:38:30--  http://images.apple.com/global/elements/buttons/browsewebappss.gif
Reusing existing connection to images.apple.com:80.
HTTP request sent, awaiting response... 200 OK
Length: 6360 (6.2K) [image/gif]
Saving to: `code/../crawls/www.apple.com/Customer-Privacy-Policy/raw/images.apple.com/global/elements/buttons/browsewebappss.gif'

     0K ......                                                100% 3.15M=0.002s

2011-12-01 14:38:30 (3.15 MB/s) - `code/../crawls/www.apple.com/Customer-Privacy-Policy/raw/images.apple.com/global/elements/buttons/browsewebappss.gif' saved [6360/6360]

--2011-12-01 14:38:30--  http://images.apple.com/global/elements/buttons/businessstores.png
Reusing existing connection to images.apple.com:80.
HTTP request sent, awaiting response... 200 OK
Length: 8986 (8.8K) [image/png]
Saving to: `code/../crawls/www.apple.com/Customer-Privacy-Policy/raw/images.apple.com/global/elements/buttons/businessstores.png'

     0K ........                                              100% 2.84M=0.003s

2011-12-01 14:38:30 (2.84 MB/s) - `code/../crawls/www.apple.com/Customer-Privacy-Policy/raw/images.apple.com/global/elements/buttons/businessstores.png' saved [8986/8986]

--2011-12-01 14:38:30--  http://images.apple.com/global/elements/buttons/businessstores.gif
Reusing existing connection to images.apple.com:80.
HTTP request sent, awaiting response... 200 OK
Length: 5556 (5.4K) [image/gif]
Saving to: `code/../crawls/www.apple.com/Customer-Privacy-Policy/raw/images.apple.com/global/elements/buttons/businessstores.gif'

     0K .....                                                 100% 7.35M=0.001s

2011-12-01 14:38:30 (7.35 MB/s) - `code/../crawls/www.apple.com/Customer-Privacy-Policy/raw/images.apple.com/global/elements/buttons/businessstores.gif' saved [5556/5556]

--2011-12-01 14:38:30--  http://images.apple.com/global/elements/buttons/buyiphones.png
Reusing existing connection to images.apple.com:80.
HTTP request sent, awaiting response... 200 OK
Length: 8461 (8.3K) [image/png]
Saving to: `code/../crawls/www.apple.com/Customer-Privacy-Policy/raw/images.apple.com/global/elements/buttons/buyiphones.png'

     0K ........                                              100% 1.33M=0.006s

2011-12-01 14:38:30 (1.33 MB/s) - `code/../crawls/www.apple.com/Customer-Privacy-Policy/raw/images.apple.com/global/elements/buttons/buyiphones.png' saved [8461/8461]

--2011-12-01 14:38:30--  http://images.apple.com/global/elements/buttons/buyiphones.gif
Reusing existing connection to images.apple.com:80.
HTTP request sent, awaiting response... 200 OK
Length: 5011 (4.9K) [image/gif]
Saving to: `code/../crawls/www.apple.com/Customer-Privacy-Policy/raw/images.apple.com/global/elements/buttons/buyiphones.gif'

     0K ....                                                  100% 2.23M=0.002s

2011-12-01 14:38:30 (2.23 MB/s) - `code/../crawls/www.apple.com/Customer-Privacy-Policy/raw/images.apple.com/global/elements/buttons/buyiphones.gif' saved [5011/5011]

--2011-12-01 14:38:30--  http://images.apple.com/global/elements/buttons/comingsoons.png
Reusing existing connection to images.apple.com:80.
HTTP request sent, awaiting response... 200 OK
Length: 6962 (6.8K) [image/png]
Saving to: `code/../crawls/www.apple.com/Customer-Privacy-Policy/raw/images.apple.com/global/elements/buttons/comingsoons.png'

     0K ......                                                100% 1.27M=0.005s

2011-12-01 14:38:30 (1.27 MB/s) - `code/../crawls/www.apple.com/Customer-Privacy-Policy/raw/images.apple.com/global/elements/buttons/comingsoons.png' saved [6962/6962]

--2011-12-01 14:38:30--  http://images.apple.com/global/elements/buttons/comingsoons.gif
Reusing existing connection to images.apple.com:80.
HTTP request sent, awaiting response... 200 OK
Length: 4294 (4.2K) [image/gif]
Saving to: `code/../crawls/www.apple.com/Customer-Privacy-Policy/raw/images.apple.com/global/elements/buttons/comingsoons.gif'

     0K ....                                                  100% 4.50M=0.001s

2011-12-01 14:38:30 (4.50 MB/s) - `code/../crawls/www.apple.com/Customer-Privacy-Policy/raw/images.apple.com/global/elements/buttons/comingsoons.gif' saved [4294/4294]

--2011-12-01 14:38:30--  http://images.apple.com/global/elements/buttons/descargarahoras.png
Reusing existing connection to images.apple.com:80.
HTTP request sent, awaiting response... 200 OK
Length: 9415 (9.2K) [image/png]
Saving to: `code/../crawls/www.apple.com/Customer-Privacy-Policy/raw/images.apple.com/global/elements/buttons/descargarahoras.png'

     0K .........                                             100% 3.17M=0.003s

2011-12-01 14:38:30 (3.17 MB/s) - `code/../crawls/www.apple.com/Customer-Privacy-Policy/raw/images.apple.com/global/elements/buttons/descargarahoras.png' saved [9415/9415]

--2011-12-01 14:38:30--  http://images.apple.com/global/elements/buttons/descargarahoras.gif
Reusing existing connection to images.apple.com:80.
HTTP request sent, awaiting response... 200 OK
Length: 5746 (5.6K) [image/gif]
Saving to: `code/../crawls/www.apple.com/Customer-Privacy-Policy/raw/images.apple.com/global/elements/buttons/descargarahoras.gif'

     0K .....                                                 100% 7.70M=0.001s

2011-12-01 14:38:30 (7.70 MB/s) - `code/../crawls/www.apple.com/Customer-Privacy-Policy/raw/images.apple.com/global/elements/buttons/descargarahoras.gif' saved [5746/5746]

--2011-12-01 14:38:30--  http://images.apple.com/global/elements/buttons/downloadituness.png
Reusing existing connection to images.apple.com:80.
HTTP request sent, awaiting response... 200 OK
Length: 10086 (9.8K) [image/png]
Saving to: `code/../crawls/www.apple.com/Customer-Privacy-Policy/raw/images.apple.com/global/elements/buttons/downloadituness.png'

     0K .........                                             100% 3.61M=0.003s

2011-12-01 14:38:30 (3.61 MB/s) - `code/../crawls/www.apple.com/Customer-Privacy-Policy/raw/images.apple.com/global/elements/buttons/downloadituness.png' saved [10086/10086]

--2011-12-01 14:38:30--  http://images.apple.com/global/elements/buttons/downloadituness.gif
Reusing existing connection to images.apple.com:80.
HTTP request sent, awaiting response... 200 OK
Length: 6059 (5.9K) [image/gif]
Saving to: `code/../crawls/www.apple.com/Customer-Privacy-Policy/raw/images.apple.com/global/elements/buttons/downloadituness.gif'

     0K .....                                                 100% 5.72M=0.001s

2011-12-01 14:38:30 (5.72 MB/s) - `code/../crawls/www.apple.com/Customer-Privacy-Policy/raw/images.apple.com/global/elements/buttons/downloadituness.gif' saved [6059/6059]

--2011-12-01 14:38:30--  http://images.apple.com/global/elements/buttons/finds.png
Reusing existing connection to images.apple.com:80.
HTTP request sent, awaiting response... 200 OK
Length: 5507 (5.4K) [image/png]
Saving to: `code/../crawls/www.apple.com/Customer-Privacy-Policy/raw/images.apple.com/global/elements/buttons/finds.png'

     0K .....                                                 100% 6.98M=0.001s

2011-12-01 14:38:30 (6.98 MB/s) - `code/../crawls/www.apple.com/Customer-Privacy-Policy/raw/images.apple.com/global/elements/buttons/finds.png' saved [5507/5507]

--2011-12-01 14:38:30--  http://images.apple.com/global/elements/buttons/finds.gif
Reusing existing connection to images.apple.com:80.
HTTP request sent, awaiting response... 200 OK
Length: 3554 (3.5K) [image/gif]
Saving to: `code/../crawls/www.apple.com/Customer-Privacy-Policy/raw/images.apple.com/global/elements/buttons/finds.gif'

     0K ...                                                   100% 8.77M=0s

2011-12-01 14:38:30 (8.77 MB/s) - `code/../crawls/www.apple.com/Customer-Privacy-Policy/raw/images.apple.com/global/elements/buttons/finds.gif' saved [3554/3554]

--2011-12-01 14:38:30--  http://images.apple.com/global/elements/buttons/getstarteds.png
Reusing existing connection to images.apple.com:80.
HTTP request sent, awaiting response... 200 OK
Length: 7113 (6.9K) [image/png]
Saving to: `code/../crawls/www.apple.com/Customer-Privacy-Policy/raw/images.apple.com/global/elements/buttons/getstarteds.png'

     0K ......                                                100% 6.39M=0.001s

2011-12-01 14:38:30 (6.39 MB/s) - `code/../crawls/www.apple.com/Customer-Privacy-Policy/raw/images.apple.com/global/elements/buttons/getstarteds.png' saved [7113/7113]

--2011-12-01 14:38:30--  http://images.apple.com/global/elements/buttons/getstarteds.gif
Reusing existing connection to images.apple.com:80.
HTTP request sent, awaiting response... 200 OK
Length: 4162 (4.1K) [image/gif]
Saving to: `code/../crawls/www.apple.com/Customer-Privacy-Policy/raw/images.apple.com/global/elements/buttons/getstarteds.gif'

     0K ....                                                  100% 4.28M=0.001s

2011-12-01 14:38:30 (4.28 MB/s) - `code/../crawls/www.apple.com/Customer-Privacy-Policy/raw/images.apple.com/global/elements/buttons/getstarteds.gif' saved [4162/4162]

--2011-12-01 14:38:30--  http://images.apple.com/global/elements/buttons/gos.png
Reusing existing connection to images.apple.com:80.
HTTP request sent, awaiting response... 200 OK
Length: 5220 (5.1K) [image/png]
Saving to: `code/../crawls/www.apple.com/Customer-Privacy-Policy/raw/images.apple.com/global/elements/buttons/gos.png'

     0K .....                                                 100% 6.45M=0.001s

2011-12-01 14:38:30 (6.45 MB/s) - `code/../crawls/www.apple.com/Customer-Privacy-Policy/raw/images.apple.com/global/elements/buttons/gos.png' saved [5220/5220]

--2011-12-01 14:38:30--  http://images.apple.com/global/elements/buttons/gos.gif
Reusing existing connection to images.apple.com:80.
HTTP request sent, awaiting response... 200 OK
Length: 3262 (3.2K) [image/gif]
Saving to: `code/../crawls/www.apple.com/Customer-Privacy-Policy/raw/images.apple.com/global/elements/buttons/gos.gif'

     0K ...                                                   100% 8.97M=0s

2011-12-01 14:38:30 (8.97 MB/s) - `code/../crawls/www.apple.com/Customer-Privacy-Policy/raw/images.apple.com/global/elements/buttons/gos.gif' saved [3262/3262]

--2011-12-01 14:38:30--  http://images.apple.com/global/elements/buttons/learnmores.png
Reusing existing connection to images.apple.com:80.
HTTP request sent, awaiting response... 200 OK
Length: 6603 (6.4K) [image/png]
Saving to: `code/../crawls/www.apple.com/Customer-Privacy-Policy/raw/images.apple.com/global/elements/buttons/learnmores.png'

     0K ......                                                100% 3.51M=0.002s

2011-12-01 14:38:30 (3.51 MB/s) - `code/../crawls/www.apple.com/Customer-Privacy-Policy/raw/images.apple.com/global/elements/buttons/learnmores.png' saved [6603/6603]

--2011-12-01 14:38:30--  http://images.apple.com/global/elements/buttons/learnmores.gif
Reusing existing connection to images.apple.com:80.
HTTP request sent, awaiting response... 200 OK
Length: 4069 (4.0K) [image/gif]
Saving to: `code/../crawls/www.apple.com/Customer-Privacy-Policy/raw/images.apple.com/global/elements/buttons/learnmores.gif'

     0K ...                                                   100%  220M=0s

2011-12-01 14:38:30 (220 MB/s) - `code/../crawls/www.apple.com/Customer-Privacy-Policy/raw/images.apple.com/global/elements/buttons/learnmores.gif' saved [4069/4069]

--2011-12-01 14:38:30--  http://images.apple.com/global/elements/buttons/nikebuynows.png
Reusing existing connection to images.apple.com:80.
HTTP request sent, awaiting response... 200 OK
Length: 4540 (4.4K) [image/png]
Saving to: `code/../crawls/www.apple.com/Customer-Privacy-Policy/raw/images.apple.com/global/elements/buttons/nikebuynows.png'

     0K ....                                                  100% 2.53M=0.002s

2011-12-01 14:38:30 (2.53 MB/s) - `code/../crawls/www.apple.com/Customer-Privacy-Policy/raw/images.apple.com/global/elements/buttons/nikebuynows.png' saved [4540/4540]

--2011-12-01 14:38:30--  http://images.apple.com/global/elements/buttons/nikebuynows.gif
Reusing existing connection to images.apple.com:80.
HTTP request sent, awaiting response... 200 OK
Length: 3759 (3.7K) [image/gif]
Saving to: `code/../crawls/www.apple.com/Customer-Privacy-Policy/raw/images.apple.com/global/elements/buttons/nikebuynows.gif'

     0K ...                                                   100% 9.12M=0s

2011-12-01 14:38:30 (9.12 MB/s) - `code/../crawls/www.apple.com/Customer-Privacy-Policy/raw/images.apple.com/global/elements/buttons/nikebuynows.gif' saved [3759/3759]

--2011-12-01 14:38:30--  http://images.apple.com/global/elements/buttons/preorders.png
Reusing existing connection to images.apple.com:80.
HTTP request sent, awaiting response... 200 OK
Length: 7636 (7.5K) [image/png]
Saving to: `code/../crawls/www.apple.com/Customer-Privacy-Policy/raw/images.apple.com/global/elements/buttons/preorders.png'

     0K .......                                               100% 5.34M=0.001s

2011-12-01 14:38:30 (5.34 MB/s) - `code/../crawls/www.apple.com/Customer-Privacy-Policy/raw/images.apple.com/global/elements/buttons/preorders.png' saved [7636/7636]

--2011-12-01 14:38:30--  http://images.apple.com/global/elements/buttons/preorders.gif
Reusing existing connection to images.apple.com:80.
HTTP request sent, awaiting response... 200 OK
Length: 4550 (4.4K) [image/gif]
Saving to: `code/../crawls/www.apple.com/Customer-Privacy-Policy/raw/images.apple.com/global/elements/buttons/preorders.gif'

     0K ....                                                  100% 7.01M=0.001s

2011-12-01 14:38:30 (7.01 MB/s) - `code/../crawls/www.apple.com/Customer-Privacy-Policy/raw/images.apple.com/global/elements/buttons/preorders.gif' saved [4550/4550]

--2011-12-01 14:38:30--  http://images.apple.com/global/elements/buttons/reserves.png
Reusing existing connection to images.apple.com:80.
HTTP request sent, awaiting response... 200 OK
Length: 6518 (6.4K) [image/png]
Saving to: `code/../crawls/www.apple.com/Customer-Privacy-Policy/raw/images.apple.com/global/elements/buttons/reserves.png'

     0K ......                                                100% 3.09M=0.002s

2011-12-01 14:38:30 (3.09 MB/s) - `code/../crawls/www.apple.com/Customer-Privacy-Policy/raw/images.apple.com/global/elements/buttons/reserves.png' saved [6518/6518]

--2011-12-01 14:38:30--  http://images.apple.com/global/elements/buttons/reserves.gif
Reusing existing connection to images.apple.com:80.
HTTP request sent, awaiting response... 200 OK
Length: 4207 (4.1K) [image/gif]
Saving to: `code/../crawls/www.apple.com/Customer-Privacy-Policy/raw/images.apple.com/global/elements/buttons/reserves.gif'

     0K ....                                                  100% 8.61M=0s

2011-12-01 14:38:30 (8.61 MB/s) - `code/../crawls/www.apple.com/Customer-Privacy-Policy/raw/images.apple.com/global/elements/buttons/reserves.gif' saved [4207/4207]

--2011-12-01 14:38:30--  http://images.apple.com/global/elements/buttons/startyoursearchs.png
Reusing existing connection to images.apple.com:80.
HTTP request sent, awaiting response... 200 OK
Length: 10348 (10K) [image/png]
Saving to: `code/../crawls/www.apple.com/Customer-Privacy-Policy/raw/images.apple.com/global/elements/buttons/startyoursearchs.png'

     0K ..........                                            100% 4.00M=0.002s

2011-12-01 14:38:30 (4.00 MB/s) - `code/../crawls/www.apple.com/Customer-Privacy-Policy/raw/images.apple.com/global/elements/buttons/startyoursearchs.png' saved [10348/10348]

--2011-12-01 14:38:30--  http://images.apple.com/global/elements/buttons/startyoursearchs.gif
Reusing existing connection to images.apple.com:80.
HTTP request sent, awaiting response... 200 OK
Length: 6147 (6.0K) [image/gif]
Saving to: `code/../crawls/www.apple.com/Customer-Privacy-Policy/raw/images.apple.com/global/elements/buttons/startyoursearchs.gif'

     0K ......                                                100% 6.36M=0.001s

2011-12-01 14:38:30 (6.36 MB/s) - `code/../crawls/www.apple.com/Customer-Privacy-Policy/raw/images.apple.com/global/elements/buttons/startyoursearchs.gif' saved [6147/6147]

--2011-12-01 14:38:30--  http://images.apple.com/global/elements/buttons/submits.png
Reusing existing connection to images.apple.com:80.
HTTP request sent, awaiting response... 200 OK
Length: 5709 (5.6K) [image/png]
Saving to: `code/../crawls/www.apple.com/Customer-Privacy-Policy/raw/images.apple.com/global/elements/buttons/submits.png'

     0K .....                                                 100%  192M=0s

2011-12-01 14:38:30 (192 MB/s) - `code/../crawls/www.apple.com/Customer-Privacy-Policy/raw/images.apple.com/global/elements/buttons/submits.png' saved [5709/5709]

--2011-12-01 14:38:30--  http://images.apple.com/global/elements/buttons/submits.gif
Reusing existing connection to images.apple.com:80.
HTTP request sent, awaiting response... 200 OK
Length: 3506 (3.4K) [image/gif]
Saving to: `code/../crawls/www.apple.com/Customer-Privacy-Policy/raw/images.apple.com/global/elements/buttons/submits.gif'

     0K ...                                                   100% 10.2M=0s

2011-12-01 14:38:30 (10.2 MB/s) - `code/../crawls/www.apple.com/Customer-Privacy-Policy/raw/images.apple.com/global/elements/buttons/submits.gif' saved [3506/3506]

--2011-12-01 14:38:30--  http://images.apple.com/promos/images/promofooter_top.png
Reusing existing connection to images.apple.com:80.
HTTP request sent, awaiting response... 200 OK
Length: 450 [image/png]
Saving to: `code/../crawls/www.apple.com/Customer-Privacy-Policy/raw/images.apple.com/promos/images/promofooter_top.png'

     0K                                                       100% 50.0M=0s

2011-12-01 14:38:30 (50.0 MB/s) - `code/../crawls/www.apple.com/Customer-Privacy-Policy/raw/images.apple.com/promos/images/promofooter_top.png' saved [450/450]

--2011-12-01 14:38:30--  http://images.apple.com/promos/images/promofooter_top.gif
Reusing existing connection to images.apple.com:80.
HTTP request sent, awaiting response... 200 OK
Length: 538 [image/gif]
Saving to: `code/../crawls/www.apple.com/Customer-Privacy-Policy/raw/images.apple.com/promos/images/promofooter_top.gif'

     0K                                                       100% 48.5M=0s

2011-12-01 14:38:30 (48.5 MB/s) - `code/../crawls/www.apple.com/Customer-Privacy-Policy/raw/images.apple.com/promos/images/promofooter_top.gif' saved [538/538]

--2011-12-01 14:38:30--  http://images.apple.com/promos/images/promofooter_bottom.png
Reusing existing connection to images.apple.com:80.
HTTP request sent, awaiting response... 200 OK
Length: 2502 (2.4K) [image/png]
Saving to: `code/../crawls/www.apple.com/Customer-Privacy-Policy/raw/images.apple.com/promos/images/promofooter_bottom.png'

     0K ..                                                    100% 10.8M=0s

2011-12-01 14:38:30 (10.8 MB/s) - `code/../crawls/www.apple.com/Customer-Privacy-Policy/raw/images.apple.com/promos/images/promofooter_bottom.png' saved [2502/2502]

--2011-12-01 14:38:30--  http://images.apple.com/promos/images/promofooter_bottom.gif
Reusing existing connection to images.apple.com:80.
HTTP request sent, awaiting response... 200 OK
Length: 6823 (6.7K) [image/gif]
Saving to: `code/../crawls/www.apple.com/Customer-Privacy-Policy/raw/images.apple.com/promos/images/promofooter_bottom.gif'

     0K ......                                                100% 7.10M=0.001s

2011-12-01 14:38:30 (7.10 MB/s) - `code/../crawls/www.apple.com/Customer-Privacy-Policy/raw/images.apple.com/promos/images/promofooter_bottom.gif' saved [6823/6823]

--2011-12-01 14:38:30--  http://images.apple.com/privacy/contact/images/customselect.gif
Reusing existing connection to images.apple.com:80.
HTTP request sent, awaiting response... 200 OK
Length: 880 [image/gif]
Saving to: `code/../crawls/www.apple.com/Customer-Privacy-Policy/raw/images.apple.com/privacy/contact/images/customselect.gif'

     0K                                                       100% 55.7M=0s

2011-12-01 14:38:30 (55.7 MB/s) - `code/../crawls/www.apple.com/Customer-Privacy-Policy/raw/images.apple.com/privacy/contact/images/customselect.gif' saved [880/880]

--2011-12-01 14:38:30--  http://images.apple.com/privacy/contact/images/customselect_bg.gif
Reusing existing connection to images.apple.com:80.
HTTP request sent, awaiting response... 200 OK
Length: 107 [image/gif]
Saving to: `code/../crawls/www.apple.com/Customer-Privacy-Policy/raw/images.apple.com/privacy/contact/images/customselect_bg.gif'

     0K                                                       100% 7.24M=0s

2011-12-01 14:38:30 (7.24 MB/s) - `code/../crawls/www.apple.com/Customer-Privacy-Policy/raw/images.apple.com/privacy/contact/images/customselect_bg.gif' saved [107/107]

--2011-12-01 14:38:30--  http://images.apple.com/privacy/contact/images/customselect_hover.gif
Reusing existing connection to images.apple.com:80.
HTTP request sent, awaiting response... 200 OK
Length: 986 [image/gif]
Saving to: `code/../crawls/www.apple.com/Customer-Privacy-Policy/raw/images.apple.com/privacy/contact/images/customselect_hover.gif'

     0K                                                       100%  101M=0s

2011-12-01 14:38:30 (101 MB/s) - `code/../crawls/www.apple.com/Customer-Privacy-Policy/raw/images.apple.com/privacy/contact/images/customselect_hover.gif' saved [986/986]

--2011-12-01 14:38:30--  http://images.apple.com/privacy/contact/images/customselect_long.gif
Reusing existing connection to images.apple.com:80.
HTTP request sent, awaiting response... 200 OK
Length: 1017 [image/gif]
Saving to: `code/../crawls/www.apple.com/Customer-Privacy-Policy/raw/images.apple.com/privacy/contact/images/customselect_long.gif'

     0K                                                       100%  111M=0s

2011-12-01 14:38:30 (111 MB/s) - `code/../crawls/www.apple.com/Customer-Privacy-Policy/raw/images.apple.com/privacy/contact/images/customselect_long.gif' saved [1017/1017]

--2011-12-01 14:38:30--  http://images.apple.com/privacy/contact/images/customselect_long_hover.gif
Reusing existing connection to images.apple.com:80.
HTTP request sent, awaiting response... 200 OK
Length: 1125 (1.1K) [image/gif]
Saving to: `code/../crawls/www.apple.com/Customer-Privacy-Policy/raw/images.apple.com/privacy/contact/images/customselect_long_hover.gif'

     0K .                                                     100%  108M=0s

2011-12-01 14:38:31 (108 MB/s) - `code/../crawls/www.apple.com/Customer-Privacy-Policy/raw/images.apple.com/privacy/contact/images/customselect_long_hover.gif' saved [1125/1125]

--2011-12-01 14:38:31--  http://images.apple.com/privacy/contact/images/required_label.png
Reusing existing connection to images.apple.com:80.
HTTP request sent, awaiting response... 200 OK
Length: 393 [image/png]
Saving to: `code/../crawls/www.apple.com/Customer-Privacy-Policy/raw/images.apple.com/privacy/contact/images/required_label.png'

     0K                                                       100% 43.8M=0s

2011-12-01 14:38:31 (43.8 MB/s) - `code/../crawls/www.apple.com/Customer-Privacy-Policy/raw/images.apple.com/privacy/contact/images/required_label.png' saved [393/393]

--2011-12-01 14:38:31--  http://images.apple.com/global/scripts/lib/ie7pngfix.htc
Reusing existing connection to images.apple.com:80.
HTTP request sent, awaiting response... 200 OK
Length: 2094 (2.0K) [text/x-component]
Saving to: `code/../crawls/www.apple.com/Customer-Privacy-Policy/raw/images.apple.com/global/scripts/lib/ie7pngfix.htc'

     0K ..                                                    100% 1.10M=0.002s

2011-12-01 14:38:31 (1.10 MB/s) - `code/../crawls/www.apple.com/Customer-Privacy-Policy/raw/images.apple.com/global/scripts/lib/ie7pngfix.htc' saved [2094/2094]

FINISHED --2011-12-01 14:38:31--
Total wall clock time: 3.3s
Downloaded: 111 files, 905K in 0.6s (1.50 MB/s)
Converting code/../crawls/www.apple.com/Customer-Privacy-Policy/raw/www.apple.com/privacy/index.html... 14-25
Converting code/../crawls/www.apple.com/Customer-Privacy-Policy/raw/images.apple.com/privacy/styles/privacy.css... 7-0
Converting code/../crawls/www.apple.com/Customer-Privacy-Policy/raw/images.apple.com/global/nav/styles/navigation.css... 16-0
Converting code/../crawls/www.apple.com/Customer-Privacy-Policy/raw/images.apple.com/global/styles/base.css... 103-0
Converted 4 files in 0.007 seconds.
