--2012-04-14 12:20:14--  http://www.netflix.com/TermsOfUse
Resolving www.netflix.com... 50.19.103.125, 50.19.119.154, 107.20.137.117, ...
Connecting to www.netflix.com|50.19.103.125|:80... connected.
HTTP request sent, awaiting response... 302 Moved Temporarily
Location: http://www2.netflix.com/TermsOfUse [following]
--2012-04-14 12:20:14--  http://www2.netflix.com/TermsOfUse
Resolving www2.netflix.com... 69.53.236.19
Connecting to www2.netflix.com|69.53.236.19|:80... connected.
HTTP request sent, awaiting response... 302 Moved Temporarily
Location: http://www2.netflix.com/TermsOfUse?tcw=1&cqs= [following]
--2012-04-14 12:20:14--  http://www2.netflix.com/TermsOfUse?tcw=1&cqs=
Reusing existing connection to www2.netflix.com:80.
HTTP request sent, awaiting response... 302 Moved Temporarily
Location: http://www2.netflix.com/TermsOfUse [following]
--2012-04-14 12:20:14--  http://www2.netflix.com/TermsOfUse
Reusing existing connection to www2.netflix.com:80.
HTTP request sent, awaiting response... 302 Moved Temporarily
Location: https://signup.netflix.com/TermsOfUse?country=1&rdirfdc=true [following]
--2012-04-14 12:20:14--  https://signup.netflix.com/TermsOfUse?country=1&rdirfdc=true
Resolving signup.netflix.com... 184.73.207.132, 50.16.207.252, 50.19.116.56
Connecting to signup.netflix.com|184.73.207.132|:443... connected.
HTTP request sent, awaiting response... 200 OK
Length: unspecified [text/html]
Saving to: `code/../crawls/www.netflix.com/Terms-of-Use/raw/www.netflix.com/TermsOfUse.html'

     0K .......... .......... .......... .......... ..........  305K
    50K .......... .......... .                                 264K=0.2s

2012-04-14 12:20:15 (291 KB/s) - `code/../crawls/www.netflix.com/Terms-of-Use/raw/www.netflix.com/TermsOfUse.html' saved [73095]

--2012-04-14 12:20:15--  https://netflix.hs.llnwd.net/e1/us/icons/nficon.ico
Resolving netflix.hs.llnwd.net... 69.28.151.90, 69.28.151.91
Connecting to netflix.hs.llnwd.net|69.28.151.90|:443... connected.
HTTP request sent, awaiting response... 200 OK
Length: 1150 (1.1K) [text/plain]
Saving to: `code/../crawls/www.netflix.com/Terms-of-Use/raw/netflix.hs.llnwd.net/e1/us/icons/nficon.ico'

     0K .                                                     100%  523M=0s

2012-04-14 12:20:15 (523 MB/s) - `code/../crawls/www.netflix.com/Terms-of-Use/raw/netflix.hs.llnwd.net/e1/us/icons/nficon.ico' saved [1150/1150]

The name is too long, 454 chars total.
Trying to shorten...
New name is include?f=core;WEB_CSS;89f2da8ea2b828b213e455413120433e%7Cshared;WEB_CSS;89f2da8ea2b828b213e455413120433e%7Cheader_navigation;WEB_CSS;89f2da8ea2b828b213e455413120433e%7CsetLanguagePrefMenu;WEB_CSS;89f2da8ea2b828b213e455413120433e%7Cfoot.
The name is too long, 454 chars total.
Trying to shorten...
New name is include?f=core;WEB_CSS;89f2da8ea2b828b213e455413120433e%7Cshared;WEB_CSS;89f2da8ea2b828b213e455413120433e%7Cheader_navigation;WEB_CSS;89f2da8ea2b828b213e455413120433e%7CsetLanguagePrefMenu;WEB_CSS;89f2da8ea2b828b213e455413120433e%7Cfoot.
--2012-04-14 12:20:15--  https://signup.netflix.com/css/include?f=core;WEB_CSS;89f2da8ea2b828b213e455413120433e%7Cshared;WEB_CSS;89f2da8ea2b828b213e455413120433e%7Cheader_navigation;WEB_CSS;89f2da8ea2b828b213e455413120433e%7CsetLanguagePrefMenu;WEB_CSS;89f2da8ea2b828b213e455413120433e%7Cfooter;WEB_CSS;89f2da8ea2b828b213e455413120433e%7Cregistration_panel;WEB_CSS;89f2da8ea2b828b213e455413120433e%7Clogin_pages;WEB_CSS;89f2da8ea2b828b213e455413120433e%7Csignup_flow;WEB_CSS;89f2da8ea2b828b213e455413120433e%7C
Connecting to signup.netflix.com|184.73.207.132|:443... connected.
HTTP request sent, awaiting response... 200 OK
Length: unspecified [text/css]
Saving to: `code/../crawls/www.netflix.com/Terms-of-Use/raw/signup.netflix.com/css/include?f=core;WEB_CSS;89f2da8ea2b828b213e455413120433e%7Cshared;WEB_CSS;89f2da8ea2b828b213e455413120433e%7Cheader_navigation;WEB_CSS;89f2da8ea2b828b213e455413120433e%7CsetLanguagePrefMenu;WEB_CSS;89f2da8ea2b828b213e455413120433e%7Cfoot.css'

     0K .......... .......... ..........                        253K=0.1s

2012-04-14 12:20:16 (253 KB/s) - `code/../crawls/www.netflix.com/Terms-of-Use/raw/signup.netflix.com/css/include?f=core;WEB_CSS;89f2da8ea2b828b213e455413120433e%7Cshared;WEB_CSS;89f2da8ea2b828b213e455413120433e%7Cheader_navigation;WEB_CSS;89f2da8ea2b828b213e455413120433e%7CsetLanguagePrefMenu;WEB_CSS;89f2da8ea2b828b213e455413120433e%7Cfoot.css' saved [30771]

--2012-04-14 12:20:16--  https://signup.netflix.com/css/include?f=TERMSOFUSE;WEB_CSS;89f2da8ea2b828b213e455413120433e%7C
Reusing existing connection to signup.netflix.com:443.
HTTP request sent, awaiting response... 200 OK
Length: 0 [text/css]
Saving to: `code/../crawls/www.netflix.com/Terms-of-Use/raw/signup.netflix.com/css/include?f=TERMSOFUSE;WEB_CSS;89f2da8ea2b828b213e455413120433e%7C.css'

     0K                                                        0.00 =0s

2012-04-14 12:20:16 (0.00 B/s) - `code/../crawls/www.netflix.com/Terms-of-Use/raw/signup.netflix.com/css/include?f=TERMSOFUSE;WEB_CSS;89f2da8ea2b828b213e455413120433e%7C.css' saved [0/0]

--2012-04-14 12:20:16--  https://signup.netflix.com/js/include?f=frame_bust;WEB_JS;ab18e3cf0ed6ebf70dfb1b82c6d74d76%7C
Reusing existing connection to signup.netflix.com:443.
HTTP request sent, awaiting response... 200 OK
Length: 49 [application/x-javascript]
Saving to: `code/../crawls/www.netflix.com/Terms-of-Use/raw/signup.netflix.com/js/include?f=frame_bust;WEB_JS;ab18e3cf0ed6ebf70dfb1b82c6d74d76%7C'

     0K                                                       100% 38.1M=0s

2012-04-14 12:20:16 (38.1 MB/s) - `code/../crawls/www.netflix.com/Terms-of-Use/raw/signup.netflix.com/js/include?f=frame_bust;WEB_JS;ab18e3cf0ed6ebf70dfb1b82c6d74d76%7C' saved [49/49]

--2012-04-14 12:20:16--  https://signup.netflix.com/js/include?f=modernizr;WEB_JS;ab18e3cf0ed6ebf70dfb1b82c6d74d76%7C
Reusing existing connection to signup.netflix.com:443.
HTTP request sent, awaiting response... 200 OK
Length: unspecified [application/x-javascript]
Saving to: `code/../crawls/www.netflix.com/Terms-of-Use/raw/signup.netflix.com/js/include?f=modernizr;WEB_JS;ab18e3cf0ed6ebf70dfb1b82c6d74d76%7C'

     0K ........                                               10.5M=0.001s

2012-04-14 12:20:16 (10.5 MB/s) - `code/../crawls/www.netflix.com/Terms-of-Use/raw/signup.netflix.com/js/include?f=modernizr;WEB_JS;ab18e3cf0ed6ebf70dfb1b82c6d74d76%7C' saved [8989]

--2012-04-14 12:20:16--  https://netflix.hs.llnwd.net/e1/us/layout/headers/logos/nf_logo.png
Connecting to netflix.hs.llnwd.net|69.28.151.90|:443... connected.
HTTP request sent, awaiting response... 200 OK
Length: 4459 (4.4K) [image/png]
Saving to: `code/../crawls/www.netflix.com/Terms-of-Use/raw/netflix.hs.llnwd.net/e1/us/layout/headers/logos/nf_logo.png'

     0K ....                                                  100% 60.8M=0s

2012-04-14 12:20:16 (60.8 MB/s) - `code/../crawls/www.netflix.com/Terms-of-Use/raw/netflix.hs.llnwd.net/e1/us/layout/headers/logos/nf_logo.png' saved [4459/4459]

--2012-04-14 12:20:16--  https://signup.netflix.com/css/include?f=mainContentStatic;WEB_CSS;89f2da8ea2b828b213e455413120433e%7Clegal;WEB_CSS;89f2da8ea2b828b213e455413120433e%7C
Connecting to signup.netflix.com|184.73.207.132|:443... connected.
HTTP request sent, awaiting response... 200 OK
Length: 4428 (4.3K) [text/css]
Saving to: `code/../crawls/www.netflix.com/Terms-of-Use/raw/signup.netflix.com/css/include?f=mainContentStatic;WEB_CSS;89f2da8ea2b828b213e455413120433e%7Clegal;WEB_CSS;89f2da8ea2b828b213e455413120433e%7C.css'

     0K ....                                                  100%  855M=0s

2012-04-14 12:20:17 (855 MB/s) - `code/../crawls/www.netflix.com/Terms-of-Use/raw/signup.netflix.com/css/include?f=mainContentStatic;WEB_CSS;89f2da8ea2b828b213e455413120433e%7Clegal;WEB_CSS;89f2da8ea2b828b213e455413120433e%7C.css' saved [4428/4428]

--2012-04-14 12:20:17--  https://signup.netflix.com/js/include?f=jquery_1_7_1;WEB_JS;ab18e3cf0ed6ebf70dfb1b82c6d74d76%7Cjquery_ui_1_8_16;WEB_JS;ab18e3cf0ed6ebf70dfb1b82c6d74d76%7C
Reusing existing connection to signup.netflix.com:443.
HTTP request sent, awaiting response... 200 OK
Length: unspecified [application/x-javascript]
Saving to: `code/../crawls/www.netflix.com/Terms-of-Use/raw/signup.netflix.com/js/include?f=jquery_1_7_1;WEB_JS;ab18e3cf0ed6ebf70dfb1b82c6d74d76%7Cjquery_ui_1_8_16;WEB_JS;ab18e3cf0ed6ebf70dfb1b82c6d74d76%7C'

     0K .......... .......... .......... .......... ..........  200K
    50K .......... .......... .......... .......... ..........  305K
   100K .......... ....                                        13.0M=0.4s

2012-04-14 12:20:17 (275 KB/s) - `code/../crawls/www.netflix.com/Terms-of-Use/raw/signup.netflix.com/js/include?f=jquery_1_7_1;WEB_JS;ab18e3cf0ed6ebf70dfb1b82c6d74d76%7Cjquery_ui_1_8_16;WEB_JS;ab18e3cf0ed6ebf70dfb1b82c6d74d76%7C' saved [116846]

--2012-04-14 12:20:17--  https://signup.netflix.com/js/include?f=tracking;WEB_JS;ab18e3cf0ed6ebf70dfb1b82c6d74d76%7Cnflib_namespace;WEB_JS;ab18e3cf0ed6ebf70dfb1b82c6d74d76%7Cnfjs_constants;WEB_JS;ab18e3cf0ed6ebf70dfb1b82c6d74d76%7C
Reusing existing connection to signup.netflix.com:443.
HTTP request sent, awaiting response... 200 OK
Length: 1670 (1.6K) [application/x-javascript]
Saving to: `code/../crawls/www.netflix.com/Terms-of-Use/raw/signup.netflix.com/js/include?f=tracking;WEB_JS;ab18e3cf0ed6ebf70dfb1b82c6d74d76%7Cnflib_namespace;WEB_JS;ab18e3cf0ed6ebf70dfb1b82c6d74d76%7Cnfjs_constants;WEB_JS;ab18e3cf0ed6ebf70dfb1b82c6d74d76%7C'

     0K .                                                     100% 1.13G=0s

2012-04-14 12:20:17 (1.13 GB/s) - `code/../crawls/www.netflix.com/Terms-of-Use/raw/signup.netflix.com/js/include?f=tracking;WEB_JS;ab18e3cf0ed6ebf70dfb1b82c6d74d76%7Cnflib_namespace;WEB_JS;ab18e3cf0ed6ebf70dfb1b82c6d74d76%7Cnfjs_constants;WEB_JS;ab18e3cf0ed6ebf70dfb1b82c6d74d76%7C' saved [1670/1670]

The name is too long, 290 chars total.
Trying to shorten...
New name is include?f=registration;WEB_JS;ab18e3cf0ed6ebf70dfb1b82c6d74d76%7Cnflib_html5_shim;WEB_JS;ab18e3cf0ed6ebf70dfb1b82c6d74d76%7Cnflib_utils_common;WEB_JS;ab18e3cf0ed6ebf70dfb1b82c6d74d76%7Cbootstrap;WEB_JS;ab18e3cf0ed6ebf70dfb1b82c6d74d76%7.
The name is too long, 290 chars total.
Trying to shorten...
New name is include?f=registration;WEB_JS;ab18e3cf0ed6ebf70dfb1b82c6d74d76%7Cnflib_html5_shim;WEB_JS;ab18e3cf0ed6ebf70dfb1b82c6d74d76%7Cnflib_utils_common;WEB_JS;ab18e3cf0ed6ebf70dfb1b82c6d74d76%7Cbootstrap;WEB_JS;ab18e3cf0ed6ebf70dfb1b82c6d74d76%7.
--2012-04-14 12:20:17--  https://signup.netflix.com/js/include?f=registration;WEB_JS;ab18e3cf0ed6ebf70dfb1b82c6d74d76%7Cnflib_html5_shim;WEB_JS;ab18e3cf0ed6ebf70dfb1b82c6d74d76%7Cnflib_utils_common;WEB_JS;ab18e3cf0ed6ebf70dfb1b82c6d74d76%7Cbootstrap;WEB_JS;ab18e3cf0ed6ebf70dfb1b82c6d74d76%7CTERMSOFUSE;WEB_JS;ab18e3cf0ed6ebf70dfb1b82c6d74d76%7C
Reusing existing connection to signup.netflix.com:443.
HTTP request sent, awaiting response... 200 OK
Length: unspecified [application/x-javascript]
Saving to: `code/../crawls/www.netflix.com/Terms-of-Use/raw/signup.netflix.com/js/include?f=registration;WEB_JS;ab18e3cf0ed6ebf70dfb1b82c6d74d76%7Cnflib_html5_shim;WEB_JS;ab18e3cf0ed6ebf70dfb1b82c6d74d76%7Cnflib_utils_common;WEB_JS;ab18e3cf0ed6ebf70dfb1b82c6d74d76%7Cbootstrap;WEB_JS;ab18e3cf0ed6ebf70dfb1b82c6d74d76%7'

     0K .......... ...                                         9.52M=0.001s

2012-04-14 12:20:17 (9.52 MB/s) - `code/../crawls/www.netflix.com/Terms-of-Use/raw/signup.netflix.com/js/include?f=registration;WEB_JS;ab18e3cf0ed6ebf70dfb1b82c6d74d76%7Cnflib_html5_shim;WEB_JS;ab18e3cf0ed6ebf70dfb1b82c6d74d76%7Cnflib_utils_common;WEB_JS;ab18e3cf0ed6ebf70dfb1b82c6d74d76%7Cbootstrap;WEB_JS;ab18e3cf0ed6ebf70dfb1b82c6d74d76%7' saved [14175]

--2012-04-14 12:20:17--  https://netflix.hs.llnwd.net/e1/us/icons/svf_std_error_s.gif
Connecting to netflix.hs.llnwd.net|69.28.151.90|:443... connected.
HTTP request sent, awaiting response... 200 OK
Length: 683 [image/gif]
Saving to: `code/../crawls/www.netflix.com/Terms-of-Use/raw/netflix.hs.llnwd.net/e1/us/icons/svf_std_error_s.gif'

     0K                                                       100%  393M=0s

2012-04-14 12:20:17 (393 MB/s) - `code/../crawls/www.netflix.com/Terms-of-Use/raw/netflix.hs.llnwd.net/e1/us/icons/svf_std_error_s.gif' saved [683/683]

--2012-04-14 12:20:17--  https://netflix.hs.llnwd.net/e1/us/icons/svf_std_confirm_s.gif
Reusing existing connection to netflix.hs.llnwd.net:443.
HTTP request sent, awaiting response... 200 OK
Length: 303 [image/gif]
Saving to: `code/../crawls/www.netflix.com/Terms-of-Use/raw/netflix.hs.llnwd.net/e1/us/icons/svf_std_confirm_s.gif'

     0K                                                       100%  257M=0s

2012-04-14 12:20:17 (257 MB/s) - `code/../crawls/www.netflix.com/Terms-of-Use/raw/netflix.hs.llnwd.net/e1/us/icons/svf_std_confirm_s.gif' saved [303/303]

--2012-04-14 12:20:17--  https://netflix.hs.llnwd.net/e1/us/layout/signup/950/b3/padlock_sm.gif
Reusing existing connection to netflix.hs.llnwd.net:443.
HTTP request sent, awaiting response... 200 OK
Length: 913 [image/gif]
Saving to: `code/../crawls/www.netflix.com/Terms-of-Use/raw/netflix.hs.llnwd.net/e1/us/layout/signup/950/b3/padlock_sm.gif'

     0K                                                       100%  575M=0s

2012-04-14 12:20:17 (575 MB/s) - `code/../crawls/www.netflix.com/Terms-of-Use/raw/netflix.hs.llnwd.net/e1/us/layout/signup/950/b3/padlock_sm.gif' saved [913/913]

--2012-04-14 12:20:17--  https://netflix.hs.llnwd.net/e1/us/pages/templates/base/button_icons.gif
Reusing existing connection to netflix.hs.llnwd.net:443.
HTTP request sent, awaiting response... 200 OK
Length: 1656 (1.6K) [image/gif]
Saving to: `code/../crawls/www.netflix.com/Terms-of-Use/raw/netflix.hs.llnwd.net/e1/us/pages/templates/base/button_icons.gif'

     0K .                                                     100%  910M=0s

2012-04-14 12:20:17 (910 MB/s) - `code/../crawls/www.netflix.com/Terms-of-Use/raw/netflix.hs.llnwd.net/e1/us/pages/templates/base/button_icons.gif' saved [1656/1656]

--2012-04-14 12:20:17--  https://netflix.hs.llnwd.net/e1/us/pages/templates/base/button_bg.png
Reusing existing connection to netflix.hs.llnwd.net:443.
HTTP request sent, awaiting response... 200 OK
Length: 316 [image/png]
Saving to: `code/../crawls/www.netflix.com/Terms-of-Use/raw/netflix.hs.llnwd.net/e1/us/pages/templates/base/button_bg.png'

     0K                                                       100%  288M=0s

2012-04-14 12:20:17 (288 MB/s) - `code/../crawls/www.netflix.com/Terms-of-Use/raw/netflix.hs.llnwd.net/e1/us/pages/templates/base/button_bg.png' saved [316/316]

--2012-04-14 12:20:17--  https://netflix.hs.llnwd.net/e1/us/icons/error.gif
Reusing existing connection to netflix.hs.llnwd.net:443.
HTTP request sent, awaiting response... 200 OK
Length: 2179 (2.1K) [image/gif]
Saving to: `code/../crawls/www.netflix.com/Terms-of-Use/raw/netflix.hs.llnwd.net/e1/us/icons/error.gif'

     0K ..                                                    100% 1.15G=0s

2012-04-14 12:20:17 (1.15 GB/s) - `code/../crawls/www.netflix.com/Terms-of-Use/raw/netflix.hs.llnwd.net/e1/us/icons/error.gif' saved [2179/2179]

--2012-04-14 12:20:17--  https://netflix.hs.llnwd.net/e1/us/icons/svf_std_info_s.gif
Reusing existing connection to netflix.hs.llnwd.net:443.
HTTP request sent, awaiting response... 200 OK
Length: 739 [image/gif]
Saving to: `code/../crawls/www.netflix.com/Terms-of-Use/raw/netflix.hs.llnwd.net/e1/us/icons/svf_std_info_s.gif'

     0K                                                       100%  591M=0s

2012-04-14 12:20:17 (591 MB/s) - `code/../crawls/www.netflix.com/Terms-of-Use/raw/netflix.hs.llnwd.net/e1/us/icons/svf_std_info_s.gif' saved [739/739]

--2012-04-14 12:20:17--  https://netflix.hs.llnwd.net/e1/us/layout/ecweb/overview/blue_gradient.jpg
Reusing existing connection to netflix.hs.llnwd.net:443.
HTTP request sent, awaiting response... 200 OK
Length: 678 [image/jpeg]
Saving to: `code/../crawls/www.netflix.com/Terms-of-Use/raw/netflix.hs.llnwd.net/e1/us/layout/ecweb/overview/blue_gradient.jpg'

     0K                                                       100%  476M=0s

2012-04-14 12:20:17 (476 MB/s) - `code/../crawls/www.netflix.com/Terms-of-Use/raw/netflix.hs.llnwd.net/e1/us/layout/ecweb/overview/blue_gradient.jpg' saved [678/678]

--2012-04-14 12:20:17--  https://netflix.hs.llnwd.net/e1/us/layout/ecweb/common/gray_gradient.png
Reusing existing connection to netflix.hs.llnwd.net:443.
HTTP request sent, awaiting response... 200 OK
Length: 1186 (1.2K) [image/png]
Saving to: `code/../crawls/www.netflix.com/Terms-of-Use/raw/netflix.hs.llnwd.net/e1/us/layout/ecweb/common/gray_gradient.png'

     0K .                                                     100%  796M=0s

2012-04-14 12:20:17 (796 MB/s) - `code/../crawls/www.netflix.com/Terms-of-Use/raw/netflix.hs.llnwd.net/e1/us/layout/ecweb/common/gray_gradient.png' saved [1186/1186]

--2012-04-14 12:20:17--  https://netflix.hs.llnwd.net/e1/us/facebook/facebooklogo_26_30.jpg
Reusing existing connection to netflix.hs.llnwd.net:443.
HTTP request sent, awaiting response... 200 OK
Length: 2170 (2.1K) [image/jpeg]
Saving to: `code/../crawls/www.netflix.com/Terms-of-Use/raw/netflix.hs.llnwd.net/e1/us/facebook/facebooklogo_26_30.jpg'

     0K ..                                                    100% 1.10G=0s

2012-04-14 12:20:17 (1.10 GB/s) - `code/../crawls/www.netflix.com/Terms-of-Use/raw/netflix.hs.llnwd.net/e1/us/facebook/facebooklogo_26_30.jpg' saved [2170/2170]

--2012-04-14 12:20:17--  https://netflix.hs.llnwd.net/e1/us/layout/ecweb/text/one_mo_free_trial_85x85.png
Reusing existing connection to netflix.hs.llnwd.net:443.
HTTP request sent, awaiting response... 200 OK
Length: 10855 (11K) [image/png]
Saving to: `code/../crawls/www.netflix.com/Terms-of-Use/raw/netflix.hs.llnwd.net/e1/us/layout/ecweb/text/one_mo_free_trial_85x85.png'

     0K ..........                                            100% 5.35M=0.002s

2012-04-14 12:20:17 (5.35 MB/s) - `code/../crawls/www.netflix.com/Terms-of-Use/raw/netflix.hs.llnwd.net/e1/us/layout/ecweb/text/one_mo_free_trial_85x85.png' saved [10855/10855]

--2012-04-14 12:20:17--  https://netflix.hs.llnwd.net/e1/us/layout/ecweb/text/one_mo_free_trial_85x85_fr.png
Reusing existing connection to netflix.hs.llnwd.net:443.
HTTP request sent, awaiting response... 200 OK
Length: 7823 (7.6K) [image/png]
Saving to: `code/../crawls/www.netflix.com/Terms-of-Use/raw/netflix.hs.llnwd.net/e1/us/layout/ecweb/text/one_mo_free_trial_85x85_fr.png'

     0K .......                                               100% 57.5M=0s

2012-04-14 12:20:17 (57.5 MB/s) - `code/../crawls/www.netflix.com/Terms-of-Use/raw/netflix.hs.llnwd.net/e1/us/layout/ecweb/text/one_mo_free_trial_85x85_fr.png' saved [7823/7823]

--2012-04-14 12:20:17--  https://netflix.hs.llnwd.net/e1/us/layout/ecweb/login/login_logout.jpg
Reusing existing connection to netflix.hs.llnwd.net:443.
HTTP request sent, awaiting response... 200 OK
Length: 38667 (38K) [image/jpeg]
Saving to: `code/../crawls/www.netflix.com/Terms-of-Use/raw/netflix.hs.llnwd.net/e1/us/layout/ecweb/login/login_logout.jpg'

     0K .......... .......... .......... .......              100% 11.6M=0.003s

2012-04-14 12:20:17 (11.6 MB/s) - `code/../crawls/www.netflix.com/Terms-of-Use/raw/netflix.hs.llnwd.net/e1/us/layout/ecweb/login/login_logout.jpg' saved [38667/38667]

--2012-04-14 12:20:17--  https://netflix.hs.llnwd.net/e1/us/layout/ecweb/text/one_mo_free_trial_150x150.png
Reusing existing connection to netflix.hs.llnwd.net:443.
HTTP request sent, awaiting response... 200 OK
Length: 14192 (14K) [image/png]
Saving to: `code/../crawls/www.netflix.com/Terms-of-Use/raw/netflix.hs.llnwd.net/e1/us/layout/ecweb/text/one_mo_free_trial_150x150.png'

     0K .......... ...                                        100% 11.9M=0.001s

2012-04-14 12:20:18 (11.9 MB/s) - `code/../crawls/www.netflix.com/Terms-of-Use/raw/netflix.hs.llnwd.net/e1/us/layout/ecweb/text/one_mo_free_trial_150x150.png' saved [14192/14192]

--2012-04-14 12:20:18--  https://netflix.hs.llnwd.net/e1/us/layout/ecweb/text/one_mo_free_trial_150x150_fr.png
Reusing existing connection to netflix.hs.llnwd.net:443.
HTTP request sent, awaiting response... 200 OK
Length: 14065 (14K) [image/png]
Saving to: `code/../crawls/www.netflix.com/Terms-of-Use/raw/netflix.hs.llnwd.net/e1/us/layout/ecweb/text/one_mo_free_trial_150x150_fr.png'

     0K .......... ...                                        100%  249M=0s

2012-04-14 12:20:18 (249 MB/s) - `code/../crawls/www.netflix.com/Terms-of-Use/raw/netflix.hs.llnwd.net/e1/us/layout/ecweb/text/one_mo_free_trial_150x150_fr.png' saved [14065/14065]

--2012-04-14 12:20:18--  https://netflix.hs.llnwd.net/e1/us/layout/ecweb/check_black.png
Reusing existing connection to netflix.hs.llnwd.net:443.
HTTP request sent, awaiting response... 200 OK
Length: 1133 (1.1K) [image/png]
Saving to: `code/../crawls/www.netflix.com/Terms-of-Use/raw/netflix.hs.llnwd.net/e1/us/layout/ecweb/check_black.png'

     0K .                                                     100% 22.7M=0s

2012-04-14 12:20:18 (22.7 MB/s) - `code/../crawls/www.netflix.com/Terms-of-Use/raw/netflix.hs.llnwd.net/e1/us/layout/ecweb/check_black.png' saved [1133/1133]

--2012-04-14 12:20:18--  https://netflix.hs.llnwd.net/e1/us/icons/padlock.gif
Reusing existing connection to netflix.hs.llnwd.net:443.
HTTP request sent, awaiting response... 200 OK
Length: 306 [image/gif]
Saving to: `code/../crawls/www.netflix.com/Terms-of-Use/raw/netflix.hs.llnwd.net/e1/us/icons/padlock.gif'

     0K                                                       100%  270M=0s

2012-04-14 12:20:18 (270 MB/s) - `code/../crawls/www.netflix.com/Terms-of-Use/raw/netflix.hs.llnwd.net/e1/us/icons/padlock.gif' saved [306/306]

--2012-04-14 12:20:18--  https://netflix.hs.llnwd.net/e1/us/layout/signup/snippets/cclogos_horiz_pp.jpg
Reusing existing connection to netflix.hs.llnwd.net:443.
HTTP request sent, awaiting response... 200 OK
Length: 21411 (21K) [image/jpeg]
Saving to: `code/../crawls/www.netflix.com/Terms-of-Use/raw/netflix.hs.llnwd.net/e1/us/layout/signup/snippets/cclogos_horiz_pp.jpg'

     0K .......... ..........                                 100% 10.9M=0.002s

2012-04-14 12:20:18 (10.9 MB/s) - `code/../crawls/www.netflix.com/Terms-of-Use/raw/netflix.hs.llnwd.net/e1/us/layout/signup/snippets/cclogos_horiz_pp.jpg' saved [21411/21411]

--2012-04-14 12:20:18--  https://netflix.hs.llnwd.net/e1/us/pages/account/paypal/PPlogo_50x34.gif
Reusing existing connection to netflix.hs.llnwd.net:443.
HTTP request sent, awaiting response... 200 OK
Length: 13731 (13K) [image/gif]
Saving to: `code/../crawls/www.netflix.com/Terms-of-Use/raw/netflix.hs.llnwd.net/e1/us/pages/account/paypal/PPlogo_50x34.gif'

     0K .......... ...                                        100% 5.22M=0.003s

2012-04-14 12:20:18 (5.22 MB/s) - `code/../crawls/www.netflix.com/Terms-of-Use/raw/netflix.hs.llnwd.net/e1/us/pages/account/paypal/PPlogo_50x34.gif' saved [13731/13731]

--2012-04-14 12:20:18--  https://netflix.hs.llnwd.net/e1/us/layout/page_titles/bgvignette/950w/Blank.jpg
Reusing existing connection to netflix.hs.llnwd.net:443.
HTTP request sent, awaiting response... 200 OK
Length: 3307 (3.2K) [image/jpeg]
Saving to: `code/../crawls/www.netflix.com/Terms-of-Use/raw/netflix.hs.llnwd.net/e1/us/layout/page_titles/bgvignette/950w/Blank.jpg'

     0K ...                                                   100% 2.25M=0.001s

2012-04-14 12:20:18 (2.25 MB/s) - `code/../crawls/www.netflix.com/Terms-of-Use/raw/netflix.hs.llnwd.net/e1/us/layout/page_titles/bgvignette/950w/Blank.jpg' saved [3307/3307]

FINISHED --2012-04-14 12:20:18--
Total wall clock time: 3.4s
Downloaded: 31 files, 383K in 0.8s (482 KB/s)
Converting code/../crawls/www.netflix.com/Terms-of-Use/raw/www.netflix.com/TermsOfUse.html... 44-0
Converting code/../crawls/www.netflix.com/Terms-of-Use/raw/signup.netflix.com/css/include?f=TERMSOFUSE;WEB_CSS;89f2da8ea2b828b213e455413120433e%7C.css... nothing to do.
Converting code/../crawls/www.netflix.com/Terms-of-Use/raw/signup.netflix.com/css/include?f=mainContentStatic;WEB_CSS;89f2da8ea2b828b213e455413120433e%7Clegal;WEB_CSS;89f2da8ea2b828b213e455413120433e%7C.css... 1-0
Converting code/../crawls/www.netflix.com/Terms-of-Use/raw/signup.netflix.com/css/include?f=core;WEB_CSS;89f2da8ea2b828b213e455413120433e%7Cshared;WEB_CSS;89f2da8ea2b828b213e455413120433e%7Cheader_navigation;WEB_CSS;89f2da8ea2b828b213e455413120433e%7CsetLanguagePrefMenu;WEB_CSS;89f2da8ea2b828b213e455413120433e%7Cfoot.css... 23-0
Converted 4 files in 0.003 seconds.
