--2011-12-01 14:41:49--  http://www.youtube.com/t/privacy
Resolving www.youtube.com (www.youtube.com)... 74.125.39.136, 74.125.39.190, 74.125.39.91, ...
Connecting to www.youtube.com (www.youtube.com)|74.125.39.136|:80... connected.
HTTP request sent, awaiting response... 200 OK
Length: unspecified [text/html]
Saving to: `code/../crawls/www.youtube.com/Privacy-Notice/raw/www.youtube.com/t/privacy.html'

     0K .......... .......... ..........                        141K=0.2s

2011-12-01 14:41:50 (141 KB/s) - `code/../crawls/www.youtube.com/Privacy-Notice/raw/www.youtube.com/t/privacy.html' saved [30777]

--2011-12-01 14:41:50--  http://s.ytimg.com/yt/favicon-vflZlzSbU.ico
Resolving s.ytimg.com (s.ytimg.com)... 74.125.39.100, 74.125.39.101, 74.125.39.102, ...
Connecting to s.ytimg.com (s.ytimg.com)|74.125.39.100|:80... connected.
HTTP request sent, awaiting response... 200 OK
Length: 1150 (1.1K) [image/x-icon]
Saving to: `code/../crawls/www.youtube.com/Privacy-Notice/raw/s.ytimg.com/yt/favicon-vflZlzSbU.ico'

     0K .                                                     100%  104M=0s

2011-12-01 14:41:50 (104 MB/s) - `code/../crawls/www.youtube.com/Privacy-Notice/raw/s.ytimg.com/yt/favicon-vflZlzSbU.ico' saved [1150/1150]

--2011-12-01 14:41:50--  http://s.ytimg.com/yt/cssbin/www-core-vflu5oXQ1.css
Reusing existing connection to s.ytimg.com:80.
HTTP request sent, awaiting response... 200 OK
Length: unspecified [text/css]
Saving to: `code/../crawls/www.youtube.com/Privacy-Notice/raw/s.ytimg.com/yt/cssbin/www-core-vflu5oXQ1.css'

     0K .......... .......... .......... .......... ..........  117K
    50K .......... .......... .......... .......... ..........  156K
   100K .......... .......... .......... .......... ..........  560K
   150K .......... .......... .......... .......... ..........  409K
   200K .......... .......... .......... .......... ..........  371K
   250K                                                        1801G=1.1s

2011-12-01 14:41:51 (230 KB/s) - `code/../crawls/www.youtube.com/Privacy-Notice/raw/s.ytimg.com/yt/cssbin/www-core-vflu5oXQ1.css' saved [256967]

--2011-12-01 14:41:51--  http://s.ytimg.com/yt/cssbin/www-the-rest-vflNb6rAI.css
Reusing existing connection to s.ytimg.com:80.
HTTP request sent, awaiting response... 200 OK
Length: unspecified [text/css]
Saving to: `code/../crawls/www.youtube.com/Privacy-Notice/raw/s.ytimg.com/yt/cssbin/www-the-rest-vflNb6rAI.css'

     0K ........                                               2.53M=0.003s

2011-12-01 14:41:51 (2.53 MB/s) - `code/../crawls/www.youtube.com/Privacy-Notice/raw/s.ytimg.com/yt/cssbin/www-the-rest-vflNb6rAI.css' saved [8463]

--2011-12-01 14:41:51--  http://s.ytimg.com/yt/cssbin/www-static-vflEa4G0a.css
Reusing existing connection to s.ytimg.com:80.
HTTP request sent, awaiting response... 200 OK
Length: unspecified [text/css]
Saving to: `code/../crawls/www.youtube.com/Privacy-Notice/raw/s.ytimg.com/yt/cssbin/www-static-vflEa4G0a.css'

     0K .......... .......... .......... .....                 3.50M=0.01s

2011-12-01 14:41:52 (3.50 MB/s) - `code/../crawls/www.youtube.com/Privacy-Notice/raw/s.ytimg.com/yt/cssbin/www-static-vflEa4G0a.css' saved [35964]

--2011-12-01 14:41:52--  http://s.ytimg.com/yt/img/doodles/aids_day_yoodle_5-vflPFqYHz.png
Reusing existing connection to s.ytimg.com:80.
HTTP request sent, awaiting response... 200 OK
Length: 8283 (8.1K) [image/png]
Saving to: `code/../crawls/www.youtube.com/Privacy-Notice/raw/s.ytimg.com/yt/img/doodles/aids_day_yoodle_5-vflPFqYHz.png'

     0K ........                                              100% 2.50M=0.003s

2011-12-01 14:41:52 (2.50 MB/s) - `code/../crawls/www.youtube.com/Privacy-Notice/raw/s.ytimg.com/yt/img/doodles/aids_day_yoodle_5-vflPFqYHz.png' saved [8283/8283]

--2011-12-01 14:41:52--  http://s.ytimg.com/yt/img/pixel-vfl3z5WfW.gif
Reusing existing connection to s.ytimg.com:80.
HTTP request sent, awaiting response... 200 OK
Length: 43 [image/gif]
Saving to: `code/../crawls/www.youtube.com/Privacy-Notice/raw/s.ytimg.com/yt/img/pixel-vfl3z5WfW.gif'

     0K                                                       100% 4.33M=0s

2011-12-01 14:41:52 (4.33 MB/s) - `code/../crawls/www.youtube.com/Privacy-Notice/raw/s.ytimg.com/yt/img/pixel-vfl3z5WfW.gif' saved [43/43]

--2011-12-01 14:41:52--  http://s.ytimg.com/yt/jsbin/www-core-with-searchbox-vflwYlzYa.js
Reusing existing connection to s.ytimg.com:80.
HTTP request sent, awaiting response... 200 OK
Length: unspecified [application/x-javascript]
Saving to: `code/../crawls/www.youtube.com/Privacy-Notice/raw/s.ytimg.com/yt/jsbin/www-core-with-searchbox-vflwYlzYa.js'

     0K .......... .......... .......... .......... .......... 2.34M
    50K .......... .......... .......... .......... .......... 2.14M
   100K .......... .......... .......... .......... ..........  304K
   150K .......... .......... .......... .......... .......... 2.19M
   200K .......... .......... .......... .......... ..........  361K
   250K .......... .......... .......... .                     1.08M=0.4s

2011-12-01 14:41:53 (709 KB/s) - `code/../crawls/www.youtube.com/Privacy-Notice/raw/s.ytimg.com/yt/jsbin/www-core-with-searchbox-vflwYlzYa.js' saved [288020]

--2011-12-01 14:41:53--  http://s.ytimg.com/yt/imgbin/www-master-vfl_fhxaF.png
Reusing existing connection to s.ytimg.com:80.
HTTP request sent, awaiting response... 200 OK
Length: 25963 (25K) [image/png]
Saving to: `code/../crawls/www.youtube.com/Privacy-Notice/raw/s.ytimg.com/yt/imgbin/www-master-vfl_fhxaF.png'

     0K .......... .......... .....                           100% 3.27M=0.008s

2011-12-01 14:41:53 (3.27 MB/s) - `code/../crawls/www.youtube.com/Privacy-Notice/raw/s.ytimg.com/yt/imgbin/www-master-vfl_fhxaF.png' saved [25963/25963]

--2011-12-01 14:41:53--  http://s.ytimg.com/yt/img/iyt-vflcrK378.png
Reusing existing connection to s.ytimg.com:80.
HTTP request sent, awaiting response... 200 OK
Length: 3474 (3.4K) [image/png]
Saving to: `code/../crawls/www.youtube.com/Privacy-Notice/raw/s.ytimg.com/yt/img/iyt-vflcrK378.png'

     0K ...                                                   100% 28.5M=0s

2011-12-01 14:41:53 (28.5 MB/s) - `code/../crawls/www.youtube.com/Privacy-Notice/raw/s.ytimg.com/yt/img/iyt-vflcrK378.png' saved [3474/3474]

--2011-12-01 14:41:53--  http://s.ytimg.com/yt/img/ticker-vflhWwz8n.png
Reusing existing connection to s.ytimg.com:80.
HTTP request sent, awaiting response... 200 OK
Length: 187 [image/png]
Saving to: `code/../crawls/www.youtube.com/Privacy-Notice/raw/s.ytimg.com/yt/img/ticker-vflhWwz8n.png'

     0K                                                       100% 19.5M=0s

2011-12-01 14:41:53 (19.5 MB/s) - `code/../crawls/www.youtube.com/Privacy-Notice/raw/s.ytimg.com/yt/img/ticker-vflhWwz8n.png' saved [187/187]

--2011-12-01 14:41:53--  http://s.ytimg.com/yt/imgbin/www-lwbanner-vflDGOCAo.png
Reusing existing connection to s.ytimg.com:80.
HTTP request sent, awaiting response... 200 OK
Length: 3078 (3.0K) [image/png]
Saving to: `code/../crawls/www.youtube.com/Privacy-Notice/raw/s.ytimg.com/yt/imgbin/www-lwbanner-vflDGOCAo.png'

     0K ...                                                   100% 35.2M=0s

2011-12-01 14:41:53 (35.2 MB/s) - `code/../crawls/www.youtube.com/Privacy-Notice/raw/s.ytimg.com/yt/imgbin/www-lwbanner-vflDGOCAo.png' saved [3078/3078]

--2011-12-01 14:41:53--  http://s.ytimg.com/yt/img/playlist_bar/clock-vflFv2NJv.png
Reusing existing connection to s.ytimg.com:80.
HTTP request sent, awaiting response... 200 OK
Length: 2641 (2.6K) [image/png]
Saving to: `code/../crawls/www.youtube.com/Privacy-Notice/raw/s.ytimg.com/yt/img/playlist_bar/clock-vflFv2NJv.png'

     0K ..                                                    100%  182M=0s

2011-12-01 14:41:53 (182 MB/s) - `code/../crawls/www.youtube.com/Privacy-Notice/raw/s.ytimg.com/yt/img/playlist_bar/clock-vflFv2NJv.png' saved [2641/2641]

--2011-12-01 14:41:53--  http://s.ytimg.com/yt/img/playlist_bar/heart-vfleakJiK.png
Reusing existing connection to s.ytimg.com:80.
HTTP request sent, awaiting response... 200 OK
Length: 1941 (1.9K) [image/png]
Saving to: `code/../crawls/www.youtube.com/Privacy-Notice/raw/s.ytimg.com/yt/img/playlist_bar/heart-vfleakJiK.png'

     0K .                                                     100%  138M=0s

2011-12-01 14:41:54 (138 MB/s) - `code/../crawls/www.youtube.com/Privacy-Notice/raw/s.ytimg.com/yt/img/playlist_bar/heart-vfleakJiK.png' saved [1941/1941]

--2011-12-01 14:41:54--  http://s.ytimg.com/yt/img/playlist_bar/thumb-vflIo5STb.png
Reusing existing connection to s.ytimg.com:80.
HTTP request sent, awaiting response... 200 OK
Length: 1759 (1.7K) [image/png]
Saving to: `code/../crawls/www.youtube.com/Privacy-Notice/raw/s.ytimg.com/yt/img/playlist_bar/thumb-vflIo5STb.png'

     0K .                                                     100%  126M=0s

2011-12-01 14:41:54 (126 MB/s) - `code/../crawls/www.youtube.com/Privacy-Notice/raw/s.ytimg.com/yt/img/playlist_bar/thumb-vflIo5STb.png' saved [1759/1759]

--2011-12-01 14:41:54--  http://s.ytimg.com/yt/imgbin/www-refresh-vfl3IcHHw.png
Reusing existing connection to s.ytimg.com:80.
HTTP request sent, awaiting response... 200 OK
Length: 35522 (35K) [image/png]
Saving to: `code/../crawls/www.youtube.com/Privacy-Notice/raw/s.ytimg.com/yt/imgbin/www-refresh-vfl3IcHHw.png'

     0K .......... .......... .......... ....                 100% 1.68M=0.02s

2011-12-01 14:41:54 (1.68 MB/s) - `code/../crawls/www.youtube.com/Privacy-Notice/raw/s.ytimg.com/yt/imgbin/www-refresh-vfl3IcHHw.png' saved [35522/35522]

--2011-12-01 14:41:54--  http://s.ytimg.com/yt/img/search_tip_lightbulb-vflUfu55a.png
Reusing existing connection to s.ytimg.com:80.
HTTP request sent, awaiting response... 200 OK
Length: 256 [image/png]
Saving to: `code/../crawls/www.youtube.com/Privacy-Notice/raw/s.ytimg.com/yt/img/search_tip_lightbulb-vflUfu55a.png'

     0K                                                       100% 26.4M=0s

2011-12-01 14:41:54 (26.4 MB/s) - `code/../crawls/www.youtube.com/Privacy-Notice/raw/s.ytimg.com/yt/img/search_tip_lightbulb-vflUfu55a.png' saved [256/256]

--2011-12-01 14:41:54--  http://s.ytimg.com/yt/img/video_cluster_border-vflZPPosM.gif
Reusing existing connection to s.ytimg.com:80.
HTTP request sent, awaiting response... 200 OK
Length: 328 [image/gif]
Saving to: `code/../crawls/www.youtube.com/Privacy-Notice/raw/s.ytimg.com/yt/img/video_cluster_border-vflZPPosM.gif'

     0K                                                       100% 29.9M=0s

2011-12-01 14:41:54 (29.9 MB/s) - `code/../crawls/www.youtube.com/Privacy-Notice/raw/s.ytimg.com/yt/img/video_cluster_border-vflZPPosM.gif' saved [328/328]

--2011-12-01 14:41:54--  http://s.ytimg.com/yt/imgbin/www-sharing-vflMN7TfV.png
Reusing existing connection to s.ytimg.com:80.
HTTP request sent, awaiting response... 200 OK
Length: 38774 (38K) [image/png]
Saving to: `code/../crawls/www.youtube.com/Privacy-Notice/raw/s.ytimg.com/yt/imgbin/www-sharing-vflMN7TfV.png'

     0K .......... .......... .......... .......              100%  860K=0.04s

2011-12-01 14:41:55 (860 KB/s) - `code/../crawls/www.youtube.com/Privacy-Notice/raw/s.ytimg.com/yt/imgbin/www-sharing-vflMN7TfV.png' saved [38774/38774]

--2011-12-01 14:41:55--  http://s.ytimg.com/yt/img/subscription_arrow-vflVeeo9t.png
Reusing existing connection to s.ytimg.com:80.
HTTP request sent, awaiting response... 200 OK
Length: 137 [image/png]
Saving to: `code/../crawls/www.youtube.com/Privacy-Notice/raw/s.ytimg.com/yt/img/subscription_arrow-vflVeeo9t.png'

     0K                                                       100% 10.1M=0s

2011-12-01 14:41:55 (10.1 MB/s) - `code/../crawls/www.youtube.com/Privacy-Notice/raw/s.ytimg.com/yt/img/subscription_arrow-vflVeeo9t.png' saved [137/137]

--2011-12-01 14:41:55--  http://s.ytimg.com/yt/img/activity_indicator-vfl6QjGyi.gif
Reusing existing connection to s.ytimg.com:80.
HTTP request sent, awaiting response... 200 OK
Length: 1780 (1.7K) [image/gif]
Saving to: `code/../crawls/www.youtube.com/Privacy-Notice/raw/s.ytimg.com/yt/img/activity_indicator-vfl6QjGyi.gif'

     0K .                                                     100%  131M=0s

2011-12-01 14:41:55 (131 MB/s) - `code/../crawls/www.youtube.com/Privacy-Notice/raw/s.ytimg.com/yt/img/activity_indicator-vfl6QjGyi.gif' saved [1780/1780]

--2011-12-01 14:41:55--  http://s.ytimg.com/yt/imgbin/www-medals-vfl0onnSj.png
Reusing existing connection to s.ytimg.com:80.
HTTP request sent, awaiting response... 200 OK
Length: 11241 (11K) [image/png]
Saving to: `code/../crawls/www.youtube.com/Privacy-Notice/raw/s.ytimg.com/yt/imgbin/www-medals-vfl0onnSj.png'

     0K ..........                                            100% 4.79M=0.002s

2011-12-01 14:41:55 (4.79 MB/s) - `code/../crawls/www.youtube.com/Privacy-Notice/raw/s.ytimg.com/yt/imgbin/www-medals-vfl0onnSj.png' saved [11241/11241]

--2011-12-01 14:41:55--  http://s.ytimg.com/yt/img/check-grn-circle-vflbAZWvU.png
Reusing existing connection to s.ytimg.com:80.
HTTP request sent, awaiting response... 200 OK
Length: 695 [image/png]
Saving to: `code/../crawls/www.youtube.com/Privacy-Notice/raw/s.ytimg.com/yt/img/check-grn-circle-vflbAZWvU.png'

     0K                                                       100% 71.1M=0s

2011-12-01 14:41:55 (71.1 MB/s) - `code/../crawls/www.youtube.com/Privacy-Notice/raw/s.ytimg.com/yt/img/check-grn-circle-vflbAZWvU.png' saved [695/695]

--2011-12-01 14:41:55--  http://s.ytimg.com/yt/img/loader-vflff1Mjj.gif
Reusing existing connection to s.ytimg.com:80.
HTTP request sent, awaiting response... 200 OK
Length: 433 [image/gif]
Saving to: `code/../crawls/www.youtube.com/Privacy-Notice/raw/s.ytimg.com/yt/img/loader-vflff1Mjj.gif'

     0K                                                       100% 45.8M=0s

2011-12-01 14:41:55 (45.8 MB/s) - `code/../crawls/www.youtube.com/Privacy-Notice/raw/s.ytimg.com/yt/img/loader-vflff1Mjj.gif' saved [433/433]

--2011-12-01 14:41:55--  http://s.ytimg.com/yt/img/icons/lego-append-actions-vfltpl3wu.png
Reusing existing connection to s.ytimg.com:80.
HTTP request sent, awaiting response... 200 OK
Length: 709 [image/png]
Saving to: `code/../crawls/www.youtube.com/Privacy-Notice/raw/s.ytimg.com/yt/img/icons/lego-append-actions-vfltpl3wu.png'

     0K                                                       100% 63.1M=0s

2011-12-01 14:41:56 (63.1 MB/s) - `code/../crawls/www.youtube.com/Privacy-Notice/raw/s.ytimg.com/yt/img/icons/lego-append-actions-vfltpl3wu.png' saved [709/709]

--2011-12-01 14:41:56--  http://s.ytimg.com/yt/img/close-vflxnTNTT.png
Reusing existing connection to s.ytimg.com:80.
HTTP request sent, awaiting response... 200 OK
Length: 172 [image/png]
Saving to: `code/../crawls/www.youtube.com/Privacy-Notice/raw/s.ytimg.com/yt/img/close-vflxnTNTT.png'

     0K                                                       100% 11.8M=0s

2011-12-01 14:41:56 (11.8 MB/s) - `code/../crawls/www.youtube.com/Privacy-Notice/raw/s.ytimg.com/yt/img/close-vflxnTNTT.png' saved [172/172]

--2011-12-01 14:41:56--  http://s.ytimg.com/yt/img/icn_loading_animated-vflff1Mjj.gif
Reusing existing connection to s.ytimg.com:80.
HTTP request sent, awaiting response... 200 OK
Length: 433 [image/gif]
Saving to: `code/../crawls/www.youtube.com/Privacy-Notice/raw/s.ytimg.com/yt/img/icn_loading_animated-vflff1Mjj.gif'

     0K                                                       100% 37.1M=0s

2011-12-01 14:41:56 (37.1 MB/s) - `code/../crawls/www.youtube.com/Privacy-Notice/raw/s.ytimg.com/yt/img/icn_loading_animated-vflff1Mjj.gif' saved [433/433]

--2011-12-01 14:41:56--  http://s.ytimg.com/yt/img/autoshare-vflhXH0Mt.png
Reusing existing connection to s.ytimg.com:80.
HTTP request sent, awaiting response... 200 OK
Length: 3792 (3.7K) [image/png]
Saving to: `code/../crawls/www.youtube.com/Privacy-Notice/raw/s.ytimg.com/yt/img/autoshare-vflhXH0Mt.png'

     0K ...                                                   100% 17.5M=0s

2011-12-01 14:41:56 (17.5 MB/s) - `code/../crawls/www.youtube.com/Privacy-Notice/raw/s.ytimg.com/yt/img/autoshare-vflhXH0Mt.png' saved [3792/3792]

--2011-12-01 14:41:56--  http://s.ytimg.com/yt/img/browsers-vflEIu6dD.jpg
Reusing existing connection to s.ytimg.com:80.
HTTP request sent, awaiting response... 200 OK
Length: 25612 (25K) [image/jpeg]
Saving to: `code/../crawls/www.youtube.com/Privacy-Notice/raw/s.ytimg.com/yt/img/browsers-vflEIu6dD.jpg'

     0K .......... .......... .....                           100% 2.03M=0.01s

2011-12-01 14:41:56 (2.03 MB/s) - `code/../crawls/www.youtube.com/Privacy-Notice/raw/s.ytimg.com/yt/img/browsers-vflEIu6dD.jpg' saved [25612/25612]

--2011-12-01 14:41:56--  http://s.ytimg.com/yt/img/tiny_white_video_icon-vflkS3jA-.png
Reusing existing connection to s.ytimg.com:80.
HTTP request sent, awaiting response... 200 OK
Length: 107 [image/png]
Saving to: `code/../crawls/www.youtube.com/Privacy-Notice/raw/s.ytimg.com/yt/img/tiny_white_video_icon-vflkS3jA-.png'

     0K                                                       100% 9.56M=0s

2011-12-01 14:41:57 (9.56 MB/s) - `code/../crawls/www.youtube.com/Privacy-Notice/raw/s.ytimg.com/yt/img/tiny_white_video_icon-vflkS3jA-.png' saved [107/107]

--2011-12-01 14:41:57--  http://s.ytimg.com/yt/img/icn_loading_animated_black-vflG-2N8G.gif
Reusing existing connection to s.ytimg.com:80.
HTTP request sent, awaiting response... 200 OK
Length: 2962 (2.9K) [image/gif]
Saving to: `code/../crawls/www.youtube.com/Privacy-Notice/raw/s.ytimg.com/yt/img/icn_loading_animated_black-vflG-2N8G.gif'

     0K ..                                                    100% 2.26M=0.001s

2011-12-01 14:41:57 (2.26 MB/s) - `code/../crawls/www.youtube.com/Privacy-Notice/raw/s.ytimg.com/yt/img/icn_loading_animated_black-vflG-2N8G.gif' saved [2962/2962]

--2011-12-01 14:41:57--  http://s.ytimg.com/yt/img/addto_button_help-vfliAV_1S.png
Reusing existing connection to s.ytimg.com:80.
HTTP request sent, awaiting response... 200 OK
Length: 262 [image/png]
Saving to: `code/../crawls/www.youtube.com/Privacy-Notice/raw/s.ytimg.com/yt/img/addto_button_help-vfliAV_1S.png'

     0K                                                       100% 28.3M=0s

2011-12-01 14:41:57 (28.3 MB/s) - `code/../crawls/www.youtube.com/Privacy-Notice/raw/s.ytimg.com/yt/img/addto_button_help-vfliAV_1S.png' saved [262/262]

--2011-12-01 14:41:57--  http://s.ytimg.com/yt/img/drag_handle_wide-vfl7k4FC1.png
Reusing existing connection to s.ytimg.com:80.
HTTP request sent, awaiting response... 200 OK
Length: 230 [image/png]
Saving to: `code/../crawls/www.youtube.com/Privacy-Notice/raw/s.ytimg.com/yt/img/drag_handle_wide-vfl7k4FC1.png'

     0K                                                       100% 19.3M=0s

2011-12-01 14:41:57 (19.3 MB/s) - `code/../crawls/www.youtube.com/Privacy-Notice/raw/s.ytimg.com/yt/img/drag_handle_wide-vfl7k4FC1.png' saved [230/230]

--2011-12-01 14:41:57--  http://s.ytimg.com/yt/img/flags/flags-vfl3KtPlE.gif
Reusing existing connection to s.ytimg.com:80.
HTTP request sent, awaiting response... 200 OK
Length: 4859 (4.7K) [image/gif]
Saving to: `code/../crawls/www.youtube.com/Privacy-Notice/raw/s.ytimg.com/yt/img/flags/flags-vfl3KtPlE.gif'

     0K ....                                                  100% 1.76M=0.003s

2011-12-01 14:41:57 (1.76 MB/s) - `code/../crawls/www.youtube.com/Privacy-Notice/raw/s.ytimg.com/yt/img/flags/flags-vfl3KtPlE.gif' saved [4859/4859]

--2011-12-01 14:41:57--  http://s.ytimg.com/yt/img/mmimgs-vfl0a1hhX.gif
Reusing existing connection to s.ytimg.com:80.
HTTP request sent, awaiting response... 200 OK
Length: 7079 (6.9K) [image/gif]
Saving to: `code/../crawls/www.youtube.com/Privacy-Notice/raw/s.ytimg.com/yt/img/mmimgs-vfl0a1hhX.gif'

     0K ......                                                100% 2.93M=0.002s

2011-12-01 14:41:57 (2.93 MB/s) - `code/../crawls/www.youtube.com/Privacy-Notice/raw/s.ytimg.com/yt/img/mmimgs-vfl0a1hhX.gif' saved [7079/7079]

--2011-12-01 14:41:57--  http://s.ytimg.com/yt/img/but-bck-vflf-LTMI.png
Reusing existing connection to s.ytimg.com:80.
HTTP request sent, awaiting response... 200 OK
Length: 130 [image/png]
Saving to: `code/../crawls/www.youtube.com/Privacy-Notice/raw/s.ytimg.com/yt/img/but-bck-vflf-LTMI.png'

     0K                                                       100% 11.6M=0s

2011-12-01 14:41:58 (11.6 MB/s) - `code/../crawls/www.youtube.com/Privacy-Notice/raw/s.ytimg.com/yt/img/but-bck-vflf-LTMI.png' saved [130/130]

--2011-12-01 14:41:58--  http://s.ytimg.com/yt/img/master_old-vflwdhETI.gif
Reusing existing connection to s.ytimg.com:80.
HTTP request sent, awaiting response... 200 OK
Length: 9292 (9.1K) [image/gif]
Saving to: `code/../crawls/www.youtube.com/Privacy-Notice/raw/s.ytimg.com/yt/img/master_old-vflwdhETI.gif'

     0K .........                                             100% 3.64M=0.002s

2011-12-01 14:41:58 (3.64 MB/s) - `code/../crawls/www.youtube.com/Privacy-Notice/raw/s.ytimg.com/yt/img/master_old-vflwdhETI.gif' saved [9292/9292]

--2011-12-01 14:41:58--  http://s.ytimg.com/yt/img/yt-narrative-tail-vflAgnSrs.gif
Reusing existing connection to s.ytimg.com:80.
HTTP request sent, awaiting response... 200 OK
Length: 82 [image/gif]
Saving to: `code/../crawls/www.youtube.com/Privacy-Notice/raw/s.ytimg.com/yt/img/yt-narrative-tail-vflAgnSrs.gif'

     0K                                                       100% 7.12M=0s

2011-12-01 14:41:58 (7.12 MB/s) - `code/../crawls/www.youtube.com/Privacy-Notice/raw/s.ytimg.com/yt/img/yt-narrative-tail-vflAgnSrs.gif' saved [82/82]

--2011-12-01 14:41:58--  http://s.ytimg.com/yt/img/static/background-drop-fade-vfl8yMvoe.gif
Reusing existing connection to s.ytimg.com:80.
HTTP request sent, awaiting response... 200 OK
Length: 522 [image/gif]
Saving to: `code/../crawls/www.youtube.com/Privacy-Notice/raw/s.ytimg.com/yt/img/static/background-drop-fade-vfl8yMvoe.gif'

     0K                                                       100% 21.9M=0s

2011-12-01 14:41:58 (21.9 MB/s) - `code/../crawls/www.youtube.com/Privacy-Notice/raw/s.ytimg.com/yt/img/static/background-drop-fade-vfl8yMvoe.gif' saved [522/522]

--2011-12-01 14:41:58--  http://s.ytimg.com/yt/img/static/adv-arrows-vflDtJKrt.gif
Reusing existing connection to s.ytimg.com:80.
HTTP request sent, awaiting response... 200 OK
Length: 1182 (1.2K) [image/gif]
Saving to: `code/../crawls/www.youtube.com/Privacy-Notice/raw/s.ytimg.com/yt/img/static/adv-arrows-vflDtJKrt.gif'

     0K .                                                     100% 90.7M=0s

2011-12-01 14:41:58 (90.7 MB/s) - `code/../crawls/www.youtube.com/Privacy-Notice/raw/s.ytimg.com/yt/img/static/adv-arrows-vflDtJKrt.gif' saved [1182/1182]

--2011-12-01 14:41:58--  http://s.ytimg.com/yt/img/marketing/pdf_icon-vfljgNlrl.png
Reusing existing connection to s.ytimg.com:80.
HTTP request sent, awaiting response... 200 OK
Length: 683 [image/png]
Saving to: `code/../crawls/www.youtube.com/Privacy-Notice/raw/s.ytimg.com/yt/img/marketing/pdf_icon-vfljgNlrl.png'

     0K                                                       100% 65.9M=0s

2011-12-01 14:41:58 (65.9 MB/s) - `code/../crawls/www.youtube.com/Privacy-Notice/raw/s.ytimg.com/yt/img/marketing/pdf_icon-vfljgNlrl.png' saved [683/683]

--2011-12-01 14:41:58--  http://s.ytimg.com/img/marketing/external.gif
Reusing existing connection to s.ytimg.com:80.
HTTP request sent, awaiting response... 404 Not Found
2011-12-01 14:41:59 ERROR 404: Not Found.

--2011-12-01 14:41:59--  http://s.ytimg.com/img/marketing/icon-download.png
Connecting to s.ytimg.com (s.ytimg.com)|74.125.39.100|:80... connected.
HTTP request sent, awaiting response... 404 Not Found
2011-12-01 14:41:59 ERROR 404: Not Found.

FINISHED --2011-12-01 14:41:59--
Total wall clock time: 10s
Downloaded: 41 files, 797K in 1.8s (439 KB/s)
Converting code/../crawls/www.youtube.com/Privacy-Notice/raw/www.youtube.com/t/privacy.html... 30-28
Converting code/../crawls/www.youtube.com/Privacy-Notice/raw/s.ytimg.com/yt/cssbin/www-core-vflu5oXQ1.css... 170-0
Converting code/../crawls/www.youtube.com/Privacy-Notice/raw/s.ytimg.com/yt/cssbin/www-the-rest-vflNb6rAI.css... 16-0
Converting code/../crawls/www.youtube.com/Privacy-Notice/raw/s.ytimg.com/yt/cssbin/www-static-vflEa4G0a.css... 15-3
Converted 4 files in 0.02 seconds.
