--2011-12-01 14:40:11--  http://www.godaddy.com/gdshop/legal_agreements/show_doc.asp?se=%2B&pageid=REG_SA
Resolving www.godaddy.com (www.godaddy.com)... 97.74.104.201
Connecting to www.godaddy.com (www.godaddy.com)|97.74.104.201|:80... connected.
HTTP request sent, awaiting response... 301 Moved Permanently
Location: /Agreements/ShowDoc.aspx?se=%2B&pageid=REG_SA [following]
--2011-12-01 14:40:11--  http://www.godaddy.com/Agreements/ShowDoc.aspx?se=%2B&pageid=REG_SA
Reusing existing connection to www.godaddy.com:80.
HTTP request sent, awaiting response... 200 OK
Length: 162325 (159K) [text/html]
Saving to: `code/../crawls/www.godaddy.com/Domain-Name-Registration-Agreement/raw/www.godaddy.com/gdshop/legal_agreements/show_doc.asp?se=+&pageid=REG_SA.html'

     0K .......... .......... .......... .......... .......... 31%  295K 0s
    50K .......... .......... .......... .......... .......... 63%  737K 0s
   100K .......... .......... .......... .......... .......... 94%  669K 0s
   150K ........                                              100% 4.26M=0.3s

2011-12-01 14:40:12 (505 KB/s) - `code/../crawls/www.godaddy.com/Domain-Name-Registration-Agreement/raw/www.godaddy.com/gdshop/legal_agreements/show_doc.asp?se=+&pageid=REG_SA.html' saved [162325/162325]

--2011-12-01 14:40:12--  http://img2.wsimg.com/fos/css/1/sales_http_20111109.css
Resolving img2.wsimg.com (img2.wsimg.com)... 96.6.216.229
Connecting to img2.wsimg.com (img2.wsimg.com)|96.6.216.229|:80... connected.
HTTP request sent, awaiting response... 200 OK
Length: unspecified [text/css]
Saving to: `code/../crawls/www.godaddy.com/Domain-Name-Registration-Agreement/raw/img2.wsimg.com/fos/css/1/sales_http_20111109.css'

     0K .......... .......... .......... .......... ..........  812K
    50K .......... .......... ...                              1.32M=0.08s

2011-12-01 14:40:12 (932 KB/s) - `code/../crawls/www.godaddy.com/Domain-Name-Registration-Agreement/raw/img2.wsimg.com/fos/css/1/sales_http_20111109.css' saved [75479]

--2011-12-01 14:40:12--  http://img3.wsimg.com/AtlantisScripts/jquery/jquery-1.3.1.min.js
Resolving img3.wsimg.com (img3.wsimg.com)... 96.6.216.229
Reusing existing connection to img2.wsimg.com:80.
HTTP request sent, awaiting response... 200 OK
Length: unspecified [application/x-javascript]
Saving to: `code/../crawls/www.godaddy.com/Domain-Name-Registration-Agreement/raw/img3.wsimg.com/AtlantisScripts/jquery/jquery-1.3.1.min.js'

     0K .......... .......... .......... .......... ..........  609K
    50K ...                                                     379K=0.09s

2011-12-01 14:40:12 (583 KB/s) - `code/../crawls/www.godaddy.com/Domain-Name-Registration-Agreement/raw/img3.wsimg.com/AtlantisScripts/jquery/jquery-1.3.1.min.js' saved [55272]

--2011-12-01 14:40:12--  http://img.godaddy.com/JS_Lib/traffic.js
Resolving img.godaddy.com (img.godaddy.com)... 97.74.104.49
Connecting to img.godaddy.com (img.godaddy.com)|97.74.104.49|:80... connected.
HTTP request sent, awaiting response... 200 OK
Length: 8240 (8.0K) [application/x-javascript]
Saving to: `code/../crawls/www.godaddy.com/Domain-Name-Registration-Agreement/raw/img.godaddy.com/JS_Lib/traffic.js'

     0K ........                                              100%  100K=0.08s

2011-12-01 14:40:13 (100 KB/s) - `code/../crawls/www.godaddy.com/Domain-Name-Registration-Agreement/raw/img.godaddy.com/JS_Lib/traffic.js' saved [8240/8240]

--2011-12-01 14:40:13--  http://img.godaddy.com/image.aspx?sitename=www.godaddy.com&server=M1PWCORPWEB157&privatelabelid=1&status=200&rand=0.926061235333821&page=%2fAgreements%2fShowDoc.aspx&split=92&querystring=se%3d%252b%26pageid%3dREG_SA
Reusing existing connection to img.godaddy.com:80.
HTTP request sent, awaiting response... 200 OK
Length: 43 [image/gif]
code/../crawls/www.godaddy.com/Domain-Name-Registration-Agreement/raw/img.godaddy.com/image.aspx?sitename=www.godaddy.com&server=M1PWCORPWEB157&privatelabelid=1&status=200&rand=0.926061235333821&page=%2FAgreements%2FShowDoc.aspx&split=92&querystring=se=%2b&pageid=REG_SA: File name too long

Cannot write to `code/../crawls/www.godaddy.com/Domain-Name-Registration-Agreement/raw/img.godaddy.com/image.aspx?sitename=www.godaddy.com&server=M1PWCORPWEB157&privatelabelid=1&status=200&rand=0.926061235333821&page=%2FAgreements%2FShowDoc.aspx&split=92&querystring=se=%2b&pageid=REG_SA' (File name too long).
--2011-12-01 14:40:13--  http://www.godaddy.com/WebResource.axd?d=F0MmiDMi7o2D-UfXRo9pw2J1DXoxzs6-7yk1z7LK9YUgSLZzmJaoUL5Yj074V77yMBRqAmhnmVw5t5T2V8ABYZesJks1&t=634244902920000000
Connecting to www.godaddy.com (www.godaddy.com)|97.74.104.201|:80... connected.
HTTP request sent, awaiting response... 200 OK
Length: 20794 (20K) [application/x-javascript]
Saving to: `code/../crawls/www.godaddy.com/Domain-Name-Registration-Agreement/raw/www.godaddy.com/WebResource.axd?d=F0MmiDMi7o2D-UfXRo9pw2J1DXoxzs6-7yk1z7LK9YUgSLZzmJaoUL5Yj074V77yMBRqAmhnmVw5t5T2V8ABYZesJks1&t=634244902920000000'

     0K .......... ..........                                 100%  196K=0.1s

2011-12-01 14:40:13 (196 KB/s) - `code/../crawls/www.godaddy.com/Domain-Name-Registration-Agreement/raw/www.godaddy.com/WebResource.axd?d=F0MmiDMi7o2D-UfXRo9pw2J1DXoxzs6-7yk1z7LK9YUgSLZzmJaoUL5Yj074V77yMBRqAmhnmVw5t5T2V8ABYZesJks1&t=634244902920000000' saved [20794/20794]

--2011-12-01 14:40:13--  http://www.godaddy.com/ScriptResource.axd?d=07PJCVFyCyUq301XvnZa1A1dhohl3iEi0ZrL4DpsO6fyHoRLkOFrNUL8IQWRL3P7qzX3I54gowvQdrQXAqjcbAMSsmSMfoLa0dRWNZ1XNU-L20j3HfpFYJYZmrBy1BExj1oA-3kW82X-EH8w4f-U2rvi7NxqUvbUYAoer38JjDQaCpyL0&t=fffffffff9d85fa6
Reusing existing connection to www.godaddy.com:80.
HTTP request sent, awaiting response... 200 OK
Length: 99445 (97K) [application/x-javascript]
code/../crawls/www.godaddy.com/Domain-Name-Registration-Agreement/raw/www.godaddy.com/ScriptResource.axd?d=07PJCVFyCyUq301XvnZa1A1dhohl3iEi0ZrL4DpsO6fyHoRLkOFrNUL8IQWRL3P7qzX3I54gowvQdrQXAqjcbAMSsmSMfoLa0dRWNZ1XNU-L20j3HfpFYJYZmrBy1BExj1oA-3kW82X-EH8w4f-U2rvi7NxqUvbUYAoer38JjDQaCpyL0&t=fffffffff9d85fa6: File name too long

Cannot write to `code/../crawls/www.godaddy.com/Domain-Name-Registration-Agreement/raw/www.godaddy.com/ScriptResource.axd?d=07PJCVFyCyUq301XvnZa1A1dhohl3iEi0ZrL4DpsO6fyHoRLkOFrNUL8IQWRL3P7qzX3I54gowvQdrQXAqjcbAMSsmSMfoLa0dRWNZ1XNU-L20j3HfpFYJYZmrBy1BExj1oA-3kW82X-EH8w4f-U2rvi7NxqUvbUYAoer38JjDQaCpyL0&t=fffffffff9d85fa6' (File name too long).
--2011-12-01 14:40:13--  http://www.godaddy.com/ScriptResource.axd?d=wSQ5o5xxQDc0G4nxirZlyKxBIDDj3ZN1OgZgRbdEOfTqPA7J0w93jXBYAW1xm1WDB8uempXmxYs-zUmMuX_1hpeSMX8RkhOW1Ln1bLWzMzGD0Q-2LNvfnH6JXT8qTFDGh4ahzs7_WF2u5z37DjK4nalFwgKPszGaA1U11ehuSwfHJ7w20&t=fffffffff9d85fa6
Connecting to www.godaddy.com (www.godaddy.com)|97.74.104.201|:80... connected.
HTTP request sent, awaiting response... 200 OK
Length: 32254 (31K) [application/x-javascript]
code/../crawls/www.godaddy.com/Domain-Name-Registration-Agreement/raw/www.godaddy.com/ScriptResource.axd?d=wSQ5o5xxQDc0G4nxirZlyKxBIDDj3ZN1OgZgRbdEOfTqPA7J0w93jXBYAW1xm1WDB8uempXmxYs-zUmMuX_1hpeSMX8RkhOW1Ln1bLWzMzGD0Q-2LNvfnH6JXT8qTFDGh4ahzs7_WF2u5z37DjK4nalFwgKPszGaA1U11ehuSwfHJ7w20&t=fffffffff9d85fa6: File name too long

Cannot write to `code/../crawls/www.godaddy.com/Domain-Name-Registration-Agreement/raw/www.godaddy.com/ScriptResource.axd?d=wSQ5o5xxQDc0G4nxirZlyKxBIDDj3ZN1OgZgRbdEOfTqPA7J0w93jXBYAW1xm1WDB8uempXmxYs-zUmMuX_1hpeSMX8RkhOW1Ln1bLWzMzGD0Q-2LNvfnH6JXT8qTFDGh4ahzs7_WF2u5z37DjK4nalFwgKPszGaA1U11ehuSwfHJ7w20&t=fffffffff9d85fa6' (File name too long).
--2011-12-01 14:40:13--  http://img3.wsimg.com/fastball/js_lib/FastballLibrary0006.js?version=2
Connecting to img3.wsimg.com (img3.wsimg.com)|96.6.216.229|:80... connected.
HTTP request sent, awaiting response... 200 OK
Length: 6976 (6.8K) [application/x-javascript]
Saving to: `code/../crawls/www.godaddy.com/Domain-Name-Registration-Agreement/raw/img3.wsimg.com/fastball/js_lib/FastballLibrary0006.js?version=2'

     0K ......                                                100%  222K=0.03s

2011-12-01 14:40:13 (222 KB/s) - `code/../crawls/www.godaddy.com/Domain-Name-Registration-Agreement/raw/img3.wsimg.com/fastball/js_lib/FastballLibrary0006.js?version=2' saved [6976/6976]

--2011-12-01 14:40:13--  http://img3.wsimg.com/fos/script/sales16.min.js
Reusing existing connection to img3.wsimg.com:80.
HTTP request sent, awaiting response... 200 OK
Length: 18355 (18K) [application/x-javascript]
Saving to: `code/../crawls/www.godaddy.com/Domain-Name-Registration-Agreement/raw/img3.wsimg.com/fos/script/sales16.min.js'

     0K .......... .......                                    100%  565K=0.03s

2011-12-01 14:40:13 (565 KB/s) - `code/../crawls/www.godaddy.com/Domain-Name-Registration-Agreement/raw/img3.wsimg.com/fos/script/sales16.min.js' saved [18355/18355]

--2011-12-01 14:40:13--  http://img1.wsimg.com/fos/base/1/base_img.gif
Resolving img1.wsimg.com (img1.wsimg.com)... 96.6.216.229
Reusing existing connection to img3.wsimg.com:80.
HTTP request sent, awaiting response... 200 OK
Length: 641 [image/gif]
Saving to: `code/../crawls/www.godaddy.com/Domain-Name-Registration-Agreement/raw/img1.wsimg.com/fos/base/1/base_img.gif'

     0K                                                       100% 59.8M=0s

2011-12-01 14:40:13 (59.8 MB/s) - `code/../crawls/www.godaddy.com/Domain-Name-Registration-Agreement/raw/img1.wsimg.com/fos/base/1/base_img.gif' saved [641/641]

--2011-12-01 14:40:13--  http://img1.wsimg.com/aaa/sb/2dots.gif
Reusing existing connection to img3.wsimg.com:80.
HTTP request sent, awaiting response... 200 OK
Length: 44 [image/gif]
Saving to: `code/../crawls/www.godaddy.com/Domain-Name-Registration-Agreement/raw/img1.wsimg.com/aaa/sb/2dots.gif'

     0K                                                       100% 3.42M=0s

2011-12-01 14:40:13 (3.42 MB/s) - `code/../crawls/www.godaddy.com/Domain-Name-Registration-Agreement/raw/img1.wsimg.com/aaa/sb/2dots.gif' saved [44/44]

--2011-12-01 14:40:13--  http://img1.wsimg.com/fos/bul/bul_arrow_ff6600.gif
Reusing existing connection to img3.wsimg.com:80.
HTTP request sent, awaiting response... 200 OK
Length: 54 [image/gif]
Saving to: `code/../crawls/www.godaddy.com/Domain-Name-Registration-Agreement/raw/img1.wsimg.com/fos/bul/bul_arrow_ff6600.gif'

     0K                                                       100% 5.01M=0s

2011-12-01 14:40:13 (5.01 MB/s) - `code/../crawls/www.godaddy.com/Domain-Name-Registration-Agreement/raw/img1.wsimg.com/fos/bul/bul_arrow_ff6600.gif' saved [54/54]

--2011-12-01 14:40:13--  http://img1.wsimg.com/fos/bul/bul_arrow_2c6ea1.gif
Reusing existing connection to img3.wsimg.com:80.
HTTP request sent, awaiting response... 200 OK
Length: 54 [image/gif]
Saving to: `code/../crawls/www.godaddy.com/Domain-Name-Registration-Agreement/raw/img1.wsimg.com/fos/bul/bul_arrow_2c6ea1.gif'

     0K                                                       100% 6.11M=0s

2011-12-01 14:40:13 (6.11 MB/s) - `code/../crawls/www.godaddy.com/Domain-Name-Registration-Agreement/raw/img1.wsimg.com/fos/bul/bul_arrow_2c6ea1.gif' saved [54/54]

--2011-12-01 14:40:13--  http://img1.wsimg.com/aaa/common/bul_bul.gif
Reusing existing connection to img3.wsimg.com:80.
HTTP request sent, awaiting response... 200 OK
Length: 50 [image/gif]
Saving to: `code/../crawls/www.godaddy.com/Domain-Name-Registration-Agreement/raw/img1.wsimg.com/aaa/common/bul_bul.gif'

     0K                                                       100% 5.61M=0s

2011-12-01 14:40:13 (5.61 MB/s) - `code/../crawls/www.godaddy.com/Domain-Name-Registration-Agreement/raw/img1.wsimg.com/aaa/common/bul_bul.gif' saved [50/50]

--2011-12-01 14:40:13--  http://img1.wsimg.com/aaa/common/1/bul_li_sized.gif
Reusing existing connection to img3.wsimg.com:80.
HTTP request sent, awaiting response... 200 OK
Length: 49 [image/gif]
Saving to: `code/../crawls/www.godaddy.com/Domain-Name-Registration-Agreement/raw/img1.wsimg.com/aaa/common/1/bul_li_sized.gif'

     0K                                                       100% 4.48M=0s

2011-12-01 14:40:13 (4.48 MB/s) - `code/../crawls/www.godaddy.com/Domain-Name-Registration-Agreement/raw/img1.wsimg.com/aaa/common/1/bul_li_sized.gif' saved [49/49]

--2011-12-01 14:40:13--  http://img1.wsimg.com/fos/bul/1/bul_li_sized_alt.gif
Reusing existing connection to img3.wsimg.com:80.
HTTP request sent, awaiting response... 200 OK
Length: 813 [image/gif]
Saving to: `code/../crawls/www.godaddy.com/Domain-Name-Registration-Agreement/raw/img1.wsimg.com/fos/bul/1/bul_li_sized_alt.gif'

     0K                                                       100% 73.7M=0s

2011-12-01 14:40:13 (73.7 MB/s) - `code/../crawls/www.godaddy.com/Domain-Name-Registration-Agreement/raw/img1.wsimg.com/fos/bul/1/bul_li_sized_alt.gif' saved [813/813]

--2011-12-01 14:40:13--  http://img1.wsimg.com/fos/icn/icn_notavail_gray.gif
Reusing existing connection to img3.wsimg.com:80.
HTTP request sent, awaiting response... 200 OK
Length: 188 [image/gif]
Saving to: `code/../crawls/www.godaddy.com/Domain-Name-Registration-Agreement/raw/img1.wsimg.com/fos/icn/icn_notavail_gray.gif'

     0K                                                       100% 17.3M=0s

2011-12-01 14:40:13 (17.3 MB/s) - `code/../crawls/www.godaddy.com/Domain-Name-Registration-Agreement/raw/img1.wsimg.com/fos/icn/icn_notavail_gray.gif' saved [188/188]

--2011-12-01 14:40:13--  http://img1.wsimg.com/fos/bdr/shadow_nw.png
Reusing existing connection to img3.wsimg.com:80.
HTTP request sent, awaiting response... 200 OK
Length: 318 [image/png]
Saving to: `code/../crawls/www.godaddy.com/Domain-Name-Registration-Agreement/raw/img1.wsimg.com/fos/bdr/shadow_nw.png'

     0K                                                       100% 30.5M=0s

2011-12-01 14:40:13 (30.5 MB/s) - `code/../crawls/www.godaddy.com/Domain-Name-Registration-Agreement/raw/img1.wsimg.com/fos/bdr/shadow_nw.png' saved [318/318]

--2011-12-01 14:40:13--  http://img1.wsimg.com/fos/bdr/shadow_top.png
Reusing existing connection to img3.wsimg.com:80.
HTTP request sent, awaiting response... 200 OK
Length: 141 [image/png]
Saving to: `code/../crawls/www.godaddy.com/Domain-Name-Registration-Agreement/raw/img1.wsimg.com/fos/bdr/shadow_top.png'

     0K                                                       100% 13.2M=0s

2011-12-01 14:40:13 (13.2 MB/s) - `code/../crawls/www.godaddy.com/Domain-Name-Registration-Agreement/raw/img1.wsimg.com/fos/bdr/shadow_top.png' saved [141/141]

--2011-12-01 14:40:13--  http://img1.wsimg.com/fos/bdr/shadow_ne.png
Reusing existing connection to img3.wsimg.com:80.
HTTP request sent, awaiting response... 200 OK
Length: 375 [image/png]
Saving to: `code/../crawls/www.godaddy.com/Domain-Name-Registration-Agreement/raw/img1.wsimg.com/fos/bdr/shadow_ne.png'

     0K                                                       100% 42.8M=0s

2011-12-01 14:40:13 (42.8 MB/s) - `code/../crawls/www.godaddy.com/Domain-Name-Registration-Agreement/raw/img1.wsimg.com/fos/bdr/shadow_ne.png' saved [375/375]

--2011-12-01 14:40:13--  http://img1.wsimg.com/fos/bdr/shadow_left.png
Reusing existing connection to img3.wsimg.com:80.
HTTP request sent, awaiting response... 200 OK
Length: 130 [image/png]
Saving to: `code/../crawls/www.godaddy.com/Domain-Name-Registration-Agreement/raw/img1.wsimg.com/fos/bdr/shadow_left.png'

     0K                                                       100% 9.12M=0s

2011-12-01 14:40:13 (9.12 MB/s) - `code/../crawls/www.godaddy.com/Domain-Name-Registration-Agreement/raw/img1.wsimg.com/fos/bdr/shadow_left.png' saved [130/130]

--2011-12-01 14:40:13--  http://img1.wsimg.com/fos/bdr/shadow_right.png
Reusing existing connection to img3.wsimg.com:80.
HTTP request sent, awaiting response... 200 OK
Length: 135 [image/png]
Saving to: `code/../crawls/www.godaddy.com/Domain-Name-Registration-Agreement/raw/img1.wsimg.com/fos/bdr/shadow_right.png'

     0K                                                       100% 15.3M=0s

2011-12-01 14:40:13 (15.3 MB/s) - `code/../crawls/www.godaddy.com/Domain-Name-Registration-Agreement/raw/img1.wsimg.com/fos/bdr/shadow_right.png' saved [135/135]

--2011-12-01 14:40:13--  http://img1.wsimg.com/fos/bdr/shadow_sw.png
Reusing existing connection to img3.wsimg.com:80.
HTTP request sent, awaiting response... 200 OK
Length: 329 [image/png]
Saving to: `code/../crawls/www.godaddy.com/Domain-Name-Registration-Agreement/raw/img1.wsimg.com/fos/bdr/shadow_sw.png'

     0K                                                       100% 30.8M=0s

2011-12-01 14:40:14 (30.8 MB/s) - `code/../crawls/www.godaddy.com/Domain-Name-Registration-Agreement/raw/img1.wsimg.com/fos/bdr/shadow_sw.png' saved [329/329]

--2011-12-01 14:40:14--  http://img1.wsimg.com/fos/bdr/shadow_bottom.png
Reusing existing connection to img3.wsimg.com:80.
HTTP request sent, awaiting response... 200 OK
Length: 134 [image/png]
Saving to: `code/../crawls/www.godaddy.com/Domain-Name-Registration-Agreement/raw/img1.wsimg.com/fos/bdr/shadow_bottom.png'

     0K                                                       100% 12.7M=0s

2011-12-01 14:40:14 (12.7 MB/s) - `code/../crawls/www.godaddy.com/Domain-Name-Registration-Agreement/raw/img1.wsimg.com/fos/bdr/shadow_bottom.png' saved [134/134]

--2011-12-01 14:40:14--  http://img1.wsimg.com/fos/bdr/shadow_se.png
Reusing existing connection to img3.wsimg.com:80.
HTTP request sent, awaiting response... 200 OK
Length: 351 [image/png]
Saving to: `code/../crawls/www.godaddy.com/Domain-Name-Registration-Agreement/raw/img1.wsimg.com/fos/bdr/shadow_se.png'

     0K                                                       100% 38.9M=0s

2011-12-01 14:40:14 (38.9 MB/s) - `code/../crawls/www.godaddy.com/Domain-Name-Registration-Agreement/raw/img1.wsimg.com/fos/bdr/shadow_se.png' saved [351/351]

--2011-12-01 14:40:14--  http://img1.wsimg.com/aaa/compare/1/img_standardsslcharttab.gif
Reusing existing connection to img3.wsimg.com:80.
HTTP request sent, awaiting response... 200 OK
Length: 1071 (1.0K) [image/gif]
Saving to: `code/../crawls/www.godaddy.com/Domain-Name-Registration-Agreement/raw/img1.wsimg.com/aaa/compare/1/img_standardsslcharttab.gif'

     0K .                                                     100% 96.5M=0s

2011-12-01 14:40:14 (96.5 MB/s) - `code/../crawls/www.godaddy.com/Domain-Name-Registration-Agreement/raw/img1.wsimg.com/aaa/compare/1/img_standardsslcharttab.gif' saved [1071/1071]

--2011-12-01 14:40:14--  http://img1.wsimg.com/fos/base/1/base_sb_bk.png
Reusing existing connection to img3.wsimg.com:80.
HTTP request sent, awaiting response... 200 OK
Length: 2575 (2.5K) [image/png]
Saving to: `code/../crawls/www.godaddy.com/Domain-Name-Registration-Agreement/raw/img1.wsimg.com/fos/base/1/base_sb_bk.png'

     0K ..                                                    100% 67.4M=0s

2011-12-01 14:40:14 (67.4 MB/s) - `code/../crawls/www.godaddy.com/Domain-Name-Registration-Agreement/raw/img1.wsimg.com/fos/base/1/base_sb_bk.png' saved [2575/2575]

--2011-12-01 14:40:14--  http://img1.wsimg.com/fos/base/1/base_sb_btns_2.png
Reusing existing connection to img3.wsimg.com:80.
HTTP request sent, awaiting response... 200 OK
Length: 58739 (57K) [image/png]
Saving to: `code/../crawls/www.godaddy.com/Domain-Name-Registration-Agreement/raw/img1.wsimg.com/fos/base/1/base_sb_btns_2.png'

     0K .......... .......... .......... .......... .......... 87%  964K 0s
    50K .......                                               100%  813K=0.06s

2011-12-01 14:40:14 (942 KB/s) - `code/../crawls/www.godaddy.com/Domain-Name-Registration-Agreement/raw/img1.wsimg.com/fos/base/1/base_sb_btns_2.png' saved [58739/58739]

--2011-12-01 14:40:14--  http://img1.wsimg.com/fos/sb/1/ban_prodadvsr.png
Reusing existing connection to img3.wsimg.com:80.
HTTP request sent, awaiting response... 200 OK
Length: 8429 (8.2K) [image/png]
Saving to: `code/../crawls/www.godaddy.com/Domain-Name-Registration-Agreement/raw/img1.wsimg.com/fos/sb/1/ban_prodadvsr.png'

     0K ........                                              100% 3.85M=0.002s

2011-12-01 14:40:14 (3.85 MB/s) - `code/../crawls/www.godaddy.com/Domain-Name-Registration-Agreement/raw/img1.wsimg.com/fos/sb/1/ban_prodadvsr.png' saved [8429/8429]

--2011-12-01 14:40:14--  http://img1.wsimg.com/fos/base/1/base_hdr5.png
Reusing existing connection to img3.wsimg.com:80.
HTTP request sent, awaiting response... 200 OK
Length: 6716 (6.6K) [image/png]
Saving to: `code/../crawls/www.godaddy.com/Domain-Name-Registration-Agreement/raw/img1.wsimg.com/fos/base/1/base_hdr5.png'

     0K ......                                                100% 4.11M=0.002s

2011-12-01 14:40:14 (4.11 MB/s) - `code/../crawls/www.godaddy.com/Domain-Name-Registration-Agreement/raw/img1.wsimg.com/fos/base/1/base_hdr5.png' saved [6716/6716]

--2011-12-01 14:40:14--  http://img1.wsimg.com/fos/sb/1/img_celebs_lsb3.gif
Reusing existing connection to img3.wsimg.com:80.
HTTP request sent, awaiting response... 200 OK
Length: 7726 (7.5K) [image/gif]
Saving to: `code/../crawls/www.godaddy.com/Domain-Name-Registration-Agreement/raw/img1.wsimg.com/fos/sb/1/img_celebs_lsb3.gif'

     0K .......                                               100%  780K=0.01s

2011-12-01 14:40:14 (780 KB/s) - `code/../crawls/www.godaddy.com/Domain-Name-Registration-Agreement/raw/img1.wsimg.com/fos/sb/1/img_celebs_lsb3.gif' saved [7726/7726]

--2011-12-01 14:40:14--  http://img1.wsimg.com/fos/ban/1/ban_bobblog_lsb.gif
Reusing existing connection to img3.wsimg.com:80.
HTTP request sent, awaiting response... 200 OK
Length: 5822 (5.7K) [image/gif]
Saving to: `code/../crawls/www.godaddy.com/Domain-Name-Registration-Agreement/raw/img1.wsimg.com/fos/ban/1/ban_bobblog_lsb.gif'

     0K .....                                                 100% 5.81M=0.001s

2011-12-01 14:40:14 (5.81 MB/s) - `code/../crawls/www.godaddy.com/Domain-Name-Registration-Agreement/raw/img1.wsimg.com/fos/ban/1/ban_bobblog_lsb.gif' saved [5822/5822]

--2011-12-01 14:40:14--  http://img1.wsimg.com/fos/base/1/base_qb.png
Reusing existing connection to img3.wsimg.com:80.
HTTP request sent, awaiting response... 200 OK
Length: 3033 (3.0K) [image/png]
Saving to: `code/../crawls/www.godaddy.com/Domain-Name-Registration-Agreement/raw/img1.wsimg.com/fos/base/1/base_qb.png'

     0K ..                                                    100% 2.37M=0.001s

2011-12-01 14:40:14 (2.37 MB/s) - `code/../crawls/www.godaddy.com/Domain-Name-Registration-Agreement/raw/img1.wsimg.com/fos/base/1/base_qb.png' saved [3033/3033]

--2011-12-01 14:40:14--  http://img1.wsimg.com/fos/base/1/base_tabs_line.png
Reusing existing connection to img3.wsimg.com:80.
HTTP request sent, awaiting response... 200 OK
Length: 126 [image/png]
Saving to: `code/../crawls/www.godaddy.com/Domain-Name-Registration-Agreement/raw/img1.wsimg.com/fos/base/1/base_tabs_line.png'

     0K                                                       100% 11.7M=0s

2011-12-01 14:40:14 (11.7 MB/s) - `code/../crawls/www.godaddy.com/Domain-Name-Registration-Agreement/raw/img1.wsimg.com/fos/base/1/base_tabs_line.png' saved [126/126]

--2011-12-01 14:40:14--  http://img1.wsimg.com/fos/bkg/1/tab_right_grey.gif
Reusing existing connection to img3.wsimg.com:80.
HTTP request sent, awaiting response... 200 OK
Length: 159 [image/gif]
Saving to: `code/../crawls/www.godaddy.com/Domain-Name-Registration-Agreement/raw/img1.wsimg.com/fos/bkg/1/tab_right_grey.gif'

     0K                                                       100% 17.5M=0s

2011-12-01 14:40:14 (17.5 MB/s) - `code/../crawls/www.godaddy.com/Domain-Name-Registration-Agreement/raw/img1.wsimg.com/fos/bkg/1/tab_right_grey.gif' saved [159/159]

--2011-12-01 14:40:14--  http://img1.wsimg.com/fos/bkg/1/tab_left_grey.gif
Reusing existing connection to img3.wsimg.com:80.
HTTP request sent, awaiting response... 200 OK
Length: 158 [image/gif]
Saving to: `code/../crawls/www.godaddy.com/Domain-Name-Registration-Agreement/raw/img1.wsimg.com/fos/bkg/1/tab_left_grey.gif'

     0K                                                       100% 14.8M=0s

2011-12-01 14:40:14 (14.8 MB/s) - `code/../crawls/www.godaddy.com/Domain-Name-Registration-Agreement/raw/img1.wsimg.com/fos/bkg/1/tab_left_grey.gif' saved [158/158]

--2011-12-01 14:40:14--  http://img1.wsimg.com/fos/bkg/1/tab_right.gif
Reusing existing connection to img3.wsimg.com:80.
HTTP request sent, awaiting response... 200 OK
Length: 159 [image/gif]
Saving to: `code/../crawls/www.godaddy.com/Domain-Name-Registration-Agreement/raw/img1.wsimg.com/fos/bkg/1/tab_right.gif'

     0K                                                       100% 17.9M=0s

2011-12-01 14:40:14 (17.9 MB/s) - `code/../crawls/www.godaddy.com/Domain-Name-Registration-Agreement/raw/img1.wsimg.com/fos/bkg/1/tab_right.gif' saved [159/159]

--2011-12-01 14:40:14--  http://img1.wsimg.com/fos/bkg/1/tab_left.gif
Reusing existing connection to img3.wsimg.com:80.
HTTP request sent, awaiting response... 200 OK
Length: 158 [image/gif]
Saving to: `code/../crawls/www.godaddy.com/Domain-Name-Registration-Agreement/raw/img1.wsimg.com/fos/bkg/1/tab_left.gif'

     0K                                                       100% 15.2M=0s

2011-12-01 14:40:14 (15.2 MB/s) - `code/../crawls/www.godaddy.com/Domain-Name-Registration-Agreement/raw/img1.wsimg.com/fos/bkg/1/tab_left.gif' saved [158/158]

--2011-12-01 14:40:14--  http://img1.wsimg.com/fos/ban/1/ban_sale.png
Reusing existing connection to img3.wsimg.com:80.
HTTP request sent, awaiting response... 200 OK
Length: 2177 (2.1K) [image/png]
Saving to: `code/../crawls/www.godaddy.com/Domain-Name-Registration-Agreement/raw/img1.wsimg.com/fos/ban/1/ban_sale.png'

     0K ..                                                    100% 74.0M=0s

2011-12-01 14:40:14 (74.0 MB/s) - `code/../crawls/www.godaddy.com/Domain-Name-Registration-Agreement/raw/img1.wsimg.com/fos/ban/1/ban_sale.png' saved [2177/2177]

--2011-12-01 14:40:14--  http://img1.wsimg.com/fos/ban/1/24265_bkg_trialpay.png
Reusing existing connection to img3.wsimg.com:80.
HTTP request sent, awaiting response... 404 Not Found
2011-12-01 14:40:14 ERROR 404: Not Found.

--2011-12-01 14:40:14--  http://img1.wsimg.com/assets/registrar/comsale/bkg_plv_special.gif
Reusing existing connection to img3.wsimg.com:80.
HTTP request sent, awaiting response... 200 OK
Length: 151 [image/gif]
Saving to: `code/../crawls/www.godaddy.com/Domain-Name-Registration-Agreement/raw/img1.wsimg.com/assets/registrar/comsale/bkg_plv_special.gif'

     0K                                                       100% 13.3M=0s

2011-12-01 14:40:14 (13.3 MB/s) - `code/../crawls/www.godaddy.com/Domain-Name-Registration-Agreement/raw/img1.wsimg.com/assets/registrar/comsale/bkg_plv_special.gif' saved [151/151]

--2011-12-01 14:40:14--  http://img1.wsimg.com/fos/hp/pagecast/icon_close.gif
Reusing existing connection to img3.wsimg.com:80.
HTTP request sent, awaiting response... 200 OK
Length: 223 [image/gif]
Saving to: `code/../crawls/www.godaddy.com/Domain-Name-Registration-Agreement/raw/img1.wsimg.com/fos/hp/pagecast/icon_close.gif'

     0K                                                       100% 21.0M=0s

2011-12-01 14:40:14 (21.0 MB/s) - `code/../crawls/www.godaddy.com/Domain-Name-Registration-Agreement/raw/img1.wsimg.com/fos/hp/pagecast/icon_close.gif' saved [223/223]

--2011-12-01 14:40:14--  http://img1.wsimg.com/fos/hp/pagecast/bk_silver_btn.gif
Reusing existing connection to img3.wsimg.com:80.
HTTP request sent, awaiting response... 200 OK
Length: 131 [image/gif]
Saving to: `code/../crawls/www.godaddy.com/Domain-Name-Registration-Agreement/raw/img1.wsimg.com/fos/hp/pagecast/bk_silver_btn.gif'

     0K                                                       100% 12.2M=0s

2011-12-01 14:40:14 (12.2 MB/s) - `code/../crawls/www.godaddy.com/Domain-Name-Registration-Agreement/raw/img1.wsimg.com/fos/hp/pagecast/bk_silver_btn.gif' saved [131/131]

--2011-12-01 14:40:14--  http://img1.wsimg.com/fos/hp/pagecast/sm_top_left_ie7_start.png
Reusing existing connection to img3.wsimg.com:80.
HTTP request sent, awaiting response... 200 OK
Length: 20681 (20K) [image/png]
Saving to: `code/../crawls/www.godaddy.com/Domain-Name-Registration-Agreement/raw/img1.wsimg.com/fos/hp/pagecast/sm_top_left_ie7_start.png'

     0K .......... ..........                                 100% 3.19M=0.006s

2011-12-01 14:40:14 (3.19 MB/s) - `code/../crawls/www.godaddy.com/Domain-Name-Registration-Agreement/raw/img1.wsimg.com/fos/hp/pagecast/sm_top_left_ie7_start.png' saved [20681/20681]

--2011-12-01 14:40:14--  http://img1.wsimg.com/fos/hp/pagecast/sm_top_left_ie6_start.gif
Reusing existing connection to img3.wsimg.com:80.
HTTP request sent, awaiting response... 200 OK
Length: 11609 (11K) [image/gif]
Saving to: `code/../crawls/www.godaddy.com/Domain-Name-Registration-Agreement/raw/img1.wsimg.com/fos/hp/pagecast/sm_top_left_ie6_start.gif'

     0K .......... .                                          100% 3.82M=0.003s

2011-12-01 14:40:14 (3.82 MB/s) - `code/../crawls/www.godaddy.com/Domain-Name-Registration-Agreement/raw/img1.wsimg.com/fos/hp/pagecast/sm_top_left_ie6_start.gif' saved [11609/11609]

--2011-12-01 14:40:14--  http://img1.wsimg.com/fos/hp/pagecast/sm_top_left.png
Reusing existing connection to img3.wsimg.com:80.
HTTP request sent, awaiting response... 200 OK
Length: 18653 (18K) [image/png]
Saving to: `code/../crawls/www.godaddy.com/Domain-Name-Registration-Agreement/raw/img1.wsimg.com/fos/hp/pagecast/sm_top_left.png'

     0K .......... ........                                   100% 2.26M=0.008s

2011-12-01 14:40:14 (2.26 MB/s) - `code/../crawls/www.godaddy.com/Domain-Name-Registration-Agreement/raw/img1.wsimg.com/fos/hp/pagecast/sm_top_left.png' saved [18653/18653]

--2011-12-01 14:40:14--  http://img1.wsimg.com/fos/hp/pagecast/sm_top_left.gif
Reusing existing connection to img3.wsimg.com:80.
HTTP request sent, awaiting response... 200 OK
Length: 16214 (16K) [image/gif]
Saving to: `code/../crawls/www.godaddy.com/Domain-Name-Registration-Agreement/raw/img1.wsimg.com/fos/hp/pagecast/sm_top_left.gif'

     0K .......... .....                                      100% 3.58M=0.004s

2011-12-01 14:40:14 (3.58 MB/s) - `code/../crawls/www.godaddy.com/Domain-Name-Registration-Agreement/raw/img1.wsimg.com/fos/hp/pagecast/sm_top_left.gif' saved [16214/16214]

--2011-12-01 14:40:14--  http://img1.wsimg.com/fos/hp/pagecast/sm_top_right.png
Reusing existing connection to img3.wsimg.com:80.
HTTP request sent, awaiting response... 200 OK
Length: 18418 (18K) [image/png]
Saving to: `code/../crawls/www.godaddy.com/Domain-Name-Registration-Agreement/raw/img1.wsimg.com/fos/hp/pagecast/sm_top_right.png'

     0K .......... .......                                    100% 3.26M=0.005s

2011-12-01 14:40:14 (3.26 MB/s) - `code/../crawls/www.godaddy.com/Domain-Name-Registration-Agreement/raw/img1.wsimg.com/fos/hp/pagecast/sm_top_right.png' saved [18418/18418]

--2011-12-01 14:40:14--  http://img1.wsimg.com/fos/hp/pagecast/sm_top_right.gif
Reusing existing connection to img3.wsimg.com:80.
HTTP request sent, awaiting response... 200 OK
Length: 16232 (16K) [image/gif]
Saving to: `code/../crawls/www.godaddy.com/Domain-Name-Registration-Agreement/raw/img1.wsimg.com/fos/hp/pagecast/sm_top_right.gif'

     0K .......... .....                                      100% 1.22M=0.01s

2011-12-01 14:40:14 (1.22 MB/s) - `code/../crawls/www.godaddy.com/Domain-Name-Registration-Agreement/raw/img1.wsimg.com/fos/hp/pagecast/sm_top_right.gif' saved [16232/16232]

--2011-12-01 14:40:14--  http://img1.wsimg.com/fos/hp/pagecast/sm_bottom_left.png
Reusing existing connection to img3.wsimg.com:80.
HTTP request sent, awaiting response... 200 OK
Length: 18562 (18K) [image/png]
Saving to: `code/../crawls/www.godaddy.com/Domain-Name-Registration-Agreement/raw/img1.wsimg.com/fos/hp/pagecast/sm_bottom_left.png'

     0K .......... ........                                   100% 2.67M=0.007s

2011-12-01 14:40:14 (2.67 MB/s) - `code/../crawls/www.godaddy.com/Domain-Name-Registration-Agreement/raw/img1.wsimg.com/fos/hp/pagecast/sm_bottom_left.png' saved [18562/18562]

--2011-12-01 14:40:14--  http://img1.wsimg.com/fos/hp/pagecast/sm_bottom_left.gif
Reusing existing connection to img3.wsimg.com:80.
HTTP request sent, awaiting response... 200 OK
Length: 16206 (16K) [image/gif]
Saving to: `code/../crawls/www.godaddy.com/Domain-Name-Registration-Agreement/raw/img1.wsimg.com/fos/hp/pagecast/sm_bottom_left.gif'

     0K .......... .....                                      100% 3.91M=0.004s

2011-12-01 14:40:14 (3.91 MB/s) - `code/../crawls/www.godaddy.com/Domain-Name-Registration-Agreement/raw/img1.wsimg.com/fos/hp/pagecast/sm_bottom_left.gif' saved [16206/16206]

--2011-12-01 14:40:14--  http://img1.wsimg.com/fos/hp/pagecast/sm_bottom_right.png
Reusing existing connection to img3.wsimg.com:80.
HTTP request sent, awaiting response... 200 OK
Length: 18590 (18K) [image/png]
Saving to: `code/../crawls/www.godaddy.com/Domain-Name-Registration-Agreement/raw/img1.wsimg.com/fos/hp/pagecast/sm_bottom_right.png'

     0K .......... ........                                   100% 2.21M=0.008s

2011-12-01 14:40:14 (2.21 MB/s) - `code/../crawls/www.godaddy.com/Domain-Name-Registration-Agreement/raw/img1.wsimg.com/fos/hp/pagecast/sm_bottom_right.png' saved [18590/18590]

--2011-12-01 14:40:14--  http://img1.wsimg.com/fos/hp/pagecast/sm_bottom_right.gif
Reusing existing connection to img3.wsimg.com:80.
HTTP request sent, awaiting response... 200 OK
Length: 16248 (16K) [image/gif]
Saving to: `code/../crawls/www.godaddy.com/Domain-Name-Registration-Agreement/raw/img1.wsimg.com/fos/hp/pagecast/sm_bottom_right.gif'

     0K .......... .....                                      100% 1.61M=0.01s

2011-12-01 14:40:14 (1.61 MB/s) - `code/../crawls/www.godaddy.com/Domain-Name-Registration-Agreement/raw/img1.wsimg.com/fos/hp/pagecast/sm_bottom_right.gif' saved [16248/16248]

--2011-12-01 14:40:14--  http://img1.wsimg.com/fos/btn/1/btn_close.gif
Reusing existing connection to img3.wsimg.com:80.
HTTP request sent, awaiting response... 200 OK
Length: 1000 [image/gif]
Saving to: `code/../crawls/www.godaddy.com/Domain-Name-Registration-Agreement/raw/img1.wsimg.com/fos/btn/1/btn_close.gif'

     0K                                                       100% 91.1M=0s

2011-12-01 14:40:14 (91.1 MB/s) - `code/../crawls/www.godaddy.com/Domain-Name-Registration-Agreement/raw/img1.wsimg.com/fos/btn/1/btn_close.gif' saved [1000/1000]

--2011-12-01 14:40:14--  http://img1.wsimg.com/fos/bdr/bdr_sdw_nw.png
Reusing existing connection to img3.wsimg.com:80.
HTTP request sent, awaiting response... 200 OK
Length: 182 [image/png]
Saving to: `code/../crawls/www.godaddy.com/Domain-Name-Registration-Agreement/raw/img1.wsimg.com/fos/bdr/bdr_sdw_nw.png'

     0K                                                       100% 17.2M=0s

2011-12-01 14:40:14 (17.2 MB/s) - `code/../crawls/www.godaddy.com/Domain-Name-Registration-Agreement/raw/img1.wsimg.com/fos/bdr/bdr_sdw_nw.png' saved [182/182]

--2011-12-01 14:40:14--  http://img1.wsimg.com/fos/bdr/bdr_sdw_n.png
Reusing existing connection to img3.wsimg.com:80.
HTTP request sent, awaiting response... 200 OK
Length: 230 [image/png]
Saving to: `code/../crawls/www.godaddy.com/Domain-Name-Registration-Agreement/raw/img1.wsimg.com/fos/bdr/bdr_sdw_n.png'

     0K                                                       100% 21.8M=0s

2011-12-01 14:40:14 (21.8 MB/s) - `code/../crawls/www.godaddy.com/Domain-Name-Registration-Agreement/raw/img1.wsimg.com/fos/bdr/bdr_sdw_n.png' saved [230/230]

--2011-12-01 14:40:14--  http://img1.wsimg.com/fos/bdr/bdr_sdw_ne.png
Reusing existing connection to img3.wsimg.com:80.
HTTP request sent, awaiting response... 200 OK
Length: 204 [image/png]
Saving to: `code/../crawls/www.godaddy.com/Domain-Name-Registration-Agreement/raw/img1.wsimg.com/fos/bdr/bdr_sdw_ne.png'

     0K                                                       100% 19.2M=0s

2011-12-01 14:40:14 (19.2 MB/s) - `code/../crawls/www.godaddy.com/Domain-Name-Registration-Agreement/raw/img1.wsimg.com/fos/bdr/bdr_sdw_ne.png' saved [204/204]

--2011-12-01 14:40:14--  http://img1.wsimg.com/fos/bdr/bdr_sdw_w.png
Reusing existing connection to img3.wsimg.com:80.
HTTP request sent, awaiting response... 200 OK
Length: 199 [image/png]
Saving to: `code/../crawls/www.godaddy.com/Domain-Name-Registration-Agreement/raw/img1.wsimg.com/fos/bdr/bdr_sdw_w.png'

     0K                                                       100% 18.9M=0s

2011-12-01 14:40:14 (18.9 MB/s) - `code/../crawls/www.godaddy.com/Domain-Name-Registration-Agreement/raw/img1.wsimg.com/fos/bdr/bdr_sdw_w.png' saved [199/199]

--2011-12-01 14:40:14--  http://img1.wsimg.com/fos/bdr/bdr_sdw_e.png
Reusing existing connection to img3.wsimg.com:80.
HTTP request sent, awaiting response... 200 OK
Length: 200 [image/png]
Saving to: `code/../crawls/www.godaddy.com/Domain-Name-Registration-Agreement/raw/img1.wsimg.com/fos/bdr/bdr_sdw_e.png'

     0K                                                       100% 18.8M=0s

2011-12-01 14:40:14 (18.8 MB/s) - `code/../crawls/www.godaddy.com/Domain-Name-Registration-Agreement/raw/img1.wsimg.com/fos/bdr/bdr_sdw_e.png' saved [200/200]

--2011-12-01 14:40:14--  http://img1.wsimg.com/fos/bdr/bdr_sdw_sw.png
Reusing existing connection to img3.wsimg.com:80.
HTTP request sent, awaiting response... 200 OK
Length: 197 [image/png]
Saving to: `code/../crawls/www.godaddy.com/Domain-Name-Registration-Agreement/raw/img1.wsimg.com/fos/bdr/bdr_sdw_sw.png'

     0K                                                       100% 18.7M=0s

2011-12-01 14:40:14 (18.7 MB/s) - `code/../crawls/www.godaddy.com/Domain-Name-Registration-Agreement/raw/img1.wsimg.com/fos/bdr/bdr_sdw_sw.png' saved [197/197]

--2011-12-01 14:40:14--  http://img1.wsimg.com/fos/bdr/bdr_sdw_s.png
Reusing existing connection to img3.wsimg.com:80.
HTTP request sent, awaiting response... 200 OK
Length: 225 [image/png]
Saving to: `code/../crawls/www.godaddy.com/Domain-Name-Registration-Agreement/raw/img1.wsimg.com/fos/bdr/bdr_sdw_s.png'

     0K                                                       100% 21.2M=0s

2011-12-01 14:40:14 (21.2 MB/s) - `code/../crawls/www.godaddy.com/Domain-Name-Registration-Agreement/raw/img1.wsimg.com/fos/bdr/bdr_sdw_s.png' saved [225/225]

--2011-12-01 14:40:14--  http://img1.wsimg.com/fos/bdr/bdr_sdw_se.png
Reusing existing connection to img3.wsimg.com:80.
HTTP request sent, awaiting response... 200 OK
Length: 211 [image/png]
Saving to: `code/../crawls/www.godaddy.com/Domain-Name-Registration-Agreement/raw/img1.wsimg.com/fos/bdr/bdr_sdw_se.png'

     0K                                                       100% 20.6M=0s

2011-12-01 14:40:14 (20.6 MB/s) - `code/../crawls/www.godaddy.com/Domain-Name-Registration-Agreement/raw/img1.wsimg.com/fos/bdr/bdr_sdw_se.png' saved [211/211]

--2011-12-01 14:40:14--  http://img1.wsimg.com/fos/bkg/sprite_tables-bkgrs2.gif
Reusing existing connection to img3.wsimg.com:80.
HTTP request sent, awaiting response... 200 OK
Length: 1802 (1.8K) [image/gif]
Saving to: `code/../crawls/www.godaddy.com/Domain-Name-Registration-Agreement/raw/img1.wsimg.com/fos/bkg/sprite_tables-bkgrs2.gif'

     0K .                                                     100% 63.1M=0s

2011-12-01 14:40:14 (63.1 MB/s) - `code/../crawls/www.godaddy.com/Domain-Name-Registration-Agreement/raw/img1.wsimg.com/fos/bkg/sprite_tables-bkgrs2.gif' saved [1802/1802]

--2011-12-01 14:40:14--  http://img1.wsimg.com/fos/icn/ajax-spinner-med.gif
Reusing existing connection to img3.wsimg.com:80.
HTTP request sent, awaiting response... 200 OK
Length: 3208 (3.1K) [image/gif]
Saving to: `code/../crawls/www.godaddy.com/Domain-Name-Registration-Agreement/raw/img1.wsimg.com/fos/icn/ajax-spinner-med.gif'

     0K ...                                                   100% 2.80M=0.001s

2011-12-01 14:40:14 (2.80 MB/s) - `code/../crawls/www.godaddy.com/Domain-Name-Registration-Agreement/raw/img1.wsimg.com/fos/icn/ajax-spinner-med.gif' saved [3208/3208]

--2011-12-01 14:40:14--  http://img1.wsimg.com/fos/btn/1/btn_go_on_light_yellow.gif
Reusing existing connection to img3.wsimg.com:80.
HTTP request sent, awaiting response... 200 OK
Length: 1606 (1.6K) [image/gif]
Saving to: `code/../crawls/www.godaddy.com/Domain-Name-Registration-Agreement/raw/img1.wsimg.com/fos/btn/1/btn_go_on_light_yellow.gif'

     0K .                                                     100% 67.0M=0s

2011-12-01 14:40:14 (67.0 MB/s) - `code/../crawls/www.godaddy.com/Domain-Name-Registration-Agreement/raw/img1.wsimg.com/fos/btn/1/btn_go_on_light_yellow.gif' saved [1606/1606]

--2011-12-01 14:40:14--  http://img1.wsimg.com/fos/btn/1/63271_DPP_sprite_buttons.png
Reusing existing connection to img3.wsimg.com:80.
HTTP request sent, awaiting response... 200 OK
Length: 21922 (21K) [image/png]
Saving to: `code/../crawls/www.godaddy.com/Domain-Name-Registration-Agreement/raw/img1.wsimg.com/fos/btn/1/63271_DPP_sprite_buttons.png'

     0K .......... .......... .                               100% 1.67M=0.01s

2011-12-01 14:40:14 (1.67 MB/s) - `code/../crawls/www.godaddy.com/Domain-Name-Registration-Agreement/raw/img1.wsimg.com/fos/btn/1/63271_DPP_sprite_buttons.png' saved [21922/21922]

--2011-12-01 14:40:14--  http://img1.wsimg.com/fos/btn/1/63271_g_DPP_sprite_buttons.png
Reusing existing connection to img3.wsimg.com:80.
HTTP request sent, awaiting response... 200 OK
Length: 24963 (24K) [image/png]
Saving to: `code/../crawls/www.godaddy.com/Domain-Name-Registration-Agreement/raw/img1.wsimg.com/fos/btn/1/63271_g_DPP_sprite_buttons.png'

     0K .......... .......... ....                            100% 2.50M=0.01s

2011-12-01 14:40:14 (2.50 MB/s) - `code/../crawls/www.godaddy.com/Domain-Name-Registration-Agreement/raw/img1.wsimg.com/fos/btn/1/63271_g_DPP_sprite_buttons.png' saved [24963/24963]

--2011-12-01 14:40:14--  http://img1.wsimg.com/fos/btn/1/express-checkout-carts.gif
Reusing existing connection to img3.wsimg.com:80.
HTTP request sent, awaiting response... 200 OK
Length: 1583 (1.5K) [image/gif]
Saving to: `code/../crawls/www.godaddy.com/Domain-Name-Registration-Agreement/raw/img1.wsimg.com/fos/btn/1/express-checkout-carts.gif'

     0K .                                                     100% 7.86M=0s

2011-12-01 14:40:15 (7.86 MB/s) - `code/../crawls/www.godaddy.com/Domain-Name-Registration-Agreement/raw/img1.wsimg.com/fos/btn/1/express-checkout-carts.gif' saved [1583/1583]

--2011-12-01 14:40:15--  http://img1.wsimg.com/fos/btn/blue-reflection.png
Reusing existing connection to img3.wsimg.com:80.
HTTP request sent, awaiting response... 200 OK
Length: 154 [image/png]
Saving to: `code/../crawls/www.godaddy.com/Domain-Name-Registration-Agreement/raw/img1.wsimg.com/fos/btn/blue-reflection.png'

     0K                                                       100% 13.9M=0s

2011-12-01 14:40:15 (13.9 MB/s) - `code/../crawls/www.godaddy.com/Domain-Name-Registration-Agreement/raw/img1.wsimg.com/fos/btn/blue-reflection.png' saved [154/154]

--2011-12-01 14:40:15--  http://img1.wsimg.com/fos/btn/green-reflection.png
Reusing existing connection to img3.wsimg.com:80.
HTTP request sent, awaiting response... 200 OK
Length: 158 [image/png]
Saving to: `code/../crawls/www.godaddy.com/Domain-Name-Registration-Agreement/raw/img1.wsimg.com/fos/btn/green-reflection.png'

     0K                                                       100% 14.9M=0s

2011-12-01 14:40:15 (14.9 MB/s) - `code/../crawls/www.godaddy.com/Domain-Name-Registration-Agreement/raw/img1.wsimg.com/fos/btn/green-reflection.png' saved [158/158]

--2011-12-01 14:40:15--  http://img2.wsimg.com/fos/css/1/images/abic-sprt.png
Reusing existing connection to img3.wsimg.com:80.
HTTP request sent, awaiting response... 404 Not Found
2011-12-01 14:40:15 ERROR 404: Not Found.

FINISHED --2011-12-01 14:40:15--
Total wall clock time: 3.2s
Downloaded: 67 files, 662K in 0.9s (736 KB/s)
Converting code/../crawls/www.godaddy.com/Domain-Name-Registration-Agreement/raw/www.godaddy.com/gdshop/legal_agreements/show_doc.asp?se=+&pageid=REG_SA.html... 6-3
Converting code/../crawls/www.godaddy.com/Domain-Name-Registration-Agreement/raw/img2.wsimg.com/fos/css/1/sales_http_20111109.css... 72-1
Converted 2 files in 0.01 seconds.
