--2012-04-14 12:18:57--  http://www.earthlink.net/about/policies/isa.faces
Resolving www.earthlink.net... 209.86.62.44
Connecting to www.earthlink.net|209.86.62.44|:80... connected.
HTTP request sent, awaiting response... 200 OK
Length: unspecified [text/html]
Saving to: `code/../crawls/www.earthlink.net/Internet-Service-Agreement/raw/www.earthlink.net/about/policies/isa.faces.html'

     0K .......... .......... .......... .......... ..........  195K
    50K .......... .....                                        240K=0.3s

2012-04-14 12:18:58 (204 KB/s) - `code/../crawls/www.earthlink.net/Internet-Service-Agreement/raw/www.earthlink.net/about/policies/isa.faces.html' saved [66677]

--2012-04-14 12:18:58--  http://www.earthlink.net/css/www.css
Reusing existing connection to www.earthlink.net:80.
HTTP request sent, awaiting response... 200 OK
Length: 27063 (26K) [text/css]
Saving to: `code/../crawls/www.earthlink.net/Internet-Service-Agreement/raw/www.earthlink.net/css/www.css'

     0K .......... .......... ......                          100%  103K=0.3s

2012-04-14 12:18:58 (103 KB/s) - `code/../crawls/www.earthlink.net/Internet-Service-Agreement/raw/www.earthlink.net/css/www.css' saved [27063/27063]

--2012-04-14 12:18:58--  http://www.earthlink.net/css/dropdown.css
Reusing existing connection to www.earthlink.net:80.
HTTP request sent, awaiting response... 200 OK
Length: 12705 (12K) [text/css]
Saving to: `code/../crawls/www.earthlink.net/Internet-Service-Agreement/raw/www.earthlink.net/css/dropdown.css'

     0K .......... ..                                         100%  192K=0.06s

2012-04-14 12:18:58 (192 KB/s) - `code/../crawls/www.earthlink.net/Internet-Service-Agreement/raw/www.earthlink.net/css/dropdown.css' saved [12705/12705]

--2012-04-14 12:18:58--  http://ajax.googleapis.com/ajax/libs/jquery/1.5.1/jquery.min.js
Resolving ajax.googleapis.com... 173.194.79.95
Connecting to ajax.googleapis.com|173.194.79.95|:80... connected.
HTTP request sent, awaiting response... 200 OK
Length: unspecified [text/javascript]
Saving to: `code/../crawls/www.earthlink.net/Internet-Service-Agreement/raw/ajax.googleapis.com/ajax/libs/jquery/1.5.1/jquery.min.js'

     0K .......... .......... .......... .......... ..........  710K
    50K .......... .......... .......... ...                   10.1M=0.07s

2012-04-14 12:18:58 (1.10 MB/s) - `code/../crawls/www.earthlink.net/Internet-Service-Agreement/raw/ajax.googleapis.com/ajax/libs/jquery/1.5.1/jquery.min.js' saved [85260]

--2012-04-14 12:18:58--  http://www.earthlink.net/js/modernizr.js
Connecting to www.earthlink.net|209.86.62.44|:80... connected.
HTTP request sent, awaiting response... 200 OK
Length: 9177 (9.0K) [application/javascript]
Saving to: `code/../crawls/www.earthlink.net/Internet-Service-Agreement/raw/www.earthlink.net/js/modernizr.js'

     0K ........                                              100% 70.6K=0.1s

2012-04-14 12:18:58 (70.6 KB/s) - `code/../crawls/www.earthlink.net/Internet-Service-Agreement/raw/www.earthlink.net/js/modernizr.js' saved [9177/9177]

--2012-04-14 12:18:58--  http://www.earthlink.net/js/nav.js
Reusing existing connection to www.earthlink.net:80.
HTTP request sent, awaiting response... 200 OK
Length: 953 [application/javascript]
Saving to: `code/../crawls/www.earthlink.net/Internet-Service-Agreement/raw/www.earthlink.net/js/nav.js'

     0K                                                       100% 6.89M=0s

2012-04-14 12:18:58 (6.89 MB/s) - `code/../crawls/www.earthlink.net/Internet-Service-Agreement/raw/www.earthlink.net/js/nav.js' saved [953/953]

--2012-04-14 12:18:58--  http://f.fontdeck.com/s/css/SHL1Q62RRv8EROgGSyefc+MAifY/www.earthlink.net/15017.css
Resolving f.fontdeck.com... 199.15.226.12
Connecting to f.fontdeck.com|199.15.226.12|:80... connected.
HTTP request sent, awaiting response... 200 OK
Length: 613 [text/css]
Saving to: `code/../crawls/www.earthlink.net/Internet-Service-Agreement/raw/f.fontdeck.com/s/css/SHL1Q62RRv8EROgGSyefc+MAifY/www.earthlink.net/15017.css'

     0K                                                       100% 93.5M=0s

2012-04-14 12:18:59 (93.5 MB/s) - `code/../crawls/www.earthlink.net/Internet-Service-Agreement/raw/f.fontdeck.com/s/css/SHL1Q62RRv8EROgGSyefc+MAifY/www.earthlink.net/15017.css' saved [613/613]

--2012-04-14 12:18:59--  http://www.earthlink.net/js/livechat/www-english_mtagconfig.js
Connecting to www.earthlink.net|209.86.62.44|:80... connected.
HTTP request sent, awaiting response... 200 OK
Length: 6034 (5.9K) [application/javascript]
Saving to: `code/../crawls/www.earthlink.net/Internet-Service-Agreement/raw/www.earthlink.net/js/livechat/www-english_mtagconfig.js'

     0K .....                                                 100% 7.23M=0.001s

2012-04-14 12:18:59 (7.23 MB/s) - `code/../crawls/www.earthlink.net/Internet-Service-Agreement/raw/www.earthlink.net/js/livechat/www-english_mtagconfig.js' saved [6034/6034]

--2012-04-14 12:18:59--  http://www.earthlink.net/img/www/tabs/www_consumer_tab_on.gif
Reusing existing connection to www.earthlink.net:80.
HTTP request sent, awaiting response... 200 OK
Length: 1780 (1.7K) [image/gif]
Saving to: `code/../crawls/www.earthlink.net/Internet-Service-Agreement/raw/www.earthlink.net/img/www/tabs/www_consumer_tab_on.gif'

     0K .                                                     100% 27.3K=0.06s

2012-04-14 12:18:59 (27.3 KB/s) - `code/../crawls/www.earthlink.net/Internet-Service-Agreement/raw/www.earthlink.net/img/www/tabs/www_consumer_tab_on.gif' saved [1780/1780]

--2012-04-14 12:18:59--  http://www.earthlink.net/img/www/tabs/www_business_tab_off.gif
Reusing existing connection to www.earthlink.net:80.
HTTP request sent, awaiting response... 200 OK
Length: 1728 (1.7K) [image/gif]
Saving to: `code/../crawls/www.earthlink.net/Internet-Service-Agreement/raw/www.earthlink.net/img/www/tabs/www_business_tab_off.gif'

     0K .                                                     100% 26.4K=0.06s

2012-04-14 12:18:59 (26.4 KB/s) - `code/../crawls/www.earthlink.net/Internet-Service-Agreement/raw/www.earthlink.net/img/www/tabs/www_business_tab_off.gif' saved [1728/1728]

--2012-04-14 12:18:59--  http://www.earthlink.net/img/www/tabs/www_about_tab_off.gif
Reusing existing connection to www.earthlink.net:80.
HTTP request sent, awaiting response... 200 OK
Length: 1737 (1.7K) [image/gif]
Saving to: `code/../crawls/www.earthlink.net/Internet-Service-Agreement/raw/www.earthlink.net/img/www/tabs/www_about_tab_off.gif'

     0K .                                                     100% 4.61M=0s

2012-04-14 12:18:59 (4.61 MB/s) - `code/../crawls/www.earthlink.net/Internet-Service-Agreement/raw/www.earthlink.net/img/www/tabs/www_about_tab_off.gif' saved [1737/1737]

--2012-04-14 12:18:59--  http://www.earthlink.net/img/com/earthlink_logo.gif
Reusing existing connection to www.earthlink.net:80.
HTTP request sent, awaiting response... 200 OK
Length: 4434 (4.3K) [image/gif]
Saving to: `code/../crawls/www.earthlink.net/Internet-Service-Agreement/raw/www.earthlink.net/img/com/earthlink_logo.gif'

     0K ....                                                  100% 67.6K=0.06s

2012-04-14 12:18:59 (67.6 KB/s) - `code/../crawls/www.earthlink.net/Internet-Service-Agreement/raw/www.earthlink.net/img/com/earthlink_logo.gif' saved [4434/4434]

--2012-04-14 12:18:59--  http://www.earthlink.net/img/www/top_right_divider.png
Reusing existing connection to www.earthlink.net:80.
HTTP request sent, awaiting response... 200 OK
Length: 1105 (1.1K) [image/png]
Saving to: `code/../crawls/www.earthlink.net/Internet-Service-Agreement/raw/www.earthlink.net/img/www/top_right_divider.png'

     0K .                                                     100% 9.41M=0s

2012-04-14 12:18:59 (9.41 MB/s) - `code/../crawls/www.earthlink.net/Internet-Service-Agreement/raw/www.earthlink.net/img/www/top_right_divider.png' saved [1105/1105]

--2012-04-14 12:18:59--  http://www.earthlink.net/img/www/about/www_policies_hdr.gif
Reusing existing connection to www.earthlink.net:80.
HTTP request sent, awaiting response... 200 OK
Length: 2521 (2.5K) [image/gif]
Saving to: `code/../crawls/www.earthlink.net/Internet-Service-Agreement/raw/www.earthlink.net/img/www/about/www_policies_hdr.gif'

     0K ..                                                    100% 17.7M=0s

2012-04-14 12:18:59 (17.7 MB/s) - `code/../crawls/www.earthlink.net/Internet-Service-Agreement/raw/www.earthlink.net/img/www/about/www_policies_hdr.gif' saved [2521/2521]

--2012-04-14 12:18:59--  http://www.earthlink.net/img/www/home/resbiz/footer_box_bg.png
Reusing existing connection to www.earthlink.net:80.
HTTP request sent, awaiting response... 200 OK
Length: 81374 (79K) [image/png]
Saving to: `code/../crawls/www.earthlink.net/Internet-Service-Agreement/raw/www.earthlink.net/img/www/home/resbiz/footer_box_bg.png'

     0K .......... .......... .......... .......... .......... 62%  194K 0s
    50K .......... .......... .........                       100%  347K=0.3s

2012-04-14 12:19:00 (232 KB/s) - `code/../crawls/www.earthlink.net/Internet-Service-Agreement/raw/www.earthlink.net/img/www/home/resbiz/footer_box_bg.png' saved [81374/81374]

--2012-04-14 12:19:00--  http://www.earthlink.net/img/www/membercenter/socialmedia/twitter-logo_24x24.gif
Reusing existing connection to www.earthlink.net:80.
HTTP request sent, awaiting response... 200 OK
Length: 2487 (2.4K) [image/gif]
Saving to: `code/../crawls/www.earthlink.net/Internet-Service-Agreement/raw/www.earthlink.net/img/www/membercenter/socialmedia/twitter-logo_24x24.gif'

     0K ..                                                    100% 13.7M=0s

2012-04-14 12:19:00 (13.7 MB/s) - `code/../crawls/www.earthlink.net/Internet-Service-Agreement/raw/www.earthlink.net/img/www/membercenter/socialmedia/twitter-logo_24x24.gif' saved [2487/2487]

--2012-04-14 12:19:00--  http://www.facebook.com/plugins/like.php?href=http%3A%2F%2Fwww.facebook.com%2Fearthlink&layout=standard&show_faces=false&width=350&action=like&font&colorscheme=light&height=40
Resolving www.facebook.com... 69.171.234.96
Connecting to www.facebook.com|69.171.234.96|:80... connected.
HTTP request sent, awaiting response... 200 OK
Length: unspecified [text/html]
Saving to: `code/../crawls/www.earthlink.net/Internet-Service-Agreement/raw/www.facebook.com/plugins/like.php?href=http%3A%2F%2Fwww.facebook.com%2Fearthlink&layout=standard&show_faces=false&width=350&action=like&font&colorscheme=light&height=40.html'

     0K .......... .......... ....                              413K=0.06s

2012-04-14 12:19:00 (413 KB/s) - `code/../crawls/www.earthlink.net/Internet-Service-Agreement/raw/www.facebook.com/plugins/like.php?href=http%3A%2F%2Fwww.facebook.com%2Fearthlink&layout=standard&show_faces=false&width=350&action=like&font&colorscheme=light&height=40.html' saved [25301]

--2012-04-14 12:19:00--  http://www.earthlink.net/img/com/pixel.gif
Connecting to www.earthlink.net|209.86.62.44|:80... connected.
HTTP request sent, awaiting response... 200 OK
Length: 43 [image/gif]
Saving to: `code/../crawls/www.earthlink.net/Internet-Service-Agreement/raw/www.earthlink.net/img/com/pixel.gif'

     0K                                                       100% 7.02M=0s

2012-04-14 12:19:00 (7.02 MB/s) - `code/../crawls/www.earthlink.net/Internet-Service-Agreement/raw/www.earthlink.net/img/com/pixel.gif' saved [43/43]

--2012-04-14 12:19:00--  http://www.earthlink.net/js/s_code.js
Reusing existing connection to www.earthlink.net:80.
HTTP request sent, awaiting response... 200 OK
Length: 22660 (22K) [application/javascript]
Saving to: `code/../crawls/www.earthlink.net/Internet-Service-Agreement/raw/www.earthlink.net/js/s_code.js'

     0K .......... .......... ..                              100%  114K=0.2s

2012-04-14 12:19:00 (114 KB/s) - `code/../crawls/www.earthlink.net/Internet-Service-Agreement/raw/www.earthlink.net/js/s_code.js' saved [22660/22660]

--2012-04-14 12:19:00--  http://www.earthlink.net/js/common.js
Reusing existing connection to www.earthlink.net:80.
HTTP request sent, awaiting response... 200 OK
Length: 17235 (17K) [application/javascript]
Saving to: `code/../crawls/www.earthlink.net/Internet-Service-Agreement/raw/www.earthlink.net/js/common.js'

     0K .......... ......                                     100%  262K=0.06s

2012-04-14 12:19:00 (262 KB/s) - `code/../crawls/www.earthlink.net/Internet-Service-Agreement/raw/www.earthlink.net/js/common.js' saved [17235/17235]

--2012-04-14 12:19:00--  http://www.earthlink.net/js/www.js
Reusing existing connection to www.earthlink.net:80.
HTTP request sent, awaiting response... 200 OK
Length: 5085 (5.0K) [application/javascript]
Saving to: `code/../crawls/www.earthlink.net/Internet-Service-Agreement/raw/www.earthlink.net/js/www.js'

     0K ....                                                  100% 77.8K=0.06s

2012-04-14 12:19:01 (77.8 KB/s) - `code/../crawls/www.earthlink.net/Internet-Service-Agreement/raw/www.earthlink.net/js/www.js' saved [5085/5085]

--2012-04-14 12:19:01--  http://www.earthlink.net/js/popup_iframe.js
Reusing existing connection to www.earthlink.net:80.
HTTP request sent, awaiting response... 200 OK
Length: 3835 (3.7K) [application/javascript]
Saving to: `code/../crawls/www.earthlink.net/Internet-Service-Agreement/raw/www.earthlink.net/js/popup_iframe.js'

     0K ...                                                   100% 7.57M=0s

2012-04-14 12:19:01 (7.57 MB/s) - `code/../crawls/www.earthlink.net/Internet-Service-Agreement/raw/www.earthlink.net/js/popup_iframe.js' saved [3835/3835]

--2012-04-14 12:19:01--  http://www.earthlink.net/js/flash_loader.js
Reusing existing connection to www.earthlink.net:80.
HTTP request sent, awaiting response... 200 OK
Length: 764 [application/javascript]
Saving to: `code/../crawls/www.earthlink.net/Internet-Service-Agreement/raw/www.earthlink.net/js/flash_loader.js'

     0K                                                       100% 8.53M=0s

2012-04-14 12:19:01 (8.53 MB/s) - `code/../crawls/www.earthlink.net/Internet-Service-Agreement/raw/www.earthlink.net/js/flash_loader.js' saved [764/764]

--2012-04-14 12:19:01--  http://www.earthlink.net/img/com/squares.gif
Reusing existing connection to www.earthlink.net:80.
HTTP request sent, awaiting response... 200 OK
Length: 100380 (98K) [image/gif]
Saving to: `code/../crawls/www.earthlink.net/Internet-Service-Agreement/raw/www.earthlink.net/img/com/squares.gif'

     0K .......... .......... .......... .......... .......... 51%  196K 0s
    50K .......... .......... .......... .......... ........  100%  731K=0.3s

2012-04-14 12:19:01 (305 KB/s) - `code/../crawls/www.earthlink.net/Internet-Service-Agreement/raw/www.earthlink.net/img/com/squares.gif' saved [100380/100380]

--2012-04-14 12:19:01--  http://www.earthlink.net/img/com/support_btn.gif
Reusing existing connection to www.earthlink.net:80.
HTTP request sent, awaiting response... 200 OK
Length: 3109 (3.0K) [image/gif]
Saving to: `code/../crawls/www.earthlink.net/Internet-Service-Agreement/raw/www.earthlink.net/img/com/support_btn.gif'

     0K ...                                                   100% 6.54M=0s

2012-04-14 12:19:01 (6.54 MB/s) - `code/../crawls/www.earthlink.net/Internet-Service-Agreement/raw/www.earthlink.net/img/com/support_btn.gif' saved [3109/3109]

--2012-04-14 12:19:01--  http://www.earthlink.net/img/com/live_chat_close_btn.gif
Reusing existing connection to www.earthlink.net:80.
HTTP request sent, awaiting response... 200 OK
Length: 739 [image/gif]
Saving to: `code/../crawls/www.earthlink.net/Internet-Service-Agreement/raw/www.earthlink.net/img/com/live_chat_close_btn.gif'

     0K                                                       100% 6.14M=0s

2012-04-14 12:19:01 (6.14 MB/s) - `code/../crawls/www.earthlink.net/Internet-Service-Agreement/raw/www.earthlink.net/img/com/live_chat_close_btn.gif' saved [739/739]

--2012-04-14 12:19:01--  http://www.earthlink.net/img/www/topright/btn_sales_agent.gif
Reusing existing connection to www.earthlink.net:80.
HTTP request sent, awaiting response... 200 OK
Length: 2493 (2.4K) [image/gif]
Saving to: `code/../crawls/www.earthlink.net/Internet-Service-Agreement/raw/www.earthlink.net/img/www/topright/btn_sales_agent.gif'

     0K ..                                                    100% 8.96M=0s

2012-04-14 12:19:01 (8.96 MB/s) - `code/../crawls/www.earthlink.net/Internet-Service-Agreement/raw/www.earthlink.net/img/www/topright/btn_sales_agent.gif' saved [2493/2493]

--2012-04-14 12:19:01--  http://www.earthlink.net/img/www/topright/btn_supportagent.gif
Reusing existing connection to www.earthlink.net:80.
HTTP request sent, awaiting response... 200 OK
Length: 2033 (2.0K) [image/gif]
Saving to: `code/../crawls/www.earthlink.net/Internet-Service-Agreement/raw/www.earthlink.net/img/www/topright/btn_supportagent.gif'

     0K .                                                     100% 6.17M=0s

2012-04-14 12:19:01 (6.17 MB/s) - `code/../crawls/www.earthlink.net/Internet-Service-Agreement/raw/www.earthlink.net/img/www/topright/btn_supportagent.gif' saved [2033/2033]

--2012-04-14 12:19:01--  http://www.earthlink.net/css/core.css
Reusing existing connection to www.earthlink.net:80.
HTTP request sent, awaiting response... 200 OK
Length: 8872 (8.7K) [text/css]
Saving to: `code/../crawls/www.earthlink.net/Internet-Service-Agreement/raw/www.earthlink.net/css/core.css'

     0K ........                                              100%  136K=0.06s

2012-04-14 12:19:02 (136 KB/s) - `code/../crawls/www.earthlink.net/Internet-Service-Agreement/raw/www.earthlink.net/css/core.css' saved [8872/8872]

--2012-04-14 12:19:02--  http://www.earthlink.net/css/core_img.css
Reusing existing connection to www.earthlink.net:80.
HTTP request sent, awaiting response... 200 OK
Length: 5183 (5.1K) [text/css]
Saving to: `code/../crawls/www.earthlink.net/Internet-Service-Agreement/raw/www.earthlink.net/css/core_img.css'

     0K .....                                                 100% 79.5K=0.06s

2012-04-14 12:19:02 (79.5 KB/s) - `code/../crawls/www.earthlink.net/Internet-Service-Agreement/raw/www.earthlink.net/css/core_img.css' saved [5183/5183]

--2012-04-14 12:19:02--  http://www.earthlink.net/img/www/box_preq_mid.gif
Reusing existing connection to www.earthlink.net:80.
HTTP request sent, awaiting response... 200 OK
Length: 71 [image/gif]
Saving to: `code/../crawls/www.earthlink.net/Internet-Service-Agreement/raw/www.earthlink.net/img/www/box_preq_mid.gif'

     0K                                                       100% 12.9M=0s

2012-04-14 12:19:02 (12.9 MB/s) - `code/../crawls/www.earthlink.net/Internet-Service-Agreement/raw/www.earthlink.net/img/www/box_preq_mid.gif' saved [71/71]

--2012-04-14 12:19:02--  http://www.earthlink.net/img/www/home/prequal-widget-background.png
Reusing existing connection to www.earthlink.net:80.
HTTP request sent, awaiting response... 200 OK
Length: 46741 (46K) [image/png]
Saving to: `code/../crawls/www.earthlink.net/Internet-Service-Agreement/raw/www.earthlink.net/img/www/home/prequal-widget-background.png'

     0K .......... .......... .......... .......... .....     100%  698K=0.07s

2012-04-14 12:19:02 (698 KB/s) - `code/../crawls/www.earthlink.net/Internet-Service-Agreement/raw/www.earthlink.net/img/www/home/prequal-widget-background.png' saved [46741/46741]

--2012-04-14 12:19:02--  http://www.earthlink.net/img/www/home/prequal-widget-qualify-background.png
Reusing existing connection to www.earthlink.net:80.
HTTP request sent, awaiting response... 200 OK
Length: 47653 (47K) [image/png]
Saving to: `code/../crawls/www.earthlink.net/Internet-Service-Agreement/raw/www.earthlink.net/img/www/home/prequal-widget-qualify-background.png'

     0K .......... .......... .......... .......... ......    100%  360K=0.1s

2012-04-14 12:19:02 (360 KB/s) - `code/../crawls/www.earthlink.net/Internet-Service-Agreement/raw/www.earthlink.net/img/www/home/prequal-widget-qualify-background.png' saved [47653/47653]

--2012-04-14 12:19:02--  http://www.earthlink.net/img/www/home/prequal-widget-pqe-background.png
Reusing existing connection to www.earthlink.net:80.
HTTP request sent, awaiting response... 200 OK
Length: 48343 (47K) [image/png]
Saving to: `code/../crawls/www.earthlink.net/Internet-Service-Agreement/raw/www.earthlink.net/img/www/home/prequal-widget-pqe-background.png'

     0K .......... .......... .......... .......... .......   100%  724K=0.07s

2012-04-14 12:19:02 (724 KB/s) - `code/../crawls/www.earthlink.net/Internet-Service-Agreement/raw/www.earthlink.net/img/www/home/prequal-widget-pqe-background.png' saved [48343/48343]

--2012-04-14 12:19:02--  http://www.earthlink.net/img/www/box_w238_top.gif
Reusing existing connection to www.earthlink.net:80.
HTTP request sent, awaiting response... 200 OK
Length: 1806 (1.8K) [image/gif]
Saving to: `code/../crawls/www.earthlink.net/Internet-Service-Agreement/raw/www.earthlink.net/img/www/box_w238_top.gif'

     0K .                                                     100% 3.75M=0s

2012-04-14 12:19:02 (3.75 MB/s) - `code/../crawls/www.earthlink.net/Internet-Service-Agreement/raw/www.earthlink.net/img/www/box_w238_top.gif' saved [1806/1806]

--2012-04-14 12:19:02--  http://www.earthlink.net/img/www/box_w238_bg.gif
Reusing existing connection to www.earthlink.net:80.
HTTP request sent, awaiting response... 200 OK
Length: 619 [image/gif]
Saving to: `code/../crawls/www.earthlink.net/Internet-Service-Agreement/raw/www.earthlink.net/img/www/box_w238_bg.gif'

     0K                                                       100% 1.98M=0s

2012-04-14 12:19:02 (1.98 MB/s) - `code/../crawls/www.earthlink.net/Internet-Service-Agreement/raw/www.earthlink.net/img/www/box_w238_bg.gif' saved [619/619]

--2012-04-14 12:19:02--  http://www.earthlink.net/img/www/box_w238_bot.gif
Reusing existing connection to www.earthlink.net:80.
HTTP request sent, awaiting response... 200 OK
Length: 1611 (1.6K) [image/gif]
Saving to: `code/../crawls/www.earthlink.net/Internet-Service-Agreement/raw/www.earthlink.net/img/www/box_w238_bot.gif'

     0K .                                                     100% 1.45M=0.001s

2012-04-14 12:19:02 (1.45 MB/s) - `code/../crawls/www.earthlink.net/Internet-Service-Agreement/raw/www.earthlink.net/img/www/box_w238_bot.gif' saved [1611/1611]

--2012-04-14 12:19:02--  http://www.earthlink.net/img/www/box_w468_bg.gif
Reusing existing connection to www.earthlink.net:80.
HTTP request sent, awaiting response... 200 OK
Length: 1713 (1.7K) [image/gif]
Saving to: `code/../crawls/www.earthlink.net/Internet-Service-Agreement/raw/www.earthlink.net/img/www/box_w468_bg.gif'

     0K .                                                     100% 5.11M=0s

2012-04-14 12:19:02 (5.11 MB/s) - `code/../crawls/www.earthlink.net/Internet-Service-Agreement/raw/www.earthlink.net/img/www/box_w468_bg.gif' saved [1713/1713]

--2012-04-14 12:19:02--  http://www.earthlink.net/img/www/box_w238_bg2.gif
Reusing existing connection to www.earthlink.net:80.
HTTP request sent, awaiting response... 200 OK
Length: 1142 (1.1K) [image/gif]
Saving to: `code/../crawls/www.earthlink.net/Internet-Service-Agreement/raw/www.earthlink.net/img/www/box_w238_bg2.gif'

     0K .                                                     100% 3.95M=0s

2012-04-14 12:19:02 (3.95 MB/s) - `code/../crawls/www.earthlink.net/Internet-Service-Agreement/raw/www.earthlink.net/img/www/box_w238_bg2.gif' saved [1142/1142]

--2012-04-14 12:19:02--  http://www.earthlink.net/img/www/box_w238a_bg.gif
Reusing existing connection to www.earthlink.net:80.
HTTP request sent, awaiting response... 200 OK
Length: 1018 [image/gif]
Saving to: `code/../crawls/www.earthlink.net/Internet-Service-Agreement/raw/www.earthlink.net/img/www/box_w238a_bg.gif'

     0K                                                       100% 2.69M=0s

2012-04-14 12:19:03 (2.69 MB/s) - `code/../crawls/www.earthlink.net/Internet-Service-Agreement/raw/www.earthlink.net/img/www/box_w238a_bg.gif' saved [1018/1018]

--2012-04-14 12:19:03--  http://www.earthlink.net/img/www/box_w238_bot2.gif
Reusing existing connection to www.earthlink.net:80.
HTTP request sent, awaiting response... 200 OK
Length: 3307 (3.2K) [image/gif]
Saving to: `code/../crawls/www.earthlink.net/Internet-Service-Agreement/raw/www.earthlink.net/img/www/box_w238_bot2.gif'

     0K ...                                                   100% 8.70M=0s

2012-04-14 12:19:03 (8.70 MB/s) - `code/../crawls/www.earthlink.net/Internet-Service-Agreement/raw/www.earthlink.net/img/www/box_w238_bot2.gif' saved [3307/3307]

--2012-04-14 12:19:03--  http://www.earthlink.net/img/www/box_w238_bot2a.gif
Reusing existing connection to www.earthlink.net:80.
HTTP request sent, awaiting response... 200 OK
Length: 2041 (2.0K) [image/gif]
Saving to: `code/../crawls/www.earthlink.net/Internet-Service-Agreement/raw/www.earthlink.net/img/www/box_w238_bot2a.gif'

     0K .                                                     100% 4.81M=0s

2012-04-14 12:19:03 (4.81 MB/s) - `code/../crawls/www.earthlink.net/Internet-Service-Agreement/raw/www.earthlink.net/img/www/box_w238_bot2a.gif' saved [2041/2041]

--2012-04-14 12:19:03--  http://www.earthlink.net/img/www/yellowbox_bg.gif
Reusing existing connection to www.earthlink.net:80.
HTTP request sent, awaiting response... 200 OK
Length: 834 [image/gif]
Saving to: `code/../crawls/www.earthlink.net/Internet-Service-Agreement/raw/www.earthlink.net/img/www/yellowbox_bg.gif'

     0K                                                       100% 8.29M=0s

2012-04-14 12:19:03 (8.29 MB/s) - `code/../crawls/www.earthlink.net/Internet-Service-Agreement/raw/www.earthlink.net/img/www/yellowbox_bg.gif' saved [834/834]

--2012-04-14 12:19:03--  http://www.earthlink.net/img/www/yellowbox_hdr.gif
Reusing existing connection to www.earthlink.net:80.
HTTP request sent, awaiting response... 200 OK
Length: 934 [image/gif]
Saving to: `code/../crawls/www.earthlink.net/Internet-Service-Agreement/raw/www.earthlink.net/img/www/yellowbox_hdr.gif'

     0K                                                       100% 6.55M=0s

2012-04-14 12:19:03 (6.55 MB/s) - `code/../crawls/www.earthlink.net/Internet-Service-Agreement/raw/www.earthlink.net/img/www/yellowbox_hdr.gif' saved [934/934]

--2012-04-14 12:19:03--  http://www.earthlink.net/img/www/yellowbox_btm.gif
Reusing existing connection to www.earthlink.net:80.
HTTP request sent, awaiting response... 200 OK
Length: 989 [image/gif]
Saving to: `code/../crawls/www.earthlink.net/Internet-Service-Agreement/raw/www.earthlink.net/img/www/yellowbox_btm.gif'

     0K                                                       100% 11.2M=0s

2012-04-14 12:19:03 (11.2 MB/s) - `code/../crawls/www.earthlink.net/Internet-Service-Agreement/raw/www.earthlink.net/img/www/yellowbox_btm.gif' saved [989/989]

--2012-04-14 12:19:03--  http://www.earthlink.net/img/www/box_w186_bg.gif
Reusing existing connection to www.earthlink.net:80.
HTTP request sent, awaiting response... 200 OK
Length: 7211 (7.0K) [image/gif]
Saving to: `code/../crawls/www.earthlink.net/Internet-Service-Agreement/raw/www.earthlink.net/img/www/box_w186_bg.gif'

     0K .......                                               100%  110K=0.06s

2012-04-14 12:19:03 (110 KB/s) - `code/../crawls/www.earthlink.net/Internet-Service-Agreement/raw/www.earthlink.net/img/www/box_w186_bg.gif' saved [7211/7211]

--2012-04-14 12:19:03--  http://www.earthlink.net/img/www/box_bg_fc2_2.gif
Reusing existing connection to www.earthlink.net:80.
HTTP request sent, awaiting response... 200 OK
Length: 1292 (1.3K) [image/gif]
Saving to: `code/../crawls/www.earthlink.net/Internet-Service-Agreement/raw/www.earthlink.net/img/www/box_bg_fc2_2.gif'

     0K .                                                     100% 5.72M=0s

2012-04-14 12:19:03 (5.72 MB/s) - `code/../crawls/www.earthlink.net/Internet-Service-Agreement/raw/www.earthlink.net/img/www/box_bg_fc2_2.gif' saved [1292/1292]

--2012-04-14 12:19:03--  http://www.earthlink.net/img/www/box_bg_fc5.gif
Reusing existing connection to www.earthlink.net:80.
HTTP request sent, awaiting response... 200 OK
Length: 1213 (1.2K) [image/gif]
Saving to: `code/../crawls/www.earthlink.net/Internet-Service-Agreement/raw/www.earthlink.net/img/www/box_bg_fc5.gif'

     0K .                                                     100% 5.39M=0s

2012-04-14 12:19:03 (5.39 MB/s) - `code/../crawls/www.earthlink.net/Internet-Service-Agreement/raw/www.earthlink.net/img/www/box_bg_fc5.gif' saved [1213/1213]

--2012-04-14 12:19:03--  http://www.earthlink.net/img/www/box_w214_bg.gif
Reusing existing connection to www.earthlink.net:80.
HTTP request sent, awaiting response... 200 OK
Length: 2024 (2.0K) [image/gif]
Saving to: `code/../crawls/www.earthlink.net/Internet-Service-Agreement/raw/www.earthlink.net/img/www/box_w214_bg.gif'

     0K .                                                     100% 5.30M=0s

2012-04-14 12:19:03 (5.30 MB/s) - `code/../crawls/www.earthlink.net/Internet-Service-Agreement/raw/www.earthlink.net/img/www/box_w214_bg.gif' saved [2024/2024]

--2012-04-14 12:19:03--  http://www.earthlink.net/img/www/box_w193_mid.gif
Reusing existing connection to www.earthlink.net:80.
HTTP request sent, awaiting response... 200 OK
Length: 2593 (2.5K) [image/gif]
Saving to: `code/../crawls/www.earthlink.net/Internet-Service-Agreement/raw/www.earthlink.net/img/www/box_w193_mid.gif'

     0K ..                                                    100% 9.68M=0s

2012-04-14 12:19:03 (9.68 MB/s) - `code/../crawls/www.earthlink.net/Internet-Service-Agreement/raw/www.earthlink.net/img/www/box_w193_mid.gif' saved [2593/2593]

--2012-04-14 12:19:03--  http://www.earthlink.net/img/www/home/www_splash_hs_bg.jpg
Reusing existing connection to www.earthlink.net:80.
HTTP request sent, awaiting response... 200 OK
Length: 13748 (13K) [image/jpeg]
Saving to: `code/../crawls/www.earthlink.net/Internet-Service-Agreement/raw/www.earthlink.net/img/www/home/www_splash_hs_bg.jpg'

     0K .......... ...                                        100% 10.8M=0.001s

2012-04-14 12:19:03 (10.8 MB/s) - `code/../crawls/www.earthlink.net/Internet-Service-Agreement/raw/www.earthlink.net/img/www/home/www_splash_hs_bg.jpg' saved [13748/13748]

--2012-04-14 12:19:03--  http://www.earthlink.net/img/www/home/product_tiles_background.png
Reusing existing connection to www.earthlink.net:80.
HTTP request sent, awaiting response... 200 OK
Length: 46437 (45K) [image/png]
Saving to: `code/../crawls/www.earthlink.net/Internet-Service-Agreement/raw/www.earthlink.net/img/www/home/product_tiles_background.png'

     0K .......... .......... .......... .......... .....     100%  115K=0.4s

2012-04-14 12:19:04 (115 KB/s) - `code/../crawls/www.earthlink.net/Internet-Service-Agreement/raw/www.earthlink.net/img/www/home/product_tiles_background.png' saved [46437/46437]

--2012-04-14 12:19:04--  http://www.earthlink.net/img/www/home/www_splash_dialup_bg.jpg
Reusing existing connection to www.earthlink.net:80.
HTTP request sent, awaiting response... 200 OK
Length: 27046 (26K) [image/jpeg]
Saving to: `code/../crawls/www.earthlink.net/Internet-Service-Agreement/raw/www.earthlink.net/img/www/home/www_splash_dialup_bg.jpg'

     0K .......... .......... ......                          100%  411K=0.06s

2012-04-14 12:19:04 (411 KB/s) - `code/../crawls/www.earthlink.net/Internet-Service-Agreement/raw/www.earthlink.net/img/www/home/www_splash_dialup_bg.jpg' saved [27046/27046]

--2012-04-14 12:19:04--  http://www.earthlink.net/img/www/home/www_splash_hosting_bg.jpg
Reusing existing connection to www.earthlink.net:80.
HTTP request sent, awaiting response... 200 OK
Length: 18380 (18K) [image/jpeg]
Saving to: `code/../crawls/www.earthlink.net/Internet-Service-Agreement/raw/www.earthlink.net/img/www/home/www_splash_hosting_bg.jpg'

     0K .......... .......                                    100%  109K=0.2s

2012-04-14 12:19:04 (109 KB/s) - `code/../crawls/www.earthlink.net/Internet-Service-Agreement/raw/www.earthlink.net/img/www/home/www_splash_hosting_bg.jpg' saved [18380/18380]

--2012-04-14 12:19:04--  http://www.earthlink.net/img/www/home/www_splash_software_bg.jpg
Reusing existing connection to www.earthlink.net:80.
HTTP request sent, awaiting response... 200 OK
Length: 19821 (19K) [image/jpeg]
Saving to: `code/../crawls/www.earthlink.net/Internet-Service-Agreement/raw/www.earthlink.net/img/www/home/www_splash_software_bg.jpg'

     0K .......... .........                                  100%  299K=0.06s

2012-04-14 12:19:04 (299 KB/s) - `code/../crawls/www.earthlink.net/Internet-Service-Agreement/raw/www.earthlink.net/img/www/home/www_splash_software_bg.jpg' saved [19821/19821]

--2012-04-14 12:19:04--  http://www.earthlink.net/img/www/home/www_splash_member_bg.jpg
Reusing existing connection to www.earthlink.net:80.
HTTP request sent, awaiting response... 200 OK
Length: 16498 (16K) [image/jpeg]
Saving to: `code/../crawls/www.earthlink.net/Internet-Service-Agreement/raw/www.earthlink.net/img/www/home/www_splash_member_bg.jpg'

     0K .......... ......                                     100% 98.5K=0.2s

2012-04-14 12:19:04 (98.5 KB/s) - `code/../crawls/www.earthlink.net/Internet-Service-Agreement/raw/www.earthlink.net/img/www/home/www_splash_member_bg.jpg' saved [16498/16498]

--2012-04-14 12:19:04--  http://www.earthlink.net/img/www/nav/dropdown/subnav_bg.png
Reusing existing connection to www.earthlink.net:80.
HTTP request sent, awaiting response... 200 OK
Length: 13626 (13K) [image/png]
Saving to: `code/../crawls/www.earthlink.net/Internet-Service-Agreement/raw/www.earthlink.net/img/www/nav/dropdown/subnav_bg.png'

     0K .......... ...                                        100%  207K=0.06s

2012-04-14 12:19:05 (207 KB/s) - `code/../crawls/www.earthlink.net/Internet-Service-Agreement/raw/www.earthlink.net/img/www/nav/dropdown/subnav_bg.png' saved [13626/13626]

--2012-04-14 12:19:05--  http://www.earthlink.net/img/www/about/www_nav_stripe_bg.gif
Reusing existing connection to www.earthlink.net:80.
HTTP request sent, awaiting response... 200 OK
Length: 50 [image/gif]
Saving to: `code/../crawls/www.earthlink.net/Internet-Service-Agreement/raw/www.earthlink.net/img/www/about/www_nav_stripe_bg.gif'

     0K                                                       100% 9.35M=0s

2012-04-14 12:19:05 (9.35 MB/s) - `code/../crawls/www.earthlink.net/Internet-Service-Agreement/raw/www.earthlink.net/img/www/about/www_nav_stripe_bg.gif' saved [50/50]

--2012-04-14 12:19:05--  http://www.earthlink.net/img/www/access/cable/www_cable_box_mid.gif
Reusing existing connection to www.earthlink.net:80.
HTTP request sent, awaiting response... 200 OK
Length: 82 [image/gif]
Saving to: `code/../crawls/www.earthlink.net/Internet-Service-Agreement/raw/www.earthlink.net/img/www/access/cable/www_cable_box_mid.gif'

     0K                                                       100% 13.3M=0s

2012-04-14 12:19:05 (13.3 MB/s) - `code/../crawls/www.earthlink.net/Internet-Service-Agreement/raw/www.earthlink.net/img/www/access/cable/www_cable_box_mid.gif' saved [82/82]

--2012-04-14 12:19:05--  http://www.earthlink.net/img/www/nav/dropdown/nav-background.png
Reusing existing connection to www.earthlink.net:80.
HTTP request sent, awaiting response... 200 OK
Length: 1125 (1.1K) [image/png]
Saving to: `code/../crawls/www.earthlink.net/Internet-Service-Agreement/raw/www.earthlink.net/img/www/nav/dropdown/nav-background.png'

     0K .                                                     100% 4.83M=0s

2012-04-14 12:19:05 (4.83 MB/s) - `code/../crawls/www.earthlink.net/Internet-Service-Agreement/raw/www.earthlink.net/img/www/nav/dropdown/nav-background.png' saved [1125/1125]

--2012-04-14 12:19:05--  http://www.earthlink.net/img/www/box_w666_gry_bg.gif
Reusing existing connection to www.earthlink.net:80.
HTTP request sent, awaiting response... 200 OK
Length: 851 [image/gif]
Saving to: `code/../crawls/www.earthlink.net/Internet-Service-Agreement/raw/www.earthlink.net/img/www/box_w666_gry_bg.gif'

     0K                                                       100% 3.54M=0s

2012-04-14 12:19:05 (3.54 MB/s) - `code/../crawls/www.earthlink.net/Internet-Service-Agreement/raw/www.earthlink.net/img/www/box_w666_gry_bg.gif' saved [851/851]

--2012-04-14 12:19:05--  http://www.earthlink.net/img/store/store_promo_code_box_bg.gif
Reusing existing connection to www.earthlink.net:80.
HTTP request sent, awaiting response... 200 OK
Length: 167 [image/gif]
Saving to: `code/../crawls/www.earthlink.net/Internet-Service-Agreement/raw/www.earthlink.net/img/store/store_promo_code_box_bg.gif'

     0K                                                       100% 28.9M=0s

2012-04-14 12:19:05 (28.9 MB/s) - `code/../crawls/www.earthlink.net/Internet-Service-Agreement/raw/www.earthlink.net/img/store/store_promo_code_box_bg.gif' saved [167/167]

--2012-04-14 12:19:05--  http://www.earthlink.net/img/www/about/leaders/www_leaders_box_bg.gif
Reusing existing connection to www.earthlink.net:80.
HTTP request sent, awaiting response... 200 OK
Length: 559 [image/gif]
Saving to: `code/../crawls/www.earthlink.net/Internet-Service-Agreement/raw/www.earthlink.net/img/www/about/leaders/www_leaders_box_bg.gif'

     0K                                                       100% 54.7M=0s

2012-04-14 12:19:05 (54.7 MB/s) - `code/../crawls/www.earthlink.net/Internet-Service-Agreement/raw/www.earthlink.net/img/www/about/leaders/www_leaders_box_bg.gif' saved [559/559]

--2012-04-14 12:19:05--  http://www.earthlink.net/img/www/www_pqe_inner_btm.gif
Reusing existing connection to www.earthlink.net:80.
HTTP request sent, awaiting response... 200 OK
Length: 362 [image/gif]
Saving to: `code/../crawls/www.earthlink.net/Internet-Service-Agreement/raw/www.earthlink.net/img/www/www_pqe_inner_btm.gif'

     0K                                                       100% 39.9M=0s

2012-04-14 12:19:05 (39.9 MB/s) - `code/../crawls/www.earthlink.net/Internet-Service-Agreement/raw/www.earthlink.net/img/www/www_pqe_inner_btm.gif' saved [362/362]

--2012-04-14 12:19:05--  http://www.earthlink.net/img/www/hosting/www_hosting_domain_search_bg.gif
Reusing existing connection to www.earthlink.net:80.
HTTP request sent, awaiting response... 200 OK
Length: 312 [image/gif]
Saving to: `code/../crawls/www.earthlink.net/Internet-Service-Agreement/raw/www.earthlink.net/img/www/hosting/www_hosting_domain_search_bg.gif'

     0K                                                       100% 9.64M=0s

2012-04-14 12:19:05 (9.64 MB/s) - `code/../crawls/www.earthlink.net/Internet-Service-Agreement/raw/www.earthlink.net/img/www/hosting/www_hosting_domain_search_bg.gif' saved [312/312]

--2012-04-14 12:19:05--  http://www.earthlink.net/img/com/www_arrowblock_gray.gif
Reusing existing connection to www.earthlink.net:80.
HTTP request sent, awaiting response... 200 OK
Length: 287 [image/gif]
Saving to: `code/../crawls/www.earthlink.net/Internet-Service-Agreement/raw/www.earthlink.net/img/com/www_arrowblock_gray.gif'

     0K                                                       100% 1.29M=0s

2012-04-14 12:19:05 (1.29 MB/s) - `code/../crawls/www.earthlink.net/Internet-Service-Agreement/raw/www.earthlink.net/img/com/www_arrowblock_gray.gif' saved [287/287]

--2012-04-14 12:19:05--  http://www.earthlink.net/img/com/www_arrowblock_orange.gif
Reusing existing connection to www.earthlink.net:80.
HTTP request sent, awaiting response... 200 OK
Length: 405 [image/gif]
Saving to: `code/../crawls/www.earthlink.net/Internet-Service-Agreement/raw/www.earthlink.net/img/com/www_arrowblock_orange.gif'

     0K                                                       100% 43.8M=0s

2012-04-14 12:19:05 (43.8 MB/s) - `code/../crawls/www.earthlink.net/Internet-Service-Agreement/raw/www.earthlink.net/img/com/www_arrowblock_orange.gif' saved [405/405]

--2012-04-14 12:19:05--  http://www.earthlink.net/img/com/www_arrowblock_purple.gif
Reusing existing connection to www.earthlink.net:80.
HTTP request sent, awaiting response... 200 OK
Length: 266 [image/gif]
Saving to: `code/../crawls/www.earthlink.net/Internet-Service-Agreement/raw/www.earthlink.net/img/com/www_arrowblock_purple.gif'

     0K                                                       100% 30.1M=0s

2012-04-14 12:19:05 (30.1 MB/s) - `code/../crawls/www.earthlink.net/Internet-Service-Agreement/raw/www.earthlink.net/img/com/www_arrowblock_purple.gif' saved [266/266]

--2012-04-14 12:19:05--  http://www.earthlink.net/img/com/www_arrowblock_seablue.gif
Reusing existing connection to www.earthlink.net:80.
HTTP request sent, awaiting response... 200 OK
Length: 423 [image/gif]
Saving to: `code/../crawls/www.earthlink.net/Internet-Service-Agreement/raw/www.earthlink.net/img/com/www_arrowblock_seablue.gif'

     0K                                                       100% 8.01M=0s

2012-04-14 12:19:05 (8.01 MB/s) - `code/../crawls/www.earthlink.net/Internet-Service-Agreement/raw/www.earthlink.net/img/com/www_arrowblock_seablue.gif' saved [423/423]

--2012-04-14 12:19:05--  http://www.earthlink.net/img/com/www_arrowblock_skyblue.gif
Reusing existing connection to www.earthlink.net:80.
HTTP request sent, awaiting response... 200 OK
Length: 405 [image/gif]
Saving to: `code/../crawls/www.earthlink.net/Internet-Service-Agreement/raw/www.earthlink.net/img/com/www_arrowblock_skyblue.gif'

     0K                                                       100% 45.3M=0s

2012-04-14 12:19:05 (45.3 MB/s) - `code/../crawls/www.earthlink.net/Internet-Service-Agreement/raw/www.earthlink.net/img/com/www_arrowblock_skyblue.gif' saved [405/405]

--2012-04-14 12:19:05--  http://www.earthlink.net/img/com/www_arrowblock_green.gif
Reusing existing connection to www.earthlink.net:80.
HTTP request sent, awaiting response... 200 OK
Length: 531 [image/gif]
Saving to: `code/../crawls/www.earthlink.net/Internet-Service-Agreement/raw/www.earthlink.net/img/com/www_arrowblock_green.gif'

     0K                                                       100% 59.6M=0s

2012-04-14 12:19:06 (59.6 MB/s) - `code/../crawls/www.earthlink.net/Internet-Service-Agreement/raw/www.earthlink.net/img/com/www_arrowblock_green.gif' saved [531/531]

--2012-04-14 12:19:06--  http://www.earthlink.net/img/com/search/websearch_box_top.gif
Reusing existing connection to www.earthlink.net:80.
HTTP request sent, awaiting response... 200 OK
Length: 209 [image/gif]
Saving to: `code/../crawls/www.earthlink.net/Internet-Service-Agreement/raw/www.earthlink.net/img/com/search/websearch_box_top.gif'

     0K                                                       100% 37.2M=0s

2012-04-14 12:19:06 (37.2 MB/s) - `code/../crawls/www.earthlink.net/Internet-Service-Agreement/raw/www.earthlink.net/img/com/search/websearch_box_top.gif' saved [209/209]

--2012-04-14 12:19:06--  http://www.earthlink.net/img/com/search/websearch_box_btm.gif
Reusing existing connection to www.earthlink.net:80.
HTTP request sent, awaiting response... 200 OK
Length: 206 [image/gif]
Saving to: `code/../crawls/www.earthlink.net/Internet-Service-Agreement/raw/www.earthlink.net/img/com/search/websearch_box_btm.gif'

     0K                                                       100% 36.8M=0s

2012-04-14 12:19:06 (36.8 MB/s) - `code/../crawls/www.earthlink.net/Internet-Service-Agreement/raw/www.earthlink.net/img/com/search/websearch_box_btm.gif' saved [206/206]

--2012-04-14 12:19:06--  http://www.earthlink.net/img/www/search/search_bg.gif
Reusing existing connection to www.earthlink.net:80.
HTTP request sent, awaiting response... 200 OK
Length: 48 [image/gif]
Saving to: `code/../crawls/www.earthlink.net/Internet-Service-Agreement/raw/www.earthlink.net/img/www/search/search_bg.gif'

     0K                                                       100% 8.42M=0s

2012-04-14 12:19:06 (8.42 MB/s) - `code/../crawls/www.earthlink.net/Internet-Service-Agreement/raw/www.earthlink.net/img/www/search/search_bg.gif' saved [48/48]

--2012-04-14 12:19:06--  http://www.earthlink.net/img/www/topright/viewcart.gif
Reusing existing connection to www.earthlink.net:80.
HTTP request sent, awaiting response... 200 OK
Length: 1613 (1.6K) [image/gif]
Saving to: `code/../crawls/www.earthlink.net/Internet-Service-Agreement/raw/www.earthlink.net/img/www/topright/viewcart.gif'

     0K .                                                     100% 5.20M=0s

2012-04-14 12:19:06 (5.20 MB/s) - `code/../crawls/www.earthlink.net/Internet-Service-Agreement/raw/www.earthlink.net/img/www/topright/viewcart.gif' saved [1613/1613]

--2012-04-14 12:19:06--  http://www.earthlink.net/img/www/topright/holdfree_chat_window.gif
Reusing existing connection to www.earthlink.net:80.
HTTP request sent, awaiting response... 200 OK
Length: 14639 (14K) [image/gif]
Saving to: `code/../crawls/www.earthlink.net/Internet-Service-Agreement/raw/www.earthlink.net/img/www/topright/holdfree_chat_window.gif'

     0K .......... ....                                       100%  222K=0.06s

2012-04-14 12:19:06 (222 KB/s) - `code/../crawls/www.earthlink.net/Internet-Service-Agreement/raw/www.earthlink.net/img/www/topright/holdfree_chat_window.gif' saved [14639/14639]

--2012-04-14 12:19:06--  http://www.earthlink.net/img/www/nav/dropdown/nav-tab-left.png
Reusing existing connection to www.earthlink.net:80.
HTTP request sent, awaiting response... 200 OK
Length: 1461 (1.4K) [image/png]
Saving to: `code/../crawls/www.earthlink.net/Internet-Service-Agreement/raw/www.earthlink.net/img/www/nav/dropdown/nav-tab-left.png'

     0K .                                                     100% 9.42M=0s

2012-04-14 12:19:06 (9.42 MB/s) - `code/../crawls/www.earthlink.net/Internet-Service-Agreement/raw/www.earthlink.net/img/www/nav/dropdown/nav-tab-left.png' saved [1461/1461]

--2012-04-14 12:19:06--  http://www.earthlink.net/img/www/nav/dropdown/nav-tab-right.png
Reusing existing connection to www.earthlink.net:80.
HTTP request sent, awaiting response... 200 OK
Length: 1479 (1.4K) [image/png]
Saving to: `code/../crawls/www.earthlink.net/Internet-Service-Agreement/raw/www.earthlink.net/img/www/nav/dropdown/nav-tab-right.png'

     0K .                                                     100% 7.47M=0s

2012-04-14 12:19:06 (7.47 MB/s) - `code/../crawls/www.earthlink.net/Internet-Service-Agreement/raw/www.earthlink.net/img/www/nav/dropdown/nav-tab-right.png' saved [1479/1479]

--2012-04-14 12:19:06--  http://www.earthlink.net/img/www/nav/dropdown/nav-tab-center-dropdown.png
Reusing existing connection to www.earthlink.net:80.
HTTP request sent, awaiting response... 200 OK
Length: 1091 (1.1K) [image/png]
Saving to: `code/../crawls/www.earthlink.net/Internet-Service-Agreement/raw/www.earthlink.net/img/www/nav/dropdown/nav-tab-center-dropdown.png'

     0K .                                                     100% 6.03M=0s

2012-04-14 12:19:06 (6.03 MB/s) - `code/../crawls/www.earthlink.net/Internet-Service-Agreement/raw/www.earthlink.net/img/www/nav/dropdown/nav-tab-center-dropdown.png' saved [1091/1091]

--2012-04-14 12:19:06--  http://www.earthlink.net/img/www/nav/dropdown/nav-tab-left-dropdown.png
Reusing existing connection to www.earthlink.net:80.
HTTP request sent, awaiting response... 200 OK
Length: 1341 (1.3K) [image/png]
Saving to: `code/../crawls/www.earthlink.net/Internet-Service-Agreement/raw/www.earthlink.net/img/www/nav/dropdown/nav-tab-left-dropdown.png'

     0K .                                                     100% 5.01M=0s

2012-04-14 12:19:06 (5.01 MB/s) - `code/../crawls/www.earthlink.net/Internet-Service-Agreement/raw/www.earthlink.net/img/www/nav/dropdown/nav-tab-left-dropdown.png' saved [1341/1341]

--2012-04-14 12:19:06--  http://www.earthlink.net/img/www/nav/dropdown/nav-tab-right-dropdown.png
Reusing existing connection to www.earthlink.net:80.
HTTP request sent, awaiting response... 200 OK
Length: 1372 (1.3K) [image/png]
Saving to: `code/../crawls/www.earthlink.net/Internet-Service-Agreement/raw/www.earthlink.net/img/www/nav/dropdown/nav-tab-right-dropdown.png'

     0K .                                                     100% 2.51M=0.001s

2012-04-14 12:19:06 (2.51 MB/s) - `code/../crawls/www.earthlink.net/Internet-Service-Agreement/raw/www.earthlink.net/img/www/nav/dropdown/nav-tab-right-dropdown.png' saved [1372/1372]

--2012-04-14 12:19:06--  http://www.earthlink.net/img/www/nav/dropdown/nav-tab-center.png
Reusing existing connection to www.earthlink.net:80.
HTTP request sent, awaiting response... 200 OK
Length: 1112 (1.1K) [image/png]
Saving to: `code/../crawls/www.earthlink.net/Internet-Service-Agreement/raw/www.earthlink.net/img/www/nav/dropdown/nav-tab-center.png'

     0K .                                                     100% 2.80M=0s

2012-04-14 12:19:06 (2.80 MB/s) - `code/../crawls/www.earthlink.net/Internet-Service-Agreement/raw/www.earthlink.net/img/www/nav/dropdown/nav-tab-center.png' saved [1112/1112]

--2012-04-14 12:19:06--  http://www.earthlink.net/img/www/nav/dropdown/nav-arrow.gif
Reusing existing connection to www.earthlink.net:80.
HTTP request sent, awaiting response... 200 OK
Length: 49 [image/gif]
Saving to: `code/../crawls/www.earthlink.net/Internet-Service-Agreement/raw/www.earthlink.net/img/www/nav/dropdown/nav-arrow.gif'

     0K                                                       100% 9.33M=0s

2012-04-14 12:19:06 (9.33 MB/s) - `code/../crawls/www.earthlink.net/Internet-Service-Agreement/raw/www.earthlink.net/img/www/nav/dropdown/nav-arrow.gif' saved [49/49]

--2012-04-14 12:19:06--  http://www.earthlink.net/img/www/nav/dropdown/nav-arrow-hover.gif
Reusing existing connection to www.earthlink.net:80.
HTTP request sent, awaiting response... 200 OK
Length: 49 [image/gif]
Saving to: `code/../crawls/www.earthlink.net/Internet-Service-Agreement/raw/www.earthlink.net/img/www/nav/dropdown/nav-arrow-hover.gif'

     0K                                                       100% 9.10M=0s

2012-04-14 12:19:06 (9.10 MB/s) - `code/../crawls/www.earthlink.net/Internet-Service-Agreement/raw/www.earthlink.net/img/www/nav/dropdown/nav-arrow-hover.gif' saved [49/49]

--2012-04-14 12:19:06--  http://www.earthlink.net/img/www/nav/dropdown/nav-sub-arrow.gif
Reusing existing connection to www.earthlink.net:80.
HTTP request sent, awaiting response... 200 OK
Length: 48 [image/gif]
Saving to: `code/../crawls/www.earthlink.net/Internet-Service-Agreement/raw/www.earthlink.net/img/www/nav/dropdown/nav-sub-arrow.gif'

     0K                                                       100% 8.71M=0s

2012-04-14 12:19:07 (8.71 MB/s) - `code/../crawls/www.earthlink.net/Internet-Service-Agreement/raw/www.earthlink.net/img/www/nav/dropdown/nav-sub-arrow.gif' saved [48/48]

--2012-04-14 12:19:07--  http://www.earthlink.net/img/www/nav/dropdown/nav-sub-arrow-hover.gif
Reusing existing connection to www.earthlink.net:80.
HTTP request sent, awaiting response... 200 OK
Length: 48 [image/gif]
Saving to: `code/../crawls/www.earthlink.net/Internet-Service-Agreement/raw/www.earthlink.net/img/www/nav/dropdown/nav-sub-arrow-hover.gif'

     0K                                                       100% 8.85M=0s

2012-04-14 12:19:07 (8.85 MB/s) - `code/../crawls/www.earthlink.net/Internet-Service-Agreement/raw/www.earthlink.net/img/www/nav/dropdown/nav-sub-arrow-hover.gif' saved [48/48]

--2012-04-14 12:19:07--  http://www.earthlink.net/img/www/nav/dropdown/nav-dropdown-top.png
Reusing existing connection to www.earthlink.net:80.
HTTP request sent, awaiting response... 200 OK
Length: 2811 (2.7K) [image/png]
Saving to: `code/../crawls/www.earthlink.net/Internet-Service-Agreement/raw/www.earthlink.net/img/www/nav/dropdown/nav-dropdown-top.png'

     0K ..                                                    100% 8.73M=0s

2012-04-14 12:19:07 (8.73 MB/s) - `code/../crawls/www.earthlink.net/Internet-Service-Agreement/raw/www.earthlink.net/img/www/nav/dropdown/nav-dropdown-top.png' saved [2811/2811]

--2012-04-14 12:19:07--  http://www.earthlink.net/img/www/nav/dropdown/nav-dropdown-ne.png
Reusing existing connection to www.earthlink.net:80.
HTTP request sent, awaiting response... 200 OK
Length: 224 [image/png]
Saving to: `code/../crawls/www.earthlink.net/Internet-Service-Agreement/raw/www.earthlink.net/img/www/nav/dropdown/nav-dropdown-ne.png'

     0K                                                       100% 40.1M=0s

2012-04-14 12:19:07 (40.1 MB/s) - `code/../crawls/www.earthlink.net/Internet-Service-Agreement/raw/www.earthlink.net/img/www/nav/dropdown/nav-dropdown-ne.png' saved [224/224]

--2012-04-14 12:19:07--  http://www.earthlink.net/img/www/nav/dropdown/nav-dropdown-right.png
Reusing existing connection to www.earthlink.net:80.
HTTP request sent, awaiting response... 200 OK
Length: 131 [image/png]
Saving to: `code/../crawls/www.earthlink.net/Internet-Service-Agreement/raw/www.earthlink.net/img/www/nav/dropdown/nav-dropdown-right.png'

     0K                                                       100% 24.0M=0s

2012-04-14 12:19:07 (24.0 MB/s) - `code/../crawls/www.earthlink.net/Internet-Service-Agreement/raw/www.earthlink.net/img/www/nav/dropdown/nav-dropdown-right.png' saved [131/131]

--2012-04-14 12:19:07--  http://www.earthlink.net/img/www/nav/dropdown/nav-dropdown-se.png
Reusing existing connection to www.earthlink.net:80.
HTTP request sent, awaiting response... 200 OK
Length: 257 [image/png]
Saving to: `code/../crawls/www.earthlink.net/Internet-Service-Agreement/raw/www.earthlink.net/img/www/nav/dropdown/nav-dropdown-se.png'

     0K                                                       100% 28.2M=0s

2012-04-14 12:19:07 (28.2 MB/s) - `code/../crawls/www.earthlink.net/Internet-Service-Agreement/raw/www.earthlink.net/img/www/nav/dropdown/nav-dropdown-se.png' saved [257/257]

--2012-04-14 12:19:07--  http://www.earthlink.net/img/www/nav/dropdown/nav-dropdown-bottom.png
Reusing existing connection to www.earthlink.net:80.
HTTP request sent, awaiting response... 200 OK
Length: 126 [image/png]
Saving to: `code/../crawls/www.earthlink.net/Internet-Service-Agreement/raw/www.earthlink.net/img/www/nav/dropdown/nav-dropdown-bottom.png'

     0K                                                       100% 22.2M=0s

2012-04-14 12:19:07 (22.2 MB/s) - `code/../crawls/www.earthlink.net/Internet-Service-Agreement/raw/www.earthlink.net/img/www/nav/dropdown/nav-dropdown-bottom.png' saved [126/126]

--2012-04-14 12:19:07--  http://www.earthlink.net/img/www/nav/dropdown/nav-dropdown-sw.png
Reusing existing connection to www.earthlink.net:80.
HTTP request sent, awaiting response... 200 OK
Length: 235 [image/png]
Saving to: `code/../crawls/www.earthlink.net/Internet-Service-Agreement/raw/www.earthlink.net/img/www/nav/dropdown/nav-dropdown-sw.png'

     0K                                                       100% 43.9M=0s

2012-04-14 12:19:07 (43.9 MB/s) - `code/../crawls/www.earthlink.net/Internet-Service-Agreement/raw/www.earthlink.net/img/www/nav/dropdown/nav-dropdown-sw.png' saved [235/235]

--2012-04-14 12:19:07--  http://www.earthlink.net/img/www/nav/dropdown/nav-dropdown-left.png
Reusing existing connection to www.earthlink.net:80.
HTTP request sent, awaiting response... 200 OK
Length: 129 [image/png]
Saving to: `code/../crawls/www.earthlink.net/Internet-Service-Agreement/raw/www.earthlink.net/img/www/nav/dropdown/nav-dropdown-left.png'

     0K                                                       100% 24.1M=0s

2012-04-14 12:19:07 (24.1 MB/s) - `code/../crawls/www.earthlink.net/Internet-Service-Agreement/raw/www.earthlink.net/img/www/nav/dropdown/nav-dropdown-left.png' saved [129/129]

--2012-04-14 12:19:07--  http://www.earthlink.net/img/www/searchbox.gif
Reusing existing connection to www.earthlink.net:80.
HTTP request sent, awaiting response... 200 OK
Length: 3920 (3.8K) [image/gif]
Saving to: `code/../crawls/www.earthlink.net/Internet-Service-Agreement/raw/www.earthlink.net/img/www/searchbox.gif'

     0K ...                                                   100% 60.0K=0.06s

2012-04-14 12:19:07 (60.0 KB/s) - `code/../crawls/www.earthlink.net/Internet-Service-Agreement/raw/www.earthlink.net/img/www/searchbox.gif' saved [3920/3920]

--2012-04-14 12:19:07--  http://www.earthlink.net/img/www/search-icon.gif
Reusing existing connection to www.earthlink.net:80.
HTTP request sent, awaiting response... 200 OK
Length: 569 [image/gif]
Saving to: `code/../crawls/www.earthlink.net/Internet-Service-Agreement/raw/www.earthlink.net/img/www/search-icon.gif'

     0K                                                       100% 64.3M=0s

2012-04-14 12:19:07 (64.3 MB/s) - `code/../crawls/www.earthlink.net/Internet-Service-Agreement/raw/www.earthlink.net/img/www/search-icon.gif' saved [569/569]

--2012-04-14 12:19:07--  http://f.fontdeck.com/f/1/Q1RjMHBmYXYAA26Eu85+zVwMUadAMxgj3YzHLmzFAwoVmHbloCDEEcC3w80wHR0/xIM.eot
Connecting to f.fontdeck.com|199.15.226.12|:80... connected.
HTTP request sent, awaiting response... 403 Forbidden
2012-04-14 12:19:07 ERROR 403: Forbidden.

--2012-04-14 12:19:07--  http://f.fontdeck.com/f/1/Q1RjMHBmYXYAA26Eu85+zVwMUadAMxgj3YzHLmzFAwoVmHbloCDEEcC3w80wHR0/xIM.eot?
Connecting to f.fontdeck.com|199.15.226.12|:80... connected.
HTTP request sent, awaiting response... 403 Forbidden
2012-04-14 12:19:07 ERROR 403: Forbidden.

--2012-04-14 12:19:07--  http://f.fontdeck.com/f/1/Q1RjMHBmYXYAA26Eu85+zVwMUadAMxgj3YzHLmzFAwoVmHbloCDEEcC3w80wHR0/xIM.woff
Connecting to f.fontdeck.com|199.15.226.12|:80... connected.
HTTP request sent, awaiting response... 403 Forbidden
2012-04-14 12:19:08 ERROR 403: Forbidden.

--2012-04-14 12:19:08--  http://f.fontdeck.com/f/1/Q1RjMHBmYXYAA26Eu85+zVwMUadAMxgj3YzHLmzFAwoVmHbloCDEEcC3w80wHR0/xIM.ttf
Connecting to f.fontdeck.com|199.15.226.12|:80... connected.
HTTP request sent, awaiting response... 403 Forbidden
2012-04-14 12:19:08 ERROR 403: Forbidden.

--2012-04-14 12:19:08--  http://static.ak.fbcdn.net/rsrc.php/v1/y7/r/ql9vukDCc4R.png
Resolving static.ak.fbcdn.net... 206.160.170.43, 206.160.170.9
Connecting to static.ak.fbcdn.net|206.160.170.43|:80... connected.
HTTP request sent, awaiting response... 200 OK
Length: 1177 (1.1K) [image/png]
Saving to: `code/../crawls/www.earthlink.net/Internet-Service-Agreement/raw/static.ak.fbcdn.net/rsrc.php/v1/y7/r/ql9vukDCc4R.png'

     0K .                                                     100%  161M=0s

2012-04-14 12:19:08 (161 MB/s) - `code/../crawls/www.earthlink.net/Internet-Service-Agreement/raw/static.ak.fbcdn.net/rsrc.php/v1/y7/r/ql9vukDCc4R.png' saved [1177/1177]

--2012-04-14 12:19:08--  http://static.ak.fbcdn.net/rsrc.php/v1/yp/r/qDH1xoDhFBF.gif
Reusing existing connection to static.ak.fbcdn.net:80.
HTTP request sent, awaiting response... 200 OK
Length: 145 [image/gif]
Saving to: `code/../crawls/www.earthlink.net/Internet-Service-Agreement/raw/static.ak.fbcdn.net/rsrc.php/v1/yp/r/qDH1xoDhFBF.gif'

     0K                                                       100% 25.2M=0s

2012-04-14 12:19:08 (25.2 MB/s) - `code/../crawls/www.earthlink.net/Internet-Service-Agreement/raw/static.ak.fbcdn.net/rsrc.php/v1/yp/r/qDH1xoDhFBF.gif' saved [145/145]

--2012-04-14 12:19:08--  http://static.ak.fbcdn.net/rsrc.php/v1/yn/r/vAOEfR4cWQM.gif
Reusing existing connection to static.ak.fbcdn.net:80.
HTTP request sent, awaiting response... 200 OK
Length: 1410 (1.4K) [image/gif]
Saving to: `code/../crawls/www.earthlink.net/Internet-Service-Agreement/raw/static.ak.fbcdn.net/rsrc.php/v1/yn/r/vAOEfR4cWQM.gif'

     0K .                                                     100%  199M=0s

2012-04-14 12:19:08 (199 MB/s) - `code/../crawls/www.earthlink.net/Internet-Service-Agreement/raw/static.ak.fbcdn.net/rsrc.php/v1/yn/r/vAOEfR4cWQM.gif' saved [1410/1410]

--2012-04-14 12:19:08--  http://static.ak.fbcdn.net/rsrc.php/v1/yv/r/agyQHs6yLID.gif
Reusing existing connection to static.ak.fbcdn.net:80.
HTTP request sent, awaiting response... 200 OK
Length: 61 [image/gif]
Saving to: `code/../crawls/www.earthlink.net/Internet-Service-Agreement/raw/static.ak.fbcdn.net/rsrc.php/v1/yv/r/agyQHs6yLID.gif'

     0K                                                       100% 10.0M=0s

2012-04-14 12:19:08 (10.0 MB/s) - `code/../crawls/www.earthlink.net/Internet-Service-Agreement/raw/static.ak.fbcdn.net/rsrc.php/v1/yv/r/agyQHs6yLID.gif' saved [61/61]

--2012-04-14 12:19:08--  http://static.ak.fbcdn.net/rsrc.php/v1/yK/r/R95msRfVr6a.gif
Reusing existing connection to static.ak.fbcdn.net:80.
HTTP request sent, awaiting response... 200 OK
Length: 1409 (1.4K) [image/gif]
Saving to: `code/../crawls/www.earthlink.net/Internet-Service-Agreement/raw/static.ak.fbcdn.net/rsrc.php/v1/yK/r/R95msRfVr6a.gif'

     0K .                                                     100%  196M=0s

2012-04-14 12:19:08 (196 MB/s) - `code/../crawls/www.earthlink.net/Internet-Service-Agreement/raw/static.ak.fbcdn.net/rsrc.php/v1/yK/r/R95msRfVr6a.gif' saved [1409/1409]

--2012-04-14 12:19:08--  http://static.ak.fbcdn.net/rsrc.php/v1/yE/r/htZktl244wt.png
Reusing existing connection to static.ak.fbcdn.net:80.
HTTP request sent, awaiting response... 200 OK
Length: 124 [image/png]
Saving to: `code/../crawls/www.earthlink.net/Internet-Service-Agreement/raw/static.ak.fbcdn.net/rsrc.php/v1/yE/r/htZktl244wt.png'

     0K                                                       100% 20.7M=0s

2012-04-14 12:19:08 (20.7 MB/s) - `code/../crawls/www.earthlink.net/Internet-Service-Agreement/raw/static.ak.fbcdn.net/rsrc.php/v1/yE/r/htZktl244wt.png' saved [124/124]

FINISHED --2012-04-14 12:19:08--
Total wall clock time: 11s
Downloaded: 101 files, 855K in 3.6s (238 KB/s)
Converting code/../crawls/www.earthlink.net/Internet-Service-Agreement/raw/www.facebook.com/plugins/like.php?href=http%3A%2F%2Fwww.facebook.com%2Fearthlink&layout=standard&show_faces=false&width=350&action=like&font&colorscheme=light&height=40.html... 20-1
Converting code/../crawls/www.earthlink.net/Internet-Service-Agreement/raw/www.earthlink.net/about/policies/isa.faces.html... 31-46
Converting code/../crawls/www.earthlink.net/Internet-Service-Agreement/raw/www.earthlink.net/css/www.css... 58-0
Converting code/../crawls/www.earthlink.net/Internet-Service-Agreement/raw/f.fontdeck.com/s/css/SHL1Q62RRv8EROgGSyefc+MAifY/www.earthlink.net/15017.css... nothing to do.
Converting code/../crawls/www.earthlink.net/Internet-Service-Agreement/raw/www.earthlink.net/css/core_img.css... 0-20
Converting code/../crawls/www.earthlink.net/Internet-Service-Agreement/raw/www.earthlink.net/css/core.css... nothing to do.
Converting code/../crawls/www.earthlink.net/Internet-Service-Agreement/raw/www.earthlink.net/css/dropdown.css... 26-0
Converted 7 files in 0.006 seconds.
