--2011-12-01 14:41:59--  http://www.godaddy.com/gdshop/legal_agreements/show_doc.asp?plvid=1&pageid=privacy
Resolving www.godaddy.com (www.godaddy.com)... 97.74.104.201
Connecting to www.godaddy.com (www.godaddy.com)|97.74.104.201|:80... connected.
HTTP request sent, awaiting response... 301 Moved Permanently
Location: /Agreements/ShowDoc.aspx?plvid=1&pageid=privacy [following]
--2011-12-01 14:41:59--  http://www.godaddy.com/Agreements/ShowDoc.aspx?plvid=1&pageid=privacy
Reusing existing connection to www.godaddy.com:80.
HTTP request sent, awaiting response... 200 OK
Length: 26556 (26K) [text/html]
Saving to: `code/../crawls/www.godaddy.com/Privacy-Policy/raw/www.godaddy.com/gdshop/legal_agreements/show_doc.asp?plvid=1&pageid=privacy.html'

     0K .......... .......... .....                           100%  226K=0.1s

2011-12-01 14:41:59 (226 KB/s) - `code/../crawls/www.godaddy.com/Privacy-Policy/raw/www.godaddy.com/gdshop/legal_agreements/show_doc.asp?plvid=1&pageid=privacy.html' saved [26556/26556]

--2011-12-01 14:41:59--  http://img2.wsimg.com/fos/css/1/sales_http_20111109.css
Resolving img2.wsimg.com (img2.wsimg.com)... 184.30.248.229
Connecting to img2.wsimg.com (img2.wsimg.com)|184.30.248.229|:80... connected.
HTTP request sent, awaiting response... 200 OK
Length: unspecified [text/css]
Saving to: `code/../crawls/www.godaddy.com/Privacy-Policy/raw/img2.wsimg.com/fos/css/1/sales_http_20111109.css'

     0K .......... .......... .......... .......... ..........  753K
    50K .......... .......... ...                              2.69M=0.08s

2011-12-01 14:42:00 (982 KB/s) - `code/../crawls/www.godaddy.com/Privacy-Policy/raw/img2.wsimg.com/fos/css/1/sales_http_20111109.css' saved [75479]

--2011-12-01 14:42:00--  http://img3.wsimg.com/AtlantisScripts/jquery/jquery-1.3.1.min.js
Resolving img3.wsimg.com (img3.wsimg.com)... 184.30.248.229
Reusing existing connection to img2.wsimg.com:80.
HTTP request sent, awaiting response... 200 OK
Length: unspecified [application/x-javascript]
Saving to: `code/../crawls/www.godaddy.com/Privacy-Policy/raw/img3.wsimg.com/AtlantisScripts/jquery/jquery-1.3.1.min.js'

     0K .......... .......... .......... .......... .......... 1.90M
    50K ...                                                    3.16M=0.03s

2011-12-01 14:42:00 (1.96 MB/s) - `code/../crawls/www.godaddy.com/Privacy-Policy/raw/img3.wsimg.com/AtlantisScripts/jquery/jquery-1.3.1.min.js' saved [55272]

--2011-12-01 14:42:00--  http://img.godaddy.com/JS_Lib/traffic.js
Resolving img.godaddy.com (img.godaddy.com)... 97.74.104.49
Connecting to img.godaddy.com (img.godaddy.com)|97.74.104.49|:80... connected.
HTTP request sent, awaiting response... 200 OK
Length: 8240 (8.0K) [application/x-javascript]
Saving to: `code/../crawls/www.godaddy.com/Privacy-Policy/raw/img.godaddy.com/JS_Lib/traffic.js'

     0K ........                                              100%  109K=0.07s

2011-12-01 14:42:00 (109 KB/s) - `code/../crawls/www.godaddy.com/Privacy-Policy/raw/img.godaddy.com/JS_Lib/traffic.js' saved [8240/8240]

--2011-12-01 14:42:00--  http://img.godaddy.com/image.aspx?sitename=www.godaddy.com&server=M1PWCORPWEB157&privatelabelid=1&status=200&rand=0.0584803745422887&page=%2fAgreements%2fShowDoc.aspx&split=6&querystring=plvid%3d1%26pageid%3dprivacy
Reusing existing connection to img.godaddy.com:80.
HTTP request sent, awaiting response... 200 OK
Length: 43 [image/gif]
code/../crawls/www.godaddy.com/Privacy-Policy/raw/img.godaddy.com/image.aspx?sitename=www.godaddy.com&server=M1PWCORPWEB157&privatelabelid=1&status=200&rand=0.0584803745422887&page=%2FAgreements%2FShowDoc.aspx&split=6&querystring=plvid=1&pageid=privacy: File name too long

Cannot write to `code/../crawls/www.godaddy.com/Privacy-Policy/raw/img.godaddy.com/image.aspx?sitename=www.godaddy.com&server=M1PWCORPWEB157&privatelabelid=1&status=200&rand=0.0584803745422887&page=%2FAgreements%2FShowDoc.aspx&split=6&querystring=plvid=1&pageid=privacy' (File name too long).
--2011-12-01 14:42:00--  http://www.godaddy.com/WebResource.axd?d=F0MmiDMi7o2D-UfXRo9pw2J1DXoxzs6-7yk1z7LK9YUgSLZzmJaoUL5Yj074V77yMBRqAmhnmVw5t5T2V8ABYZesJks1&t=634244902920000000
Connecting to www.godaddy.com (www.godaddy.com)|97.74.104.201|:80... connected.
HTTP request sent, awaiting response... 200 OK
Length: 20794 (20K) [application/x-javascript]
Saving to: `code/../crawls/www.godaddy.com/Privacy-Policy/raw/www.godaddy.com/WebResource.axd?d=F0MmiDMi7o2D-UfXRo9pw2J1DXoxzs6-7yk1z7LK9YUgSLZzmJaoUL5Yj074V77yMBRqAmhnmVw5t5T2V8ABYZesJks1&t=634244902920000000'

     0K .......... ..........                                 100%  222K=0.09s

2011-12-01 14:42:00 (222 KB/s) - `code/../crawls/www.godaddy.com/Privacy-Policy/raw/www.godaddy.com/WebResource.axd?d=F0MmiDMi7o2D-UfXRo9pw2J1DXoxzs6-7yk1z7LK9YUgSLZzmJaoUL5Yj074V77yMBRqAmhnmVw5t5T2V8ABYZesJks1&t=634244902920000000' saved [20794/20794]

--2011-12-01 14:42:00--  http://www.godaddy.com/ScriptResource.axd?d=07PJCVFyCyUq301XvnZa1A1dhohl3iEi0ZrL4DpsO6fyHoRLkOFrNUL8IQWRL3P7qzX3I54gowvQdrQXAqjcbAMSsmSMfoLa0dRWNZ1XNU-L20j3HfpFYJYZmrBy1BExj1oA-3kW82X-EH8w4f-U2rvi7NxqUvbUYAoer38JjDQaCpyL0&t=fffffffff9d85fa6
Reusing existing connection to www.godaddy.com:80.
HTTP request sent, awaiting response... 200 OK
Length: 99445 (97K) [application/x-javascript]
code/../crawls/www.godaddy.com/Privacy-Policy/raw/www.godaddy.com/ScriptResource.axd?d=07PJCVFyCyUq301XvnZa1A1dhohl3iEi0ZrL4DpsO6fyHoRLkOFrNUL8IQWRL3P7qzX3I54gowvQdrQXAqjcbAMSsmSMfoLa0dRWNZ1XNU-L20j3HfpFYJYZmrBy1BExj1oA-3kW82X-EH8w4f-U2rvi7NxqUvbUYAoer38JjDQaCpyL0&t=fffffffff9d85fa6: File name too long

Cannot write to `code/../crawls/www.godaddy.com/Privacy-Policy/raw/www.godaddy.com/ScriptResource.axd?d=07PJCVFyCyUq301XvnZa1A1dhohl3iEi0ZrL4DpsO6fyHoRLkOFrNUL8IQWRL3P7qzX3I54gowvQdrQXAqjcbAMSsmSMfoLa0dRWNZ1XNU-L20j3HfpFYJYZmrBy1BExj1oA-3kW82X-EH8w4f-U2rvi7NxqUvbUYAoer38JjDQaCpyL0&t=fffffffff9d85fa6' (File name too long).
--2011-12-01 14:42:00--  http://www.godaddy.com/ScriptResource.axd?d=wSQ5o5xxQDc0G4nxirZlyKxBIDDj3ZN1OgZgRbdEOfTqPA7J0w93jXBYAW1xm1WDB8uempXmxYs-zUmMuX_1hpeSMX8RkhOW1Ln1bLWzMzGD0Q-2LNvfnH6JXT8qTFDGh4ahzs7_WF2u5z37DjK4nalFwgKPszGaA1U11ehuSwfHJ7w20&t=fffffffff9d85fa6
Connecting to www.godaddy.com (www.godaddy.com)|97.74.104.201|:80... connected.
HTTP request sent, awaiting response... 200 OK
Length: 32254 (31K) [application/x-javascript]
code/../crawls/www.godaddy.com/Privacy-Policy/raw/www.godaddy.com/ScriptResource.axd?d=wSQ5o5xxQDc0G4nxirZlyKxBIDDj3ZN1OgZgRbdEOfTqPA7J0w93jXBYAW1xm1WDB8uempXmxYs-zUmMuX_1hpeSMX8RkhOW1Ln1bLWzMzGD0Q-2LNvfnH6JXT8qTFDGh4ahzs7_WF2u5z37DjK4nalFwgKPszGaA1U11ehuSwfHJ7w20&t=fffffffff9d85fa6: File name too long

Cannot write to `code/../crawls/www.godaddy.com/Privacy-Policy/raw/www.godaddy.com/ScriptResource.axd?d=wSQ5o5xxQDc0G4nxirZlyKxBIDDj3ZN1OgZgRbdEOfTqPA7J0w93jXBYAW1xm1WDB8uempXmxYs-zUmMuX_1hpeSMX8RkhOW1Ln1bLWzMzGD0Q-2LNvfnH6JXT8qTFDGh4ahzs7_WF2u5z37DjK4nalFwgKPszGaA1U11ehuSwfHJ7w20&t=fffffffff9d85fa6' (File name too long).
--2011-12-01 14:42:00--  https://images.secureserver.net/assets/legal/truste_seal_ctv.gif
Resolving images.secureserver.net (images.secureserver.net)... 64.202.167.80
Connecting to images.secureserver.net (images.secureserver.net)|64.202.167.80|:443... connected.
HTTP request sent, awaiting response... 200 OK
Length: 3380 (3.3K) [image/gif]
Saving to: `code/../crawls/www.godaddy.com/Privacy-Policy/raw/images.secureserver.net/assets/legal/truste_seal_ctv.gif'

     0K ...                                                   100%  690M=0s

2011-12-01 14:42:01 (690 MB/s) - `code/../crawls/www.godaddy.com/Privacy-Policy/raw/images.secureserver.net/assets/legal/truste_seal_ctv.gif' saved [3380/3380]

--2011-12-01 14:42:01--  http://img3.wsimg.com/fastball/js_lib/FastballLibrary0006.js?version=2
Connecting to img3.wsimg.com (img3.wsimg.com)|184.30.248.229|:80... connected.
HTTP request sent, awaiting response... 200 OK
Length: 6976 (6.8K) [application/x-javascript]
Saving to: `code/../crawls/www.godaddy.com/Privacy-Policy/raw/img3.wsimg.com/fastball/js_lib/FastballLibrary0006.js?version=2'

     0K ......                                                100%  410K=0.02s

2011-12-01 14:42:01 (410 KB/s) - `code/../crawls/www.godaddy.com/Privacy-Policy/raw/img3.wsimg.com/fastball/js_lib/FastballLibrary0006.js?version=2' saved [6976/6976]

--2011-12-01 14:42:01--  http://img3.wsimg.com/fos/script/sales16.min.js
Reusing existing connection to img3.wsimg.com:80.
HTTP request sent, awaiting response... 200 OK
Length: 18355 (18K) [application/x-javascript]
Saving to: `code/../crawls/www.godaddy.com/Privacy-Policy/raw/img3.wsimg.com/fos/script/sales16.min.js'

     0K .......... .......                                    100%  468K=0.04s

2011-12-01 14:42:01 (468 KB/s) - `code/../crawls/www.godaddy.com/Privacy-Policy/raw/img3.wsimg.com/fos/script/sales16.min.js' saved [18355/18355]

--2011-12-01 14:42:01--  http://img1.wsimg.com/fos/base/1/base_img.gif
Resolving img1.wsimg.com (img1.wsimg.com)... 184.30.248.229
Reusing existing connection to img3.wsimg.com:80.
HTTP request sent, awaiting response... 200 OK
Length: 641 [image/gif]
Saving to: `code/../crawls/www.godaddy.com/Privacy-Policy/raw/img1.wsimg.com/fos/base/1/base_img.gif'

     0K                                                       100% 69.4M=0s

2011-12-01 14:42:01 (69.4 MB/s) - `code/../crawls/www.godaddy.com/Privacy-Policy/raw/img1.wsimg.com/fos/base/1/base_img.gif' saved [641/641]

--2011-12-01 14:42:01--  http://img1.wsimg.com/aaa/sb/2dots.gif
Reusing existing connection to img3.wsimg.com:80.
HTTP request sent, awaiting response... 200 OK
Length: 44 [image/gif]
Saving to: `code/../crawls/www.godaddy.com/Privacy-Policy/raw/img1.wsimg.com/aaa/sb/2dots.gif'

     0K                                                       100% 3.94M=0s

2011-12-01 14:42:01 (3.94 MB/s) - `code/../crawls/www.godaddy.com/Privacy-Policy/raw/img1.wsimg.com/aaa/sb/2dots.gif' saved [44/44]

--2011-12-01 14:42:01--  http://img1.wsimg.com/fos/bul/bul_arrow_ff6600.gif
Reusing existing connection to img3.wsimg.com:80.
HTTP request sent, awaiting response... 200 OK
Length: 54 [image/gif]
Saving to: `code/../crawls/www.godaddy.com/Privacy-Policy/raw/img1.wsimg.com/fos/bul/bul_arrow_ff6600.gif'

     0K                                                       100% 5.04M=0s

2011-12-01 14:42:01 (5.04 MB/s) - `code/../crawls/www.godaddy.com/Privacy-Policy/raw/img1.wsimg.com/fos/bul/bul_arrow_ff6600.gif' saved [54/54]

--2011-12-01 14:42:01--  http://img1.wsimg.com/fos/bul/bul_arrow_2c6ea1.gif
Reusing existing connection to img3.wsimg.com:80.
HTTP request sent, awaiting response... 200 OK
Length: 54 [image/gif]
Saving to: `code/../crawls/www.godaddy.com/Privacy-Policy/raw/img1.wsimg.com/fos/bul/bul_arrow_2c6ea1.gif'

     0K                                                       100% 4.77M=0s

2011-12-01 14:42:01 (4.77 MB/s) - `code/../crawls/www.godaddy.com/Privacy-Policy/raw/img1.wsimg.com/fos/bul/bul_arrow_2c6ea1.gif' saved [54/54]

--2011-12-01 14:42:01--  http://img1.wsimg.com/aaa/common/bul_bul.gif
Reusing existing connection to img3.wsimg.com:80.
HTTP request sent, awaiting response... 200 OK
Length: 50 [image/gif]
Saving to: `code/../crawls/www.godaddy.com/Privacy-Policy/raw/img1.wsimg.com/aaa/common/bul_bul.gif'

     0K                                                       100% 4.11M=0s

2011-12-01 14:42:01 (4.11 MB/s) - `code/../crawls/www.godaddy.com/Privacy-Policy/raw/img1.wsimg.com/aaa/common/bul_bul.gif' saved [50/50]

--2011-12-01 14:42:01--  http://img1.wsimg.com/aaa/common/1/bul_li_sized.gif
Reusing existing connection to img3.wsimg.com:80.
HTTP request sent, awaiting response... 200 OK
Length: 49 [image/gif]
Saving to: `code/../crawls/www.godaddy.com/Privacy-Policy/raw/img1.wsimg.com/aaa/common/1/bul_li_sized.gif'

     0K                                                       100% 4.56M=0s

2011-12-01 14:42:01 (4.56 MB/s) - `code/../crawls/www.godaddy.com/Privacy-Policy/raw/img1.wsimg.com/aaa/common/1/bul_li_sized.gif' saved [49/49]

--2011-12-01 14:42:01--  http://img1.wsimg.com/fos/bul/1/bul_li_sized_alt.gif
Reusing existing connection to img3.wsimg.com:80.
HTTP request sent, awaiting response... 200 OK
Length: 813 [image/gif]
Saving to: `code/../crawls/www.godaddy.com/Privacy-Policy/raw/img1.wsimg.com/fos/bul/1/bul_li_sized_alt.gif'

     0K                                                       100% 70.5M=0s

2011-12-01 14:42:01 (70.5 MB/s) - `code/../crawls/www.godaddy.com/Privacy-Policy/raw/img1.wsimg.com/fos/bul/1/bul_li_sized_alt.gif' saved [813/813]

--2011-12-01 14:42:01--  http://img1.wsimg.com/fos/icn/icn_notavail_gray.gif
Reusing existing connection to img3.wsimg.com:80.
HTTP request sent, awaiting response... 200 OK
Length: 188 [image/gif]
Saving to: `code/../crawls/www.godaddy.com/Privacy-Policy/raw/img1.wsimg.com/fos/icn/icn_notavail_gray.gif'

     0K                                                       100% 12.2M=0s

2011-12-01 14:42:01 (12.2 MB/s) - `code/../crawls/www.godaddy.com/Privacy-Policy/raw/img1.wsimg.com/fos/icn/icn_notavail_gray.gif' saved [188/188]

--2011-12-01 14:42:01--  http://img1.wsimg.com/fos/bdr/shadow_nw.png
Reusing existing connection to img3.wsimg.com:80.
HTTP request sent, awaiting response... 200 OK
Length: 318 [image/png]
Saving to: `code/../crawls/www.godaddy.com/Privacy-Policy/raw/img1.wsimg.com/fos/bdr/shadow_nw.png'

     0K                                                       100% 32.2M=0s

2011-12-01 14:42:01 (32.2 MB/s) - `code/../crawls/www.godaddy.com/Privacy-Policy/raw/img1.wsimg.com/fos/bdr/shadow_nw.png' saved [318/318]

--2011-12-01 14:42:01--  http://img1.wsimg.com/fos/bdr/shadow_top.png
Reusing existing connection to img3.wsimg.com:80.
HTTP request sent, awaiting response... 200 OK
Length: 141 [image/png]
Saving to: `code/../crawls/www.godaddy.com/Privacy-Policy/raw/img1.wsimg.com/fos/bdr/shadow_top.png'

     0K                                                       100% 12.8M=0s

2011-12-01 14:42:01 (12.8 MB/s) - `code/../crawls/www.godaddy.com/Privacy-Policy/raw/img1.wsimg.com/fos/bdr/shadow_top.png' saved [141/141]

--2011-12-01 14:42:01--  http://img1.wsimg.com/fos/bdr/shadow_ne.png
Reusing existing connection to img3.wsimg.com:80.
HTTP request sent, awaiting response... 200 OK
Length: 375 [image/png]
Saving to: `code/../crawls/www.godaddy.com/Privacy-Policy/raw/img1.wsimg.com/fos/bdr/shadow_ne.png'

     0K                                                       100% 41.9M=0s

2011-12-01 14:42:01 (41.9 MB/s) - `code/../crawls/www.godaddy.com/Privacy-Policy/raw/img1.wsimg.com/fos/bdr/shadow_ne.png' saved [375/375]

--2011-12-01 14:42:01--  http://img1.wsimg.com/fos/bdr/shadow_left.png
Reusing existing connection to img3.wsimg.com:80.
HTTP request sent, awaiting response... 200 OK
Length: 130 [image/png]
Saving to: `code/../crawls/www.godaddy.com/Privacy-Policy/raw/img1.wsimg.com/fos/bdr/shadow_left.png'

     0K                                                       100% 12.2M=0s

2011-12-01 14:42:01 (12.2 MB/s) - `code/../crawls/www.godaddy.com/Privacy-Policy/raw/img1.wsimg.com/fos/bdr/shadow_left.png' saved [130/130]

--2011-12-01 14:42:01--  http://img1.wsimg.com/fos/bdr/shadow_right.png
Reusing existing connection to img3.wsimg.com:80.
HTTP request sent, awaiting response... 200 OK
Length: 135 [image/png]
Saving to: `code/../crawls/www.godaddy.com/Privacy-Policy/raw/img1.wsimg.com/fos/bdr/shadow_right.png'

     0K                                                       100% 8.90M=0s

2011-12-01 14:42:01 (8.90 MB/s) - `code/../crawls/www.godaddy.com/Privacy-Policy/raw/img1.wsimg.com/fos/bdr/shadow_right.png' saved [135/135]

--2011-12-01 14:42:01--  http://img1.wsimg.com/fos/bdr/shadow_sw.png
Reusing existing connection to img3.wsimg.com:80.
HTTP request sent, awaiting response... 200 OK
Length: 329 [image/png]
Saving to: `code/../crawls/www.godaddy.com/Privacy-Policy/raw/img1.wsimg.com/fos/bdr/shadow_sw.png'

     0K                                                       100% 34.6M=0s

2011-12-01 14:42:01 (34.6 MB/s) - `code/../crawls/www.godaddy.com/Privacy-Policy/raw/img1.wsimg.com/fos/bdr/shadow_sw.png' saved [329/329]

--2011-12-01 14:42:01--  http://img1.wsimg.com/fos/bdr/shadow_bottom.png
Reusing existing connection to img3.wsimg.com:80.
HTTP request sent, awaiting response... 200 OK
Length: 134 [image/png]
Saving to: `code/../crawls/www.godaddy.com/Privacy-Policy/raw/img1.wsimg.com/fos/bdr/shadow_bottom.png'

     0K                                                       100% 10.4M=0s

2011-12-01 14:42:01 (10.4 MB/s) - `code/../crawls/www.godaddy.com/Privacy-Policy/raw/img1.wsimg.com/fos/bdr/shadow_bottom.png' saved [134/134]

--2011-12-01 14:42:01--  http://img1.wsimg.com/fos/bdr/shadow_se.png
Reusing existing connection to img3.wsimg.com:80.
HTTP request sent, awaiting response... 200 OK
Length: 351 [image/png]
Saving to: `code/../crawls/www.godaddy.com/Privacy-Policy/raw/img1.wsimg.com/fos/bdr/shadow_se.png'

     0K                                                       100% 25.9M=0s

2011-12-01 14:42:01 (25.9 MB/s) - `code/../crawls/www.godaddy.com/Privacy-Policy/raw/img1.wsimg.com/fos/bdr/shadow_se.png' saved [351/351]

--2011-12-01 14:42:01--  http://img1.wsimg.com/aaa/compare/1/img_standardsslcharttab.gif
Reusing existing connection to img3.wsimg.com:80.
HTTP request sent, awaiting response... 200 OK
Length: 1071 (1.0K) [image/gif]
Saving to: `code/../crawls/www.godaddy.com/Privacy-Policy/raw/img1.wsimg.com/aaa/compare/1/img_standardsslcharttab.gif'

     0K .                                                     100%  166M=0s

2011-12-01 14:42:01 (166 MB/s) - `code/../crawls/www.godaddy.com/Privacy-Policy/raw/img1.wsimg.com/aaa/compare/1/img_standardsslcharttab.gif' saved [1071/1071]

--2011-12-01 14:42:01--  http://img1.wsimg.com/fos/base/1/base_sb_bk.png
Reusing existing connection to img3.wsimg.com:80.
HTTP request sent, awaiting response... 200 OK
Length: 2575 (2.5K) [image/png]
Saving to: `code/../crawls/www.godaddy.com/Privacy-Policy/raw/img1.wsimg.com/fos/base/1/base_sb_bk.png'

     0K ..                                                    100% 6.05M=0s

2011-12-01 14:42:01 (6.05 MB/s) - `code/../crawls/www.godaddy.com/Privacy-Policy/raw/img1.wsimg.com/fos/base/1/base_sb_bk.png' saved [2575/2575]

--2011-12-01 14:42:01--  http://img1.wsimg.com/fos/base/1/base_sb_btns_2.png
Reusing existing connection to img3.wsimg.com:80.
HTTP request sent, awaiting response... 200 OK
Length: 58739 (57K) [image/png]
Saving to: `code/../crawls/www.godaddy.com/Privacy-Policy/raw/img1.wsimg.com/fos/base/1/base_sb_btns_2.png'

     0K .......... .......... .......... .......... .......... 87% 1.33M 0s
    50K .......                                               100% 4.69M=0.04s

2011-12-01 14:42:01 (1.47 MB/s) - `code/../crawls/www.godaddy.com/Privacy-Policy/raw/img1.wsimg.com/fos/base/1/base_sb_btns_2.png' saved [58739/58739]

--2011-12-01 14:42:01--  http://img1.wsimg.com/fos/sb/1/ban_prodadvsr.png
Reusing existing connection to img3.wsimg.com:80.
HTTP request sent, awaiting response... 200 OK
Length: 8429 (8.2K) [image/png]
Saving to: `code/../crawls/www.godaddy.com/Privacy-Policy/raw/img1.wsimg.com/fos/sb/1/ban_prodadvsr.png'

     0K ........                                              100% 6.24M=0.001s

2011-12-01 14:42:01 (6.24 MB/s) - `code/../crawls/www.godaddy.com/Privacy-Policy/raw/img1.wsimg.com/fos/sb/1/ban_prodadvsr.png' saved [8429/8429]

--2011-12-01 14:42:01--  http://img1.wsimg.com/fos/base/1/base_hdr5.png
Reusing existing connection to img3.wsimg.com:80.
HTTP request sent, awaiting response... 200 OK
Length: 6716 (6.6K) [image/png]
Saving to: `code/../crawls/www.godaddy.com/Privacy-Policy/raw/img1.wsimg.com/fos/base/1/base_hdr5.png'

     0K ......                                                100% 3.49M=0.002s

2011-12-01 14:42:01 (3.49 MB/s) - `code/../crawls/www.godaddy.com/Privacy-Policy/raw/img1.wsimg.com/fos/base/1/base_hdr5.png' saved [6716/6716]

--2011-12-01 14:42:01--  http://img1.wsimg.com/fos/sb/1/img_celebs_lsb3.gif
Reusing existing connection to img3.wsimg.com:80.
HTTP request sent, awaiting response... 200 OK
Length: 7726 (7.5K) [image/gif]
Saving to: `code/../crawls/www.godaddy.com/Privacy-Policy/raw/img1.wsimg.com/fos/sb/1/img_celebs_lsb3.gif'

     0K .......                                               100% 7.14M=0.001s

2011-12-01 14:42:01 (7.14 MB/s) - `code/../crawls/www.godaddy.com/Privacy-Policy/raw/img1.wsimg.com/fos/sb/1/img_celebs_lsb3.gif' saved [7726/7726]

--2011-12-01 14:42:01--  http://img1.wsimg.com/fos/ban/1/ban_bobblog_lsb.gif
Reusing existing connection to img3.wsimg.com:80.
HTTP request sent, awaiting response... 200 OK
Length: 5822 (5.7K) [image/gif]
Saving to: `code/../crawls/www.godaddy.com/Privacy-Policy/raw/img1.wsimg.com/fos/ban/1/ban_bobblog_lsb.gif'

     0K .....                                                 100% 8.83M=0.001s

2011-12-01 14:42:01 (8.83 MB/s) - `code/../crawls/www.godaddy.com/Privacy-Policy/raw/img1.wsimg.com/fos/ban/1/ban_bobblog_lsb.gif' saved [5822/5822]

--2011-12-01 14:42:01--  http://img1.wsimg.com/fos/base/1/base_qb.png
Reusing existing connection to img3.wsimg.com:80.
HTTP request sent, awaiting response... 200 OK
Length: 3033 (3.0K) [image/png]
Saving to: `code/../crawls/www.godaddy.com/Privacy-Policy/raw/img1.wsimg.com/fos/base/1/base_qb.png'

     0K ..                                                    100% 3.40M=0.001s

2011-12-01 14:42:01 (3.40 MB/s) - `code/../crawls/www.godaddy.com/Privacy-Policy/raw/img1.wsimg.com/fos/base/1/base_qb.png' saved [3033/3033]

--2011-12-01 14:42:01--  http://img1.wsimg.com/fos/base/1/base_tabs_line.png
Reusing existing connection to img3.wsimg.com:80.
HTTP request sent, awaiting response... 200 OK
Length: 126 [image/png]
Saving to: `code/../crawls/www.godaddy.com/Privacy-Policy/raw/img1.wsimg.com/fos/base/1/base_tabs_line.png'

     0K                                                       100% 14.2M=0s

2011-12-01 14:42:01 (14.2 MB/s) - `code/../crawls/www.godaddy.com/Privacy-Policy/raw/img1.wsimg.com/fos/base/1/base_tabs_line.png' saved [126/126]

--2011-12-01 14:42:01--  http://img1.wsimg.com/fos/bkg/1/tab_right_grey.gif
Reusing existing connection to img3.wsimg.com:80.
HTTP request sent, awaiting response... 200 OK
Length: 159 [image/gif]
Saving to: `code/../crawls/www.godaddy.com/Privacy-Policy/raw/img1.wsimg.com/fos/bkg/1/tab_right_grey.gif'

     0K                                                       100% 17.5M=0s

2011-12-01 14:42:01 (17.5 MB/s) - `code/../crawls/www.godaddy.com/Privacy-Policy/raw/img1.wsimg.com/fos/bkg/1/tab_right_grey.gif' saved [159/159]

--2011-12-01 14:42:01--  http://img1.wsimg.com/fos/bkg/1/tab_left_grey.gif
Reusing existing connection to img3.wsimg.com:80.
HTTP request sent, awaiting response... 200 OK
Length: 158 [image/gif]
Saving to: `code/../crawls/www.godaddy.com/Privacy-Policy/raw/img1.wsimg.com/fos/bkg/1/tab_left_grey.gif'

     0K                                                       100% 17.7M=0s

2011-12-01 14:42:01 (17.7 MB/s) - `code/../crawls/www.godaddy.com/Privacy-Policy/raw/img1.wsimg.com/fos/bkg/1/tab_left_grey.gif' saved [158/158]

--2011-12-01 14:42:01--  http://img1.wsimg.com/fos/bkg/1/tab_right.gif
Reusing existing connection to img3.wsimg.com:80.
HTTP request sent, awaiting response... 200 OK
Length: 159 [image/gif]
Saving to: `code/../crawls/www.godaddy.com/Privacy-Policy/raw/img1.wsimg.com/fos/bkg/1/tab_right.gif'

     0K                                                       100% 14.7M=0s

2011-12-01 14:42:01 (14.7 MB/s) - `code/../crawls/www.godaddy.com/Privacy-Policy/raw/img1.wsimg.com/fos/bkg/1/tab_right.gif' saved [159/159]

--2011-12-01 14:42:01--  http://img1.wsimg.com/fos/bkg/1/tab_left.gif
Reusing existing connection to img3.wsimg.com:80.
HTTP request sent, awaiting response... 200 OK
Length: 158 [image/gif]
Saving to: `code/../crawls/www.godaddy.com/Privacy-Policy/raw/img1.wsimg.com/fos/bkg/1/tab_left.gif'

     0K                                                       100% 14.8M=0s

2011-12-01 14:42:01 (14.8 MB/s) - `code/../crawls/www.godaddy.com/Privacy-Policy/raw/img1.wsimg.com/fos/bkg/1/tab_left.gif' saved [158/158]

--2011-12-01 14:42:01--  http://img1.wsimg.com/fos/ban/1/ban_sale.png
Reusing existing connection to img3.wsimg.com:80.
HTTP request sent, awaiting response... 200 OK
Length: 2177 (2.1K) [image/png]
Saving to: `code/../crawls/www.godaddy.com/Privacy-Policy/raw/img1.wsimg.com/fos/ban/1/ban_sale.png'

     0K ..                                                    100% 13.4M=0s

2011-12-01 14:42:01 (13.4 MB/s) - `code/../crawls/www.godaddy.com/Privacy-Policy/raw/img1.wsimg.com/fos/ban/1/ban_sale.png' saved [2177/2177]

--2011-12-01 14:42:01--  http://img1.wsimg.com/fos/ban/1/24265_bkg_trialpay.png
Reusing existing connection to img3.wsimg.com:80.
HTTP request sent, awaiting response... 404 Not Found
2011-12-01 14:42:02 ERROR 404: Not Found.

--2011-12-01 14:42:02--  http://img1.wsimg.com/assets/registrar/comsale/bkg_plv_special.gif
Reusing existing connection to img3.wsimg.com:80.
HTTP request sent, awaiting response... 200 OK
Length: 151 [image/gif]
Saving to: `code/../crawls/www.godaddy.com/Privacy-Policy/raw/img1.wsimg.com/assets/registrar/comsale/bkg_plv_special.gif'

     0K                                                       100% 15.8M=0s

2011-12-01 14:42:02 (15.8 MB/s) - `code/../crawls/www.godaddy.com/Privacy-Policy/raw/img1.wsimg.com/assets/registrar/comsale/bkg_plv_special.gif' saved [151/151]

--2011-12-01 14:42:02--  http://img1.wsimg.com/fos/hp/pagecast/icon_close.gif
Reusing existing connection to img3.wsimg.com:80.
HTTP request sent, awaiting response... 200 OK
Length: 223 [image/gif]
Saving to: `code/../crawls/www.godaddy.com/Privacy-Policy/raw/img1.wsimg.com/fos/hp/pagecast/icon_close.gif'

     0K                                                       100% 24.6M=0s

2011-12-01 14:42:02 (24.6 MB/s) - `code/../crawls/www.godaddy.com/Privacy-Policy/raw/img1.wsimg.com/fos/hp/pagecast/icon_close.gif' saved [223/223]

--2011-12-01 14:42:02--  http://img1.wsimg.com/fos/hp/pagecast/bk_silver_btn.gif
Reusing existing connection to img3.wsimg.com:80.
HTTP request sent, awaiting response... 200 OK
Length: 131 [image/gif]
Saving to: `code/../crawls/www.godaddy.com/Privacy-Policy/raw/img1.wsimg.com/fos/hp/pagecast/bk_silver_btn.gif'

     0K                                                       100% 14.7M=0s

2011-12-01 14:42:02 (14.7 MB/s) - `code/../crawls/www.godaddy.com/Privacy-Policy/raw/img1.wsimg.com/fos/hp/pagecast/bk_silver_btn.gif' saved [131/131]

--2011-12-01 14:42:02--  http://img1.wsimg.com/fos/hp/pagecast/sm_top_left_ie7_start.png
Reusing existing connection to img3.wsimg.com:80.
HTTP request sent, awaiting response... 200 OK
Length: 20681 (20K) [image/png]
Saving to: `code/../crawls/www.godaddy.com/Privacy-Policy/raw/img1.wsimg.com/fos/hp/pagecast/sm_top_left_ie7_start.png'

     0K .......... ..........                                 100% 3.20M=0.006s

2011-12-01 14:42:02 (3.20 MB/s) - `code/../crawls/www.godaddy.com/Privacy-Policy/raw/img1.wsimg.com/fos/hp/pagecast/sm_top_left_ie7_start.png' saved [20681/20681]

--2011-12-01 14:42:02--  http://img1.wsimg.com/fos/hp/pagecast/sm_top_left_ie6_start.gif
Reusing existing connection to img3.wsimg.com:80.
HTTP request sent, awaiting response... 200 OK
Length: 11609 (11K) [image/gif]
Saving to: `code/../crawls/www.godaddy.com/Privacy-Policy/raw/img1.wsimg.com/fos/hp/pagecast/sm_top_left_ie6_start.gif'

     0K .......... .                                          100% 2.43M=0.005s

2011-12-01 14:42:02 (2.43 MB/s) - `code/../crawls/www.godaddy.com/Privacy-Policy/raw/img1.wsimg.com/fos/hp/pagecast/sm_top_left_ie6_start.gif' saved [11609/11609]

--2011-12-01 14:42:02--  http://img1.wsimg.com/fos/hp/pagecast/sm_top_left.png
Reusing existing connection to img3.wsimg.com:80.
HTTP request sent, awaiting response... 200 OK
Length: 18653 (18K) [image/png]
Saving to: `code/../crawls/www.godaddy.com/Privacy-Policy/raw/img1.wsimg.com/fos/hp/pagecast/sm_top_left.png'

     0K .......... ........                                   100% 3.03M=0.006s

2011-12-01 14:42:02 (3.03 MB/s) - `code/../crawls/www.godaddy.com/Privacy-Policy/raw/img1.wsimg.com/fos/hp/pagecast/sm_top_left.png' saved [18653/18653]

--2011-12-01 14:42:02--  http://img1.wsimg.com/fos/hp/pagecast/sm_top_left.gif
Reusing existing connection to img3.wsimg.com:80.
HTTP request sent, awaiting response... 200 OK
Length: 16214 (16K) [image/gif]
Saving to: `code/../crawls/www.godaddy.com/Privacy-Policy/raw/img1.wsimg.com/fos/hp/pagecast/sm_top_left.gif'

     0K .......... .....                                      100% 4.12M=0.004s

2011-12-01 14:42:02 (4.12 MB/s) - `code/../crawls/www.godaddy.com/Privacy-Policy/raw/img1.wsimg.com/fos/hp/pagecast/sm_top_left.gif' saved [16214/16214]

--2011-12-01 14:42:02--  http://img1.wsimg.com/fos/hp/pagecast/sm_top_right.png
Reusing existing connection to img3.wsimg.com:80.
HTTP request sent, awaiting response... 200 OK
Length: 18418 (18K) [image/png]
Saving to: `code/../crawls/www.godaddy.com/Privacy-Policy/raw/img1.wsimg.com/fos/hp/pagecast/sm_top_right.png'

     0K .......... .......                                    100% 3.43M=0.005s

2011-12-01 14:42:02 (3.43 MB/s) - `code/../crawls/www.godaddy.com/Privacy-Policy/raw/img1.wsimg.com/fos/hp/pagecast/sm_top_right.png' saved [18418/18418]

--2011-12-01 14:42:02--  http://img1.wsimg.com/fos/hp/pagecast/sm_top_right.gif
Reusing existing connection to img3.wsimg.com:80.
HTTP request sent, awaiting response... 200 OK
Length: 16232 (16K) [image/gif]
Saving to: `code/../crawls/www.godaddy.com/Privacy-Policy/raw/img1.wsimg.com/fos/hp/pagecast/sm_top_right.gif'

     0K .......... .....                                      100% 4.11M=0.004s

2011-12-01 14:42:02 (4.11 MB/s) - `code/../crawls/www.godaddy.com/Privacy-Policy/raw/img1.wsimg.com/fos/hp/pagecast/sm_top_right.gif' saved [16232/16232]

--2011-12-01 14:42:02--  http://img1.wsimg.com/fos/hp/pagecast/sm_bottom_left.png
Reusing existing connection to img3.wsimg.com:80.
HTTP request sent, awaiting response... 200 OK
Length: 18562 (18K) [image/png]
Saving to: `code/../crawls/www.godaddy.com/Privacy-Policy/raw/img1.wsimg.com/fos/hp/pagecast/sm_bottom_left.png'

     0K .......... ........                                   100% 2.32M=0.008s

2011-12-01 14:42:02 (2.32 MB/s) - `code/../crawls/www.godaddy.com/Privacy-Policy/raw/img1.wsimg.com/fos/hp/pagecast/sm_bottom_left.png' saved [18562/18562]

--2011-12-01 14:42:02--  http://img1.wsimg.com/fos/hp/pagecast/sm_bottom_left.gif
Reusing existing connection to img3.wsimg.com:80.
HTTP request sent, awaiting response... 200 OK
Length: 16206 (16K) [image/gif]
Saving to: `code/../crawls/www.godaddy.com/Privacy-Policy/raw/img1.wsimg.com/fos/hp/pagecast/sm_bottom_left.gif'

     0K .......... .....                                      100% 4.03M=0.004s

2011-12-01 14:42:02 (4.03 MB/s) - `code/../crawls/www.godaddy.com/Privacy-Policy/raw/img1.wsimg.com/fos/hp/pagecast/sm_bottom_left.gif' saved [16206/16206]

--2011-12-01 14:42:02--  http://img1.wsimg.com/fos/hp/pagecast/sm_bottom_right.png
Reusing existing connection to img3.wsimg.com:80.
HTTP request sent, awaiting response... 200 OK
Length: 18590 (18K) [image/png]
Saving to: `code/../crawls/www.godaddy.com/Privacy-Policy/raw/img1.wsimg.com/fos/hp/pagecast/sm_bottom_right.png'

     0K .......... ........                                   100% 4.14M=0.004s

2011-12-01 14:42:02 (4.14 MB/s) - `code/../crawls/www.godaddy.com/Privacy-Policy/raw/img1.wsimg.com/fos/hp/pagecast/sm_bottom_right.png' saved [18590/18590]

--2011-12-01 14:42:02--  http://img1.wsimg.com/fos/hp/pagecast/sm_bottom_right.gif
Reusing existing connection to img3.wsimg.com:80.
HTTP request sent, awaiting response... 200 OK
Length: 16248 (16K) [image/gif]
Saving to: `code/../crawls/www.godaddy.com/Privacy-Policy/raw/img1.wsimg.com/fos/hp/pagecast/sm_bottom_right.gif'

     0K .......... .....                                      100% 3.71M=0.004s

2011-12-01 14:42:02 (3.71 MB/s) - `code/../crawls/www.godaddy.com/Privacy-Policy/raw/img1.wsimg.com/fos/hp/pagecast/sm_bottom_right.gif' saved [16248/16248]

--2011-12-01 14:42:02--  http://img1.wsimg.com/fos/btn/1/btn_close.gif
Reusing existing connection to img3.wsimg.com:80.
HTTP request sent, awaiting response... 200 OK
Length: 1000 [image/gif]
Saving to: `code/../crawls/www.godaddy.com/Privacy-Policy/raw/img1.wsimg.com/fos/btn/1/btn_close.gif'

     0K                                                       100% 89.3M=0s

2011-12-01 14:42:02 (89.3 MB/s) - `code/../crawls/www.godaddy.com/Privacy-Policy/raw/img1.wsimg.com/fos/btn/1/btn_close.gif' saved [1000/1000]

--2011-12-01 14:42:02--  http://img1.wsimg.com/fos/bdr/bdr_sdw_nw.png
Reusing existing connection to img3.wsimg.com:80.
HTTP request sent, awaiting response... 200 OK
Length: 182 [image/png]
Saving to: `code/../crawls/www.godaddy.com/Privacy-Policy/raw/img1.wsimg.com/fos/bdr/bdr_sdw_nw.png'

     0K                                                       100% 16.8M=0s

2011-12-01 14:42:02 (16.8 MB/s) - `code/../crawls/www.godaddy.com/Privacy-Policy/raw/img1.wsimg.com/fos/bdr/bdr_sdw_nw.png' saved [182/182]

--2011-12-01 14:42:02--  http://img1.wsimg.com/fos/bdr/bdr_sdw_n.png
Reusing existing connection to img3.wsimg.com:80.
HTTP request sent, awaiting response... 200 OK
Length: 230 [image/png]
Saving to: `code/../crawls/www.godaddy.com/Privacy-Policy/raw/img1.wsimg.com/fos/bdr/bdr_sdw_n.png'

     0K                                                       100% 21.5M=0s

2011-12-01 14:42:02 (21.5 MB/s) - `code/../crawls/www.godaddy.com/Privacy-Policy/raw/img1.wsimg.com/fos/bdr/bdr_sdw_n.png' saved [230/230]

--2011-12-01 14:42:02--  http://img1.wsimg.com/fos/bdr/bdr_sdw_ne.png
Reusing existing connection to img3.wsimg.com:80.
HTTP request sent, awaiting response... 200 OK
Length: 204 [image/png]
Saving to: `code/../crawls/www.godaddy.com/Privacy-Policy/raw/img1.wsimg.com/fos/bdr/bdr_sdw_ne.png'

     0K                                                       100% 18.7M=0s

2011-12-01 14:42:02 (18.7 MB/s) - `code/../crawls/www.godaddy.com/Privacy-Policy/raw/img1.wsimg.com/fos/bdr/bdr_sdw_ne.png' saved [204/204]

--2011-12-01 14:42:02--  http://img1.wsimg.com/fos/bdr/bdr_sdw_w.png
Reusing existing connection to img3.wsimg.com:80.
HTTP request sent, awaiting response... 200 OK
Length: 199 [image/png]
Saving to: `code/../crawls/www.godaddy.com/Privacy-Policy/raw/img1.wsimg.com/fos/bdr/bdr_sdw_w.png'

     0K                                                       100% 20.6M=0s

2011-12-01 14:42:02 (20.6 MB/s) - `code/../crawls/www.godaddy.com/Privacy-Policy/raw/img1.wsimg.com/fos/bdr/bdr_sdw_w.png' saved [199/199]

--2011-12-01 14:42:02--  http://img1.wsimg.com/fos/bdr/bdr_sdw_e.png
Reusing existing connection to img3.wsimg.com:80.
HTTP request sent, awaiting response... 200 OK
Length: 200 [image/png]
Saving to: `code/../crawls/www.godaddy.com/Privacy-Policy/raw/img1.wsimg.com/fos/bdr/bdr_sdw_e.png'

     0K                                                       100% 22.4M=0s

2011-12-01 14:42:02 (22.4 MB/s) - `code/../crawls/www.godaddy.com/Privacy-Policy/raw/img1.wsimg.com/fos/bdr/bdr_sdw_e.png' saved [200/200]

--2011-12-01 14:42:02--  http://img1.wsimg.com/fos/bdr/bdr_sdw_sw.png
Reusing existing connection to img3.wsimg.com:80.
HTTP request sent, awaiting response... 200 OK
Length: 197 [image/png]
Saving to: `code/../crawls/www.godaddy.com/Privacy-Policy/raw/img1.wsimg.com/fos/bdr/bdr_sdw_sw.png'

     0K                                                       100% 21.7M=0s

2011-12-01 14:42:02 (21.7 MB/s) - `code/../crawls/www.godaddy.com/Privacy-Policy/raw/img1.wsimg.com/fos/bdr/bdr_sdw_sw.png' saved [197/197]

--2011-12-01 14:42:02--  http://img1.wsimg.com/fos/bdr/bdr_sdw_s.png
Reusing existing connection to img3.wsimg.com:80.
HTTP request sent, awaiting response... 200 OK
Length: 225 [image/png]
Saving to: `code/../crawls/www.godaddy.com/Privacy-Policy/raw/img1.wsimg.com/fos/bdr/bdr_sdw_s.png'

     0K                                                       100% 24.9M=0s

2011-12-01 14:42:02 (24.9 MB/s) - `code/../crawls/www.godaddy.com/Privacy-Policy/raw/img1.wsimg.com/fos/bdr/bdr_sdw_s.png' saved [225/225]

--2011-12-01 14:42:02--  http://img1.wsimg.com/fos/bdr/bdr_sdw_se.png
Reusing existing connection to img3.wsimg.com:80.
HTTP request sent, awaiting response... 200 OK
Length: 211 [image/png]
Saving to: `code/../crawls/www.godaddy.com/Privacy-Policy/raw/img1.wsimg.com/fos/bdr/bdr_sdw_se.png'

     0K                                                       100% 19.5M=0s

2011-12-01 14:42:02 (19.5 MB/s) - `code/../crawls/www.godaddy.com/Privacy-Policy/raw/img1.wsimg.com/fos/bdr/bdr_sdw_se.png' saved [211/211]

--2011-12-01 14:42:02--  http://img1.wsimg.com/fos/bkg/sprite_tables-bkgrs2.gif
Reusing existing connection to img3.wsimg.com:80.
HTTP request sent, awaiting response... 200 OK
Length: 1802 (1.8K) [image/gif]
Saving to: `code/../crawls/www.godaddy.com/Privacy-Policy/raw/img1.wsimg.com/fos/bkg/sprite_tables-bkgrs2.gif'

     0K .                                                     100% 54.3M=0s

2011-12-01 14:42:02 (54.3 MB/s) - `code/../crawls/www.godaddy.com/Privacy-Policy/raw/img1.wsimg.com/fos/bkg/sprite_tables-bkgrs2.gif' saved [1802/1802]

--2011-12-01 14:42:02--  http://img1.wsimg.com/fos/icn/ajax-spinner-med.gif
Reusing existing connection to img3.wsimg.com:80.
HTTP request sent, awaiting response... 200 OK
Length: 3208 (3.1K) [image/gif]
Saving to: `code/../crawls/www.godaddy.com/Privacy-Policy/raw/img1.wsimg.com/fos/icn/ajax-spinner-med.gif'

     0K ...                                                   100% 5.19M=0.001s

2011-12-01 14:42:02 (5.19 MB/s) - `code/../crawls/www.godaddy.com/Privacy-Policy/raw/img1.wsimg.com/fos/icn/ajax-spinner-med.gif' saved [3208/3208]

--2011-12-01 14:42:02--  http://img1.wsimg.com/fos/btn/1/btn_go_on_light_yellow.gif
Reusing existing connection to img3.wsimg.com:80.
HTTP request sent, awaiting response... 200 OK
Length: 1606 (1.6K) [image/gif]
Saving to: `code/../crawls/www.godaddy.com/Privacy-Policy/raw/img1.wsimg.com/fos/btn/1/btn_go_on_light_yellow.gif'

     0K .                                                     100% 67.0M=0s

2011-12-01 14:42:02 (67.0 MB/s) - `code/../crawls/www.godaddy.com/Privacy-Policy/raw/img1.wsimg.com/fos/btn/1/btn_go_on_light_yellow.gif' saved [1606/1606]

--2011-12-01 14:42:02--  http://img1.wsimg.com/fos/btn/1/63271_DPP_sprite_buttons.png
Reusing existing connection to img3.wsimg.com:80.
HTTP request sent, awaiting response... 200 OK
Length: 21922 (21K) [image/png]
Saving to: `code/../crawls/www.godaddy.com/Privacy-Policy/raw/img1.wsimg.com/fos/btn/1/63271_DPP_sprite_buttons.png'

     0K .......... .......... .                               100% 3.04M=0.007s

2011-12-01 14:42:02 (3.04 MB/s) - `code/../crawls/www.godaddy.com/Privacy-Policy/raw/img1.wsimg.com/fos/btn/1/63271_DPP_sprite_buttons.png' saved [21922/21922]

--2011-12-01 14:42:02--  http://img1.wsimg.com/fos/btn/1/63271_g_DPP_sprite_buttons.png
Reusing existing connection to img3.wsimg.com:80.
HTTP request sent, awaiting response... 200 OK
Length: 24963 (24K) [image/png]
Saving to: `code/../crawls/www.godaddy.com/Privacy-Policy/raw/img1.wsimg.com/fos/btn/1/63271_g_DPP_sprite_buttons.png'

     0K .......... .......... ....                            100% 2.68M=0.009s

2011-12-01 14:42:02 (2.68 MB/s) - `code/../crawls/www.godaddy.com/Privacy-Policy/raw/img1.wsimg.com/fos/btn/1/63271_g_DPP_sprite_buttons.png' saved [24963/24963]

--2011-12-01 14:42:02--  http://img1.wsimg.com/fos/btn/1/express-checkout-carts.gif
Reusing existing connection to img3.wsimg.com:80.
HTTP request sent, awaiting response... 200 OK
Length: 1583 (1.5K) [image/gif]
Saving to: `code/../crawls/www.godaddy.com/Privacy-Policy/raw/img1.wsimg.com/fos/btn/1/express-checkout-carts.gif'

     0K .                                                     100% 64.5M=0s

2011-12-01 14:42:02 (64.5 MB/s) - `code/../crawls/www.godaddy.com/Privacy-Policy/raw/img1.wsimg.com/fos/btn/1/express-checkout-carts.gif' saved [1583/1583]

--2011-12-01 14:42:02--  http://img1.wsimg.com/fos/btn/blue-reflection.png
Reusing existing connection to img3.wsimg.com:80.
HTTP request sent, awaiting response... 200 OK
Length: 154 [image/png]
Saving to: `code/../crawls/www.godaddy.com/Privacy-Policy/raw/img1.wsimg.com/fos/btn/blue-reflection.png'

     0K                                                       100% 17.2M=0s

2011-12-01 14:42:02 (17.2 MB/s) - `code/../crawls/www.godaddy.com/Privacy-Policy/raw/img1.wsimg.com/fos/btn/blue-reflection.png' saved [154/154]

--2011-12-01 14:42:02--  http://img1.wsimg.com/fos/btn/green-reflection.png
Reusing existing connection to img3.wsimg.com:80.
HTTP request sent, awaiting response... 200 OK
Length: 158 [image/png]
Saving to: `code/../crawls/www.godaddy.com/Privacy-Policy/raw/img1.wsimg.com/fos/btn/green-reflection.png'

     0K                                                       100% 17.7M=0s

2011-12-01 14:42:02 (17.7 MB/s) - `code/../crawls/www.godaddy.com/Privacy-Policy/raw/img1.wsimg.com/fos/btn/green-reflection.png' saved [158/158]

--2011-12-01 14:42:02--  http://img2.wsimg.com/fos/css/1/images/abic-sprt.png
Reusing existing connection to img3.wsimg.com:80.
HTTP request sent, awaiting response... 404 Not Found
2011-12-01 14:42:02 ERROR 404: Not Found.

FINISHED --2011-12-01 14:42:02--
Total wall clock time: 3.1s
Downloaded: 68 files, 533K in 0.5s (974 KB/s)
Converting code/../crawls/www.godaddy.com/Privacy-Policy/raw/www.godaddy.com/gdshop/legal_agreements/show_doc.asp?plvid=1&pageid=privacy.html... 8-2
Converting code/../crawls/www.godaddy.com/Privacy-Policy/raw/img2.wsimg.com/fos/css/1/sales_http_20111109.css... 72-1
Converted 2 files in 0.008 seconds.
