--2011-12-01 14:41:34--  http://www.youtube.com/t/community_guidelines
Resolving www.youtube.com (www.youtube.com)... 74.125.39.190, 74.125.39.91, 74.125.39.93, ...
Connecting to www.youtube.com (www.youtube.com)|74.125.39.190|:80... connected.
HTTP request sent, awaiting response... 200 OK
Length: unspecified [text/html]
Saving to: `code/../crawls/www.youtube.com/Community-Guidelines/raw/www.youtube.com/t/community_guidelines.html'

     0K .......... .......... .......... ....                  95.9K=0.4s

2011-12-01 14:41:35 (95.9 KB/s) - `code/../crawls/www.youtube.com/Community-Guidelines/raw/www.youtube.com/t/community_guidelines.html' saved [35827]

--2011-12-01 14:41:35--  http://s.ytimg.com/yt/favicon-vflZlzSbU.ico
Resolving s.ytimg.com (s.ytimg.com)... 74.125.39.101, 74.125.39.102, 74.125.39.113, ...
Connecting to s.ytimg.com (s.ytimg.com)|74.125.39.101|:80... connected.
HTTP request sent, awaiting response... 200 OK
Length: 1150 (1.1K) [image/x-icon]
Saving to: `code/../crawls/www.youtube.com/Community-Guidelines/raw/s.ytimg.com/yt/favicon-vflZlzSbU.ico'

     0K .                                                     100% 88.3M=0s

2011-12-01 14:41:36 (88.3 MB/s) - `code/../crawls/www.youtube.com/Community-Guidelines/raw/s.ytimg.com/yt/favicon-vflZlzSbU.ico' saved [1150/1150]

--2011-12-01 14:41:36--  http://s.ytimg.com/yt/cssbin/www-core-vflu5oXQ1.css
Reusing existing connection to s.ytimg.com:80.
HTTP request sent, awaiting response... 200 OK
Length: unspecified [text/css]
Saving to: `code/../crawls/www.youtube.com/Community-Guidelines/raw/s.ytimg.com/yt/cssbin/www-core-vflu5oXQ1.css'

     0K .......... .......... .......... .......... ..........  135K
    50K .......... .......... .......... .......... ..........  213K
   100K .......... .......... .......... .......... ..........  294K
   150K .......... .......... .......... .......... ..........  348K
   200K .......... .......... .......... .......... ..........  956K
   250K                                                        1801G=1.0s

2011-12-01 14:41:37 (258 KB/s) - `code/../crawls/www.youtube.com/Community-Guidelines/raw/s.ytimg.com/yt/cssbin/www-core-vflu5oXQ1.css' saved [256967]

--2011-12-01 14:41:37--  http://s.ytimg.com/yt/cssbin/www-the-rest-vflNb6rAI.css
Reusing existing connection to s.ytimg.com:80.
HTTP request sent, awaiting response... 200 OK
Length: unspecified [text/css]
Saving to: `code/../crawls/www.youtube.com/Community-Guidelines/raw/s.ytimg.com/yt/cssbin/www-the-rest-vflNb6rAI.css'

     0K ........                                               3.86M=0.002s

2011-12-01 14:41:37 (3.86 MB/s) - `code/../crawls/www.youtube.com/Community-Guidelines/raw/s.ytimg.com/yt/cssbin/www-the-rest-vflNb6rAI.css' saved [8463]

--2011-12-01 14:41:37--  http://s.ytimg.com/yt/cssbin/www-static-vflEa4G0a.css
Reusing existing connection to s.ytimg.com:80.
HTTP request sent, awaiting response... 200 OK
Length: unspecified [text/css]
Saving to: `code/../crawls/www.youtube.com/Community-Guidelines/raw/s.ytimg.com/yt/cssbin/www-static-vflEa4G0a.css'

     0K .......... .......... .......... .....                 1.86M=0.02s

2011-12-01 14:41:37 (1.86 MB/s) - `code/../crawls/www.youtube.com/Community-Guidelines/raw/s.ytimg.com/yt/cssbin/www-static-vflEa4G0a.css' saved [35964]

--2011-12-01 14:41:37--  http://s.ytimg.com/yt/img/doodles/aids_day_yoodle_5-vflPFqYHz.png
Reusing existing connection to s.ytimg.com:80.
HTTP request sent, awaiting response... 200 OK
Length: 8283 (8.1K) [image/png]
Saving to: `code/../crawls/www.youtube.com/Community-Guidelines/raw/s.ytimg.com/yt/img/doodles/aids_day_yoodle_5-vflPFqYHz.png'

     0K ........                                              100% 6.57M=0.001s

2011-12-01 14:41:37 (6.57 MB/s) - `code/../crawls/www.youtube.com/Community-Guidelines/raw/s.ytimg.com/yt/img/doodles/aids_day_yoodle_5-vflPFqYHz.png' saved [8283/8283]

--2011-12-01 14:41:37--  http://www.youtube.com/v/ZA22WSVlCZ4?version=3
Connecting to www.youtube.com (www.youtube.com)|74.125.39.190|:80... connected.
HTTP request sent, awaiting response... 200 OK
Length: 3249 (3.2K) [application/x-shockwave-flash]
Saving to: `code/../crawls/www.youtube.com/Community-Guidelines/raw/www.youtube.com/v/ZA22WSVlCZ4?version=3'

     0K ...                                                   100%  221M=0s

2011-12-01 14:41:38 (221 MB/s) - `code/../crawls/www.youtube.com/Community-Guidelines/raw/www.youtube.com/v/ZA22WSVlCZ4?version=3' saved [3249/3249]

--2011-12-01 14:41:38--  http://i3.ytimg.com/vi/ZA22WSVlCZ4/default.jpg
Resolving i3.ytimg.com (i3.ytimg.com)... 74.125.39.113, 74.125.39.138, 74.125.39.139, ...
Connecting to i3.ytimg.com (i3.ytimg.com)|74.125.39.113|:80... connected.
HTTP request sent, awaiting response... 200 OK
Length: 2668 (2.6K) [image/jpeg]
Saving to: `code/../crawls/www.youtube.com/Community-Guidelines/raw/i3.ytimg.com/vi/ZA22WSVlCZ4/default.jpg'

     0K ..                                                    100%  178M=0s

2011-12-01 14:41:38 (178 MB/s) - `code/../crawls/www.youtube.com/Community-Guidelines/raw/i3.ytimg.com/vi/ZA22WSVlCZ4/default.jpg' saved [2668/2668]

--2011-12-01 14:41:38--  http://i3.ytimg.com/vi/nI2tmiKdPnU/default.jpg
Reusing existing connection to i3.ytimg.com:80.
HTTP request sent, awaiting response... 200 OK
Length: 3443 (3.4K) [image/jpeg]
Saving to: `code/../crawls/www.youtube.com/Community-Guidelines/raw/i3.ytimg.com/vi/nI2tmiKdPnU/default.jpg'

     0K ...                                                   100% 2.94M=0.001s

2011-12-01 14:41:38 (2.94 MB/s) - `code/../crawls/www.youtube.com/Community-Guidelines/raw/i3.ytimg.com/vi/nI2tmiKdPnU/default.jpg' saved [3443/3443]

--2011-12-01 14:41:38--  http://s.ytimg.com/yt/img/pixel-vfl3z5WfW.gif
Reusing existing connection to i3.ytimg.com:80.
HTTP request sent, awaiting response... 200 OK
Length: 43 [image/gif]
Saving to: `code/../crawls/www.youtube.com/Community-Guidelines/raw/s.ytimg.com/yt/img/pixel-vfl3z5WfW.gif'

     0K                                                       100% 3.71M=0s

2011-12-01 14:41:38 (3.71 MB/s) - `code/../crawls/www.youtube.com/Community-Guidelines/raw/s.ytimg.com/yt/img/pixel-vfl3z5WfW.gif' saved [43/43]

--2011-12-01 14:41:38--  http://s.ytimg.com/yt/jsbin/www-core-with-searchbox-vflwYlzYa.js
Reusing existing connection to i3.ytimg.com:80.
HTTP request sent, awaiting response... 200 OK
Length: unspecified [application/x-javascript]
Saving to: `code/../crawls/www.youtube.com/Community-Guidelines/raw/s.ytimg.com/yt/jsbin/www-core-with-searchbox-vflwYlzYa.js'

     0K .......... .......... .......... .......... ..........  140K
    50K .......... .......... .......... .......... ..........  141K
   100K .......... .......... .......... .......... ..........  297K
   150K .......... .......... .......... .......... .......... 1001K
   200K .......... .......... .......... .......... ..........  254K
   250K .......... .......... .......... .                      322K=1.2s

2011-12-01 14:41:40 (230 KB/s) - `code/../crawls/www.youtube.com/Community-Guidelines/raw/s.ytimg.com/yt/jsbin/www-core-with-searchbox-vflwYlzYa.js' saved [288020]

--2011-12-01 14:41:40--  http://s.ytimg.com/yt/jsbin/www-staticpages-vflTPdiP3.js
Reusing existing connection to i3.ytimg.com:80.
HTTP request sent, awaiting response... 200 OK
Length: unspecified [application/x-javascript]
Saving to: `code/../crawls/www.youtube.com/Community-Guidelines/raw/s.ytimg.com/yt/jsbin/www-staticpages-vflTPdiP3.js'

     0K .......                                                2.55M=0.003s

2011-12-01 14:41:40 (2.55 MB/s) - `code/../crawls/www.youtube.com/Community-Guidelines/raw/s.ytimg.com/yt/jsbin/www-staticpages-vflTPdiP3.js' saved [7641]

--2011-12-01 14:41:40--  http://s.ytimg.com/yt/imgbin/www-master-vfl_fhxaF.png
Reusing existing connection to i3.ytimg.com:80.
HTTP request sent, awaiting response... 200 OK
Length: 25963 (25K) [image/png]
Saving to: `code/../crawls/www.youtube.com/Community-Guidelines/raw/s.ytimg.com/yt/imgbin/www-master-vfl_fhxaF.png'

     0K .......... .......... .....                           100% 3.02M=0.008s

2011-12-01 14:41:40 (3.02 MB/s) - `code/../crawls/www.youtube.com/Community-Guidelines/raw/s.ytimg.com/yt/imgbin/www-master-vfl_fhxaF.png' saved [25963/25963]

--2011-12-01 14:41:40--  http://s.ytimg.com/yt/img/iyt-vflcrK378.png
Reusing existing connection to i3.ytimg.com:80.
HTTP request sent, awaiting response... 200 OK
Length: 3474 (3.4K) [image/png]
Saving to: `code/../crawls/www.youtube.com/Community-Guidelines/raw/s.ytimg.com/yt/img/iyt-vflcrK378.png'

     0K ...                                                   100% 2.59M=0.001s

2011-12-01 14:41:41 (2.59 MB/s) - `code/../crawls/www.youtube.com/Community-Guidelines/raw/s.ytimg.com/yt/img/iyt-vflcrK378.png' saved [3474/3474]

--2011-12-01 14:41:41--  http://s.ytimg.com/yt/img/ticker-vflhWwz8n.png
Reusing existing connection to i3.ytimg.com:80.
HTTP request sent, awaiting response... 200 OK
Length: 187 [image/png]
Saving to: `code/../crawls/www.youtube.com/Community-Guidelines/raw/s.ytimg.com/yt/img/ticker-vflhWwz8n.png'

     0K                                                       100% 16.1M=0s

2011-12-01 14:41:41 (16.1 MB/s) - `code/../crawls/www.youtube.com/Community-Guidelines/raw/s.ytimg.com/yt/img/ticker-vflhWwz8n.png' saved [187/187]

--2011-12-01 14:41:41--  http://s.ytimg.com/yt/imgbin/www-lwbanner-vflDGOCAo.png
Reusing existing connection to i3.ytimg.com:80.
HTTP request sent, awaiting response... 200 OK
Length: 3078 (3.0K) [image/png]
Saving to: `code/../crawls/www.youtube.com/Community-Guidelines/raw/s.ytimg.com/yt/imgbin/www-lwbanner-vflDGOCAo.png'

     0K ...                                                   100% 2.29M=0.001s

2011-12-01 14:41:41 (2.29 MB/s) - `code/../crawls/www.youtube.com/Community-Guidelines/raw/s.ytimg.com/yt/imgbin/www-lwbanner-vflDGOCAo.png' saved [3078/3078]

--2011-12-01 14:41:41--  http://s.ytimg.com/yt/img/playlist_bar/clock-vflFv2NJv.png
Reusing existing connection to i3.ytimg.com:80.
HTTP request sent, awaiting response... 200 OK
Length: 2641 (2.6K) [image/png]
Saving to: `code/../crawls/www.youtube.com/Community-Guidelines/raw/s.ytimg.com/yt/img/playlist_bar/clock-vflFv2NJv.png'

     0K ..                                                    100% 3.86M=0.001s

2011-12-01 14:41:42 (3.86 MB/s) - `code/../crawls/www.youtube.com/Community-Guidelines/raw/s.ytimg.com/yt/img/playlist_bar/clock-vflFv2NJv.png' saved [2641/2641]

--2011-12-01 14:41:42--  http://s.ytimg.com/yt/img/playlist_bar/heart-vfleakJiK.png
Reusing existing connection to i3.ytimg.com:80.
HTTP request sent, awaiting response... 200 OK
Length: 1941 (1.9K) [image/png]
Saving to: `code/../crawls/www.youtube.com/Community-Guidelines/raw/s.ytimg.com/yt/img/playlist_bar/heart-vfleakJiK.png'

     0K .                                                     100% 65.9M=0s

2011-12-01 14:41:42 (65.9 MB/s) - `code/../crawls/www.youtube.com/Community-Guidelines/raw/s.ytimg.com/yt/img/playlist_bar/heart-vfleakJiK.png' saved [1941/1941]

--2011-12-01 14:41:42--  http://s.ytimg.com/yt/img/playlist_bar/thumb-vflIo5STb.png
Reusing existing connection to i3.ytimg.com:80.
HTTP request sent, awaiting response... 200 OK
Length: 1759 (1.7K) [image/png]
Saving to: `code/../crawls/www.youtube.com/Community-Guidelines/raw/s.ytimg.com/yt/img/playlist_bar/thumb-vflIo5STb.png'

     0K .                                                     100% 3.34M=0.001s

2011-12-01 14:41:42 (3.34 MB/s) - `code/../crawls/www.youtube.com/Community-Guidelines/raw/s.ytimg.com/yt/img/playlist_bar/thumb-vflIo5STb.png' saved [1759/1759]

--2011-12-01 14:41:42--  http://s.ytimg.com/yt/imgbin/www-refresh-vfl3IcHHw.png
Reusing existing connection to i3.ytimg.com:80.
HTTP request sent, awaiting response... 200 OK
Length: 35522 (35K) [image/png]
Saving to: `code/../crawls/www.youtube.com/Community-Guidelines/raw/s.ytimg.com/yt/imgbin/www-refresh-vfl3IcHHw.png'

     0K .......... .......... .......... ....                 100% 2.09M=0.02s

2011-12-01 14:41:43 (2.09 MB/s) - `code/../crawls/www.youtube.com/Community-Guidelines/raw/s.ytimg.com/yt/imgbin/www-refresh-vfl3IcHHw.png' saved [35522/35522]

--2011-12-01 14:41:43--  http://s.ytimg.com/yt/img/search_tip_lightbulb-vflUfu55a.png
Reusing existing connection to i3.ytimg.com:80.
HTTP request sent, awaiting response... 200 OK
Length: 256 [image/png]
Saving to: `code/../crawls/www.youtube.com/Community-Guidelines/raw/s.ytimg.com/yt/img/search_tip_lightbulb-vflUfu55a.png'

     0K                                                       100% 22.0M=0s

2011-12-01 14:41:43 (22.0 MB/s) - `code/../crawls/www.youtube.com/Community-Guidelines/raw/s.ytimg.com/yt/img/search_tip_lightbulb-vflUfu55a.png' saved [256/256]

--2011-12-01 14:41:43--  http://s.ytimg.com/yt/img/video_cluster_border-vflZPPosM.gif
Reusing existing connection to i3.ytimg.com:80.
HTTP request sent, awaiting response... 200 OK
Length: 328 [image/gif]
Saving to: `code/../crawls/www.youtube.com/Community-Guidelines/raw/s.ytimg.com/yt/img/video_cluster_border-vflZPPosM.gif'

     0K                                                       100% 50.6M=0s

2011-12-01 14:41:43 (50.6 MB/s) - `code/../crawls/www.youtube.com/Community-Guidelines/raw/s.ytimg.com/yt/img/video_cluster_border-vflZPPosM.gif' saved [328/328]

--2011-12-01 14:41:43--  http://s.ytimg.com/yt/imgbin/www-sharing-vflMN7TfV.png
Reusing existing connection to i3.ytimg.com:80.
HTTP request sent, awaiting response... 200 OK
Length: 38774 (38K) [image/png]
Saving to: `code/../crawls/www.youtube.com/Community-Guidelines/raw/s.ytimg.com/yt/imgbin/www-sharing-vflMN7TfV.png'

     0K .......... .......... .......... .......              100% 2.00M=0.02s

2011-12-01 14:41:43 (2.00 MB/s) - `code/../crawls/www.youtube.com/Community-Guidelines/raw/s.ytimg.com/yt/imgbin/www-sharing-vflMN7TfV.png' saved [38774/38774]

--2011-12-01 14:41:43--  http://s.ytimg.com/yt/img/subscription_arrow-vflVeeo9t.png
Reusing existing connection to i3.ytimg.com:80.
HTTP request sent, awaiting response... 200 OK
Length: 137 [image/png]
Saving to: `code/../crawls/www.youtube.com/Community-Guidelines/raw/s.ytimg.com/yt/img/subscription_arrow-vflVeeo9t.png'

     0K                                                       100% 14.2M=0s

2011-12-01 14:41:44 (14.2 MB/s) - `code/../crawls/www.youtube.com/Community-Guidelines/raw/s.ytimg.com/yt/img/subscription_arrow-vflVeeo9t.png' saved [137/137]

--2011-12-01 14:41:44--  http://s.ytimg.com/yt/img/activity_indicator-vfl6QjGyi.gif
Reusing existing connection to i3.ytimg.com:80.
HTTP request sent, awaiting response... 200 OK
Length: 1780 (1.7K) [image/gif]
Saving to: `code/../crawls/www.youtube.com/Community-Guidelines/raw/s.ytimg.com/yt/img/activity_indicator-vfl6QjGyi.gif'

     0K .                                                     100% 64.8M=0s

2011-12-01 14:41:44 (64.8 MB/s) - `code/../crawls/www.youtube.com/Community-Guidelines/raw/s.ytimg.com/yt/img/activity_indicator-vfl6QjGyi.gif' saved [1780/1780]

--2011-12-01 14:41:44--  http://s.ytimg.com/yt/imgbin/www-medals-vfl0onnSj.png
Reusing existing connection to i3.ytimg.com:80.
HTTP request sent, awaiting response... 200 OK
Length: 11241 (11K) [image/png]
Saving to: `code/../crawls/www.youtube.com/Community-Guidelines/raw/s.ytimg.com/yt/imgbin/www-medals-vfl0onnSj.png'

     0K ..........                                            100% 2.88M=0.004s

2011-12-01 14:41:44 (2.88 MB/s) - `code/../crawls/www.youtube.com/Community-Guidelines/raw/s.ytimg.com/yt/imgbin/www-medals-vfl0onnSj.png' saved [11241/11241]

--2011-12-01 14:41:44--  http://s.ytimg.com/yt/img/check-grn-circle-vflbAZWvU.png
Reusing existing connection to i3.ytimg.com:80.
HTTP request sent, awaiting response... 200 OK
Length: 695 [image/png]
Saving to: `code/../crawls/www.youtube.com/Community-Guidelines/raw/s.ytimg.com/yt/img/check-grn-circle-vflbAZWvU.png'

     0K                                                       100% 65.9M=0s

2011-12-01 14:41:45 (65.9 MB/s) - `code/../crawls/www.youtube.com/Community-Guidelines/raw/s.ytimg.com/yt/img/check-grn-circle-vflbAZWvU.png' saved [695/695]

--2011-12-01 14:41:45--  http://s.ytimg.com/yt/img/loader-vflff1Mjj.gif
Reusing existing connection to i3.ytimg.com:80.
HTTP request sent, awaiting response... 200 OK
Length: 433 [image/gif]
Saving to: `code/../crawls/www.youtube.com/Community-Guidelines/raw/s.ytimg.com/yt/img/loader-vflff1Mjj.gif'

     0K                                                       100% 37.9M=0s

2011-12-01 14:41:45 (37.9 MB/s) - `code/../crawls/www.youtube.com/Community-Guidelines/raw/s.ytimg.com/yt/img/loader-vflff1Mjj.gif' saved [433/433]

--2011-12-01 14:41:45--  http://s.ytimg.com/yt/img/icons/lego-append-actions-vfltpl3wu.png
Reusing existing connection to i3.ytimg.com:80.
HTTP request sent, awaiting response... 200 OK
Length: 709 [image/png]
Saving to: `code/../crawls/www.youtube.com/Community-Guidelines/raw/s.ytimg.com/yt/img/icons/lego-append-actions-vfltpl3wu.png'

     0K                                                       100% 66.4M=0s

2011-12-01 14:41:45 (66.4 MB/s) - `code/../crawls/www.youtube.com/Community-Guidelines/raw/s.ytimg.com/yt/img/icons/lego-append-actions-vfltpl3wu.png' saved [709/709]

--2011-12-01 14:41:45--  http://s.ytimg.com/yt/img/close-vflxnTNTT.png
Reusing existing connection to i3.ytimg.com:80.
HTTP request sent, awaiting response... 200 OK
Length: 172 [image/png]
Saving to: `code/../crawls/www.youtube.com/Community-Guidelines/raw/s.ytimg.com/yt/img/close-vflxnTNTT.png'

     0K                                                       100% 14.7M=0s

2011-12-01 14:41:46 (14.7 MB/s) - `code/../crawls/www.youtube.com/Community-Guidelines/raw/s.ytimg.com/yt/img/close-vflxnTNTT.png' saved [172/172]

--2011-12-01 14:41:46--  http://s.ytimg.com/yt/img/icn_loading_animated-vflff1Mjj.gif
Reusing existing connection to i3.ytimg.com:80.
HTTP request sent, awaiting response... 200 OK
Length: 433 [image/gif]
Saving to: `code/../crawls/www.youtube.com/Community-Guidelines/raw/s.ytimg.com/yt/img/icn_loading_animated-vflff1Mjj.gif'

     0K                                                       100% 32.6M=0s

2011-12-01 14:41:46 (32.6 MB/s) - `code/../crawls/www.youtube.com/Community-Guidelines/raw/s.ytimg.com/yt/img/icn_loading_animated-vflff1Mjj.gif' saved [433/433]

--2011-12-01 14:41:46--  http://s.ytimg.com/yt/img/autoshare-vflhXH0Mt.png
Reusing existing connection to i3.ytimg.com:80.
HTTP request sent, awaiting response... 200 OK
Length: 3792 (3.7K) [image/png]
Saving to: `code/../crawls/www.youtube.com/Community-Guidelines/raw/s.ytimg.com/yt/img/autoshare-vflhXH0Mt.png'

     0K ...                                                   100% 4.90M=0.001s

2011-12-01 14:41:46 (4.90 MB/s) - `code/../crawls/www.youtube.com/Community-Guidelines/raw/s.ytimg.com/yt/img/autoshare-vflhXH0Mt.png' saved [3792/3792]

--2011-12-01 14:41:46--  http://s.ytimg.com/yt/img/browsers-vflEIu6dD.jpg
Reusing existing connection to i3.ytimg.com:80.
HTTP request sent, awaiting response... 200 OK
Length: 25612 (25K) [image/jpeg]
Saving to: `code/../crawls/www.youtube.com/Community-Guidelines/raw/s.ytimg.com/yt/img/browsers-vflEIu6dD.jpg'

     0K .......... .......... .....                           100% 1.66M=0.01s

2011-12-01 14:41:46 (1.66 MB/s) - `code/../crawls/www.youtube.com/Community-Guidelines/raw/s.ytimg.com/yt/img/browsers-vflEIu6dD.jpg' saved [25612/25612]

--2011-12-01 14:41:46--  http://s.ytimg.com/yt/img/tiny_white_video_icon-vflkS3jA-.png
Reusing existing connection to i3.ytimg.com:80.
HTTP request sent, awaiting response... 200 OK
Length: 107 [image/png]
Saving to: `code/../crawls/www.youtube.com/Community-Guidelines/raw/s.ytimg.com/yt/img/tiny_white_video_icon-vflkS3jA-.png'

     0K                                                       100% 9.27M=0s

2011-12-01 14:41:46 (9.27 MB/s) - `code/../crawls/www.youtube.com/Community-Guidelines/raw/s.ytimg.com/yt/img/tiny_white_video_icon-vflkS3jA-.png' saved [107/107]

--2011-12-01 14:41:46--  http://s.ytimg.com/yt/img/icn_loading_animated_black-vflG-2N8G.gif
Reusing existing connection to i3.ytimg.com:80.
HTTP request sent, awaiting response... 200 OK
Length: 2962 (2.9K) [image/gif]
Saving to: `code/../crawls/www.youtube.com/Community-Guidelines/raw/s.ytimg.com/yt/img/icn_loading_animated_black-vflG-2N8G.gif'

     0K ..                                                    100% 7.99M=0s

2011-12-01 14:41:46 (7.99 MB/s) - `code/../crawls/www.youtube.com/Community-Guidelines/raw/s.ytimg.com/yt/img/icn_loading_animated_black-vflG-2N8G.gif' saved [2962/2962]

--2011-12-01 14:41:46--  http://s.ytimg.com/yt/img/addto_button_help-vfliAV_1S.png
Reusing existing connection to i3.ytimg.com:80.
HTTP request sent, awaiting response... 200 OK
Length: 262 [image/png]
Saving to: `code/../crawls/www.youtube.com/Community-Guidelines/raw/s.ytimg.com/yt/img/addto_button_help-vfliAV_1S.png'

     0K                                                       100% 23.3M=0s

2011-12-01 14:41:47 (23.3 MB/s) - `code/../crawls/www.youtube.com/Community-Guidelines/raw/s.ytimg.com/yt/img/addto_button_help-vfliAV_1S.png' saved [262/262]

--2011-12-01 14:41:47--  http://s.ytimg.com/yt/img/drag_handle_wide-vfl7k4FC1.png
Reusing existing connection to i3.ytimg.com:80.
HTTP request sent, awaiting response... 200 OK
Length: 230 [image/png]
Saving to: `code/../crawls/www.youtube.com/Community-Guidelines/raw/s.ytimg.com/yt/img/drag_handle_wide-vfl7k4FC1.png'

     0K                                                       100% 19.6M=0s

2011-12-01 14:41:47 (19.6 MB/s) - `code/../crawls/www.youtube.com/Community-Guidelines/raw/s.ytimg.com/yt/img/drag_handle_wide-vfl7k4FC1.png' saved [230/230]

--2011-12-01 14:41:47--  http://s.ytimg.com/yt/img/flags/flags-vfl3KtPlE.gif
Reusing existing connection to i3.ytimg.com:80.
HTTP request sent, awaiting response... 200 OK
Length: 4859 (4.7K) [image/gif]
Saving to: `code/../crawls/www.youtube.com/Community-Guidelines/raw/s.ytimg.com/yt/img/flags/flags-vfl3KtPlE.gif'

     0K ....                                                  100% 6.79M=0.001s

2011-12-01 14:41:47 (6.79 MB/s) - `code/../crawls/www.youtube.com/Community-Guidelines/raw/s.ytimg.com/yt/img/flags/flags-vfl3KtPlE.gif' saved [4859/4859]

--2011-12-01 14:41:47--  http://s.ytimg.com/yt/img/mmimgs-vfl0a1hhX.gif
Reusing existing connection to i3.ytimg.com:80.
HTTP request sent, awaiting response... 200 OK
Length: 7079 (6.9K) [image/gif]
Saving to: `code/../crawls/www.youtube.com/Community-Guidelines/raw/s.ytimg.com/yt/img/mmimgs-vfl0a1hhX.gif'

     0K ......                                                100% 2.72M=0.002s

2011-12-01 14:41:47 (2.72 MB/s) - `code/../crawls/www.youtube.com/Community-Guidelines/raw/s.ytimg.com/yt/img/mmimgs-vfl0a1hhX.gif' saved [7079/7079]

--2011-12-01 14:41:47--  http://s.ytimg.com/yt/img/but-bck-vflf-LTMI.png
Reusing existing connection to i3.ytimg.com:80.
HTTP request sent, awaiting response... 200 OK
Length: 130 [image/png]
Saving to: `code/../crawls/www.youtube.com/Community-Guidelines/raw/s.ytimg.com/yt/img/but-bck-vflf-LTMI.png'

     0K                                                       100% 11.5M=0s

2011-12-01 14:41:47 (11.5 MB/s) - `code/../crawls/www.youtube.com/Community-Guidelines/raw/s.ytimg.com/yt/img/but-bck-vflf-LTMI.png' saved [130/130]

--2011-12-01 14:41:47--  http://s.ytimg.com/yt/img/master_old-vflwdhETI.gif
Reusing existing connection to i3.ytimg.com:80.
HTTP request sent, awaiting response... 200 OK
Length: 9292 (9.1K) [image/gif]
Saving to: `code/../crawls/www.youtube.com/Community-Guidelines/raw/s.ytimg.com/yt/img/master_old-vflwdhETI.gif'

     0K .........                                             100% 3.91M=0.002s

2011-12-01 14:41:48 (3.91 MB/s) - `code/../crawls/www.youtube.com/Community-Guidelines/raw/s.ytimg.com/yt/img/master_old-vflwdhETI.gif' saved [9292/9292]

--2011-12-01 14:41:48--  http://s.ytimg.com/yt/img/yt-narrative-tail-vflAgnSrs.gif
Reusing existing connection to i3.ytimg.com:80.
HTTP request sent, awaiting response... 200 OK
Length: 82 [image/gif]
Saving to: `code/../crawls/www.youtube.com/Community-Guidelines/raw/s.ytimg.com/yt/img/yt-narrative-tail-vflAgnSrs.gif'

     0K                                                       100% 8.55M=0s

2011-12-01 14:41:48 (8.55 MB/s) - `code/../crawls/www.youtube.com/Community-Guidelines/raw/s.ytimg.com/yt/img/yt-narrative-tail-vflAgnSrs.gif' saved [82/82]

--2011-12-01 14:41:48--  http://s.ytimg.com/yt/img/static/background-drop-fade-vfl8yMvoe.gif
Reusing existing connection to i3.ytimg.com:80.
HTTP request sent, awaiting response... 200 OK
Length: 522 [image/gif]
Saving to: `code/../crawls/www.youtube.com/Community-Guidelines/raw/s.ytimg.com/yt/img/static/background-drop-fade-vfl8yMvoe.gif'

     0K                                                       100% 54.6M=0s

2011-12-01 14:41:48 (54.6 MB/s) - `code/../crawls/www.youtube.com/Community-Guidelines/raw/s.ytimg.com/yt/img/static/background-drop-fade-vfl8yMvoe.gif' saved [522/522]

--2011-12-01 14:41:48--  http://s.ytimg.com/yt/img/static/adv-arrows-vflDtJKrt.gif
Reusing existing connection to i3.ytimg.com:80.
HTTP request sent, awaiting response... 200 OK
Length: 1182 (1.2K) [image/gif]
Saving to: `code/../crawls/www.youtube.com/Community-Guidelines/raw/s.ytimg.com/yt/img/static/adv-arrows-vflDtJKrt.gif'

     0K .                                                     100%  107M=0s

2011-12-01 14:41:48 (107 MB/s) - `code/../crawls/www.youtube.com/Community-Guidelines/raw/s.ytimg.com/yt/img/static/adv-arrows-vflDtJKrt.gif' saved [1182/1182]

--2011-12-01 14:41:48--  http://s.ytimg.com/yt/img/marketing/pdf_icon-vfljgNlrl.png
Reusing existing connection to i3.ytimg.com:80.
HTTP request sent, awaiting response... 200 OK
Length: 683 [image/png]
Saving to: `code/../crawls/www.youtube.com/Community-Guidelines/raw/s.ytimg.com/yt/img/marketing/pdf_icon-vfljgNlrl.png'

     0K                                                       100% 70.8M=0s

2011-12-01 14:41:48 (70.8 MB/s) - `code/../crawls/www.youtube.com/Community-Guidelines/raw/s.ytimg.com/yt/img/marketing/pdf_icon-vfljgNlrl.png' saved [683/683]

--2011-12-01 14:41:48--  http://s.ytimg.com/img/marketing/external.gif
Reusing existing connection to i3.ytimg.com:80.
HTTP request sent, awaiting response... 404 Not Found
2011-12-01 14:41:49 ERROR 404: Not Found.

--2011-12-01 14:41:49--  http://s.ytimg.com/img/marketing/icon-download.png
Connecting to s.ytimg.com (s.ytimg.com)|74.125.39.101|:80... connected.
HTTP request sent, awaiting response... 404 Not Found
2011-12-01 14:41:49 ERROR 404: Not Found.

FINISHED --2011-12-01 14:41:49--
Total wall clock time: 15s
Downloaded: 45 files, 818K in 2.7s (308 KB/s)
Converting code/../crawls/www.youtube.com/Community-Guidelines/raw/www.youtube.com/t/community_guidelines.html... 35-34
Converting code/../crawls/www.youtube.com/Community-Guidelines/raw/s.ytimg.com/yt/cssbin/www-static-vflEa4G0a.css... 15-3
Converting code/../crawls/www.youtube.com/Community-Guidelines/raw/s.ytimg.com/yt/cssbin/www-core-vflu5oXQ1.css... 170-0
Converting code/../crawls/www.youtube.com/Community-Guidelines/raw/s.ytimg.com/yt/cssbin/www-the-rest-vflNb6rAI.css... 16-0
Converted 4 files in 0.02 seconds.
