--2012-04-14 12:19:49--  http://www.google.com/intl/en/privacy_cookies.html
Resolving www.google.com... 173.194.79.147, 173.194.79.99, 173.194.79.103, ...
Connecting to www.google.com|173.194.79.147|:80... connected.
HTTP request sent, awaiting response... 301 Moved Permanently
Location: http://www.google.com/intl/en/policies/privacy/ [following]
--2012-04-14 12:19:49--  http://www.google.com/intl/en/policies/privacy/
Reusing existing connection to www.google.com:80.
HTTP request sent, awaiting response... 200 OK
Length: unspecified [text/html]
Saving to: `code/../crawls/www.google.com/Privacy-Policy-for-Google-Ads/raw/www.google.com/intl/en/privacy_cookies.html'

     0K .......... ..........                                   446K=0.05s

2012-04-14 12:19:49 (446 KB/s) - `code/../crawls/www.google.com/Privacy-Policy-for-Google-Ads/raw/www.google.com/intl/en/privacy_cookies.html' saved [21477]

--2012-04-14 12:19:49--  http://www.google.com/js/gweb/analytics/autotrack.js
Reusing existing connection to www.google.com:80.
HTTP request sent, awaiting response... 200 OK
Length: unspecified [text/javascript]
Saving to: `code/../crawls/www.google.com/Privacy-Policy-for-Google-Ads/raw/www.google.com/js/gweb/analytics/autotrack.js'

     0K ...                                                    55.7M=0s

2012-04-14 12:19:49 (55.7 MB/s) - `code/../crawls/www.google.com/Privacy-Policy-for-Google-Ads/raw/www.google.com/js/gweb/analytics/autotrack.js' saved [4072]

--2012-04-14 12:19:49--  http://fonts.googleapis.com/css?family=Open+Sans:300,400,600,700&subset=latin
Resolving fonts.googleapis.com... 173.194.79.95
Connecting to fonts.googleapis.com|173.194.79.95|:80... connected.
HTTP request sent, awaiting response... 200 OK
Length: unspecified [text/css]
Saving to: `code/../crawls/www.google.com/Privacy-Policy-for-Google-Ads/raw/fonts.googleapis.com/css?family=Open+Sans:300,400,600,700&subset=latin.css'

     0K .                                                       105M=0s

2012-04-14 12:19:49 (105 MB/s) - `code/../crawls/www.google.com/Privacy-Policy-for-Google-Ads/raw/fonts.googleapis.com/css?family=Open+Sans:300,400,600,700&subset=latin.css' saved [1108]

--2012-04-14 12:19:49--  http://www.google.com/policies/css/default.css
Connecting to www.google.com|173.194.79.147|:80... connected.
HTTP request sent, awaiting response... 200 OK
Length: unspecified [text/css]
Saving to: `code/../crawls/www.google.com/Privacy-Policy-for-Google-Ads/raw/www.google.com/policies/css/default.css'

     0K ..                                                      201M=0s

2012-04-14 12:19:49 (201 MB/s) - `code/../crawls/www.google.com/Privacy-Policy-for-Google-Ads/raw/www.google.com/policies/css/default.css' saved [2189]

--2012-04-14 12:19:49--  http://www.google.com/images/logos/google_logo_41.png
Reusing existing connection to www.google.com:80.
HTTP request sent, awaiting response... 200 OK
Length: 6321 (6.2K) [image/png]
Saving to: `code/../crawls/www.google.com/Privacy-Policy-for-Google-Ads/raw/www.google.com/images/logos/google_logo_41.png'

     0K ......                                                100% 20.3M=0s

2012-04-14 12:19:49 (20.3 MB/s) - `code/../crawls/www.google.com/Privacy-Policy-for-Google-Ads/raw/www.google.com/images/logos/google_logo_41.png' saved [6321/6321]

--2012-04-14 12:19:49--  http://themes.googleusercontent.com/static/fonts/opensans/v6/cJZKeOuBrn4kERxqtaUH3aCWcynf_cDxXwCLxiixG1c.ttf
Resolving themes.googleusercontent.com... 74.125.224.106, 74.125.224.107, 74.125.224.108
Connecting to themes.googleusercontent.com|74.125.224.106|:80... connected.
HTTP request sent, awaiting response... 200 OK
Length: unspecified [font/ttf]
Saving to: `code/../crawls/www.google.com/Privacy-Policy-for-Google-Ads/raw/themes.googleusercontent.com/static/fonts/opensans/v6/cJZKeOuBrn4kERxqtaUH3aCWcynf_cDxXwCLxiixG1c.ttf'

     0K .......... .......... .......... .....                 5.13M=0.007s

2012-04-14 12:19:49 (5.13 MB/s) - `code/../crawls/www.google.com/Privacy-Policy-for-Google-Ads/raw/themes.googleusercontent.com/static/fonts/opensans/v6/cJZKeOuBrn4kERxqtaUH3aCWcynf_cDxXwCLxiixG1c.ttf' saved [36492]

--2012-04-14 12:19:49--  http://themes.googleusercontent.com/static/fonts/opensans/v6/k3k702ZOKiLJc3WVjuplzInF5uFdDttMLvmWuJdhhgs.ttf
Reusing existing connection to themes.googleusercontent.com:80.
HTTP request sent, awaiting response... 200 OK
Length: unspecified [font/ttf]
Saving to: `code/../crawls/www.google.com/Privacy-Policy-for-Google-Ads/raw/themes.googleusercontent.com/static/fonts/opensans/v6/k3k702ZOKiLJc3WVjuplzInF5uFdDttMLvmWuJdhhgs.ttf'

     0K .......... .......... .......... .......               8.21M=0.004s

2012-04-14 12:19:49 (8.21 MB/s) - `code/../crawls/www.google.com/Privacy-Policy-for-Google-Ads/raw/themes.googleusercontent.com/static/fonts/opensans/v6/k3k702ZOKiLJc3WVjuplzInF5uFdDttMLvmWuJdhhgs.ttf' saved [38108]

--2012-04-14 12:19:49--  http://themes.googleusercontent.com/static/fonts/opensans/v6/MTP_ySUJH_bn48VBG8sNSonF5uFdDttMLvmWuJdhhgs.ttf
Reusing existing connection to themes.googleusercontent.com:80.
HTTP request sent, awaiting response... 200 OK
Length: unspecified [font/ttf]
Saving to: `code/../crawls/www.google.com/Privacy-Policy-for-Google-Ads/raw/themes.googleusercontent.com/static/fonts/opensans/v6/MTP_ySUJH_bn48VBG8sNSonF5uFdDttMLvmWuJdhhgs.ttf'

     0K .......... .......... .......... ......                9.19M=0.004s

2012-04-14 12:19:49 (9.19 MB/s) - `code/../crawls/www.google.com/Privacy-Policy-for-Google-Ads/raw/themes.googleusercontent.com/static/fonts/opensans/v6/MTP_ySUJH_bn48VBG8sNSonF5uFdDttMLvmWuJdhhgs.ttf' saved [37568]

--2012-04-14 12:19:49--  http://themes.googleusercontent.com/static/fonts/opensans/v6/DXI1ORHCpsQm3Vp6mXoaTYnF5uFdDttMLvmWuJdhhgs.ttf
Reusing existing connection to themes.googleusercontent.com:80.
HTTP request sent, awaiting response... 200 OK
Length: unspecified [font/ttf]
Saving to: `code/../crawls/www.google.com/Privacy-Policy-for-Google-Ads/raw/themes.googleusercontent.com/static/fonts/opensans/v6/DXI1ORHCpsQm3Vp6mXoaTYnF5uFdDttMLvmWuJdhhgs.ttf'

     0K .......... .......... .......... ......                9.15M=0.004s

2012-04-14 12:19:49 (9.15 MB/s) - `code/../crawls/www.google.com/Privacy-Policy-for-Google-Ads/raw/themes.googleusercontent.com/static/fonts/opensans/v6/DXI1ORHCpsQm3Vp6mXoaTYnF5uFdDttMLvmWuJdhhgs.ttf' saved [37816]

--2012-04-14 12:19:49--  http://www.google.com/css/maia.css
Connecting to www.google.com|173.194.79.147|:80... connected.
HTTP request sent, awaiting response... 200 OK
Length: unspecified [text/css]
Saving to: `code/../crawls/www.google.com/Privacy-Policy-for-Google-Ads/raw/www.google.com/css/maia.css'

     0K .......... .......... .......... ........               792K=0.05s

2012-04-14 12:19:49 (792 KB/s) - `code/../crawls/www.google.com/Privacy-Policy-for-Google-Ads/raw/www.google.com/css/maia.css' saved [39496]

FINISHED --2012-04-14 12:19:49--
Total wall clock time: 0.4s
Downloaded: 10 files, 219K in 0.1s (1.86 MB/s)
Converting code/../crawls/www.google.com/Privacy-Policy-for-Google-Ads/raw/www.google.com/intl/en/privacy_cookies.html... 4-28
Converting code/../crawls/www.google.com/Privacy-Policy-for-Google-Ads/raw/fonts.googleapis.com/css?family=Open+Sans:300,400,600,700&subset=latin.css... 4-0
Converting code/../crawls/www.google.com/Privacy-Policy-for-Google-Ads/raw/www.google.com/policies/css/default.css... 1-0
Converting code/../crawls/www.google.com/Privacy-Policy-for-Google-Ads/raw/www.google.com/css/maia.css... nothing to do.
Converted 4 files in 0.002 seconds.
