--2012-04-14 12:18:54--  http://mail.google.com/mail/help/intl/en/privacy.html
Resolving mail.google.com... 74.125.224.86, 74.125.224.85
Connecting to mail.google.com|74.125.224.86|:80... connected.
HTTP request sent, awaiting response... 301 Moved Permanently
Location: http://www.google.com/intl/en/policies/privacy/ [following]
--2012-04-14 12:18:54--  http://www.google.com/intl/en/policies/privacy/
Resolving www.google.com... 173.194.79.99, 173.194.79.103, 173.194.79.104, ...
Connecting to www.google.com|173.194.79.99|:80... connected.
HTTP request sent, awaiting response... 200 OK
Length: unspecified [text/html]
Saving to: `code/../crawls/mail.google.com/GMail-Privacy-Policy/raw/mail.google.com/mail/help/intl/en/privacy.html'

     0K .......... ..........                                   444K=0.05s

2012-04-14 12:18:54 (444 KB/s) - `code/../crawls/mail.google.com/GMail-Privacy-Policy/raw/mail.google.com/mail/help/intl/en/privacy.html' saved [21477]

--2012-04-14 12:18:54--  http://www.google.com/js/gweb/analytics/autotrack.js
Reusing existing connection to www.google.com:80.
HTTP request sent, awaiting response... 200 OK
Length: unspecified [text/javascript]
Saving to: `code/../crawls/mail.google.com/GMail-Privacy-Policy/raw/www.google.com/js/gweb/analytics/autotrack.js'

     0K ...                                                    53.7M=0s

2012-04-14 12:18:55 (53.7 MB/s) - `code/../crawls/mail.google.com/GMail-Privacy-Policy/raw/www.google.com/js/gweb/analytics/autotrack.js' saved [4072]

--2012-04-14 12:18:55--  http://fonts.googleapis.com/css?family=Open+Sans:300,400,600,700&subset=latin
Resolving fonts.googleapis.com... 173.194.79.95
Connecting to fonts.googleapis.com|173.194.79.95|:80... connected.
HTTP request sent, awaiting response... 200 OK
Length: unspecified [text/css]
Saving to: `code/../crawls/mail.google.com/GMail-Privacy-Policy/raw/fonts.googleapis.com/css?family=Open+Sans:300,400,600,700&subset=latin.css'

     0K .                                                       103M=0s

2012-04-14 12:18:55 (103 MB/s) - `code/../crawls/mail.google.com/GMail-Privacy-Policy/raw/fonts.googleapis.com/css?family=Open+Sans:300,400,600,700&subset=latin.css' saved [1108]

--2012-04-14 12:18:55--  http://www.google.com/policies/css/default.css
Connecting to www.google.com|173.194.79.99|:80... connected.
HTTP request sent, awaiting response... 200 OK
Length: unspecified [text/css]
Saving to: `code/../crawls/mail.google.com/GMail-Privacy-Policy/raw/www.google.com/policies/css/default.css'

     0K ..                                                      204M=0s

2012-04-14 12:18:55 (204 MB/s) - `code/../crawls/mail.google.com/GMail-Privacy-Policy/raw/www.google.com/policies/css/default.css' saved [2189]

--2012-04-14 12:18:55--  http://www.google.com/images/logos/google_logo_41.png
Reusing existing connection to www.google.com:80.
HTTP request sent, awaiting response... 200 OK
Length: 6321 (6.2K) [image/png]
Saving to: `code/../crawls/mail.google.com/GMail-Privacy-Policy/raw/www.google.com/images/logos/google_logo_41.png'

     0K ......                                                100%  603M=0s

2012-04-14 12:18:55 (603 MB/s) - `code/../crawls/mail.google.com/GMail-Privacy-Policy/raw/www.google.com/images/logos/google_logo_41.png' saved [6321/6321]

--2012-04-14 12:18:55--  http://themes.googleusercontent.com/static/fonts/opensans/v6/DXI1ORHCpsQm3Vp6mXoaTYnF5uFdDttMLvmWuJdhhgs.ttf
Resolving themes.googleusercontent.com... 74.125.224.106, 74.125.224.107, 74.125.224.108
Connecting to themes.googleusercontent.com|74.125.224.106|:80... connected.
HTTP request sent, awaiting response... 200 OK
Length: unspecified [font/ttf]
Saving to: `code/../crawls/mail.google.com/GMail-Privacy-Policy/raw/themes.googleusercontent.com/static/fonts/opensans/v6/DXI1ORHCpsQm3Vp6mXoaTYnF5uFdDttMLvmWuJdhhgs.ttf'

     0K .......... .......... .......... ......                5.22M=0.007s

2012-04-14 12:18:55 (5.22 MB/s) - `code/../crawls/mail.google.com/GMail-Privacy-Policy/raw/themes.googleusercontent.com/static/fonts/opensans/v6/DXI1ORHCpsQm3Vp6mXoaTYnF5uFdDttMLvmWuJdhhgs.ttf' saved [37816]

--2012-04-14 12:18:55--  http://themes.googleusercontent.com/static/fonts/opensans/v6/MTP_ySUJH_bn48VBG8sNSonF5uFdDttMLvmWuJdhhgs.ttf
Reusing existing connection to themes.googleusercontent.com:80.
HTTP request sent, awaiting response... 200 OK
Length: unspecified [font/ttf]
Saving to: `code/../crawls/mail.google.com/GMail-Privacy-Policy/raw/themes.googleusercontent.com/static/fonts/opensans/v6/MTP_ySUJH_bn48VBG8sNSonF5uFdDttMLvmWuJdhhgs.ttf'

     0K .......... .......... .......... ......                8.25M=0.004s

2012-04-14 12:18:55 (8.25 MB/s) - `code/../crawls/mail.google.com/GMail-Privacy-Policy/raw/themes.googleusercontent.com/static/fonts/opensans/v6/MTP_ySUJH_bn48VBG8sNSonF5uFdDttMLvmWuJdhhgs.ttf' saved [37568]

--2012-04-14 12:18:55--  http://themes.googleusercontent.com/static/fonts/opensans/v6/k3k702ZOKiLJc3WVjuplzInF5uFdDttMLvmWuJdhhgs.ttf
Reusing existing connection to themes.googleusercontent.com:80.
HTTP request sent, awaiting response... 200 OK
Length: unspecified [font/ttf]
Saving to: `code/../crawls/mail.google.com/GMail-Privacy-Policy/raw/themes.googleusercontent.com/static/fonts/opensans/v6/k3k702ZOKiLJc3WVjuplzInF5uFdDttMLvmWuJdhhgs.ttf'

     0K .......... .......... .......... .......               10.1M=0.004s

2012-04-14 12:18:55 (10.1 MB/s) - `code/../crawls/mail.google.com/GMail-Privacy-Policy/raw/themes.googleusercontent.com/static/fonts/opensans/v6/k3k702ZOKiLJc3WVjuplzInF5uFdDttMLvmWuJdhhgs.ttf' saved [38108]

--2012-04-14 12:18:55--  http://themes.googleusercontent.com/static/fonts/opensans/v6/cJZKeOuBrn4kERxqtaUH3aCWcynf_cDxXwCLxiixG1c.ttf
Reusing existing connection to themes.googleusercontent.com:80.
HTTP request sent, awaiting response... 200 OK
Length: unspecified [font/ttf]
Saving to: `code/../crawls/mail.google.com/GMail-Privacy-Policy/raw/themes.googleusercontent.com/static/fonts/opensans/v6/cJZKeOuBrn4kERxqtaUH3aCWcynf_cDxXwCLxiixG1c.ttf'

     0K .......... .......... .......... .....                 10.9M=0.003s

2012-04-14 12:18:55 (10.9 MB/s) - `code/../crawls/mail.google.com/GMail-Privacy-Policy/raw/themes.googleusercontent.com/static/fonts/opensans/v6/cJZKeOuBrn4kERxqtaUH3aCWcynf_cDxXwCLxiixG1c.ttf' saved [36492]

--2012-04-14 12:18:55--  http://www.google.com/css/maia.css
Connecting to www.google.com|173.194.79.99|:80... connected.
HTTP request sent, awaiting response... 200 OK
Length: unspecified [text/css]
Saving to: `code/../crawls/mail.google.com/GMail-Privacy-Policy/raw/www.google.com/css/maia.css'

     0K .......... .......... .......... ........               797K=0.05s

2012-04-14 12:18:55 (797 KB/s) - `code/../crawls/mail.google.com/GMail-Privacy-Policy/raw/www.google.com/css/maia.css' saved [39496]

FINISHED --2012-04-14 12:18:55--
Total wall clock time: 0.5s
Downloaded: 10 files, 219K in 0.1s (1.88 MB/s)
Converting code/../crawls/mail.google.com/GMail-Privacy-Policy/raw/mail.google.com/mail/help/intl/en/privacy.html... 4-28
Converting code/../crawls/mail.google.com/GMail-Privacy-Policy/raw/fonts.googleapis.com/css?family=Open+Sans:300,400,600,700&subset=latin.css... 4-0
Converting code/../crawls/mail.google.com/GMail-Privacy-Policy/raw/www.google.com/css/maia.css... nothing to do.
Converting code/../crawls/mail.google.com/GMail-Privacy-Policy/raw/www.google.com/policies/css/default.css... 1-0
Converted 4 files in 0.002 seconds.
