--2011-12-01 14:40:42--  http://www.google.com/accounts/TOS
Resolving www.google.com (www.google.com)... 74.125.39.147, 74.125.39.99, 74.125.39.103, ...
Connecting to www.google.com (www.google.com)|74.125.39.147|:80... connected.
HTTP request sent, awaiting response... 200 OK
Length: unspecified [text/html]
Saving to: `code/../crawls/google.com/Terms-of-Service/raw/www.google.com/accounts/TOS.html'

     0K .......... .......... .......... .......... ....        120K=0.4s

2011-12-01 14:40:43 (120 KB/s) - `code/../crawls/google.com/Terms-of-Service/raw/www.google.com/accounts/TOS.html' saved [45211]

--2011-12-01 14:40:43--  http://www.google.com/accounts/google.css
Reusing existing connection to www.google.com:80.
HTTP request sent, awaiting response... 200 OK
Length: 2006 (2.0K) [text/css]
Saving to: `code/../crawls/google.com/Terms-of-Service/raw/www.google.com/accounts/google.css'

     0K .                                                     100% 56.9M=0s

2011-12-01 14:40:43 (56.9 MB/s) - `code/../crawls/google.com/Terms-of-Service/raw/www.google.com/accounts/google.css' saved [2006/2006]

--2011-12-01 14:40:43--  https://ssl.google-analytics.com/urchin.js
Resolving ssl.google-analytics.com (ssl.google-analytics.com)... 209.85.148.97
Connecting to ssl.google-analytics.com (ssl.google-analytics.com)|209.85.148.97|:443... connected.
HTTP request sent, awaiting response... 200 OK
Length: unspecified [text/javascript]
Saving to: `code/../crawls/google.com/Terms-of-Service/raw/ssl.google-analytics.com/urchin.js'

     0K .......... .......... ..                                119K=0.2s

2011-12-01 14:40:44 (119 KB/s) - `code/../crawls/google.com/Terms-of-Service/raw/ssl.google-analytics.com/urchin.js' saved [22678]

--2011-12-01 14:40:44--  https://www.google.com/accounts/google_sm.gif
Connecting to www.google.com (www.google.com)|74.125.39.147|:443... connected.
HTTP request sent, awaiting response... 200 OK
Length: 4204 (4.1K) [image/gif]
Saving to: `code/../crawls/google.com/Terms-of-Service/raw/www.google.com/accounts/google_sm.gif'

     0K ....                                                  100% 13.4M=0s

2011-12-01 14:40:45 (13.4 MB/s) - `code/../crawls/google.com/Terms-of-Service/raw/www.google.com/accounts/google_sm.gif' saved [4204/4204]

--2011-12-01 14:40:45--  http://www.google.com/accounts/cleardot.gif
Connecting to www.google.com (www.google.com)|74.125.39.147|:80... connected.
HTTP request sent, awaiting response... 200 OK
Length: 43 [image/gif]
Saving to: `code/../crawls/google.com/Terms-of-Service/raw/www.google.com/accounts/cleardot.gif'

     0K                                                       100% 4.27M=0s

2011-12-01 14:40:45 (4.27 MB/s) - `code/../crawls/google.com/Terms-of-Service/raw/www.google.com/accounts/cleardot.gif' saved [43/43]

--2011-12-01 14:40:45--  http://www.google.com/jobs/images/dot2.gif
Reusing existing connection to www.google.com:80.
HTTP request sent, awaiting response... 200 OK
Length: 38 [image/gif]
Saving to: `code/../crawls/google.com/Terms-of-Service/raw/www.google.com/jobs/images/dot2.gif'

     0K                                                       100% 3.68M=0s

2011-12-01 14:40:45 (3.68 MB/s) - `code/../crawls/google.com/Terms-of-Service/raw/www.google.com/jobs/images/dot2.gif' saved [38/38]

--2011-12-01 14:40:45--  http://www.google.com/accounts/art.gif
Reusing existing connection to www.google.com:80.
HTTP request sent, awaiting response... 200 OK
Length: 2991 (2.9K) [image/gif]
Saving to: `code/../crawls/google.com/Terms-of-Service/raw/www.google.com/accounts/art.gif'

     0K ..                                                    100% 1.32M=0.002s

2011-12-01 14:40:46 (1.32 MB/s) - `code/../crawls/google.com/Terms-of-Service/raw/www.google.com/accounts/art.gif' saved [2991/2991]

FINISHED --2011-12-01 14:40:46--
Total wall clock time: 3.6s
Downloaded: 7 files, 75K in 0.6s (136 KB/s)
Converting code/../crawls/google.com/Terms-of-Service/raw/www.google.com/accounts/TOS.html... 8-4
Converting code/../crawls/google.com/Terms-of-Service/raw/www.google.com/accounts/google.css... nothing to do.
Converted 2 files in 0.003 seconds.
