--2011-12-01 14:38:31--  http://www.comcast.com/Corporate/Customers/Policies/HighSpeedInternetAUP.html
Resolving www.comcast.com (www.comcast.com)... 69.241.45.20
Connecting to www.comcast.com (www.comcast.com)|69.241.45.20|:80... connected.
HTTP request sent, awaiting response... 200 OK
Length: 48472 (47K) [text/html]
Saving to: `code/../crawls/www.comcast.net/Acceptable-Use-Policy/raw/www.comcast.com/Corporate/Customers/Policies/HighSpeedInternetAUP.html'

     0K .......... .......... .......... .......... .......   100%  271K=0.2s

2011-12-01 14:38:31 (271 KB/s) - `code/../crawls/www.comcast.net/Acceptable-Use-Policy/raw/www.comcast.com/Corporate/Customers/Policies/HighSpeedInternetAUP.html' saved [48472/48472]

--2011-12-01 14:38:31--  http://www.comcast.com/includes/css/two_column_no_nav.css
Connecting to www.comcast.com (www.comcast.com)|69.241.45.20|:80... connected.
HTTP request sent, awaiting response... 200 OK
Length: 897 [text/css]
Saving to: `code/../crawls/www.comcast.net/Acceptable-Use-Policy/raw/www.comcast.com/includes/css/two_column_no_nav.css'

     0K                                                       100% 86.9M=0s

2011-12-01 14:38:31 (86.9 MB/s) - `code/../crawls/www.comcast.net/Acceptable-Use-Policy/raw/www.comcast.com/includes/css/two_column_no_nav.css' saved [897/897]

--2011-12-01 14:38:31--  http://www.comcast.com/includes/css/comcast_main.css
Connecting to www.comcast.com (www.comcast.com)|69.241.45.20|:80... connected.
HTTP request sent, awaiting response... 200 OK
Length: 26901 (26K) [text/css]
Saving to: `code/../crawls/www.comcast.net/Acceptable-Use-Policy/raw/www.comcast.com/includes/css/comcast_main.css'

     0K .......... .......... ......                          100%  247K=0.1s

2011-12-01 14:38:31 (247 KB/s) - `code/../crawls/www.comcast.net/Acceptable-Use-Policy/raw/www.comcast.com/includes/css/comcast_main.css' saved [26901/26901]

--2011-12-01 14:38:31--  http://www.comcast.com/includes/css/comcast_menu_top.css
Connecting to www.comcast.com (www.comcast.com)|69.241.45.20|:80... connected.
HTTP request sent, awaiting response... 200 OK
Length: 4438 (4.3K) [text/css]
Saving to: `code/../crawls/www.comcast.net/Acceptable-Use-Policy/raw/www.comcast.com/includes/css/comcast_menu_top.css'

     0K ....                                                  100% 10.5M=0s

2011-12-01 14:38:32 (10.5 MB/s) - `code/../crawls/www.comcast.net/Acceptable-Use-Policy/raw/www.comcast.com/includes/css/comcast_menu_top.css' saved [4438/4438]

--2011-12-01 14:38:32--  http://www.comcast.com/includes/css/comcast_Customers.css
Connecting to www.comcast.com (www.comcast.com)|69.241.45.20|:80... connected.
HTTP request sent, awaiting response... 200 OK
Length: 651 [text/css]
Saving to: `code/../crawls/www.comcast.net/Acceptable-Use-Policy/raw/www.comcast.com/includes/css/comcast_Customers.css'

     0K                                                       100% 54.8M=0s

2011-12-01 14:38:32 (54.8 MB/s) - `code/../crawls/www.comcast.net/Acceptable-Use-Policy/raw/www.comcast.com/includes/css/comcast_Customers.css' saved [651/651]

--2011-12-01 14:38:32--  http://www.comcast.com/includes/css/comcast_printable.css
Connecting to www.comcast.com (www.comcast.com)|69.241.45.20|:80... connected.
HTTP request sent, awaiting response... 200 OK
Length: 1247 (1.2K) [text/css]
Saving to: `code/../crawls/www.comcast.net/Acceptable-Use-Policy/raw/www.comcast.com/includes/css/comcast_printable.css'

     0K .                                                     100%  431K=0.003s

2011-12-01 14:38:32 (431 KB/s) - `code/../crawls/www.comcast.net/Acceptable-Use-Policy/raw/www.comcast.com/includes/css/comcast_printable.css' saved [1247/1247]

--2011-12-01 14:38:32--  http://www.comcast.com/Includes/css/querycompletion.css
Connecting to www.comcast.com (www.comcast.com)|69.241.45.20|:80... connected.
HTTP request sent, awaiting response... 200 OK
Length: 1676 (1.6K) [text/css]
Saving to: `code/../crawls/www.comcast.net/Acceptable-Use-Policy/raw/www.comcast.com/Includes/css/querycompletion.css'

     0K .                                                     100%  145M=0s

2011-12-01 14:38:32 (145 MB/s) - `code/../crawls/www.comcast.net/Acceptable-Use-Policy/raw/www.comcast.com/Includes/css/querycompletion.css' saved [1676/1676]

--2011-12-01 14:38:32--  http://www.comcast.com/Includes/css/Corpquerycompletion.css
Connecting to www.comcast.com (www.comcast.com)|69.241.45.20|:80... connected.
HTTP request sent, awaiting response... 200 OK
Length: 599 [text/css]
Saving to: `code/../crawls/www.comcast.net/Acceptable-Use-Policy/raw/www.comcast.com/Includes/css/Corpquerycompletion.css'

     0K                                                       100% 50.9M=0s

2011-12-01 14:38:32 (50.9 MB/s) - `code/../crawls/www.comcast.net/Acceptable-Use-Policy/raw/www.comcast.com/Includes/css/Corpquerycompletion.css' saved [599/599]

--2011-12-01 14:38:32--  http://www.comcast.com/includes/css/framework/Mask.css
Connecting to www.comcast.com (www.comcast.com)|69.241.45.20|:80... connected.
HTTP request sent, awaiting response... 200 OK
Length: 188 [text/css]
Saving to: `code/../crawls/www.comcast.net/Acceptable-Use-Policy/raw/www.comcast.com/includes/css/framework/Mask.css'

     0K                                                       100% 19.1M=0s

2011-12-01 14:38:33 (19.1 MB/s) - `code/../crawls/www.comcast.net/Acceptable-Use-Policy/raw/www.comcast.com/includes/css/framework/Mask.css' saved [188/188]

--2011-12-01 14:38:33--  http://www.comcast.com/Includes/css/ResetOverlay.css
Connecting to www.comcast.com (www.comcast.com)|69.241.45.20|:80... connected.
HTTP request sent, awaiting response... 200 OK
Length: 4738 (4.6K) [text/css]
Saving to: `code/../crawls/www.comcast.net/Acceptable-Use-Policy/raw/www.comcast.com/Includes/css/ResetOverlay.css'

     0K ....                                                  100% 10.8M=0s

2011-12-01 14:38:33 (10.8 MB/s) - `code/../crawls/www.comcast.net/Acceptable-Use-Policy/raw/www.comcast.com/Includes/css/ResetOverlay.css' saved [4738/4738]

--2011-12-01 14:38:33--  http://www.comcast.com/includes/js/menuarrays/menuarray.js
Connecting to www.comcast.com (www.comcast.com)|69.241.45.20|:80... connected.
HTTP request sent, awaiting response... 200 OK
Length: 7485 (7.3K) [application/x-javascript]
Saving to: `code/../crawls/www.comcast.net/Acceptable-Use-Policy/raw/www.comcast.com/includes/js/menuarrays/menuarray.js'

     0K .......                                               100% 4.39M=0.002s

2011-12-01 14:38:33 (4.39 MB/s) - `code/../crawls/www.comcast.net/Acceptable-Use-Policy/raw/www.comcast.com/includes/js/menuarrays/menuarray.js' saved [7485/7485]

--2011-12-01 14:38:33--  http://www.comcast.com/includes/js/menu.js
Connecting to www.comcast.com (www.comcast.com)|69.241.45.20|:80... connected.
HTTP request sent, awaiting response... 200 OK
Length: 27770 (27K) [application/x-javascript]
Saving to: `code/../crawls/www.comcast.net/Acceptable-Use-Policy/raw/www.comcast.com/includes/js/menu.js'

     0K .......... .......... .......                         100%  147K=0.2s

2011-12-01 14:38:33 (147 KB/s) - `code/../crawls/www.comcast.net/Acceptable-Use-Policy/raw/www.comcast.com/includes/js/menu.js' saved [27770/27770]

--2011-12-01 14:38:33--  http://www.comcast.com/includes/js/CookieHelper.js
Connecting to www.comcast.com (www.comcast.com)|69.241.45.20|:80... connected.
HTTP request sent, awaiting response... 200 OK
Length: 6427 (6.3K) [application/x-javascript]
Saving to: `code/../crawls/www.comcast.net/Acceptable-Use-Policy/raw/www.comcast.com/includes/js/CookieHelper.js'

     0K ......                                                100% 6.12M=0.001s

2011-12-01 14:38:34 (6.12 MB/s) - `code/../crawls/www.comcast.net/Acceptable-Use-Policy/raw/www.comcast.com/includes/js/CookieHelper.js' saved [6427/6427]

--2011-12-01 14:38:34--  http://www.comcast.com/includes/js/javascript.js
Connecting to www.comcast.com (www.comcast.com)|69.241.45.20|:80... connected.
HTTP request sent, awaiting response... 200 OK
Length: 24119 (24K) [application/x-javascript]
Saving to: `code/../crawls/www.comcast.net/Acceptable-Use-Policy/raw/www.comcast.com/includes/js/javascript.js'

     0K .......... .......... ...                             100%  125K=0.2s

2011-12-01 14:38:34 (125 KB/s) - `code/../crawls/www.comcast.net/Acceptable-Use-Policy/raw/www.comcast.com/includes/js/javascript.js' saved [24119/24119]

--2011-12-01 14:38:34--  http://www.comcast.com/includes/js/swfobject.js
Connecting to www.comcast.com (www.comcast.com)|69.241.45.20|:80... connected.
HTTP request sent, awaiting response... 200 OK
Length: 6862 (6.7K) [application/x-javascript]
Saving to: `code/../crawls/www.comcast.net/Acceptable-Use-Policy/raw/www.comcast.com/includes/js/swfobject.js'

     0K ......                                                100% 3.97M=0.002s

2011-12-01 14:38:34 (3.97 MB/s) - `code/../crawls/www.comcast.net/Acceptable-Use-Policy/raw/www.comcast.com/includes/js/swfobject.js' saved [6862/6862]

--2011-12-01 14:38:34--  http://www.comcast.com/Includes/js/searchsuggests.js
Connecting to www.comcast.com (www.comcast.com)|69.241.45.20|:80... connected.
HTTP request sent, awaiting response... 200 OK
Length: 23289 (23K) [application/x-javascript]
Saving to: `code/../crawls/www.comcast.net/Acceptable-Use-Policy/raw/www.comcast.com/Includes/js/searchsuggests.js'

     0K .......... .......... ..                              100%  225K=0.1s

2011-12-01 14:38:34 (225 KB/s) - `code/../crawls/www.comcast.net/Acceptable-Use-Policy/raw/www.comcast.com/Includes/js/searchsuggests.js' saved [23289/23289]

--2011-12-01 14:38:34--  http://www.comcast.com/Includes/js/ajax.js
Connecting to www.comcast.com (www.comcast.com)|69.241.45.20|:80... connected.
HTTP request sent, awaiting response... 200 OK
Length: 15139 (15K) [application/x-javascript]
Saving to: `code/../crawls/www.comcast.net/Acceptable-Use-Policy/raw/www.comcast.com/Includes/js/ajax.js'

     0K .......... ....                                       100%  163K=0.09s

2011-12-01 14:38:35 (163 KB/s) - `code/../crawls/www.comcast.net/Acceptable-Use-Policy/raw/www.comcast.com/Includes/js/ajax.js' saved [15139/15139]

--2011-12-01 14:38:35--  http://www.comcast.com/includes/js/framework/Mask.js
Connecting to www.comcast.com (www.comcast.com)|69.241.45.20|:80... connected.
HTTP request sent, awaiting response... 200 OK
Length: 2850 (2.8K) [application/x-javascript]
Saving to: `code/../crawls/www.comcast.net/Acceptable-Use-Policy/raw/www.comcast.com/includes/js/framework/Mask.js'

     0K ..                                                    100% 1.36M=0.002s

2011-12-01 14:38:35 (1.36 MB/s) - `code/../crawls/www.comcast.net/Acceptable-Use-Policy/raw/www.comcast.com/includes/js/framework/Mask.js' saved [2850/2850]

--2011-12-01 14:38:35--  http://www.comcast.com/Includes/js/ResetOverlay.js
Connecting to www.comcast.com (www.comcast.com)|69.241.45.20|:80... connected.
HTTP request sent, awaiting response... 200 OK
Length: 6999 (6.8K) [application/x-javascript]
Saving to: `code/../crawls/www.comcast.net/Acceptable-Use-Policy/raw/www.comcast.com/Includes/js/ResetOverlay.js'

     0K ......                                                100%  584K=0.01s

2011-12-01 14:38:35 (584 KB/s) - `code/../crawls/www.comcast.net/Acceptable-Use-Policy/raw/www.comcast.com/Includes/js/ResetOverlay.js' saved [6999/6999]

--2011-12-01 14:38:35--  http://www.comcast.com/includes/js/framework/Comcast.Framework.js
Connecting to www.comcast.com (www.comcast.com)|69.241.45.20|:80... connected.
HTTP request sent, awaiting response... 200 OK
Length: 10226 (10.0K) [application/x-javascript]
Saving to: `code/../crawls/www.comcast.net/Acceptable-Use-Policy/raw/www.comcast.com/includes/js/framework/Comcast.Framework.js'

     0K .........                                             100% 4.57M=0.002s

2011-12-01 14:38:35 (4.57 MB/s) - `code/../crawls/www.comcast.net/Acceptable-Use-Policy/raw/www.comcast.com/includes/js/framework/Comcast.Framework.js' saved [10226/10226]

--2011-12-01 14:38:35--  http://www.comcast.com/foresee/foresee-trigger.js
Connecting to www.comcast.com (www.comcast.com)|69.241.45.20|:80... connected.
HTTP request sent, awaiting response... 200 OK
Length: 61850 (60K) [application/x-javascript]
Saving to: `code/../crawls/www.comcast.net/Acceptable-Use-Policy/raw/www.comcast.com/foresee/foresee-trigger.js'

     0K .......... .......... .......... .......... .......... 82%  267K 0s
    50K ..........                                            100%  895K=0.2s

2011-12-01 14:38:36 (304 KB/s) - `code/../crawls/www.comcast.net/Acceptable-Use-Policy/raw/www.comcast.com/foresee/foresee-trigger.js' saved [61850/61850]

--2011-12-01 14:38:36--  http://www.comcast.com/Includes/js/newbuyflow/mbox.js
Connecting to www.comcast.com (www.comcast.com)|69.241.45.20|:80... connected.
HTTP request sent, awaiting response... 200 OK
Length: 23497 (23K) [application/x-javascript]
Saving to: `code/../crawls/www.comcast.net/Acceptable-Use-Policy/raw/www.comcast.com/Includes/js/newbuyflow/mbox.js'

     0K .......... .......... ..                              100%  144K=0.2s

2011-12-01 14:38:36 (144 KB/s) - `code/../crawls/www.comcast.net/Acceptable-Use-Policy/raw/www.comcast.com/Includes/js/newbuyflow/mbox.js' saved [23497/23497]

--2011-12-01 14:38:36--  http://www.comcast.com/images/logo.gif
Connecting to www.comcast.com (www.comcast.com)|69.241.45.20|:80... connected.
HTTP request sent, awaiting response... 200 OK
Length: 1945 (1.9K) [image/gif]
Saving to: `code/../crawls/www.comcast.net/Acceptable-Use-Policy/raw/www.comcast.com/images/logo.gif'

     0K .                                                     100%  170M=0s

2011-12-01 14:38:36 (170 MB/s) - `code/../crawls/www.comcast.net/Acceptable-Use-Policy/raw/www.comcast.com/images/logo.gif' saved [1945/1945]

--2011-12-01 14:38:36--  http://www.comcast.com/includes/js/browser.js
Connecting to www.comcast.com (www.comcast.com)|69.241.45.20|:80... connected.
HTTP request sent, awaiting response... 200 OK
Length: 2287 (2.2K) [application/x-javascript]
Saving to: `code/../crawls/www.comcast.net/Acceptable-Use-Policy/raw/www.comcast.com/includes/js/browser.js'

     0K ..                                                    100%  136M=0s

2011-12-01 14:38:36 (136 MB/s) - `code/../crawls/www.comcast.net/Acceptable-Use-Policy/raw/www.comcast.com/includes/js/browser.js' saved [2287/2287]

--2011-12-01 14:38:36--  http://www.comcast.com/images/topMenu/Explore.gif
Connecting to www.comcast.com (www.comcast.com)|69.241.45.20|:80... connected.
HTTP request sent, awaiting response... 200 OK
Length: 463 [image/gif]
Saving to: `code/../crawls/www.comcast.net/Acceptable-Use-Policy/raw/www.comcast.com/images/topMenu/Explore.gif'

     0K                                                       100% 45.2M=0s

2011-12-01 14:38:37 (45.2 MB/s) - `code/../crawls/www.comcast.net/Acceptable-Use-Policy/raw/www.comcast.com/images/topMenu/Explore.gif' saved [463/463]

--2011-12-01 14:38:37--  http://www.comcast.com/images/topMenu/Shop.gif
Connecting to www.comcast.com (www.comcast.com)|69.241.45.20|:80... connected.
HTTP request sent, awaiting response... 200 OK
Length: 383 [image/gif]
Saving to: `code/../crawls/www.comcast.net/Acceptable-Use-Policy/raw/www.comcast.com/images/topMenu/Shop.gif'

     0K                                                       100% 38.0M=0s

2011-12-01 14:38:37 (38.0 MB/s) - `code/../crawls/www.comcast.net/Acceptable-Use-Policy/raw/www.comcast.com/images/topMenu/Shop.gif' saved [383/383]

--2011-12-01 14:38:37--  http://www.comcast.com/images/topMenu/Programming.gif
Connecting to www.comcast.com (www.comcast.com)|69.241.45.20|:80... connected.
HTTP request sent, awaiting response... 200 OK
Length: 555 [image/gif]
Saving to: `code/../crawls/www.comcast.net/Acceptable-Use-Policy/raw/www.comcast.com/images/topMenu/Programming.gif'

     0K                                                       100% 38.6M=0s

2011-12-01 14:38:37 (38.6 MB/s) - `code/../crawls/www.comcast.net/Acceptable-Use-Policy/raw/www.comcast.com/images/topMenu/Programming.gif' saved [555/555]

--2011-12-01 14:38:37--  http://www.comcast.com/images/topMenu/Customers.gif
Connecting to www.comcast.com (www.comcast.com)|69.241.45.20|:80... connected.
HTTP request sent, awaiting response... 200 OK
Length: 488 [image/gif]
Saving to: `code/../crawls/www.comcast.net/Acceptable-Use-Policy/raw/www.comcast.com/images/topMenu/Customers.gif'

     0K                                                       100% 48.8M=0s

2011-12-01 14:38:37 (48.8 MB/s) - `code/../crawls/www.comcast.net/Acceptable-Use-Policy/raw/www.comcast.com/images/topMenu/Customers.gif' saved [488/488]

--2011-12-01 14:38:37--  http://www.comcast.com/images/topMenu/About.gif
Connecting to www.comcast.com (www.comcast.com)|69.241.45.20|:80... connected.
HTTP request sent, awaiting response... 200 OK
Length: 1384 (1.4K) [image/gif]
Saving to: `code/../crawls/www.comcast.net/Acceptable-Use-Policy/raw/www.comcast.com/images/topMenu/About.gif'

     0K .                                                     100%  105M=0s

2011-12-01 14:38:37 (105 MB/s) - `code/../crawls/www.comcast.net/Acceptable-Use-Policy/raw/www.comcast.com/images/topMenu/About.gif' saved [1384/1384]

--2011-12-01 14:38:37--  http://www.comcast.com/images/buttons/SearchButton.gif
Connecting to www.comcast.com (www.comcast.com)|69.241.45.20|:80... connected.
HTTP request sent, awaiting response... 200 OK
Length: 519 [image/gif]
Saving to: `code/../crawls/www.comcast.net/Acceptable-Use-Policy/raw/www.comcast.com/images/buttons/SearchButton.gif'

     0K                                                       100% 44.5M=0s

2011-12-01 14:38:38 (44.5 MB/s) - `code/../crawls/www.comcast.net/Acceptable-Use-Policy/raw/www.comcast.com/images/buttons/SearchButton.gif' saved [519/519]

--2011-12-01 14:38:38--  http://www.comcast.com/includes/omniture/websidestory.js
Connecting to www.comcast.com (www.comcast.com)|69.241.45.20|:80... connected.
HTTP request sent, awaiting response... 200 OK
Length: 6805 (6.6K) [application/x-javascript]
Saving to: `code/../crawls/www.comcast.net/Acceptable-Use-Policy/raw/www.comcast.com/includes/omniture/websidestory.js'

     0K ......                                                100% 6.99M=0.001s

2011-12-01 14:38:38 (6.99 MB/s) - `code/../crawls/www.comcast.net/Acceptable-Use-Policy/raw/www.comcast.com/includes/omniture/websidestory.js' saved [6805/6805]

--2011-12-01 14:38:38--  http://www.comcast.com/includes/onlineopinionOO4S/oo_engine_c.js
Connecting to www.comcast.com (www.comcast.com)|69.241.45.20|:80... connected.
HTTP request sent, awaiting response... 200 OK
Length: 23175 (23K) [application/x-javascript]
Saving to: `code/../crawls/www.comcast.net/Acceptable-Use-Policy/raw/www.comcast.com/includes/onlineopinionOO4S/oo_engine_c.js'

     0K .......... .......... ..                              100%  127K=0.2s

2011-12-01 14:38:38 (127 KB/s) - `code/../crawls/www.comcast.net/Acceptable-Use-Policy/raw/www.comcast.com/includes/onlineopinionOO4S/oo_engine_c.js' saved [23175/23175]

--2011-12-01 14:38:38--  http://www.comcast.com/includes/onlineopinionOO4S/oo_conf_en-US_inline.js
Connecting to www.comcast.com (www.comcast.com)|69.241.45.20|:80... connected.
HTTP request sent, awaiting response... 200 OK
Length: 1241 (1.2K) [application/x-javascript]
Saving to: `code/../crawls/www.comcast.net/Acceptable-Use-Policy/raw/www.comcast.com/includes/onlineopinionOO4S/oo_conf_en-US_inline.js'

     0K .                                                     100%  114M=0s

2011-12-01 14:38:38 (114 MB/s) - `code/../crawls/www.comcast.net/Acceptable-Use-Policy/raw/www.comcast.com/includes/onlineopinionOO4S/oo_conf_en-US_inline.js' saved [1241/1241]

--2011-12-01 14:38:38--  http://www.comcast.com/includes/omniture/s_code.js
Connecting to www.comcast.com (www.comcast.com)|69.241.45.20|:80... connected.
HTTP request sent, awaiting response... 200 OK
Length: 66828 (65K) [application/x-javascript]
Saving to: `code/../crawls/www.comcast.net/Acceptable-Use-Policy/raw/www.comcast.com/includes/omniture/s_code.js'

     0K .......... .......... .......... .......... .......... 76%  266K 0s
    50K .......... .....                                      100%  761K=0.2s

2011-12-01 14:38:39 (314 KB/s) - `code/../crawls/www.comcast.net/Acceptable-Use-Policy/raw/www.comcast.com/includes/omniture/s_code.js' saved [66828/66828]

--2011-12-01 14:38:39--  http://www.comcast.com/images/bullet_grey_dark.gif
Connecting to www.comcast.com (www.comcast.com)|69.241.45.20|:80... connected.
HTTP request sent, awaiting response... 200 OK
Length: 58 [image/gif]
Saving to: `code/../crawls/www.comcast.net/Acceptable-Use-Policy/raw/www.comcast.com/images/bullet_grey_dark.gif'

     0K                                                       100% 6.01M=0s

2011-12-01 14:38:39 (6.01 MB/s) - `code/../crawls/www.comcast.net/Acceptable-Use-Policy/raw/www.comcast.com/images/bullet_grey_dark.gif' saved [58/58]

--2011-12-01 14:38:39--  http://www.comcast.com/images/buttons/gateway_go_over.gif
Connecting to www.comcast.com (www.comcast.com)|69.241.45.20|:80... connected.
HTTP request sent, awaiting response... 200 OK
Length: 252 [image/gif]
Saving to: `code/../crawls/www.comcast.net/Acceptable-Use-Policy/raw/www.comcast.com/images/buttons/gateway_go_over.gif'

     0K                                                       100% 21.5M=0s

2011-12-01 14:38:39 (21.5 MB/s) - `code/../crawls/www.comcast.net/Acceptable-Use-Policy/raw/www.comcast.com/images/buttons/gateway_go_over.gif' saved [252/252]

--2011-12-01 14:38:39--  http://www.comcast.com/images/newhome/textBoxBackground.gif
Connecting to www.comcast.com (www.comcast.com)|69.241.45.20|:80... connected.
HTTP request sent, awaiting response... 200 OK
Length: 648 [image/gif]
Saving to: `code/../crawls/www.comcast.net/Acceptable-Use-Policy/raw/www.comcast.com/images/newhome/textBoxBackground.gif'

     0K                                                       100% 65.9M=0s

2011-12-01 14:38:40 (65.9 MB/s) - `code/../crawls/www.comcast.net/Acceptable-Use-Policy/raw/www.comcast.com/images/newhome/textBoxBackground.gif' saved [648/648]

--2011-12-01 14:38:40--  http://www.comcast.com/images/shop/Corner10IL.png
Connecting to www.comcast.com (www.comcast.com)|69.241.45.20|:80... connected.
HTTP request sent, awaiting response... 200 OK
Length: 924 [image/png]
Saving to: `code/../crawls/www.comcast.net/Acceptable-Use-Policy/raw/www.comcast.com/images/shop/Corner10IL.png'

     0K                                                       100% 76.4M=0s

2011-12-01 14:38:40 (76.4 MB/s) - `code/../crawls/www.comcast.net/Acceptable-Use-Policy/raw/www.comcast.com/images/shop/Corner10IL.png' saved [924/924]

--2011-12-01 14:38:40--  http://www.comcast.com/images/shop/Corner10IR.png
Connecting to www.comcast.com (www.comcast.com)|69.241.45.20|:80... connected.
HTTP request sent, awaiting response... 200 OK
Length: 926 [image/png]
Saving to: `code/../crawls/www.comcast.net/Acceptable-Use-Policy/raw/www.comcast.com/images/shop/Corner10IR.png'

     0K                                                       100% 82.5M=0s

2011-12-01 14:38:40 (82.5 MB/s) - `code/../crawls/www.comcast.net/Acceptable-Use-Policy/raw/www.comcast.com/images/shop/Corner10IR.png' saved [926/926]

--2011-12-01 14:38:40--  http://www.comcast.com/images/shop/Corner10OL.png
Connecting to www.comcast.com (www.comcast.com)|69.241.45.20|:80... connected.
HTTP request sent, awaiting response... 200 OK
Length: 926 [image/png]
Saving to: `code/../crawls/www.comcast.net/Acceptable-Use-Policy/raw/www.comcast.com/images/shop/Corner10OL.png'

     0K                                                       100% 92.8M=0s

2011-12-01 14:38:40 (92.8 MB/s) - `code/../crawls/www.comcast.net/Acceptable-Use-Policy/raw/www.comcast.com/images/shop/Corner10OL.png' saved [926/926]

--2011-12-01 14:38:40--  http://www.comcast.com/images/shop/Corner10OR.png
Connecting to www.comcast.com (www.comcast.com)|69.241.45.20|:80... connected.
HTTP request sent, awaiting response... 200 OK
Length: 926 [image/png]
Saving to: `code/../crawls/www.comcast.net/Acceptable-Use-Policy/raw/www.comcast.com/images/shop/Corner10OR.png'

     0K                                                       100% 94.2M=0s

2011-12-01 14:38:40 (94.2 MB/s) - `code/../crawls/www.comcast.net/Acceptable-Use-Policy/raw/www.comcast.com/images/shop/Corner10OR.png' saved [926/926]

--2011-12-01 14:38:40--  http://www.comcast.com/images/shop/Corner09IL.png
Connecting to www.comcast.com (www.comcast.com)|69.241.45.20|:80... connected.
HTTP request sent, awaiting response... 200 OK
Length: 932 [image/png]
Saving to: `code/../crawls/www.comcast.net/Acceptable-Use-Policy/raw/www.comcast.com/images/shop/Corner09IL.png'

     0K                                                       100% 74.9M=0s

2011-12-01 14:38:41 (74.9 MB/s) - `code/../crawls/www.comcast.net/Acceptable-Use-Policy/raw/www.comcast.com/images/shop/Corner09IL.png' saved [932/932]

--2011-12-01 14:38:41--  http://www.comcast.com/images/shop/Corner09IR.png
Connecting to www.comcast.com (www.comcast.com)|69.241.45.20|:80... connected.
HTTP request sent, awaiting response... 200 OK
Length: 933 [image/png]
Saving to: `code/../crawls/www.comcast.net/Acceptable-Use-Policy/raw/www.comcast.com/images/shop/Corner09IR.png'

     0K                                                       100% 78.3M=0s

2011-12-01 14:38:41 (78.3 MB/s) - `code/../crawls/www.comcast.net/Acceptable-Use-Policy/raw/www.comcast.com/images/shop/Corner09IR.png' saved [933/933]

--2011-12-01 14:38:41--  http://www.comcast.com/images/shop/Corner09O.png
Connecting to www.comcast.com (www.comcast.com)|69.241.45.20|:80... connected.
HTTP request sent, awaiting response... 200 OK
Length: 922 [image/png]
Saving to: `code/../crawls/www.comcast.net/Acceptable-Use-Policy/raw/www.comcast.com/images/shop/Corner09O.png'

     0K                                                       100% 77.1M=0s

2011-12-01 14:38:41 (77.1 MB/s) - `code/../crawls/www.comcast.net/Acceptable-Use-Policy/raw/www.comcast.com/images/shop/Corner09O.png' saved [922/922]

--2011-12-01 14:38:41--  http://www.comcast.com/images/shop/Corner08IL.png
Connecting to www.comcast.com (www.comcast.com)|69.241.45.20|:80... connected.
HTTP request sent, awaiting response... 200 OK
Length: 926 [image/png]
Saving to: `code/../crawls/www.comcast.net/Acceptable-Use-Policy/raw/www.comcast.com/images/shop/Corner08IL.png'

     0K                                                       100% 76.1M=0s

2011-12-01 14:38:41 (76.1 MB/s) - `code/../crawls/www.comcast.net/Acceptable-Use-Policy/raw/www.comcast.com/images/shop/Corner08IL.png' saved [926/926]

--2011-12-01 14:38:41--  http://www.comcast.com/images/shop/Corner08IR.png
Connecting to www.comcast.com (www.comcast.com)|69.241.45.20|:80... connected.
HTTP request sent, awaiting response... 200 OK
Length: 926 [image/png]
Saving to: `code/../crawls/www.comcast.net/Acceptable-Use-Policy/raw/www.comcast.com/images/shop/Corner08IR.png'

     0K                                                       100% 78.6M=0s

2011-12-01 14:38:42 (78.6 MB/s) - `code/../crawls/www.comcast.net/Acceptable-Use-Policy/raw/www.comcast.com/images/shop/Corner08IR.png' saved [926/926]

--2011-12-01 14:38:42--  http://www.comcast.com/images/shop/Corner08O.png
Connecting to www.comcast.com (www.comcast.com)|69.241.45.20|:80... connected.
HTTP request sent, awaiting response... 200 OK
Length: 922 [image/png]
Saving to: `code/../crawls/www.comcast.net/Acceptable-Use-Policy/raw/www.comcast.com/images/shop/Corner08O.png'

     0K                                                       100% 79.1M=0s

2011-12-01 14:38:42 (79.1 MB/s) - `code/../crawls/www.comcast.net/Acceptable-Use-Policy/raw/www.comcast.com/images/shop/Corner08O.png' saved [922/922]

--2011-12-01 14:38:42--  http://www.comcast.com/images/shop/Corner07IL.png
Connecting to www.comcast.com (www.comcast.com)|69.241.45.20|:80... connected.
HTTP request sent, awaiting response... 200 OK
Length: 926 [image/png]
Saving to: `code/../crawls/www.comcast.net/Acceptable-Use-Policy/raw/www.comcast.com/images/shop/Corner07IL.png'

     0K                                                       100% 92.6M=0s

2011-12-01 14:38:42 (92.6 MB/s) - `code/../crawls/www.comcast.net/Acceptable-Use-Policy/raw/www.comcast.com/images/shop/Corner07IL.png' saved [926/926]

--2011-12-01 14:38:42--  http://www.comcast.com/images/shop/Corner07IR.png
Connecting to www.comcast.com (www.comcast.com)|69.241.45.20|:80... connected.
HTTP request sent, awaiting response... 200 OK
Length: 926 [image/png]
Saving to: `code/../crawls/www.comcast.net/Acceptable-Use-Policy/raw/www.comcast.com/images/shop/Corner07IR.png'

     0K                                                       100% 76.1M=0s

2011-12-01 14:38:42 (76.1 MB/s) - `code/../crawls/www.comcast.net/Acceptable-Use-Policy/raw/www.comcast.com/images/shop/Corner07IR.png' saved [926/926]

--2011-12-01 14:38:42--  http://www.comcast.com/images/shop/Corner07O.png
Connecting to www.comcast.com (www.comcast.com)|69.241.45.20|:80... connected.
HTTP request sent, awaiting response... 200 OK
Length: 922 [image/png]
Saving to: `code/../crawls/www.comcast.net/Acceptable-Use-Policy/raw/www.comcast.com/images/shop/Corner07O.png'

     0K                                                       100% 89.7M=0s

2011-12-01 14:38:42 (89.7 MB/s) - `code/../crawls/www.comcast.net/Acceptable-Use-Policy/raw/www.comcast.com/images/shop/Corner07O.png' saved [922/922]

--2011-12-01 14:38:42--  http://www.comcast.com/images/shop/Corner06IL.png
Connecting to www.comcast.com (www.comcast.com)|69.241.45.20|:80... connected.
HTTP request sent, awaiting response... 200 OK
Length: 926 [image/png]
Saving to: `code/../crawls/www.comcast.net/Acceptable-Use-Policy/raw/www.comcast.com/images/shop/Corner06IL.png'

     0K                                                       100% 93.0M=0s

2011-12-01 14:38:43 (93.0 MB/s) - `code/../crawls/www.comcast.net/Acceptable-Use-Policy/raw/www.comcast.com/images/shop/Corner06IL.png' saved [926/926]

--2011-12-01 14:38:43--  http://www.comcast.com/images/shop/Corner06IR.png
Connecting to www.comcast.com (www.comcast.com)|69.241.45.20|:80... connected.
HTTP request sent, awaiting response... 200 OK
Length: 926 [image/png]
Saving to: `code/../crawls/www.comcast.net/Acceptable-Use-Policy/raw/www.comcast.com/images/shop/Corner06IR.png'

     0K                                                       100% 79.1M=0s

2011-12-01 14:38:43 (79.1 MB/s) - `code/../crawls/www.comcast.net/Acceptable-Use-Policy/raw/www.comcast.com/images/shop/Corner06IR.png' saved [926/926]

--2011-12-01 14:38:43--  http://www.comcast.com/images/shop/Corner06O.png
Connecting to www.comcast.com (www.comcast.com)|69.241.45.20|:80... connected.
HTTP request sent, awaiting response... 200 OK
Length: 922 [image/png]
Saving to: `code/../crawls/www.comcast.net/Acceptable-Use-Policy/raw/www.comcast.com/images/shop/Corner06O.png'

     0K                                                       100% 91.9M=0s

2011-12-01 14:38:43 (91.9 MB/s) - `code/../crawls/www.comcast.net/Acceptable-Use-Policy/raw/www.comcast.com/images/shop/Corner06O.png' saved [922/922]

--2011-12-01 14:38:43--  http://www.comcast.com/images/shop/Corner05IL.png
Connecting to www.comcast.com (www.comcast.com)|69.241.45.20|:80... connected.
HTTP request sent, awaiting response... 200 OK
Length: 926 [image/png]
Saving to: `code/../crawls/www.comcast.net/Acceptable-Use-Policy/raw/www.comcast.com/images/shop/Corner05IL.png'

     0K                                                       100% 88.7M=0s

2011-12-01 14:38:43 (88.7 MB/s) - `code/../crawls/www.comcast.net/Acceptable-Use-Policy/raw/www.comcast.com/images/shop/Corner05IL.png' saved [926/926]

--2011-12-01 14:38:43--  http://www.comcast.com/images/shop/Corner05IR.png
Connecting to www.comcast.com (www.comcast.com)|69.241.45.20|:80... connected.
HTTP request sent, awaiting response... 200 OK
Length: 926 [image/png]
Saving to: `code/../crawls/www.comcast.net/Acceptable-Use-Policy/raw/www.comcast.com/images/shop/Corner05IR.png'

     0K                                                       100% 76.7M=0s

2011-12-01 14:38:43 (76.7 MB/s) - `code/../crawls/www.comcast.net/Acceptable-Use-Policy/raw/www.comcast.com/images/shop/Corner05IR.png' saved [926/926]

--2011-12-01 14:38:43--  http://www.comcast.com/images/shop/Corner05O.png
Connecting to www.comcast.com (www.comcast.com)|69.241.45.20|:80... connected.
HTTP request sent, awaiting response... 200 OK
Length: 922 [image/png]
Saving to: `code/../crawls/www.comcast.net/Acceptable-Use-Policy/raw/www.comcast.com/images/shop/Corner05O.png'

     0K                                                       100% 92.0M=0s

2011-12-01 14:38:44 (92.0 MB/s) - `code/../crawls/www.comcast.net/Acceptable-Use-Policy/raw/www.comcast.com/images/shop/Corner05O.png' saved [922/922]

--2011-12-01 14:38:44--  http://www.comcast.com/images/shop/Corner04I.png
Connecting to www.comcast.com (www.comcast.com)|69.241.45.20|:80... connected.
HTTP request sent, awaiting response... 200 OK
Length: 922 [image/png]
Saving to: `code/../crawls/www.comcast.net/Acceptable-Use-Policy/raw/www.comcast.com/images/shop/Corner04I.png'

     0K                                                       100% 75.5M=0s

2011-12-01 14:38:44 (75.5 MB/s) - `code/../crawls/www.comcast.net/Acceptable-Use-Policy/raw/www.comcast.com/images/shop/Corner04I.png' saved [922/922]

--2011-12-01 14:38:44--  http://www.comcast.com/images/shop/Corner04O.png
Connecting to www.comcast.com (www.comcast.com)|69.241.45.20|:80... connected.
HTTP request sent, awaiting response... 200 OK
Length: 922 [image/png]
Saving to: `code/../crawls/www.comcast.net/Acceptable-Use-Policy/raw/www.comcast.com/images/shop/Corner04O.png'

     0K                                                       100% 80.0M=0s

2011-12-01 14:38:44 (80.0 MB/s) - `code/../crawls/www.comcast.net/Acceptable-Use-Policy/raw/www.comcast.com/images/shop/Corner04O.png' saved [922/922]

--2011-12-01 14:38:44--  http://www.comcast.com/images/shop/Corner03I.png
Connecting to www.comcast.com (www.comcast.com)|69.241.45.20|:80... connected.
HTTP request sent, awaiting response... 200 OK
Length: 922 [image/png]
Saving to: `code/../crawls/www.comcast.net/Acceptable-Use-Policy/raw/www.comcast.com/images/shop/Corner03I.png'

     0K                                                       100% 92.1M=0s

2011-12-01 14:38:44 (92.1 MB/s) - `code/../crawls/www.comcast.net/Acceptable-Use-Policy/raw/www.comcast.com/images/shop/Corner03I.png' saved [922/922]

--2011-12-01 14:38:44--  http://www.comcast.com/images/shop/Corner03O.png
Connecting to www.comcast.com (www.comcast.com)|69.241.45.20|:80... connected.
HTTP request sent, awaiting response... 200 OK
Length: 922 [image/png]
Saving to: `code/../crawls/www.comcast.net/Acceptable-Use-Policy/raw/www.comcast.com/images/shop/Corner03O.png'

     0K                                                       100% 78.9M=0s

2011-12-01 14:38:44 (78.9 MB/s) - `code/../crawls/www.comcast.net/Acceptable-Use-Policy/raw/www.comcast.com/images/shop/Corner03O.png' saved [922/922]

--2011-12-01 14:38:44--  http://www.comcast.com/images/shop/Corner02I.png
Connecting to www.comcast.com (www.comcast.com)|69.241.45.20|:80... connected.
HTTP request sent, awaiting response... 404 Not Found
2011-12-01 14:38:45 ERROR 404: Not Found.

--2011-12-01 14:38:45--  http://www.comcast.com/images/shop/Corner02O.png
Connecting to www.comcast.com (www.comcast.com)|69.241.45.20|:80... connected.
HTTP request sent, awaiting response... 200 OK
Length: 922 [image/png]
Saving to: `code/../crawls/www.comcast.net/Acceptable-Use-Policy/raw/www.comcast.com/images/shop/Corner02O.png'

     0K                                                       100% 92.0M=0s

2011-12-01 14:38:45 (92.0 MB/s) - `code/../crawls/www.comcast.net/Acceptable-Use-Policy/raw/www.comcast.com/images/shop/Corner02O.png' saved [922/922]

--2011-12-01 14:38:45--  http://www.comcast.com/images/shop/Corner01I.png
Connecting to www.comcast.com (www.comcast.com)|69.241.45.20|:80... connected.
HTTP request sent, awaiting response... 200 OK
Length: 922 [image/png]
Saving to: `code/../crawls/www.comcast.net/Acceptable-Use-Policy/raw/www.comcast.com/images/shop/Corner01I.png'

     0K                                                       100% 92.3M=0s

2011-12-01 14:38:45 (92.3 MB/s) - `code/../crawls/www.comcast.net/Acceptable-Use-Policy/raw/www.comcast.com/images/shop/Corner01I.png' saved [922/922]

--2011-12-01 14:38:45--  http://www.comcast.com/images/shop/Corner01O.png
Connecting to www.comcast.com (www.comcast.com)|69.241.45.20|:80... connected.
HTTP request sent, awaiting response... 200 OK
Length: 922 [image/png]
Saving to: `code/../crawls/www.comcast.net/Acceptable-Use-Policy/raw/www.comcast.com/images/shop/Corner01O.png'

     0K                                                       100% 78.3M=0s

2011-12-01 14:38:45 (78.3 MB/s) - `code/../crawls/www.comcast.net/Acceptable-Use-Policy/raw/www.comcast.com/images/shop/Corner01O.png' saved [922/922]

--2011-12-01 14:38:45--  http://www.comcast.com/images/dot.gif
Connecting to www.comcast.com (www.comcast.com)|69.241.45.20|:80... connected.
HTTP request sent, awaiting response... 200 OK
Length: 43 [image/gif]
Saving to: `code/../crawls/www.comcast.net/Acceptable-Use-Policy/raw/www.comcast.com/images/dot.gif'

     0K                                                       100% 3.69M=0s

2011-12-01 14:38:45 (3.69 MB/s) - `code/../crawls/www.comcast.net/Acceptable-Use-Policy/raw/www.comcast.com/images/dot.gif' saved [43/43]

--2011-12-01 14:38:45--  http://www.comcast.com/images/topMenu/Hover.gif
Connecting to www.comcast.com (www.comcast.com)|69.241.45.20|:80... connected.
HTTP request sent, awaiting response... 200 OK
Length: 854 [image/gif]
Saving to: `code/../crawls/www.comcast.net/Acceptable-Use-Policy/raw/www.comcast.com/images/topMenu/Hover.gif'

     0K                                                       100% 65.7M=0s

2011-12-01 14:38:46 (65.7 MB/s) - `code/../crawls/www.comcast.net/Acceptable-Use-Policy/raw/www.comcast.com/images/topMenu/Hover.gif' saved [854/854]

--2011-12-01 14:38:46--  http://www.comcast.com/images/buttons/gateway_go_customers.gif
Connecting to www.comcast.com (www.comcast.com)|69.241.45.20|:80... connected.
HTTP request sent, awaiting response... 200 OK
Length: 247 [image/gif]
Saving to: `code/../crawls/www.comcast.net/Acceptable-Use-Policy/raw/www.comcast.com/images/buttons/gateway_go_customers.gif'

     0K                                                       100% 20.1M=0s

2011-12-01 14:38:46 (20.1 MB/s) - `code/../crawls/www.comcast.net/Acceptable-Use-Policy/raw/www.comcast.com/images/buttons/gateway_go_customers.gif' saved [247/247]

--2011-12-01 14:38:46--  http://www.comcast.com/includes/images/newbuyflow/OverLays/topRightCorner.png
Connecting to www.comcast.com (www.comcast.com)|69.241.45.20|:80... connected.
HTTP request sent, awaiting response... 200 OK
Length: 190 [image/png]
Saving to: `code/../crawls/www.comcast.net/Acceptable-Use-Policy/raw/www.comcast.com/includes/images/newbuyflow/OverLays/topRightCorner.png'

     0K                                                       100% 15.9M=0s

2011-12-01 14:38:46 (15.9 MB/s) - `code/../crawls/www.comcast.net/Acceptable-Use-Policy/raw/www.comcast.com/includes/images/newbuyflow/OverLays/topRightCorner.png' saved [190/190]

--2011-12-01 14:38:46--  http://www.comcast.com/includes/images/newbuyflow/OverLays/topBorder.png
Connecting to www.comcast.com (www.comcast.com)|69.241.45.20|:80... connected.
HTTP request sent, awaiting response... 200 OK
Length: 139 [image/png]
Saving to: `code/../crawls/www.comcast.net/Acceptable-Use-Policy/raw/www.comcast.com/includes/images/newbuyflow/OverLays/topBorder.png'

     0K                                                       100% 11.8M=0s

2011-12-01 14:38:46 (11.8 MB/s) - `code/../crawls/www.comcast.net/Acceptable-Use-Policy/raw/www.comcast.com/includes/images/newbuyflow/OverLays/topBorder.png' saved [139/139]

--2011-12-01 14:38:46--  http://www.comcast.com/includes/images/newbuyflow/OverLays/topLeftCorner.png
Connecting to www.comcast.com (www.comcast.com)|69.241.45.20|:80... connected.
HTTP request sent, awaiting response... 200 OK
Length: 180 [image/png]
Saving to: `code/../crawls/www.comcast.net/Acceptable-Use-Policy/raw/www.comcast.com/includes/images/newbuyflow/OverLays/topLeftCorner.png'

     0K                                                       100% 16.5M=0s

2011-12-01 14:38:46 (16.5 MB/s) - `code/../crawls/www.comcast.net/Acceptable-Use-Policy/raw/www.comcast.com/includes/images/newbuyflow/OverLays/topLeftCorner.png' saved [180/180]

--2011-12-01 14:38:46--  http://www.comcast.com/includes/images/newbuyflow/OverLays/bottomRightCorner.png
Connecting to www.comcast.com (www.comcast.com)|69.241.45.20|:80... connected.
HTTP request sent, awaiting response... 200 OK
Length: 197 [image/png]
Saving to: `code/../crawls/www.comcast.net/Acceptable-Use-Policy/raw/www.comcast.com/includes/images/newbuyflow/OverLays/bottomRightCorner.png'

     0K                                                       100% 17.0M=0s

2011-12-01 14:38:47 (17.0 MB/s) - `code/../crawls/www.comcast.net/Acceptable-Use-Policy/raw/www.comcast.com/includes/images/newbuyflow/OverLays/bottomRightCorner.png' saved [197/197]

--2011-12-01 14:38:47--  http://www.comcast.com/includes/images/newbuyflow/OverLays/bottomLeftCorner.png
Connecting to www.comcast.com (www.comcast.com)|69.241.45.20|:80... connected.
HTTP request sent, awaiting response... 200 OK
Length: 189 [image/png]
Saving to: `code/../crawls/www.comcast.net/Acceptable-Use-Policy/raw/www.comcast.com/includes/images/newbuyflow/OverLays/bottomLeftCorner.png'

     0K                                                       100% 19.6M=0s

2011-12-01 14:38:47 (19.6 MB/s) - `code/../crawls/www.comcast.net/Acceptable-Use-Policy/raw/www.comcast.com/includes/images/newbuyflow/OverLays/bottomLeftCorner.png' saved [189/189]

--2011-12-01 14:38:47--  http://www.comcast.com/includes/images/newbuyflow/OverLays/bottomBorder.png
Connecting to www.comcast.com (www.comcast.com)|69.241.45.20|:80... connected.
HTTP request sent, awaiting response... 200 OK
Length: 134 [image/png]
Saving to: `code/../crawls/www.comcast.net/Acceptable-Use-Policy/raw/www.comcast.com/includes/images/newbuyflow/OverLays/bottomBorder.png'

     0K                                                       100% 12.4M=0s

2011-12-01 14:38:47 (12.4 MB/s) - `code/../crawls/www.comcast.net/Acceptable-Use-Policy/raw/www.comcast.com/includes/images/newbuyflow/OverLays/bottomBorder.png' saved [134/134]

--2011-12-01 14:38:47--  http://www.comcast.com/includes/images/newbuyflow/OverLays/leftBorder.png
Connecting to www.comcast.com (www.comcast.com)|69.241.45.20|:80... connected.
HTTP request sent, awaiting response... 200 OK
Length: 137 [image/png]
Saving to: `code/../crawls/www.comcast.net/Acceptable-Use-Policy/raw/www.comcast.com/includes/images/newbuyflow/OverLays/leftBorder.png'

     0K                                                       100% 13.8M=0s

2011-12-01 14:38:47 (13.8 MB/s) - `code/../crawls/www.comcast.net/Acceptable-Use-Policy/raw/www.comcast.com/includes/images/newbuyflow/OverLays/leftBorder.png' saved [137/137]

--2011-12-01 14:38:47--  http://www.comcast.com/includes/images/newbuyflow/OverLays/rightBorder.png
Connecting to www.comcast.com (www.comcast.com)|69.241.45.20|:80... connected.
HTTP request sent, awaiting response... 200 OK
Length: 133 [image/png]
Saving to: `code/../crawls/www.comcast.net/Acceptable-Use-Policy/raw/www.comcast.com/includes/images/newbuyflow/OverLays/rightBorder.png'

     0K                                                       100% 13.6M=0s

2011-12-01 14:38:47 (13.6 MB/s) - `code/../crawls/www.comcast.net/Acceptable-Use-Policy/raw/www.comcast.com/includes/images/newbuyflow/OverLays/rightBorder.png' saved [133/133]

FINISHED --2011-12-01 14:38:47--
Total wall clock time: 17s
Downloaded: 74 files, 430K in 1.6s (266 KB/s)
Converting code/../crawls/www.comcast.net/Acceptable-Use-Policy/raw/www.comcast.com/Corporate/Customers/Policies/HighSpeedInternetAUP.html... 35-6
Converting code/../crawls/www.comcast.net/Acceptable-Use-Policy/raw/www.comcast.com/Includes/css/Corpquerycompletion.css... nothing to do.
Converting code/../crawls/www.comcast.net/Acceptable-Use-Policy/raw/www.comcast.com/includes/css/comcast_menu_top.css... 11-0
Converting code/../crawls/www.comcast.net/Acceptable-Use-Policy/raw/www.comcast.com/includes/css/framework/Mask.css... nothing to do.
Converting code/../crawls/www.comcast.net/Acceptable-Use-Policy/raw/www.comcast.com/includes/css/two_column_no_nav.css... nothing to do.
Converting code/../crawls/www.comcast.net/Acceptable-Use-Policy/raw/www.comcast.com/includes/css/comcast_printable.css... nothing to do.
Converting code/../crawls/www.comcast.net/Acceptable-Use-Policy/raw/www.comcast.com/includes/css/comcast_main.css... 41-1
Converting code/../crawls/www.comcast.net/Acceptable-Use-Policy/raw/www.comcast.com/includes/css/comcast_Customers.css... 2-0
Converting code/../crawls/www.comcast.net/Acceptable-Use-Policy/raw/www.comcast.com/Includes/css/querycompletion.css... nothing to do.
Converting code/../crawls/www.comcast.net/Acceptable-Use-Policy/raw/www.comcast.com/Includes/css/ResetOverlay.css... 8-0
Converted 10 files in 0.007 seconds.
