--2012-04-14 12:11:43--  http://en.wordpress.com/tos/
Resolving en.wordpress.com... 74.200.247.59, 74.200.247.187, 76.74.255.117, ...
Connecting to en.wordpress.com|74.200.247.59|:80... connected.
HTTP request sent, awaiting response... 200 OK
Length: unspecified [text/html]
Saving to: `code/../crawls/wordpress.com/WordPress-com-Terms-Of-Service/raw/en.wordpress.com/tos/index.html'

     0K .......... .......... .......... .......... .......     456K=0.1s

2012-04-14 12:11:43 (456 KB/s) - `code/../crawls/wordpress.com/WordPress-com-Terms-Of-Service/raw/en.wordpress.com/tos/index.html' saved [48966]

--2012-04-14 12:11:43--  http://s2.wp.com/wp-content/themes/h4/style.css?m=1334347852g&5
Resolving s2.wp.com... 72.21.91.19
Connecting to s2.wp.com|72.21.91.19|:80... connected.
HTTP request sent, awaiting response... 200 OK
Length: 64523 (63K) [text/css]
Saving to: `code/../crawls/wordpress.com/WordPress-com-Terms-Of-Service/raw/s2.wp.com/wp-content/themes/h4/style.css?m=1334347852g&5.css'

     0K .......... .......... .......... .......... .......... 79% 6.52M 0s
    50K .......... ...                                        100% 12.8M=0.008s

2012-04-14 12:11:43 (7.25 MB/s) - `code/../crawls/wordpress.com/WordPress-com-Terms-Of-Service/raw/s2.wp.com/wp-content/themes/h4/style.css?m=1334347852g&5.css' saved [64523/64523]

--2012-04-14 12:11:43--  http://s0.wp.com/wp-content/themes/h4/global.css?m=1352408494g
Resolving s0.wp.com... 72.21.91.19
Reusing existing connection to s2.wp.com:80.
HTTP request sent, awaiting response... 200 OK
Length: 627 [text/css]
Saving to: `code/../crawls/wordpress.com/WordPress-com-Terms-Of-Service/raw/s0.wp.com/wp-content/themes/h4/global.css?m=1352408494g.css'

     0K                                                       100% 70.6M=0s

2012-04-14 12:11:43 (70.6 MB/s) - `code/../crawls/wordpress.com/WordPress-com-Terms-Of-Service/raw/s0.wp.com/wp-content/themes/h4/global.css?m=1352408494g.css' saved [627/627]

--2012-04-14 12:11:43--  http://s1.wp.com/wp-content/mu-plugins/post-flair/style.css?m=1334096132g&ver=3
Resolving s1.wp.com... 72.21.91.19
Reusing existing connection to s2.wp.com:80.
HTTP request sent, awaiting response... 200 OK
Length: 12180 (12K) [text/css]
Saving to: `code/../crawls/wordpress.com/WordPress-com-Terms-Of-Service/raw/s1.wp.com/wp-content/mu-plugins/post-flair/style.css?m=1334096132g&ver=3.css'

     0K .......... .                                          100% 17.9M=0.001s

2012-04-14 12:11:43 (17.9 MB/s) - `code/../crawls/wordpress.com/WordPress-com-Terms-Of-Service/raw/s1.wp.com/wp-content/mu-plugins/post-flair/style.css?m=1334096132g&ver=3.css' saved [12180/12180]

--2012-04-14 12:11:43--  http://s0.wp.com/wp-includes/js/jquery/jquery.js?m=1333391137g&ver=1.7.2
Reusing existing connection to s2.wp.com:80.
HTTP request sent, awaiting response... 200 OK
Length: 94804 (93K) [application/x-javascript]
Saving to: `code/../crawls/wordpress.com/WordPress-com-Terms-Of-Service/raw/s0.wp.com/wp-includes/js/jquery/jquery.js?m=1333391137g&ver=1.7.2'

     0K .......... .......... .......... .......... .......... 54% 11.4M 0s
    50K .......... .......... .......... .......... ..        100% 11.5M=0.008s

2012-04-14 12:11:43 (11.5 MB/s) - `code/../crawls/wordpress.com/WordPress-com-Terms-Of-Service/raw/s0.wp.com/wp-includes/js/jquery/jquery.js?m=1333391137g&ver=1.7.2' saved [94804/94804]

--2012-04-14 12:11:43--  http://s2.wp.com/wp-content/themes/h4/js/scripts.js?m=1352675550g&ver=3.4-beta2-20460
Reusing existing connection to s2.wp.com:80.
HTTP request sent, awaiting response... 200 OK
Length: 194 [application/x-javascript]
Saving to: `code/../crawls/wordpress.com/WordPress-com-Terms-Of-Service/raw/s2.wp.com/wp-content/themes/h4/js/scripts.js?m=1352675550g&ver=3.4-beta2-20460'

     0K                                                       100% 34.1M=0s

2012-04-14 12:11:43 (34.1 MB/s) - `code/../crawls/wordpress.com/WordPress-com-Terms-Of-Service/raw/s2.wp.com/wp-content/themes/h4/js/scripts.js?m=1352675550g&ver=3.4-beta2-20460' saved [194/194]

--2012-04-14 12:11:43--  http://s0.wp.com/wp-content/mu-plugins/highlander-comments/style.css?m=1334188075g&ver=20110620
Reusing existing connection to s2.wp.com:80.
HTTP request sent, awaiting response... 200 OK
Length: 19088 (19K) [text/css]
Saving to: `code/../crawls/wordpress.com/WordPress-com-Terms-Of-Service/raw/s0.wp.com/wp-content/mu-plugins/highlander-comments/style.css?m=1334188075g&ver=20110620.css'

     0K .......... ........                                   100% 10.4M=0.002s

2012-04-14 12:11:43 (10.4 MB/s) - `code/../crawls/wordpress.com/WordPress-com-Terms-Of-Service/raw/s0.wp.com/wp-content/mu-plugins/highlander-comments/style.css?m=1334188075g&ver=20110620.css' saved [19088/19088]

--2012-04-14 12:11:43--  http://s1.wp.com/i/favicon-stacked.ico?m=1317682485g
Reusing existing connection to s2.wp.com:80.
HTTP request sent, awaiting response... 200 OK
Length: 17910 (17K) [image/vnd.microsoft.icon]
Saving to: `code/../crawls/wordpress.com/WordPress-com-Terms-Of-Service/raw/s1.wp.com/i/favicon-stacked.ico?m=1317682485g'

     0K .......... .......                                    100% 13.9M=0.001s

2012-04-14 12:11:43 (13.9 MB/s) - `code/../crawls/wordpress.com/WordPress-com-Terms-Of-Service/raw/s1.wp.com/i/favicon-stacked.ico?m=1317682485g' saved [17910/17910]

--2012-04-14 12:11:43--  http://s2.wp.com/i/favicon.ico?m=1317682485g
Reusing existing connection to s2.wp.com:80.
HTTP request sent, awaiting response... 200 OK
Length: 17910 (17K) [image/vnd.microsoft.icon]
Saving to: `code/../crawls/wordpress.com/WordPress-com-Terms-Of-Service/raw/s2.wp.com/i/favicon.ico?m=1317682485g'

     0K .......... .......                                    100% 13.4M=0.001s

2012-04-14 12:11:43 (13.4 MB/s) - `code/../crawls/wordpress.com/WordPress-com-Terms-Of-Service/raw/s2.wp.com/i/favicon.ico?m=1317682485g' saved [17910/17910]

--2012-04-14 12:11:43--  http://creativecommons.org/images/public/somerights20
Resolving creativecommons.org... 72.51.46.230
Connecting to creativecommons.org|72.51.46.230|:80... connected.
HTTP request sent, awaiting response... 200 OK
Length: 958 [image/png]
Saving to: `code/../crawls/wordpress.com/WordPress-com-Terms-Of-Service/raw/creativecommons.org/images/public/somerights20'

     0K                                                       100%  150M=0s

2012-04-14 12:11:43 (150 MB/s) - `code/../crawls/wordpress.com/WordPress-com-Terms-Of-Service/raw/creativecommons.org/images/public/somerights20' saved [958/958]

--2012-04-14 12:11:43--  http://s0.wp.com/wp-content/themes/h4/i/footerpromo/ipads.png?m=1317682491g&1
Connecting to s0.wp.com|72.21.91.19|:80... connected.
HTTP request sent, awaiting response... 200 OK
Length: 43883 (43K) [image/png]
Saving to: `code/../crawls/wordpress.com/WordPress-com-Terms-Of-Service/raw/s0.wp.com/wp-content/themes/h4/i/footerpromo/ipads.png?m=1317682491g&1'

     0K .......... .......... .......... .......... ..        100% 6.98M=0.006s

2012-04-14 12:11:43 (6.98 MB/s) - `code/../crawls/wordpress.com/WordPress-com-Terms-Of-Service/raw/s0.wp.com/wp-content/themes/h4/i/footerpromo/ipads.png?m=1317682491g&1' saved [43883/43883]

--2012-04-14 12:11:43--  http://s.gravatar.com/js/gprofiles.js?aa&ver=3.4-beta2-20460
Resolving s.gravatar.com... 72.21.91.19
Reusing existing connection to s0.wp.com:80.
HTTP request sent, awaiting response... 200 OK
Length: 23566 (23K) [application/x-javascript]
Saving to: `code/../crawls/wordpress.com/WordPress-com-Terms-Of-Service/raw/s.gravatar.com/js/gprofiles.js?aa&ver=3.4-beta2-20460'

     0K .......... .......... ...                             100% 13.0M=0.002s

2012-04-14 12:11:43 (13.0 MB/s) - `code/../crawls/wordpress.com/WordPress-com-Terms-Of-Service/raw/s.gravatar.com/js/gprofiles.js?aa&ver=3.4-beta2-20460' saved [23566/23566]

--2012-04-14 12:11:43--  http://s2.wp.com/wp-content/mu-plugins/gravatar-hovercards/wpgroho.js?m=1352576748g&ver=3.4-beta2-20460
Reusing existing connection to s0.wp.com:80.
HTTP request sent, awaiting response... 200 OK
Length: 582 [application/x-javascript]
Saving to: `code/../crawls/wordpress.com/WordPress-com-Terms-Of-Service/raw/s2.wp.com/wp-content/mu-plugins/gravatar-hovercards/wpgroho.js?m=1352576748g&ver=3.4-beta2-20460'

     0K                                                       100%  103M=0s

2012-04-14 12:11:43 (103 MB/s) - `code/../crawls/wordpress.com/WordPress-com-Terms-Of-Service/raw/s2.wp.com/wp-content/mu-plugins/gravatar-hovercards/wpgroho.js?m=1352576748g&ver=3.4-beta2-20460' saved [582/582]

--2012-04-14 12:11:43--  http://pixel.quantserve.com/pixel/p-18-mFEk4J448M.gif?labels=%2Clanguage.en%2Ctype.wpcom%2Cwp.homepage
Resolving pixel.quantserve.com... 64.94.107.24, 64.94.107.41, 64.94.107.46, ...
Connecting to pixel.quantserve.com|64.94.107.24|:80... connected.
HTTP request sent, awaiting response... 200 OK
Length: 35 [image/gif]
Saving to: `code/../crawls/wordpress.com/WordPress-com-Terms-Of-Service/raw/pixel.quantserve.com/pixel/p-18-mFEk4J448M.gif?labels=%2Clanguage.en%2Ctype.wpcom%2Cwp.homepage'

     0K                                                       100% 5.83M=0s

2012-04-14 12:11:43 (5.83 MB/s) - `code/../crawls/wordpress.com/WordPress-com-Terms-Of-Service/raw/pixel.quantserve.com/pixel/p-18-mFEk4J448M.gif?labels=%2Clanguage.en%2Ctype.wpcom%2Cwp.homepage' saved [35/35]

--2012-04-14 12:11:43--  http://s0.wp.com/wp-content/mu-plugins/highlander-comments/script.js?m=1332283333g&ver=20110804
Reusing existing connection to s0.wp.com:80.
HTTP request sent, awaiting response... 200 OK
Length: 22854 (22K) [application/x-javascript]
Saving to: `code/../crawls/wordpress.com/WordPress-com-Terms-Of-Service/raw/s0.wp.com/wp-content/mu-plugins/highlander-comments/script.js?m=1332283333g&ver=20110804'

     0K .......... .......... ..                              100% 12.8M=0.002s

2012-04-14 12:11:43 (12.8 MB/s) - `code/../crawls/wordpress.com/WordPress-com-Terms-Of-Service/raw/s0.wp.com/wp-content/mu-plugins/highlander-comments/script.js?m=1332283333g&ver=20110804' saved [22854/22854]

--2012-04-14 12:11:43--  http://b.scorecardresearch.com/beacon.js
Resolving b.scorecardresearch.com... 23.57.68.26, 23.57.68.58
Connecting to b.scorecardresearch.com|23.57.68.26|:80... connected.
HTTP request sent, awaiting response... 200 OK
Length: 1900 (1.9K) [application/x-javascript]
Saving to: `code/../crawls/wordpress.com/WordPress-com-Terms-Of-Service/raw/b.scorecardresearch.com/beacon.js'

     0K .                                                     100%  260M=0s

2012-04-14 12:11:43 (260 MB/s) - `code/../crawls/wordpress.com/WordPress-com-Terms-Of-Service/raw/b.scorecardresearch.com/beacon.js' saved [1900/1900]

--2012-04-14 12:11:43--  http://b.scorecardresearch.com/p?cj=1c1=2&c2=7518284
Reusing existing connection to b.scorecardresearch.com:80.
HTTP request sent, awaiting response... 302 Moved Temporarily
Location: http://b.scorecardresearch.com/p2?cj=1c1=2&c2=7518284 [following]
--2012-04-14 12:11:43--  http://b.scorecardresearch.com/p2?cj=1c1=2&c2=7518284
Reusing existing connection to b.scorecardresearch.com:80.
HTTP request sent, awaiting response... 200 OK
Length: 43 [image/gif]
Saving to: `code/../crawls/wordpress.com/WordPress-com-Terms-Of-Service/raw/b.scorecardresearch.com/p?cj=1c1=2&c2=7518284'

     0K                                                       100% 8.14M=0s

2012-04-14 12:11:43 (8.14 MB/s) - `code/../crawls/wordpress.com/WordPress-com-Terms-Of-Service/raw/b.scorecardresearch.com/p?cj=1c1=2&c2=7518284' saved [43/43]

--2012-04-14 12:11:43--  http://s.stats.wordpress.com/w.js?21
Resolving s.stats.wordpress.com... 72.21.91.19
Connecting to s.stats.wordpress.com|72.21.91.19|:80... connected.
HTTP request sent, awaiting response... 200 OK
Length: 2595 (2.5K) [application/x-javascript]
Saving to: `code/../crawls/wordpress.com/WordPress-com-Terms-Of-Service/raw/s.stats.wordpress.com/w.js?21'

     0K ..                                                    100%  341M=0s

2012-04-14 12:11:43 (341 MB/s) - `code/../crawls/wordpress.com/WordPress-com-Terms-Of-Service/raw/s.stats.wordpress.com/w.js?21' saved [2595/2595]

--2012-04-14 12:11:43--  http://stats.wordpress.com/b.gif?v=noscript
Resolving stats.wordpress.com... 216.151.210.122, 72.233.104.123, 72.233.111.159, ...
Connecting to stats.wordpress.com|216.151.210.122|:80... connected.
HTTP request sent, awaiting response... 200 OK
Length: 43 [image/gif]
Saving to: `code/../crawls/wordpress.com/WordPress-com-Terms-Of-Service/raw/stats.wordpress.com/b.gif?v=noscript'

     0K                                                       100% 7.57M=0s

2012-04-14 12:11:43 (7.57 MB/s) - `code/../crawls/wordpress.com/WordPress-com-Terms-Of-Service/raw/stats.wordpress.com/b.gif?v=noscript' saved [43/43]

--2012-04-14 12:11:43--  http://s2.wp.com/wp-content/themes/h4/i/buttonbg.png
Reusing existing connection to s.stats.wordpress.com:80.
HTTP request sent, awaiting response... 200 OK
Length: 138 [image/png]
Saving to: `code/../crawls/wordpress.com/WordPress-com-Terms-Of-Service/raw/s2.wp.com/wp-content/themes/h4/i/buttonbg.png'

     0K                                                       100% 24.1M=0s

2012-04-14 12:11:43 (24.1 MB/s) - `code/../crawls/wordpress.com/WordPress-com-Terms-Of-Service/raw/s2.wp.com/wp-content/themes/h4/i/buttonbg.png' saved [138/138]

--2012-04-14 12:11:43--  http://s2.wp.com/wp-content/themes/h4/i/header-bg.png?2
Reusing existing connection to s.stats.wordpress.com:80.
HTTP request sent, awaiting response... 200 OK
Length: 121 [image/png]
Saving to: `code/../crawls/wordpress.com/WordPress-com-Terms-Of-Service/raw/s2.wp.com/wp-content/themes/h4/i/header-bg.png?2'

     0K                                                       100% 21.5M=0s

2012-04-14 12:11:43 (21.5 MB/s) - `code/../crawls/wordpress.com/WordPress-com-Terms-Of-Service/raw/s2.wp.com/wp-content/themes/h4/i/header-bg.png?2' saved [121/121]

--2012-04-14 12:11:43--  http://s2.wp.com/wp-content/themes/h4/i/wpcom-logo.png
Reusing existing connection to s.stats.wordpress.com:80.
HTTP request sent, awaiting response... 200 OK
Length: 7753 (7.6K) [image/png]
Saving to: `code/../crawls/wordpress.com/WordPress-com-Terms-Of-Service/raw/s2.wp.com/wp-content/themes/h4/i/wpcom-logo.png'

     0K .......                                               100% 13.2M=0.001s

2012-04-14 12:11:43 (13.2 MB/s) - `code/../crawls/wordpress.com/WordPress-com-Terms-Of-Service/raw/s2.wp.com/wp-content/themes/h4/i/wpcom-logo.png' saved [7753/7753]

--2012-04-14 12:11:43--  http://s2.wp.com/wp-content/themes/h4/i/wpcom-logo-2x.png?1
Reusing existing connection to s.stats.wordpress.com:80.
HTTP request sent, awaiting response... 200 OK
Length: 16316 (16K) [image/png]
Saving to: `code/../crawls/wordpress.com/WordPress-com-Terms-Of-Service/raw/s2.wp.com/wp-content/themes/h4/i/wpcom-logo-2x.png?1'

     0K .......... .....                                      100% 6.60M=0.002s

2012-04-14 12:11:43 (6.60 MB/s) - `code/../crawls/wordpress.com/WordPress-com-Terms-Of-Service/raw/s2.wp.com/wp-content/themes/h4/i/wpcom-logo-2x.png?1' saved [16316/16316]

--2012-04-14 12:11:43--  http://s2.wp.com/wp-content/themes/h4/i/signupbackground.gif?3
Reusing existing connection to s.stats.wordpress.com:80.
HTTP request sent, awaiting response... 200 OK
Length: 3913 (3.8K) [image/gif]
Saving to: `code/../crawls/wordpress.com/WordPress-com-Terms-Of-Service/raw/s2.wp.com/wp-content/themes/h4/i/signupbackground.gif?3'

     0K ...                                                   100% 42.0M=0s

2012-04-14 12:11:43 (42.0 MB/s) - `code/../crawls/wordpress.com/WordPress-com-Terms-Of-Service/raw/s2.wp.com/wp-content/themes/h4/i/signupbackground.gif?3' saved [3913/3913]

--2012-04-14 12:11:43--  http://s2.wp.com/wp-content/themes/h4/i/bullet-blue.png
Reusing existing connection to s.stats.wordpress.com:80.
HTTP request sent, awaiting response... 200 OK
Length: 133 [image/png]
Saving to: `code/../crawls/wordpress.com/WordPress-com-Terms-Of-Service/raw/s2.wp.com/wp-content/themes/h4/i/bullet-blue.png'

     0K                                                       100% 24.2M=0s

2012-04-14 12:11:44 (24.2 MB/s) - `code/../crawls/wordpress.com/WordPress-com-Terms-Of-Service/raw/s2.wp.com/wp-content/themes/h4/i/bullet-blue.png' saved [133/133]

--2012-04-14 12:11:44--  http://s2.wp.com/wp-content/themes/h4/i/bullet-grey.png
Reusing existing connection to s.stats.wordpress.com:80.
HTTP request sent, awaiting response... 200 OK
Length: 133 [image/png]
Saving to: `code/../crawls/wordpress.com/WordPress-com-Terms-Of-Service/raw/s2.wp.com/wp-content/themes/h4/i/bullet-grey.png'

     0K                                                       100% 25.0M=0s

2012-04-14 12:11:44 (25.0 MB/s) - `code/../crawls/wordpress.com/WordPress-com-Terms-Of-Service/raw/s2.wp.com/wp-content/themes/h4/i/bullet-grey.png' saved [133/133]

--2012-04-14 12:11:44--  http://s2.wp.com/wp-content/themes/h4/i/getablog-small.gif?2
Reusing existing connection to s.stats.wordpress.com:80.
HTTP request sent, awaiting response... 200 OK
Length: 2616 (2.6K) [image/gif]
Saving to: `code/../crawls/wordpress.com/WordPress-com-Terms-Of-Service/raw/s2.wp.com/wp-content/themes/h4/i/getablog-small.gif?2'

     0K ..                                                    100% 35.5M=0s

2012-04-14 12:11:44 (35.5 MB/s) - `code/../crawls/wordpress.com/WordPress-com-Terms-Of-Service/raw/s2.wp.com/wp-content/themes/h4/i/getablog-small.gif?2' saved [2616/2616]

--2012-04-14 12:11:44--  http://s2.wp.com/wp-content/themes/h4/i/getablog-small.png
Reusing existing connection to s.stats.wordpress.com:80.
HTTP request sent, awaiting response... 200 OK
Length: 3772 (3.7K) [image/png]
Saving to: `code/../crawls/wordpress.com/WordPress-com-Terms-Of-Service/raw/s2.wp.com/wp-content/themes/h4/i/getablog-small.png'

     0K ...                                                   100% 42.4M=0s

2012-04-14 12:11:44 (42.4 MB/s) - `code/../crawls/wordpress.com/WordPress-com-Terms-Of-Service/raw/s2.wp.com/wp-content/themes/h4/i/getablog-small.png' saved [3772/3772]

--2012-04-14 12:11:44--  http://s2.wp.com/wp-content/themes/h4/i/rss.png
Reusing existing connection to s.stats.wordpress.com:80.
HTTP request sent, awaiting response... 200 OK
Length: 702 [image/png]
Saving to: `code/../crawls/wordpress.com/WordPress-com-Terms-Of-Service/raw/s2.wp.com/wp-content/themes/h4/i/rss.png'

     0K                                                       100%  126M=0s

2012-04-14 12:11:44 (126 MB/s) - `code/../crawls/wordpress.com/WordPress-com-Terms-Of-Service/raw/s2.wp.com/wp-content/themes/h4/i/rss.png' saved [702/702]

--2012-04-14 12:11:44--  http://s2.wp.com/wp-content/themes/h4/i/technorati.png
Reusing existing connection to s.stats.wordpress.com:80.
HTTP request sent, awaiting response... 200 OK
Length: 2957 (2.9K) [image/png]
Saving to: `code/../crawls/wordpress.com/WordPress-com-Terms-Of-Service/raw/s2.wp.com/wp-content/themes/h4/i/technorati.png'

     0K ..                                                    100% 40.1M=0s

2012-04-14 12:11:44 (40.1 MB/s) - `code/../crawls/wordpress.com/WordPress-com-Terms-Of-Service/raw/s2.wp.com/wp-content/themes/h4/i/technorati.png' saved [2957/2957]

--2012-04-14 12:11:44--  http://s2.wp.com/wp-content/themes/h4/i/delicious.png
Reusing existing connection to s.stats.wordpress.com:80.
HTTP request sent, awaiting response... 200 OK
Length: 2841 (2.8K) [image/png]
Saving to: `code/../crawls/wordpress.com/WordPress-com-Terms-Of-Service/raw/s2.wp.com/wp-content/themes/h4/i/delicious.png'

     0K ..                                                    100% 40.9M=0s

2012-04-14 12:11:44 (40.9 MB/s) - `code/../crawls/wordpress.com/WordPress-com-Terms-Of-Service/raw/s2.wp.com/wp-content/themes/h4/i/delicious.png' saved [2841/2841]

--2012-04-14 12:11:44--  http://s2.wp.com/wp-content/themes/h4/i/wink.png
Reusing existing connection to s.stats.wordpress.com:80.
HTTP request sent, awaiting response... 200 OK
Length: 3317 (3.2K) [image/png]
Saving to: `code/../crawls/wordpress.com/WordPress-com-Terms-Of-Service/raw/s2.wp.com/wp-content/themes/h4/i/wink.png'

     0K ...                                                   100% 43.5M=0s

2012-04-14 12:11:44 (43.5 MB/s) - `code/../crawls/wordpress.com/WordPress-com-Terms-Of-Service/raw/s2.wp.com/wp-content/themes/h4/i/wink.png' saved [3317/3317]

--2012-04-14 12:11:44--  http://s2.wp.com/wp-content/themes/h4/i/icerocket.png
Reusing existing connection to s.stats.wordpress.com:80.
HTTP request sent, awaiting response... 200 OK
Length: 2950 (2.9K) [image/png]
Saving to: `code/../crawls/wordpress.com/WordPress-com-Terms-Of-Service/raw/s2.wp.com/wp-content/themes/h4/i/icerocket.png'

     0K ..                                                    100% 39.5M=0s

2012-04-14 12:11:44 (39.5 MB/s) - `code/../crawls/wordpress.com/WordPress-com-Terms-Of-Service/raw/s2.wp.com/wp-content/themes/h4/i/icerocket.png' saved [2950/2950]

--2012-04-14 12:11:44--  http://s2.wp.com/i/sprite.png?6
Reusing existing connection to s.stats.wordpress.com:80.
HTTP request sent, awaiting response... 200 OK
Length: 12198 (12K) [image/png]
Saving to: `code/../crawls/wordpress.com/WordPress-com-Terms-Of-Service/raw/s2.wp.com/i/sprite.png?6'

     0K .......... .                                          100% 14.4M=0.001s

2012-04-14 12:11:44 (14.4 MB/s) - `code/../crawls/wordpress.com/WordPress-com-Terms-Of-Service/raw/s2.wp.com/i/sprite.png?6' saved [12198/12198]

--2012-04-14 12:11:44--  http://s2.wp.com/wp-content/mu-plugins/admin-bar/wpcom-admin-bar-icons.png
Reusing existing connection to s.stats.wordpress.com:80.
HTTP request sent, awaiting response... 200 OK
Length: 4689 (4.6K) [image/png]
Saving to: `code/../crawls/wordpress.com/WordPress-com-Terms-Of-Service/raw/s2.wp.com/wp-content/mu-plugins/admin-bar/wpcom-admin-bar-icons.png'

     0K ....                                                  100% 34.0M=0s

2012-04-14 12:11:44 (34.0 MB/s) - `code/../crawls/wordpress.com/WordPress-com-Terms-Of-Service/raw/s2.wp.com/wp-content/mu-plugins/admin-bar/wpcom-admin-bar-icons.png' saved [4689/4689]

--2012-04-14 12:11:44--  http://s2.wp.com/wp-content/themes/h4/i/border.png
Reusing existing connection to s.stats.wordpress.com:80.
HTTP request sent, awaiting response... 200 OK
Length: 110 [image/png]
Saving to: `code/../crawls/wordpress.com/WordPress-com-Terms-Of-Service/raw/s2.wp.com/wp-content/themes/h4/i/border.png'

     0K                                                       100% 20.6M=0s

2012-04-14 12:11:44 (20.6 MB/s) - `code/../crawls/wordpress.com/WordPress-com-Terms-Of-Service/raw/s2.wp.com/wp-content/themes/h4/i/border.png' saved [110/110]

--2012-04-14 12:11:44--  http://s2.wp.com/wp-content/themes/h4/i/automattic.png
Reusing existing connection to s.stats.wordpress.com:80.
HTTP request sent, awaiting response... 200 OK
Length: 1239 (1.2K) [image/png]
Saving to: `code/../crawls/wordpress.com/WordPress-com-Terms-Of-Service/raw/s2.wp.com/wp-content/themes/h4/i/automattic.png'

     0K .                                                     100%  191M=0s

2012-04-14 12:11:44 (191 MB/s) - `code/../crawls/wordpress.com/WordPress-com-Terms-Of-Service/raw/s2.wp.com/wp-content/themes/h4/i/automattic.png' saved [1239/1239]

--2012-04-14 12:11:44--  http://s2.wp.com/wp-content/themes/h4/i/automattic-2x.png
Reusing existing connection to s.stats.wordpress.com:80.
HTTP request sent, awaiting response... 200 OK
Length: 3246 (3.2K) [image/png]
Saving to: `code/../crawls/wordpress.com/WordPress-com-Terms-Of-Service/raw/s2.wp.com/wp-content/themes/h4/i/automattic-2x.png'

     0K ...                                                   100% 35.0M=0s

2012-04-14 12:11:44 (35.0 MB/s) - `code/../crawls/wordpress.com/WordPress-com-Terms-Of-Service/raw/s2.wp.com/wp-content/themes/h4/i/automattic-2x.png' saved [3246/3246]

--2012-04-14 12:11:44--  http://s2.wp.com/wp-content/themes/h4/i/rssicon.png
Reusing existing connection to s.stats.wordpress.com:80.
HTTP request sent, awaiting response... 200 OK
Length: 475 [image/png]
Saving to: `code/../crawls/wordpress.com/WordPress-com-Terms-Of-Service/raw/s2.wp.com/wp-content/themes/h4/i/rssicon.png'

     0K                                                       100% 89.7M=0s

2012-04-14 12:11:44 (89.7 MB/s) - `code/../crawls/wordpress.com/WordPress-com-Terms-Of-Service/raw/s2.wp.com/wp-content/themes/h4/i/rssicon.png' saved [475/475]

--2012-04-14 12:11:44--  http://s2.wp.com/wp-content/themes/h4/i/arrow-left.png
Reusing existing connection to s.stats.wordpress.com:80.
HTTP request sent, awaiting response... 200 OK
Length: 791 [image/png]
Saving to: `code/../crawls/wordpress.com/WordPress-com-Terms-Of-Service/raw/s2.wp.com/wp-content/themes/h4/i/arrow-left.png'

     0K                                                       100%  143M=0s

2012-04-14 12:11:44 (143 MB/s) - `code/../crawls/wordpress.com/WordPress-com-Terms-Of-Service/raw/s2.wp.com/wp-content/themes/h4/i/arrow-left.png' saved [791/791]

--2012-04-14 12:11:44--  http://s2.wp.com/wp-content/themes/h4/i/arrow-right.png
Reusing existing connection to s.stats.wordpress.com:80.
HTTP request sent, awaiting response... 200 OK
Length: 567 [image/png]
Saving to: `code/../crawls/wordpress.com/WordPress-com-Terms-Of-Service/raw/s2.wp.com/wp-content/themes/h4/i/arrow-right.png'

     0K                                                       100%  103M=0s

2012-04-14 12:11:44 (103 MB/s) - `code/../crawls/wordpress.com/WordPress-com-Terms-Of-Service/raw/s2.wp.com/wp-content/themes/h4/i/arrow-right.png' saved [567/567]

--2012-04-14 12:11:44--  http://s2.wp.com/wp-content/themes/h4/i/signup/stats.png
Reusing existing connection to s.stats.wordpress.com:80.
HTTP request sent, awaiting response... 200 OK
Length: 1736 (1.7K) [image/png]
Saving to: `code/../crawls/wordpress.com/WordPress-com-Terms-Of-Service/raw/s2.wp.com/wp-content/themes/h4/i/signup/stats.png'

     0K .                                                     100%  248M=0s

2012-04-14 12:11:44 (248 MB/s) - `code/../crawls/wordpress.com/WordPress-com-Terms-Of-Service/raw/s2.wp.com/wp-content/themes/h4/i/signup/stats.png' saved [1736/1736]

--2012-04-14 12:11:44--  http://s2.wp.com/wp-content/themes/h4/i/tags.png
Reusing existing connection to s.stats.wordpress.com:80.
HTTP request sent, awaiting response... 200 OK
Length: 4270 (4.2K) [image/png]
Saving to: `code/../crawls/wordpress.com/WordPress-com-Terms-Of-Service/raw/s2.wp.com/wp-content/themes/h4/i/tags.png'

     0K ....                                                  100% 21.9M=0s

2012-04-14 12:11:44 (21.9 MB/s) - `code/../crawls/wordpress.com/WordPress-com-Terms-Of-Service/raw/s2.wp.com/wp-content/themes/h4/i/tags.png' saved [4270/4270]

--2012-04-14 12:11:44--  http://s2.wp.com/wp-content/themes/h4/i/dark.png?2
Reusing existing connection to s.stats.wordpress.com:80.
HTTP request sent, awaiting response... 200 OK
Length: 109 [image/png]
Saving to: `code/../crawls/wordpress.com/WordPress-com-Terms-Of-Service/raw/s2.wp.com/wp-content/themes/h4/i/dark.png?2'

     0K                                                       100% 19.8M=0s

2012-04-14 12:11:44 (19.8 MB/s) - `code/../crawls/wordpress.com/WordPress-com-Terms-Of-Service/raw/s2.wp.com/wp-content/themes/h4/i/dark.png?2' saved [109/109]

--2012-04-14 12:11:44--  http://s0.wp.com/wp-content/themes/vip/wpsupport2/i/browse-middle-bg.png
Reusing existing connection to s.stats.wordpress.com:80.
HTTP request sent, awaiting response... 200 OK
Length: 234 [image/png]
Saving to: `code/../crawls/wordpress.com/WordPress-com-Terms-Of-Service/raw/s0.wp.com/wp-content/themes/vip/wpsupport2/i/browse-middle-bg.png'

     0K                                                       100% 41.7M=0s

2012-04-14 12:11:44 (41.7 MB/s) - `code/../crawls/wordpress.com/WordPress-com-Terms-Of-Service/raw/s0.wp.com/wp-content/themes/vip/wpsupport2/i/browse-middle-bg.png' saved [234/234]

--2012-04-14 12:11:44--  http://s2.wp.com/wp-content/themes/h4/i/ipv6.png
Reusing existing connection to s.stats.wordpress.com:80.
HTTP request sent, awaiting response... 200 OK
Length: 4603 (4.5K) [image/png]
Saving to: `code/../crawls/wordpress.com/WordPress-com-Terms-Of-Service/raw/s2.wp.com/wp-content/themes/h4/i/ipv6.png'

     0K ....                                                  100% 23.0M=0s

2012-04-14 12:11:44 (23.0 MB/s) - `code/../crawls/wordpress.com/WordPress-com-Terms-Of-Service/raw/s2.wp.com/wp-content/themes/h4/i/ipv6.png' saved [4603/4603]

--2012-04-14 12:11:44--  http://s2.wp.com/wp-admin/images/wp-logo-vs.png
Reusing existing connection to s.stats.wordpress.com:80.
HTTP request sent, awaiting response... 200 OK
Length: 958 [image/png]
Saving to: `code/../crawls/wordpress.com/WordPress-com-Terms-Of-Service/raw/s2.wp.com/wp-admin/images/wp-logo-vs.png'

     0K                                                       100%  158M=0s

2012-04-14 12:11:44 (158 MB/s) - `code/../crawls/wordpress.com/WordPress-com-Terms-Of-Service/raw/s2.wp.com/wp-admin/images/wp-logo-vs.png' saved [958/958]

--2012-04-14 12:11:44--  http://s2.wp.com/wp-content/themes/h4/i/logo-tn-hoz.png
Reusing existing connection to s.stats.wordpress.com:80.
HTTP request sent, awaiting response... 200 OK
Length: 3331 (3.3K) [image/png]
Saving to: `code/../crawls/wordpress.com/WordPress-com-Terms-Of-Service/raw/s2.wp.com/wp-content/themes/h4/i/logo-tn-hoz.png'

     0K ...                                                   100% 44.4M=0s

2012-04-14 12:11:44 (44.4 MB/s) - `code/../crawls/wordpress.com/WordPress-com-Terms-Of-Service/raw/s2.wp.com/wp-content/themes/h4/i/logo-tn-hoz.png' saved [3331/3331]

--2012-04-14 12:11:44--  http://s2.wp.com/wp-content/themes/h4/i/logo-tn-stacked.png
Reusing existing connection to s.stats.wordpress.com:80.
HTTP request sent, awaiting response... 200 OK
Length: 1862 (1.8K) [image/png]
Saving to: `code/../crawls/wordpress.com/WordPress-com-Terms-Of-Service/raw/s2.wp.com/wp-content/themes/h4/i/logo-tn-stacked.png'

     0K .                                                     100%  270M=0s

2012-04-14 12:11:44 (270 MB/s) - `code/../crawls/wordpress.com/WordPress-com-Terms-Of-Service/raw/s2.wp.com/wp-content/themes/h4/i/logo-tn-stacked.png' saved [1862/1862]

--2012-04-14 12:11:44--  http://s2.wp.com/wp-content/themes/h4/i/subsprite.png
Reusing existing connection to s.stats.wordpress.com:80.
HTTP request sent, awaiting response... 200 OK
Length: 1217 (1.2K) [image/png]
Saving to: `code/../crawls/wordpress.com/WordPress-com-Terms-Of-Service/raw/s2.wp.com/wp-content/themes/h4/i/subsprite.png'

     0K .                                                     100%  190M=0s

2012-04-14 12:11:44 (190 MB/s) - `code/../crawls/wordpress.com/WordPress-com-Terms-Of-Service/raw/s2.wp.com/wp-content/themes/h4/i/subsprite.png' saved [1217/1217]

--2012-04-14 12:11:44--  http://s1.wp.com/wp-content/mu-plugins/post-flair/sharing/images/icon-facebook.png
Reusing existing connection to s.stats.wordpress.com:80.
HTTP request sent, awaiting response... 200 OK
Length: 887 [image/png]
Saving to: `code/../crawls/wordpress.com/WordPress-com-Terms-Of-Service/raw/s1.wp.com/wp-content/mu-plugins/post-flair/sharing/images/icon-facebook.png'

     0K                                                       100%  150M=0s

2012-04-14 12:11:44 (150 MB/s) - `code/../crawls/wordpress.com/WordPress-com-Terms-Of-Service/raw/s1.wp.com/wp-content/mu-plugins/post-flair/sharing/images/icon-facebook.png' saved [887/887]

--2012-04-14 12:11:44--  http://s1.wp.com/wp-content/mu-plugins/post-flair/sharing/images/icon-tumblr.png
Reusing existing connection to s.stats.wordpress.com:80.
HTTP request sent, awaiting response... 200 OK
Length: 1941 (1.9K) [image/png]
Saving to: `code/../crawls/wordpress.com/WordPress-com-Terms-Of-Service/raw/s1.wp.com/wp-content/mu-plugins/post-flair/sharing/images/icon-tumblr.png'

     0K .                                                     100%  278M=0s

2012-04-14 12:11:44 (278 MB/s) - `code/../crawls/wordpress.com/WordPress-com-Terms-Of-Service/raw/s1.wp.com/wp-content/mu-plugins/post-flair/sharing/images/icon-tumblr.png' saved [1941/1941]

--2012-04-14 12:11:44--  http://s1.wp.com/wp-content/mu-plugins/post-flair/sharing/images/icon-twitter.png
Reusing existing connection to s.stats.wordpress.com:80.
HTTP request sent, awaiting response... 200 OK
Length: 650 [image/png]
Saving to: `code/../crawls/wordpress.com/WordPress-com-Terms-Of-Service/raw/s1.wp.com/wp-content/mu-plugins/post-flair/sharing/images/icon-twitter.png'

     0K                                                       100%  118M=0s

2012-04-14 12:11:44 (118 MB/s) - `code/../crawls/wordpress.com/WordPress-com-Terms-Of-Service/raw/s1.wp.com/wp-content/mu-plugins/post-flair/sharing/images/icon-twitter.png' saved [650/650]

--2012-04-14 12:11:44--  http://s1.wp.com/wp-content/mu-plugins/post-flair/sharing/images/icon-linkedin.png
Reusing existing connection to s.stats.wordpress.com:80.
HTTP request sent, awaiting response... 200 OK
Length: 446 [image/png]
Saving to: `code/../crawls/wordpress.com/WordPress-com-Terms-Of-Service/raw/s1.wp.com/wp-content/mu-plugins/post-flair/sharing/images/icon-linkedin.png'

     0K                                                       100% 74.6M=0s

2012-04-14 12:11:44 (74.6 MB/s) - `code/../crawls/wordpress.com/WordPress-com-Terms-Of-Service/raw/s1.wp.com/wp-content/mu-plugins/post-flair/sharing/images/icon-linkedin.png' saved [446/446]

--2012-04-14 12:11:44--  http://s1.wp.com/wp-content/mu-plugins/post-flair/sharing/images/icon-wordpress.png
Reusing existing connection to s.stats.wordpress.com:80.
HTTP request sent, awaiting response... 200 OK
Length: 882 [image/png]
Saving to: `code/../crawls/wordpress.com/WordPress-com-Terms-Of-Service/raw/s1.wp.com/wp-content/mu-plugins/post-flair/sharing/images/icon-wordpress.png'

     0K                                                       100%  157M=0s

2012-04-14 12:11:44 (157 MB/s) - `code/../crawls/wordpress.com/WordPress-com-Terms-Of-Service/raw/s1.wp.com/wp-content/mu-plugins/post-flair/sharing/images/icon-wordpress.png' saved [882/882]

--2012-04-14 12:11:44--  http://s1.wp.com/wp-content/mu-plugins/post-flair/sharing/images/icon-digg.png
Reusing existing connection to s.stats.wordpress.com:80.
HTTP request sent, awaiting response... 200 OK
Length: 1449 (1.4K) [image/png]
Saving to: `code/../crawls/wordpress.com/WordPress-com-Terms-Of-Service/raw/s1.wp.com/wp-content/mu-plugins/post-flair/sharing/images/icon-digg.png'

     0K .                                                     100%  212M=0s

2012-04-14 12:11:44 (212 MB/s) - `code/../crawls/wordpress.com/WordPress-com-Terms-Of-Service/raw/s1.wp.com/wp-content/mu-plugins/post-flair/sharing/images/icon-digg.png' saved [1449/1449]

--2012-04-14 12:11:44--  http://s1.wp.com/wp-content/mu-plugins/post-flair/sharing/images/icon-stumbleupon.png
Reusing existing connection to s.stats.wordpress.com:80.
HTTP request sent, awaiting response... 200 OK
Length: 818 [image/png]
Saving to: `code/../crawls/wordpress.com/WordPress-com-Terms-Of-Service/raw/s1.wp.com/wp-content/mu-plugins/post-flair/sharing/images/icon-stumbleupon.png'

     0K                                                       100%  152M=0s

2012-04-14 12:11:44 (152 MB/s) - `code/../crawls/wordpress.com/WordPress-com-Terms-Of-Service/raw/s1.wp.com/wp-content/mu-plugins/post-flair/sharing/images/icon-stumbleupon.png' saved [818/818]

--2012-04-14 12:11:44--  http://s1.wp.com/wp-content/mu-plugins/post-flair/sharing/images/icon-reddit.png
Reusing existing connection to s.stats.wordpress.com:80.
HTTP request sent, awaiting response... 200 OK
Length: 918 [image/png]
Saving to: `code/../crawls/wordpress.com/WordPress-com-Terms-Of-Service/raw/s1.wp.com/wp-content/mu-plugins/post-flair/sharing/images/icon-reddit.png'

     0K                                                       100%  164M=0s

2012-04-14 12:11:44 (164 MB/s) - `code/../crawls/wordpress.com/WordPress-com-Terms-Of-Service/raw/s1.wp.com/wp-content/mu-plugins/post-flair/sharing/images/icon-reddit.png' saved [918/918]

--2012-04-14 12:11:44--  http://s1.wp.com/wp-content/mu-plugins/post-flair/sharing/images/pinterest.png
Reusing existing connection to s.stats.wordpress.com:80.
HTTP request sent, awaiting response... 200 OK
Length: 6409 (6.3K) [image/png]
Saving to: `code/../crawls/wordpress.com/WordPress-com-Terms-Of-Service/raw/s1.wp.com/wp-content/mu-plugins/post-flair/sharing/images/pinterest.png'

     0K ......                                                100% 19.3M=0s

2012-04-14 12:11:44 (19.3 MB/s) - `code/../crawls/wordpress.com/WordPress-com-Terms-Of-Service/raw/s1.wp.com/wp-content/mu-plugins/post-flair/sharing/images/pinterest.png' saved [6409/6409]

--2012-04-14 12:11:44--  http://s1.wp.com/wp-content/mu-plugins/post-flair/sharing/images/icon-email.png
Reusing existing connection to s.stats.wordpress.com:80.
HTTP request sent, awaiting response... 200 OK
Length: 457 [image/png]
Saving to: `code/../crawls/wordpress.com/WordPress-com-Terms-Of-Service/raw/s1.wp.com/wp-content/mu-plugins/post-flair/sharing/images/icon-email.png'

     0K                                                       100% 85.8M=0s

2012-04-14 12:11:44 (85.8 MB/s) - `code/../crawls/wordpress.com/WordPress-com-Terms-Of-Service/raw/s1.wp.com/wp-content/mu-plugins/post-flair/sharing/images/icon-email.png' saved [457/457]

--2012-04-14 12:11:44--  http://s1.wp.com/wp-content/mu-plugins/post-flair/sharing/images/icon-print.png
Reusing existing connection to s.stats.wordpress.com:80.
HTTP request sent, awaiting response... 200 OK
Length: 422 [image/png]
Saving to: `code/../crawls/wordpress.com/WordPress-com-Terms-Of-Service/raw/s1.wp.com/wp-content/mu-plugins/post-flair/sharing/images/icon-print.png'

     0K                                                       100% 77.6M=0s

2012-04-14 12:11:44 (77.6 MB/s) - `code/../crawls/wordpress.com/WordPress-com-Terms-Of-Service/raw/s1.wp.com/wp-content/mu-plugins/post-flair/sharing/images/icon-print.png' saved [422/422]

--2012-04-14 12:11:44--  http://s1.wp.com/wp-content/mu-plugins/post-flair/sharing/images/icon-more.png
Reusing existing connection to s.stats.wordpress.com:80.
HTTP request sent, awaiting response... 200 OK
Length: 395 [image/png]
Saving to: `code/../crawls/wordpress.com/WordPress-com-Terms-Of-Service/raw/s1.wp.com/wp-content/mu-plugins/post-flair/sharing/images/icon-more.png'

     0K                                                       100% 70.9M=0s

2012-04-14 12:11:44 (70.9 MB/s) - `code/../crawls/wordpress.com/WordPress-com-Terms-Of-Service/raw/s1.wp.com/wp-content/mu-plugins/post-flair/sharing/images/icon-more.png' saved [395/395]

--2012-04-14 12:11:44--  http://s1.wp.com/wp-content/mu-plugins/post-flair/like/images/icon-like-sprite.png
Reusing existing connection to s.stats.wordpress.com:80.
HTTP request sent, awaiting response... 200 OK
Length: 49007 (48K) [image/png]
Saving to: `code/../crawls/wordpress.com/WordPress-com-Terms-Of-Service/raw/s1.wp.com/wp-content/mu-plugins/post-flair/like/images/icon-like-sprite.png'

     0K .......... .......... .......... .......... .......   100% 9.78M=0.005s

2012-04-14 12:11:44 (9.78 MB/s) - `code/../crawls/wordpress.com/WordPress-com-Terms-Of-Service/raw/s1.wp.com/wp-content/mu-plugins/post-flair/like/images/icon-like-sprite.png' saved [49007/49007]

--2012-04-14 12:11:44--  http://s0.wp.com/wp-content/mu-plugins/post-flair/sharing/images/icon-wordpress.png
Reusing existing connection to s.stats.wordpress.com:80.
HTTP request sent, awaiting response... 200 OK
Length: 882 [image/png]
Saving to: `code/../crawls/wordpress.com/WordPress-com-Terms-Of-Service/raw/s0.wp.com/wp-content/mu-plugins/post-flair/sharing/images/icon-wordpress.png'

     0K                                                       100%  150M=0s

2012-04-14 12:11:44 (150 MB/s) - `code/../crawls/wordpress.com/WordPress-com-Terms-Of-Service/raw/s0.wp.com/wp-content/mu-plugins/post-flair/sharing/images/icon-wordpress.png' saved [882/882]

--2012-04-14 12:11:44--  http://s0.wp.com/wp-content/mu-plugins/post-flair/sharing/images/icon-twitter.png
Reusing existing connection to s.stats.wordpress.com:80.
HTTP request sent, awaiting response... 200 OK
Length: 650 [image/png]
Saving to: `code/../crawls/wordpress.com/WordPress-com-Terms-Of-Service/raw/s0.wp.com/wp-content/mu-plugins/post-flair/sharing/images/icon-twitter.png'

     0K                                                       100%  123M=0s

2012-04-14 12:11:44 (123 MB/s) - `code/../crawls/wordpress.com/WordPress-com-Terms-Of-Service/raw/s0.wp.com/wp-content/mu-plugins/post-flair/sharing/images/icon-twitter.png' saved [650/650]

--2012-04-14 12:11:44--  http://s0.wp.com/wp-content/mu-plugins/post-flair/sharing/images/icon-facebook.png
Reusing existing connection to s.stats.wordpress.com:80.
HTTP request sent, awaiting response... 200 OK
Length: 887 [image/png]
Saving to: `code/../crawls/wordpress.com/WordPress-com-Terms-Of-Service/raw/s0.wp.com/wp-content/mu-plugins/post-flair/sharing/images/icon-facebook.png'

     0K                                                       100%  161M=0s

2012-04-14 12:11:44 (161 MB/s) - `code/../crawls/wordpress.com/WordPress-com-Terms-Of-Service/raw/s0.wp.com/wp-content/mu-plugins/post-flair/sharing/images/icon-facebook.png' saved [887/887]

--2012-04-14 12:11:44--  http://s0.wp.com/wp-content/mu-plugins/highlander-comments/images/postto-buttons.png
Reusing existing connection to s.stats.wordpress.com:80.
HTTP request sent, awaiting response... 200 OK
Length: 2921 (2.9K) [image/png]
Saving to: `code/../crawls/wordpress.com/WordPress-com-Terms-Of-Service/raw/s0.wp.com/wp-content/mu-plugins/highlander-comments/images/postto-buttons.png'

     0K ..                                                    100%  241M=0s

2012-04-14 12:11:44 (241 MB/s) - `code/../crawls/wordpress.com/WordPress-com-Terms-Of-Service/raw/s0.wp.com/wp-content/mu-plugins/highlander-comments/images/postto-buttons.png' saved [2921/2921]

--2012-04-14 12:11:44--  http://s0.wp.com/wp-content/mu-plugins/highlander-comments/images/button-back.gif
Reusing existing connection to s.stats.wordpress.com:80.
HTTP request sent, awaiting response... 200 OK
Length: 1232 (1.2K) [image/gif]
Saving to: `code/../crawls/wordpress.com/WordPress-com-Terms-Of-Service/raw/s0.wp.com/wp-content/mu-plugins/highlander-comments/images/button-back.gif'

     0K .                                                     100%  187M=0s

2012-04-14 12:11:44 (187 MB/s) - `code/../crawls/wordpress.com/WordPress-com-Terms-Of-Service/raw/s0.wp.com/wp-content/mu-plugins/highlander-comments/images/button-back.gif' saved [1232/1232]

--2012-04-14 12:11:44--  http://s0.wp.com/wp-content/mu-plugins/highlander-comments/images/button-back-over.gif
Reusing existing connection to s.stats.wordpress.com:80.
HTTP request sent, awaiting response... 200 OK
Length: 1232 (1.2K) [image/gif]
Saving to: `code/../crawls/wordpress.com/WordPress-com-Terms-Of-Service/raw/s0.wp.com/wp-content/mu-plugins/highlander-comments/images/button-back-over.gif'

     0K .                                                     100%  195M=0s

2012-04-14 12:11:44 (195 MB/s) - `code/../crawls/wordpress.com/WordPress-com-Terms-Of-Service/raw/s0.wp.com/wp-content/mu-plugins/highlander-comments/images/button-back-over.gif' saved [1232/1232]

--2012-04-14 12:11:44--  http://s0.wp.com/wp-content/mu-plugins/highlander-comments/images/loader.gif
Reusing existing connection to s.stats.wordpress.com:80.
HTTP request sent, awaiting response... 200 OK
Length: 10819 (11K) [image/gif]
Saving to: `code/../crawls/wordpress.com/WordPress-com-Terms-Of-Service/raw/s0.wp.com/wp-content/mu-plugins/highlander-comments/images/loader.gif'

     0K ..........                                            100% 15.1M=0.001s

2012-04-14 12:11:44 (15.1 MB/s) - `code/../crawls/wordpress.com/WordPress-com-Terms-Of-Service/raw/s0.wp.com/wp-content/mu-plugins/highlander-comments/images/loader.gif' saved [10819/10819]

FINISHED --2012-04-14 12:11:44--
Total wall clock time: 1.0s
Downloaded: 70 files, 532K in 0.1s (3.55 MB/s)
Converting code/../crawls/wordpress.com/WordPress-com-Terms-Of-Service/raw/en.wordpress.com/tos/index.html... 22-0
Converting code/../crawls/wordpress.com/WordPress-com-Terms-Of-Service/raw/s0.wp.com/wp-content/themes/h4/global.css?m=1352408494g.css... nothing to do.
Converting code/../crawls/wordpress.com/WordPress-com-Terms-Of-Service/raw/s2.wp.com/wp-content/themes/h4/style.css?m=1334347852g&5.css... 40-0
Converting code/../crawls/wordpress.com/WordPress-com-Terms-Of-Service/raw/s1.wp.com/wp-content/mu-plugins/post-flair/style.css?m=1334096132g&ver=3.css... 13-0
Converting code/../crawls/wordpress.com/WordPress-com-Terms-Of-Service/raw/s0.wp.com/wp-content/mu-plugins/highlander-comments/style.css?m=1334188075g&ver=20110620.css... 11-0
Converted 5 files in 0.006 seconds.
