--2011-12-01 14:40:36--  http://mail.google.com/mail/help/intl/en/program_policies.html
Resolving mail.google.com (mail.google.com)... 74.125.39.18, 74.125.39.19, 74.125.39.83, ...
Connecting to mail.google.com (mail.google.com)|74.125.39.18|:80... connected.
HTTP request sent, awaiting response... 200 OK
Length: unspecified [text/html]
Saving to: `code/../crawls/mail.google.com/GMail-Program-Policies/raw/mail.google.com/mail/help/intl/en/program_policies.html'

     0K .....                                                  3.07M=0.002s

2011-12-01 14:40:36 (3.07 MB/s) - `code/../crawls/mail.google.com/GMail-Program-Policies/raw/mail.google.com/mail/help/intl/en/program_policies.html' saved [6063]

--2011-12-01 14:40:36--  http://www.google.com/css/go-inlay.css
Resolving www.google.com (www.google.com)... 74.125.39.103, 74.125.39.104, 74.125.39.105, ...
Connecting to www.google.com (www.google.com)|74.125.39.103|:80... connected.
HTTP request sent, awaiting response... 200 OK
Length: unspecified [text/css]
Saving to: `code/../crawls/mail.google.com/GMail-Program-Policies/raw/www.google.com/css/go-inlay.css'

     0K .......... .......... .......... .......... ..........  134K
    50K ..                                                     6.16M=0.4s

2011-12-01 14:40:37 (140 KB/s) - `code/../crawls/mail.google.com/GMail-Program-Policies/raw/www.google.com/css/go-inlay.css' saved [53616]

--2011-12-01 14:40:37--  http://www.google.com/js/gweb/analytics/autotrack.js
Reusing existing connection to www.google.com:80.
HTTP request sent, awaiting response... 200 OK
Length: unspecified [text/javascript]
Saving to: `code/../crawls/mail.google.com/GMail-Program-Policies/raw/www.google.com/js/gweb/analytics/autotrack.js'

     0K ...                                                    48.1M=0s

2011-12-01 14:40:37 (48.1 MB/s) - `code/../crawls/mail.google.com/GMail-Program-Policies/raw/www.google.com/js/gweb/analytics/autotrack.js' saved [3719]

--2011-12-01 14:40:37--  http://mail.google.com/mail/help/css/about.css
Connecting to mail.google.com (mail.google.com)|74.125.39.18|:80... connected.
HTTP request sent, awaiting response... 200 OK
Length: unspecified [text/css]
Saving to: `code/../crawls/mail.google.com/GMail-Program-Policies/raw/mail.google.com/mail/help/css/about.css'

     0K                                                        26.4M=0s

2011-12-01 14:40:37 (26.4 MB/s) - `code/../crawls/mail.google.com/GMail-Program-Policies/raw/mail.google.com/mail/help/css/about.css' saved [471]

--2011-12-01 14:40:37--  http://www.google.com/intl/en/images/logos/mail_logo.png
Connecting to www.google.com (www.google.com)|74.125.39.103|:80... connected.
HTTP request sent, awaiting response... 200 OK
Length: 8083 (7.9K) [image/png]
Saving to: `code/../crawls/mail.google.com/GMail-Program-Policies/raw/www.google.com/intl/en/images/logos/mail_logo.png'

     0K .......                                               100% 1.09M=0.007s

2011-12-01 14:40:38 (1.09 MB/s) - `code/../crawls/mail.google.com/GMail-Program-Policies/raw/www.google.com/intl/en/images/logos/mail_logo.png' saved [8083/8083]

--2011-12-01 14:40:38--  http://www.google.com/images/modules/buttons/g-button-chocobo-1.gif
Reusing existing connection to www.google.com:80.
HTTP request sent, awaiting response... 200 OK
Length: 8175 (8.0K) [image/gif]
Saving to: `code/../crawls/mail.google.com/GMail-Program-Policies/raw/www.google.com/images/modules/buttons/g-button-chocobo-1.gif'

     0K .......                                               100% 3.44M=0.002s

2011-12-01 14:40:38 (3.44 MB/s) - `code/../crawls/mail.google.com/GMail-Program-Policies/raw/www.google.com/images/modules/buttons/g-button-chocobo-1.gif' saved [8175/8175]

--2011-12-01 14:40:38--  http://www.google.com/images/modules/buttons/g-button-chocobo-2.gif
Reusing existing connection to www.google.com:80.
HTTP request sent, awaiting response... 200 OK
Length: 524 [image/gif]
Saving to: `code/../crawls/mail.google.com/GMail-Program-Policies/raw/www.google.com/images/modules/buttons/g-button-chocobo-2.gif'

     0K                                                       100% 45.9M=0s

2011-12-01 14:40:38 (45.9 MB/s) - `code/../crawls/mail.google.com/GMail-Program-Policies/raw/www.google.com/images/modules/buttons/g-button-chocobo-2.gif' saved [524/524]

--2011-12-01 14:40:38--  http://www.google.com/images/modules/buttons/g-button-chocobo-basic-1.gif
Reusing existing connection to www.google.com:80.
HTTP request sent, awaiting response... 200 OK
Length: 8987 (8.8K) [image/gif]
Saving to: `code/../crawls/mail.google.com/GMail-Program-Policies/raw/www.google.com/images/modules/buttons/g-button-chocobo-basic-1.gif'

     0K ........                                              100% 2.02M=0.004s

2011-12-01 14:40:38 (2.02 MB/s) - `code/../crawls/mail.google.com/GMail-Program-Policies/raw/www.google.com/images/modules/buttons/g-button-chocobo-basic-1.gif' saved [8987/8987]

--2011-12-01 14:40:38--  http://www.google.com/images/modules/buttons/g-button-chocobo-basic-2.gif
Reusing existing connection to www.google.com:80.
HTTP request sent, awaiting response... 200 OK
Length: 313 [image/gif]
Saving to: `code/../crawls/mail.google.com/GMail-Program-Policies/raw/www.google.com/images/modules/buttons/g-button-chocobo-basic-2.gif'

     0K                                                       100% 28.1M=0s

2011-12-01 14:40:38 (28.1 MB/s) - `code/../crawls/mail.google.com/GMail-Program-Policies/raw/www.google.com/images/modules/buttons/g-button-chocobo-basic-2.gif' saved [313/313]

FINISHED --2011-12-01 14:40:38--
Total wall clock time: 2.8s
Downloaded: 9 files, 88K in 0.4s (226 KB/s)
Converting code/../crawls/mail.google.com/GMail-Program-Policies/raw/mail.google.com/mail/help/intl/en/program_policies.html... 4-5
Converting code/../crawls/mail.google.com/GMail-Program-Policies/raw/www.google.com/css/go-inlay.css... 8-0
Converting code/../crawls/mail.google.com/GMail-Program-Policies/raw/mail.google.com/mail/help/css/about.css... nothing to do.
Converted 3 files in 0.004 seconds.
