--2012-04-14 12:19:10--  http://www.amazon.com/gp/help/customer/display.html/ref=hp_551434_privacy?nodeId=468496
Resolving www.amazon.com... 72.21.194.1
Connecting to www.amazon.com|72.21.194.1|:80... connected.
HTTP request sent, awaiting response... 200 OK
Length: unspecified [text/html]
Saving to: `code/../crawls/www.amazon.com/Privacy-Notice/raw/www.amazon.com/gp/help/customer/display.html/ref=hp_551434_privacy?nodeId=468496.html'

     0K .......... .......... .......... .......... ..........  584K
    50K .......... .......... .......... .......... ..........  606K
   100K .......... .......... ....                              315K=0.2s

2012-04-14 12:19:11 (507 KB/s) - `code/../crawls/www.amazon.com/Privacy-Notice/raw/www.amazon.com/gp/help/customer/display.html/ref=hp_551434_privacy?nodeId=468496.html' saved [127254]

--2012-04-14 12:19:11--  http://z-ecx.images-amazon.com/images/G/01/browser-scripts/fruitCSS/US-combined-1609547452._V137048499_.css
Resolving z-ecx.images-amazon.com... 206.160.170.10, 206.160.170.51
Connecting to z-ecx.images-amazon.com|206.160.170.10|:80... connected.
HTTP request sent, awaiting response... 200 OK
Length: 12638 (12K) [text/css]
Saving to: `code/../crawls/www.amazon.com/Privacy-Notice/raw/z-ecx.images-amazon.com/images/G/01/browser-scripts/fruitCSS/US-combined-1609547452._V137048499_.css'

     0K .......... ..                                         100% 5.01M=0.002s

2012-04-14 12:19:11 (5.01 MB/s) - `code/../crawls/www.amazon.com/Privacy-Notice/raw/z-ecx.images-amazon.com/images/G/01/browser-scripts/fruitCSS/US-combined-1609547452._V137048499_.css' saved [12638/12638]

--2012-04-14 12:19:11--  http://z-ecx.images-amazon.com/images/G/01/x-locale/cs/css/css-buttons05._V135865675_.css
Reusing existing connection to z-ecx.images-amazon.com:80.
HTTP request sent, awaiting response... 200 OK
Length: 19067 (19K) [text/css]
Saving to: `code/../crawls/www.amazon.com/Privacy-Notice/raw/z-ecx.images-amazon.com/images/G/01/x-locale/cs/css/css-buttons05._V135865675_.css'

     0K .......... ........                                   100% 5.72M=0.003s

2012-04-14 12:19:11 (5.72 MB/s) - `code/../crawls/www.amazon.com/Privacy-Notice/raw/z-ecx.images-amazon.com/images/G/01/x-locale/cs/css/css-buttons05._V135865675_.css' saved [19067/19067]

--2012-04-14 12:19:11--  http://z-ecx.images-amazon.com/images/G/01/x-locale/cs/help/css/help_3.0.8._V134404293_.css
Reusing existing connection to z-ecx.images-amazon.com:80.
HTTP request sent, awaiting response... 200 OK
Length: 19258 (19K) [text/css]
Saving to: `code/../crawls/www.amazon.com/Privacy-Notice/raw/z-ecx.images-amazon.com/images/G/01/x-locale/cs/help/css/help_3.0.8._V134404293_.css'

     0K .......... ........                                   100% 7.71M=0.002s

2012-04-14 12:19:11 (7.71 MB/s) - `code/../crawls/www.amazon.com/Privacy-Notice/raw/z-ecx.images-amazon.com/images/G/01/x-locale/cs/help/css/help_3.0.8._V134404293_.css' saved [19258/19258]

--2012-04-14 12:19:11--  http://z-ecx.images-amazon.com/images/G/01/browser-scripts/us-site-wide-css-beacon/site-wide-6840752908.css
Reusing existing connection to z-ecx.images-amazon.com:80.
HTTP request sent, awaiting response... 200 OK
Length: 31849 (31K) [text/css]
Saving to: `code/../crawls/www.amazon.com/Privacy-Notice/raw/z-ecx.images-amazon.com/images/G/01/browser-scripts/us-site-wide-css-beacon/site-wide-6840752908.css'

     0K .......... .......... .......... .                    100% 9.63M=0.003s

2012-04-14 12:19:11 (9.63 MB/s) - `code/../crawls/www.amazon.com/Privacy-Notice/raw/z-ecx.images-amazon.com/images/G/01/browser-scripts/us-site-wide-css-beacon/site-wide-6840752908.css' saved [31849/31849]

--2012-04-14 12:19:11--  http://g-ecx.images-amazon.com/images/G/01/javascripts/lib/popover/images/po_left_17._V248144977_.png
Resolving g-ecx.images-amazon.com... 199.93.58.254, 8.12.204.123, 192.221.123.252
Connecting to g-ecx.images-amazon.com|199.93.58.254|:80... connected.
HTTP request sent, awaiting response... 200 OK
Length: 166 [image/png]
Saving to: `code/../crawls/www.amazon.com/Privacy-Notice/raw/g-ecx.images-amazon.com/images/G/01/javascripts/lib/popover/images/po_left_17._V248144977_.png'

     0K                                                       100% 26.5M=0s

2012-04-14 12:19:11 (26.5 MB/s) - `code/../crawls/www.amazon.com/Privacy-Notice/raw/g-ecx.images-amazon.com/images/G/01/javascripts/lib/popover/images/po_left_17._V248144977_.png' saved [166/166]

--2012-04-14 12:19:11--  http://g-ecx.images-amazon.com/images/G/01/javascripts/lib/popover/images/po_right_17._V248144979_.png
Reusing existing connection to g-ecx.images-amazon.com:80.
HTTP request sent, awaiting response... 200 OK
Length: 172 [image/png]
Saving to: `code/../crawls/www.amazon.com/Privacy-Notice/raw/g-ecx.images-amazon.com/images/G/01/javascripts/lib/popover/images/po_right_17._V248144979_.png'

     0K                                                       100% 28.9M=0s

2012-04-14 12:19:11 (28.9 MB/s) - `code/../crawls/www.amazon.com/Privacy-Notice/raw/g-ecx.images-amazon.com/images/G/01/javascripts/lib/popover/images/po_right_17._V248144979_.png' saved [172/172]

--2012-04-14 12:19:11--  http://g-ecx.images-amazon.com/images/G/01/javascripts/lib/popover/images/po_top_left._V265110087_.png
Reusing existing connection to g-ecx.images-amazon.com:80.
HTTP request sent, awaiting response... 200 OK
Length: 819 [image/png]
Saving to: `code/../crawls/www.amazon.com/Privacy-Notice/raw/g-ecx.images-amazon.com/images/G/01/javascripts/lib/popover/images/po_top_left._V265110087_.png'

     0K                                                       100%  140M=0s

2012-04-14 12:19:11 (140 MB/s) - `code/../crawls/www.amazon.com/Privacy-Notice/raw/g-ecx.images-amazon.com/images/G/01/javascripts/lib/popover/images/po_top_left._V265110087_.png' saved [819/819]

--2012-04-14 12:19:11--  http://g-ecx.images-amazon.com/images/G/01/javascripts/lib/popover/images/po_top_right._V265110087_.png
Reusing existing connection to g-ecx.images-amazon.com:80.
HTTP request sent, awaiting response... 200 OK
Length: 948 [image/png]
Saving to: `code/../crawls/www.amazon.com/Privacy-Notice/raw/g-ecx.images-amazon.com/images/G/01/javascripts/lib/popover/images/po_top_right._V265110087_.png'

     0K                                                       100%  158M=0s

2012-04-14 12:19:11 (158 MB/s) - `code/../crawls/www.amazon.com/Privacy-Notice/raw/g-ecx.images-amazon.com/images/G/01/javascripts/lib/popover/images/po_top_right._V265110087_.png' saved [948/948]

--2012-04-14 12:19:11--  http://g-ecx.images-amazon.com/images/G/01/javascripts/lib/popover/images/po_top._V265110086_.png
Reusing existing connection to g-ecx.images-amazon.com:80.
HTTP request sent, awaiting response... 200 OK
Length: 181 [image/png]
Saving to: `code/../crawls/www.amazon.com/Privacy-Notice/raw/g-ecx.images-amazon.com/images/G/01/javascripts/lib/popover/images/po_top._V265110086_.png'

     0K                                                       100% 31.8M=0s

2012-04-14 12:19:11 (31.8 MB/s) - `code/../crawls/www.amazon.com/Privacy-Notice/raw/g-ecx.images-amazon.com/images/G/01/javascripts/lib/popover/images/po_top._V265110086_.png' saved [181/181]

--2012-04-14 12:19:11--  http://g-ecx.images-amazon.com/images/G/01/javascripts/lib/popover/images/po_bottom_left._V265110084_.png
Reusing existing connection to g-ecx.images-amazon.com:80.
HTTP request sent, awaiting response... 200 OK
Length: 1154 (1.1K) [image/png]
Saving to: `code/../crawls/www.amazon.com/Privacy-Notice/raw/g-ecx.images-amazon.com/images/G/01/javascripts/lib/popover/images/po_bottom_left._V265110084_.png'

     0K .                                                     100%  197M=0s

2012-04-14 12:19:11 (197 MB/s) - `code/../crawls/www.amazon.com/Privacy-Notice/raw/g-ecx.images-amazon.com/images/G/01/javascripts/lib/popover/images/po_bottom_left._V265110084_.png' saved [1154/1154]

--2012-04-14 12:19:11--  http://g-ecx.images-amazon.com/images/G/01/javascripts/lib/popover/images/po_bottom_right._V265110087_.png
Reusing existing connection to g-ecx.images-amazon.com:80.
HTTP request sent, awaiting response... 200 OK
Length: 1142 (1.1K) [image/png]
Saving to: `code/../crawls/www.amazon.com/Privacy-Notice/raw/g-ecx.images-amazon.com/images/G/01/javascripts/lib/popover/images/po_bottom_right._V265110087_.png'

     0K .                                                     100%  187M=0s

2012-04-14 12:19:11 (187 MB/s) - `code/../crawls/www.amazon.com/Privacy-Notice/raw/g-ecx.images-amazon.com/images/G/01/javascripts/lib/popover/images/po_bottom_right._V265110087_.png' saved [1142/1142]

--2012-04-14 12:19:11--  http://g-ecx.images-amazon.com/images/G/01/javascripts/lib/popover/images/po_bottom._V265110084_.png
Reusing existing connection to g-ecx.images-amazon.com:80.
HTTP request sent, awaiting response... 200 OK
Length: 210 [image/png]
Saving to: `code/../crawls/www.amazon.com/Privacy-Notice/raw/g-ecx.images-amazon.com/images/G/01/javascripts/lib/popover/images/po_bottom._V265110084_.png'

     0K                                                       100% 37.0M=0s

2012-04-14 12:19:11 (37.0 MB/s) - `code/../crawls/www.amazon.com/Privacy-Notice/raw/g-ecx.images-amazon.com/images/G/01/javascripts/lib/popover/images/po_bottom._V265110084_.png' saved [210/210]

--2012-04-14 12:19:11--  http://g-ecx.images-amazon.com/images/G/01/javascripts/lib/popover/images/light/sprite-v._V219326283_.png
Reusing existing connection to g-ecx.images-amazon.com:80.
HTTP request sent, awaiting response... 200 OK
Length: 181 [image/png]
Saving to: `code/../crawls/www.amazon.com/Privacy-Notice/raw/g-ecx.images-amazon.com/images/G/01/javascripts/lib/popover/images/light/sprite-v._V219326283_.png'

     0K                                                       100% 29.9M=0s

2012-04-14 12:19:11 (29.9 MB/s) - `code/../crawls/www.amazon.com/Privacy-Notice/raw/g-ecx.images-amazon.com/images/G/01/javascripts/lib/popover/images/light/sprite-v._V219326283_.png' saved [181/181]

--2012-04-14 12:19:11--  http://g-ecx.images-amazon.com/images/G/01/javascripts/lib/popover/images/light/sprite-h._V219326280_.png
Reusing existing connection to g-ecx.images-amazon.com:80.
HTTP request sent, awaiting response... 200 OK
Length: 4359 (4.3K) [image/png]
Saving to: `code/../crawls/www.amazon.com/Privacy-Notice/raw/g-ecx.images-amazon.com/images/G/01/javascripts/lib/popover/images/light/sprite-h._V219326280_.png'

     0K ....                                                  100%  250K=0.02s

2012-04-14 12:19:11 (250 KB/s) - `code/../crawls/www.amazon.com/Privacy-Notice/raw/g-ecx.images-amazon.com/images/G/01/javascripts/lib/popover/images/light/sprite-h._V219326280_.png' saved [4359/4359]

--2012-04-14 12:19:11--  http://g-ecx.images-amazon.com/images/G/01/javascripts/lib/popover/images/light/sprite-arrow-v._V219326286_.png
Reusing existing connection to g-ecx.images-amazon.com:80.
HTTP request sent, awaiting response... 200 OK
Length: 2407 (2.4K) [image/png]
Saving to: `code/../crawls/www.amazon.com/Privacy-Notice/raw/g-ecx.images-amazon.com/images/G/01/javascripts/lib/popover/images/light/sprite-arrow-v._V219326286_.png'

     0K ..                                                    100% 42.6M=0s

2012-04-14 12:19:11 (42.6 MB/s) - `code/../crawls/www.amazon.com/Privacy-Notice/raw/g-ecx.images-amazon.com/images/G/01/javascripts/lib/popover/images/light/sprite-arrow-v._V219326286_.png' saved [2407/2407]

--2012-04-14 12:19:11--  http://g-ecx.images-amazon.com/images/G/01/gno/beacon/BeaconSprite-US-01._V141013396_.png
Reusing existing connection to g-ecx.images-amazon.com:80.
HTTP request sent, awaiting response... 200 OK
Length: 6148 (6.0K) [image/png]
Saving to: `code/../crawls/www.amazon.com/Privacy-Notice/raw/g-ecx.images-amazon.com/images/G/01/gno/beacon/BeaconSprite-US-01._V141013396_.png'

     0K ......                                                100%  359K=0.02s

2012-04-14 12:19:11 (359 KB/s) - `code/../crawls/www.amazon.com/Privacy-Notice/raw/g-ecx.images-amazon.com/images/G/01/gno/beacon/BeaconSprite-US-01._V141013396_.png' saved [6148/6148]

--2012-04-14 12:19:11--  http://g-ecx.images-amazon.com/images/G/01/gno/beacon/nav-pop-h._V155853593_.png
Reusing existing connection to g-ecx.images-amazon.com:80.
HTTP request sent, awaiting response... 200 OK
Length: 778 [image/png]
Saving to: `code/../crawls/www.amazon.com/Privacy-Notice/raw/g-ecx.images-amazon.com/images/G/01/gno/beacon/nav-pop-h._V155853593_.png'

     0K                                                       100%  140M=0s

2012-04-14 12:19:11 (140 MB/s) - `code/../crawls/www.amazon.com/Privacy-Notice/raw/g-ecx.images-amazon.com/images/G/01/gno/beacon/nav-pop-h._V155853593_.png' saved [778/778]

--2012-04-14 12:19:11--  http://g-ecx.images-amazon.com/images/G/01/gno/beacon/nav-pop-v._V155853593_.png
Reusing existing connection to g-ecx.images-amazon.com:80.
HTTP request sent, awaiting response... 200 OK
Length: 1151 (1.1K) [image/png]
Saving to: `code/../crawls/www.amazon.com/Privacy-Notice/raw/g-ecx.images-amazon.com/images/G/01/gno/beacon/nav-pop-v._V155853593_.png'

     0K .                                                     100%  197M=0s

2012-04-14 12:19:12 (197 MB/s) - `code/../crawls/www.amazon.com/Privacy-Notice/raw/g-ecx.images-amazon.com/images/G/01/gno/beacon/nav-pop-v._V155853593_.png' saved [1151/1151]

--2012-04-14 12:19:12--  http://g-ecx.images-amazon.com/images/G/01/gno/beacon/nav-pop-8bit-h._V155961234_.png
Reusing existing connection to g-ecx.images-amazon.com:80.
HTTP request sent, awaiting response... 200 OK
Length: 219 [image/png]
Saving to: `code/../crawls/www.amazon.com/Privacy-Notice/raw/g-ecx.images-amazon.com/images/G/01/gno/beacon/nav-pop-8bit-h._V155961234_.png'

     0K                                                       100% 40.6M=0s

2012-04-14 12:19:12 (40.6 MB/s) - `code/../crawls/www.amazon.com/Privacy-Notice/raw/g-ecx.images-amazon.com/images/G/01/gno/beacon/nav-pop-8bit-h._V155961234_.png' saved [219/219]

--2012-04-14 12:19:12--  http://g-ecx.images-amazon.com/images/G/01/gno/beacon/nav-pop-8bit-v._V155961234_.png
Reusing existing connection to g-ecx.images-amazon.com:80.
HTTP request sent, awaiting response... 200 OK
Length: 302 [image/png]
Saving to: `code/../crawls/www.amazon.com/Privacy-Notice/raw/g-ecx.images-amazon.com/images/G/01/gno/beacon/nav-pop-8bit-v._V155961234_.png'

     0K                                                       100% 54.3M=0s

2012-04-14 12:19:12 (54.3 MB/s) - `code/../crawls/www.amazon.com/Privacy-Notice/raw/g-ecx.images-amazon.com/images/G/01/gno/beacon/nav-pop-8bit-v._V155961234_.png' saved [302/302]

--2012-04-14 12:19:12--  http://g-ecx.images-amazon.com/images/G/01/javascripts/lib/popover/images/snake._V192571611_.gif
Reusing existing connection to g-ecx.images-amazon.com:80.
HTTP request sent, awaiting response... 200 OK
Length: 1698 (1.7K) [image/gif]
Saving to: `code/../crawls/www.amazon.com/Privacy-Notice/raw/g-ecx.images-amazon.com/images/G/01/javascripts/lib/popover/images/snake._V192571611_.gif'

     0K .                                                     100%  267M=0s

2012-04-14 12:19:12 (267 MB/s) - `code/../crawls/www.amazon.com/Privacy-Notice/raw/g-ecx.images-amazon.com/images/G/01/javascripts/lib/popover/images/snake._V192571611_.gif' saved [1698/1698]

--2012-04-14 12:19:12--  http://g-ecx.images-amazon.com/images/G/01/x-locale/common/transparent-pixel._V192234675_.gif
Reusing existing connection to g-ecx.images-amazon.com:80.
HTTP request sent, awaiting response... 200 OK
Length: 43 [image/gif]
Saving to: `code/../crawls/www.amazon.com/Privacy-Notice/raw/g-ecx.images-amazon.com/images/G/01/x-locale/common/transparent-pixel._V192234675_.gif'

     0K                                                       100% 7.44M=0s

2012-04-14 12:19:12 (7.44 MB/s) - `code/../crawls/www.amazon.com/Privacy-Notice/raw/g-ecx.images-amazon.com/images/G/01/x-locale/common/transparent-pixel._V192234675_.gif' saved [43/43]

--2012-04-14 12:19:12--  http://ecx.images-amazon.com/images/G/01/x-locale/common/transparent-pixel._V192234675_.gif
Resolving ecx.images-amazon.com... 205.251.215.180, 205.251.215.191, 205.251.215.196, ...
Connecting to ecx.images-amazon.com|205.251.215.180|:80... connected.
HTTP request sent, awaiting response... 200 OK
Length: 43 [image/gif]
Saving to: `code/../crawls/www.amazon.com/Privacy-Notice/raw/ecx.images-amazon.com/images/G/01/x-locale/common/transparent-pixel._V192234675_.gif'

     0K                                                       100% 7.25M=0s

2012-04-14 12:19:12 (7.25 MB/s) - `code/../crawls/www.amazon.com/Privacy-Notice/raw/ecx.images-amazon.com/images/G/01/x-locale/common/transparent-pixel._V192234675_.gif' saved [43/43]

--2012-04-14 12:19:12--  http://g-ecx.images-amazon.com/images/G/01/gno/images/general/navAmazonLogoFooter._V169459313_.gif
Connecting to g-ecx.images-amazon.com|199.93.58.254|:80... connected.
HTTP request sent, awaiting response... 200 OK
Length: 1216 (1.2K) [image/gif]
Saving to: `code/../crawls/www.amazon.com/Privacy-Notice/raw/g-ecx.images-amazon.com/images/G/01/gno/images/general/navAmazonLogoFooter._V169459313_.gif'

     0K .                                                     100%  175M=0s

2012-04-14 12:19:12 (175 MB/s) - `code/../crawls/www.amazon.com/Privacy-Notice/raw/g-ecx.images-amazon.com/images/G/01/gno/images/general/navAmazonLogoFooter._V169459313_.gif' saved [1216/1216]

--2012-04-14 12:19:12--  http://www.amazon.com/gp/help/customer/display.html/%3C
Connecting to www.amazon.com|72.21.194.1|:80... connected.
HTTP request sent, awaiting response... 200 OK
Length: unspecified [text/html]
Saving to: `code/../crawls/www.amazon.com/Privacy-Notice/raw/www.amazon.com/gp/help/customer/display.html/<.html'

     0K .......... .......... .                                 261K=0.08s

2012-04-14 12:19:12 (261 KB/s) - `code/../crawls/www.amazon.com/Privacy-Notice/raw/www.amazon.com/gp/help/customer/display.html/<.html' saved [21988]

--2012-04-14 12:19:12--  http://z-ecx.images-amazon.com/images/G/01/browser-scripts/us-site-wide-js-1.2.6-beacon/site-wide-9133744484.js
Connecting to z-ecx.images-amazon.com|206.160.170.10|:80... connected.
HTTP request sent, awaiting response... 200 OK
Length: unspecified [application/x-javascript]
Saving to: `code/../crawls/www.amazon.com/Privacy-Notice/raw/z-ecx.images-amazon.com/images/G/01/browser-scripts/us-site-wide-js-1.2.6-beacon/site-wide-9133744484.js'

     0K .......... .......... .......... .......... .......... 6.54M
    50K .......... .......... .......... .......... .......... 10.2M
   100K .......... .......... .......... .......... .......... 10.1M
   150K .......                                                15.2M=0.02s

2012-04-14 12:19:12 (8.76 MB/s) - `code/../crawls/www.amazon.com/Privacy-Notice/raw/z-ecx.images-amazon.com/images/G/01/browser-scripts/us-site-wide-js-1.2.6-beacon/site-wide-9133744484.js' saved [161273]

--2012-04-14 12:19:12--  http://z-ecx.images-amazon.com/images/G/01/help/js/autocomplete-3.0-min._V134645460_.js
Reusing existing connection to z-ecx.images-amazon.com:80.
HTTP request sent, awaiting response... 200 OK
Length: 6437 (6.3K) [application/x-javascript]
Saving to: `code/../crawls/www.amazon.com/Privacy-Notice/raw/z-ecx.images-amazon.com/images/G/01/help/js/autocomplete-3.0-min._V134645460_.js'

     0K ......                                                100% 27.5M=0s

2012-04-14 12:19:12 (27.5 MB/s) - `code/../crawls/www.amazon.com/Privacy-Notice/raw/z-ecx.images-amazon.com/images/G/01/help/js/autocomplete-3.0-min._V134645460_.js' saved [6437/6437]

--2012-04-14 12:19:12--  http://www.amazon.com/gp/uedata/187-7315473-8895033?noscript&id=13VK0YY1K9PECWPPKMSS
Connecting to www.amazon.com|72.21.194.1|:80... connected.
HTTP request sent, awaiting response... 200 OK
Length: unspecified [image/gif]
Saving to: `code/../crawls/www.amazon.com/Privacy-Notice/raw/www.amazon.com/gp/uedata/187-7315473-8895033?noscript&id=13VK0YY1K9PECWPPKMSS'

     0K                                                        4.57M=0s

2012-04-14 12:19:12 (4.57 MB/s) - `code/../crawls/www.amazon.com/Privacy-Notice/raw/www.amazon.com/gp/uedata/187-7315473-8895033?noscript&id=13VK0YY1K9PECWPPKMSS' saved [43]

--2012-04-14 12:19:12--  http://g-ecx.images-amazon.com/images/G/01/common/sprites/sprite-site-wide-2._V136589172_.png
Connecting to g-ecx.images-amazon.com|199.93.58.254|:80... connected.
HTTP request sent, awaiting response... 200 OK
Length: 14211 (14K) [image/png]
Saving to: `code/../crawls/www.amazon.com/Privacy-Notice/raw/g-ecx.images-amazon.com/images/G/01/common/sprites/sprite-site-wide-2._V136589172_.png'

     0K .......... ...                                        100%  490K=0.03s

2012-04-14 12:19:12 (490 KB/s) - `code/../crawls/www.amazon.com/Privacy-Notice/raw/g-ecx.images-amazon.com/images/G/01/common/sprites/sprite-site-wide-2._V136589172_.png' saved [14211/14211]

--2012-04-14 12:19:12--  http://g-ecx.images-amazon.com/images/G/01/common/sprites/sprite-communities._V136632413_.png
Reusing existing connection to g-ecx.images-amazon.com:80.
HTTP request sent, awaiting response... 200 OK
Length: 10979 (11K) [image/png]
Saving to: `code/../crawls/www.amazon.com/Privacy-Notice/raw/g-ecx.images-amazon.com/images/G/01/common/sprites/sprite-communities._V136632413_.png'

     0K ..........                                            100% 15.3M=0.001s

2012-04-14 12:19:12 (15.3 MB/s) - `code/../crawls/www.amazon.com/Privacy-Notice/raw/g-ecx.images-amazon.com/images/G/01/common/sprites/sprite-communities._V136632413_.png' saved [10979/10979]

--2012-04-14 12:19:12--  http://z-ecx.images-amazon.com/images/G/01/x-locale/cs/css/images/amznbtn-sprite03.png
Connecting to z-ecx.images-amazon.com|206.160.170.10|:80... connected.
HTTP request sent, awaiting response... 200 OK
Length: 42576 (42K) [image/png]
Saving to: `code/../crawls/www.amazon.com/Privacy-Notice/raw/z-ecx.images-amazon.com/images/G/01/x-locale/cs/css/images/amznbtn-sprite03.png'

     0K .......... .......... .......... .......... .         100% 6.00M=0.007s

2012-04-14 12:19:12 (6.00 MB/s) - `code/../crawls/www.amazon.com/Privacy-Notice/raw/z-ecx.images-amazon.com/images/G/01/x-locale/cs/css/images/amznbtn-sprite03.png' saved [42576/42576]

--2012-04-14 12:19:12--  http://z-ecx.images-amazon.com/images/G/01/x-locale/cs/help/sprites/step-arrow.gif
Reusing existing connection to z-ecx.images-amazon.com:80.
HTTP request sent, awaiting response... 200 OK
Length: 49 [image/gif]
Saving to: `code/../crawls/www.amazon.com/Privacy-Notice/raw/z-ecx.images-amazon.com/images/G/01/x-locale/cs/help/sprites/step-arrow.gif'

     0K                                                       100% 8.95M=0s

2012-04-14 12:19:12 (8.95 MB/s) - `code/../crawls/www.amazon.com/Privacy-Notice/raw/z-ecx.images-amazon.com/images/G/01/x-locale/cs/help/sprites/step-arrow.gif' saved [49/49]

--2012-04-14 12:19:12--  http://z-ecx.images-amazon.com/images/G/01/x-locale/cs/help/sprites/process_count.gif
Reusing existing connection to z-ecx.images-amazon.com:80.
HTTP request sent, awaiting response... 200 OK
Length: 3845 (3.8K) [image/gif]
Saving to: `code/../crawls/www.amazon.com/Privacy-Notice/raw/z-ecx.images-amazon.com/images/G/01/x-locale/cs/help/sprites/process_count.gif'

     0K ...                                                   100% 50.4M=0s

2012-04-14 12:19:12 (50.4 MB/s) - `code/../crawls/www.amazon.com/Privacy-Notice/raw/z-ecx.images-amazon.com/images/G/01/x-locale/cs/help/sprites/process_count.gif' saved [3845/3845]

--2012-04-14 12:19:12--  http://z-ecx.images-amazon.com/images/G/01/x-locale/cs/help/sprites/help-logo.gif
Reusing existing connection to z-ecx.images-amazon.com:80.
HTTP request sent, awaiting response... 200 OK
Length: 1542 (1.5K) [image/gif]
Saving to: `code/../crawls/www.amazon.com/Privacy-Notice/raw/z-ecx.images-amazon.com/images/G/01/x-locale/cs/help/sprites/help-logo.gif'

     0K .                                                     100%  232M=0s

2012-04-14 12:19:12 (232 MB/s) - `code/../crawls/www.amazon.com/Privacy-Notice/raw/z-ecx.images-amazon.com/images/G/01/x-locale/cs/help/sprites/help-logo.gif' saved [1542/1542]

--2012-04-14 12:19:12--  http://z-ecx.images-amazon.com/images/G/01/x-locale/cs/help/sprites/step-back-arrow.gif
Reusing existing connection to z-ecx.images-amazon.com:80.
HTTP request sent, awaiting response... 200 OK
Length: 49 [image/gif]
Saving to: `code/../crawls/www.amazon.com/Privacy-Notice/raw/z-ecx.images-amazon.com/images/G/01/x-locale/cs/help/sprites/step-back-arrow.gif'

     0K                                                       100% 9.48M=0s

2012-04-14 12:19:12 (9.48 MB/s) - `code/../crawls/www.amazon.com/Privacy-Notice/raw/z-ecx.images-amazon.com/images/G/01/x-locale/cs/help/sprites/step-back-arrow.gif' saved [49/49]

--2012-04-14 12:19:12--  http://z-ecx.images-amazon.com/images/G/01/x-locale/cs/help/sprites/main-area.gif
Reusing existing connection to z-ecx.images-amazon.com:80.
HTTP request sent, awaiting response... 200 OK
Length: 112 [image/gif]
Saving to: `code/../crawls/www.amazon.com/Privacy-Notice/raw/z-ecx.images-amazon.com/images/G/01/x-locale/cs/help/sprites/main-area.gif'

     0K                                                       100% 21.7M=0s

2012-04-14 12:19:12 (21.7 MB/s) - `code/../crawls/www.amazon.com/Privacy-Notice/raw/z-ecx.images-amazon.com/images/G/01/x-locale/cs/help/sprites/main-area.gif' saved [112/112]

--2012-04-14 12:19:12--  http://z-ecx.images-amazon.com/images/G/01/x-locale/cs/help/sprites/expander.gif
Reusing existing connection to z-ecx.images-amazon.com:80.
HTTP request sent, awaiting response... 200 OK
Length: 385 [image/gif]
Saving to: `code/../crawls/www.amazon.com/Privacy-Notice/raw/z-ecx.images-amazon.com/images/G/01/x-locale/cs/help/sprites/expander.gif'

     0K                                                       100% 72.9M=0s

2012-04-14 12:19:12 (72.9 MB/s) - `code/../crawls/www.amazon.com/Privacy-Notice/raw/z-ecx.images-amazon.com/images/G/01/x-locale/cs/help/sprites/expander.gif' saved [385/385]

--2012-04-14 12:19:12--  http://z-ecx.images-amazon.com/images/G/01/x-locale/cs/help/sprites/blue-bar.gif
Reusing existing connection to z-ecx.images-amazon.com:80.
HTTP request sent, awaiting response... 200 OK
Length: 344 [image/gif]
Saving to: `code/../crawls/www.amazon.com/Privacy-Notice/raw/z-ecx.images-amazon.com/images/G/01/x-locale/cs/help/sprites/blue-bar.gif'

     0K                                                       100% 65.3M=0s

2012-04-14 12:19:12 (65.3 MB/s) - `code/../crawls/www.amazon.com/Privacy-Notice/raw/z-ecx.images-amazon.com/images/G/01/x-locale/cs/help/sprites/blue-bar.gif' saved [344/344]

--2012-04-14 12:19:12--  http://z-ecx.images-amazon.com/images/G/01/x-locale/cs/help/personalized/help_watermark_clipped.gif
Reusing existing connection to z-ecx.images-amazon.com:80.
HTTP request sent, awaiting response... 200 OK
Length: 5553 (5.4K) [image/gif]
Saving to: `code/../crawls/www.amazon.com/Privacy-Notice/raw/z-ecx.images-amazon.com/images/G/01/x-locale/cs/help/personalized/help_watermark_clipped.gif'

     0K .....                                                 100% 22.0M=0s

2012-04-14 12:19:12 (22.0 MB/s) - `code/../crawls/www.amazon.com/Privacy-Notice/raw/z-ecx.images-amazon.com/images/G/01/x-locale/cs/help/personalized/help_watermark_clipped.gif' saved [5553/5553]

--2012-04-14 12:19:12--  http://g-ecx.images-amazon.com/images/G/01/ui/loadIndicators/loading-small._V192238939_.gif
Connecting to g-ecx.images-amazon.com|199.93.58.254|:80... connected.
HTTP request sent, awaiting response... 200 OK
Length: 1338 (1.3K) [image/gif]
Saving to: `code/../crawls/www.amazon.com/Privacy-Notice/raw/g-ecx.images-amazon.com/images/G/01/ui/loadIndicators/loading-small._V192238939_.gif'

     0K .                                                     100%  193M=0s

2012-04-14 12:19:12 (193 MB/s) - `code/../crawls/www.amazon.com/Privacy-Notice/raw/g-ecx.images-amazon.com/images/G/01/ui/loadIndicators/loading-small._V192238939_.gif' saved [1338/1338]

--2012-04-14 12:19:12--  http://g-ecx.images-amazon.com/images/G/01/x-locale/personalization/shoveler/left-arrow-semi-rd._V17361814_.gif
Reusing existing connection to g-ecx.images-amazon.com:80.
HTTP request sent, awaiting response... 200 OK
Length: 999 [image/gif]
Saving to: `code/../crawls/www.amazon.com/Privacy-Notice/raw/g-ecx.images-amazon.com/images/G/01/x-locale/personalization/shoveler/left-arrow-semi-rd._V17361814_.gif'

     0K                                                       100%  157M=0s

2012-04-14 12:19:12 (157 MB/s) - `code/../crawls/www.amazon.com/Privacy-Notice/raw/g-ecx.images-amazon.com/images/G/01/x-locale/personalization/shoveler/left-arrow-semi-rd._V17361814_.gif' saved [999/999]

--2012-04-14 12:19:12--  http://g-ecx.images-amazon.com/images/G/01/x-locale/personalization/shoveler/right-arrow-semi-rd._V17361809_.gif
Reusing existing connection to g-ecx.images-amazon.com:80.
HTTP request sent, awaiting response... 200 OK
Length: 1008 [image/gif]
Saving to: `code/../crawls/www.amazon.com/Privacy-Notice/raw/g-ecx.images-amazon.com/images/G/01/x-locale/personalization/shoveler/right-arrow-semi-rd._V17361809_.gif'

     0K                                                       100%  172M=0s

2012-04-14 12:19:12 (172 MB/s) - `code/../crawls/www.amazon.com/Privacy-Notice/raw/g-ecx.images-amazon.com/images/G/01/x-locale/personalization/shoveler/right-arrow-semi-rd._V17361809_.gif' saved [1008/1008]

--2012-04-14 12:19:12--  http://g-ecx.images-amazon.com/images/G/01/x-locale/personalization/yourstore/box/sliced_box_fill/sliced-box-tbevel._V47082452_.gif
Reusing existing connection to g-ecx.images-amazon.com:80.
HTTP request sent, awaiting response... 200 OK
Length: 332 [image/gif]
Saving to: `code/../crawls/www.amazon.com/Privacy-Notice/raw/g-ecx.images-amazon.com/images/G/01/x-locale/personalization/yourstore/box/sliced_box_fill/sliced-box-tbevel._V47082452_.gif'

     0K                                                       100% 53.5M=0s

2012-04-14 12:19:12 (53.5 MB/s) - `code/../crawls/www.amazon.com/Privacy-Notice/raw/g-ecx.images-amazon.com/images/G/01/x-locale/personalization/yourstore/box/sliced_box_fill/sliced-box-tbevel._V47082452_.gif' saved [332/332]

--2012-04-14 12:19:12--  http://g-ecx.images-amazon.com/images/G/01/x-locale/personalization/yourstore/box/sliced_box_fill/sliced-box-tl._V6007502_.gif
Reusing existing connection to g-ecx.images-amazon.com:80.
HTTP request sent, awaiting response... 200 OK
Length: 1178 (1.2K) [image/gif]
Saving to: `code/../crawls/www.amazon.com/Privacy-Notice/raw/g-ecx.images-amazon.com/images/G/01/x-locale/personalization/yourstore/box/sliced_box_fill/sliced-box-tl._V6007502_.gif'

     0K .                                                     100%  202M=0s

2012-04-14 12:19:12 (202 MB/s) - `code/../crawls/www.amazon.com/Privacy-Notice/raw/g-ecx.images-amazon.com/images/G/01/x-locale/personalization/yourstore/box/sliced_box_fill/sliced-box-tl._V6007502_.gif' saved [1178/1178]

--2012-04-14 12:19:12--  http://g-ecx.images-amazon.com/images/G/01/x-locale/personalization/yourstore/box/sliced_box_fill/sliced-box-tr._V6007499_.gif
Reusing existing connection to g-ecx.images-amazon.com:80.
HTTP request sent, awaiting response... 200 OK
Length: 1175 (1.1K) [image/gif]
Saving to: `code/../crawls/www.amazon.com/Privacy-Notice/raw/g-ecx.images-amazon.com/images/G/01/x-locale/personalization/yourstore/box/sliced_box_fill/sliced-box-tr._V6007499_.gif'

     0K .                                                     100%  187M=0s

2012-04-14 12:19:12 (187 MB/s) - `code/../crawls/www.amazon.com/Privacy-Notice/raw/g-ecx.images-amazon.com/images/G/01/x-locale/personalization/yourstore/box/sliced_box_fill/sliced-box-tr._V6007499_.gif' saved [1175/1175]

--2012-04-14 12:19:12--  http://g-ecx.images-amazon.com/images/G/01/x-locale/personalization/yourstore/box/sliced-box-bl._V47082482_.gif
Reusing existing connection to g-ecx.images-amazon.com:80.
HTTP request sent, awaiting response... 200 OK
Length: 643 [image/gif]
Saving to: `code/../crawls/www.amazon.com/Privacy-Notice/raw/g-ecx.images-amazon.com/images/G/01/x-locale/personalization/yourstore/box/sliced-box-bl._V47082482_.gif'

     0K                                                       100%  112M=0s

2012-04-14 12:19:12 (112 MB/s) - `code/../crawls/www.amazon.com/Privacy-Notice/raw/g-ecx.images-amazon.com/images/G/01/x-locale/personalization/yourstore/box/sliced-box-bl._V47082482_.gif' saved [643/643]

--2012-04-14 12:19:12--  http://g-ecx.images-amazon.com/images/G/01/x-locale/personalization/yourstore/box/sliced-box-br._V47062575_.gif
Reusing existing connection to g-ecx.images-amazon.com:80.
HTTP request sent, awaiting response... 200 OK
Length: 642 [image/gif]
Saving to: `code/../crawls/www.amazon.com/Privacy-Notice/raw/g-ecx.images-amazon.com/images/G/01/x-locale/personalization/yourstore/box/sliced-box-br._V47062575_.gif'

     0K                                                       100%  110M=0s

2012-04-14 12:19:12 (110 MB/s) - `code/../crawls/www.amazon.com/Privacy-Notice/raw/g-ecx.images-amazon.com/images/G/01/x-locale/personalization/yourstore/box/sliced-box-br._V47062575_.gif' saved [642/642]

FINISHED --2012-04-14 12:19:12--
Total wall clock time: 2.0s
Downloaded: 48 files, 498K in 0.4s (1.14 MB/s)
Converting code/../crawls/www.amazon.com/Privacy-Notice/raw/www.amazon.com/gp/help/customer/display.html/<.html... 2-1
Converting code/../crawls/www.amazon.com/Privacy-Notice/raw/www.amazon.com/gp/help/customer/display.html/ref=hp_551434_privacy?nodeId=468496.html... 47-236
Converting code/../crawls/www.amazon.com/Privacy-Notice/raw/z-ecx.images-amazon.com/images/G/01/x-locale/cs/help/css/help_3.0.8._V134404293_.css... 8-0
Converting code/../crawls/www.amazon.com/Privacy-Notice/raw/z-ecx.images-amazon.com/images/G/01/x-locale/cs/css/css-buttons05._V135865675_.css... 2-0
Converting code/../crawls/www.amazon.com/Privacy-Notice/raw/z-ecx.images-amazon.com/images/G/01/browser-scripts/us-site-wide-css-beacon/site-wide-6840752908.css... 8-0
Converting code/../crawls/www.amazon.com/Privacy-Notice/raw/z-ecx.images-amazon.com/images/G/01/browser-scripts/fruitCSS/US-combined-1609547452._V137048499_.css... 5-0
Converted 6 files in 0.009 seconds.
